-- The C compiler identification is GNU 11.4.0
-- The CXX compiler identification is GNU 11.4.0
-- Detecting C compiler ABI info
-- Detecting C compiler ABI info - done
-- Check for working C compiler: /usr/bin/cc - skipped
-- Detecting C compile features
-- Detecting C compile features - done
-- Detecting CXX compiler ABI info
-- Detecting CXX compiler ABI info - done
-- Check for working CXX compiler: /usr/bin/c++ - skipped
-- Detecting CXX compile features
-- Detecting CXX compile features - done
-- Found ament_cmake: 1.3.11 (/opt/ros/humble/share/ament_cmake/cmake)
-- Found Python3: /usr/bin/python3 (found version "3.10.12") found components: Interpreter 
-- Override CMake install command with custom implementation using symlinks instead of copying resources
-- Found rclcpp: 16.0.12 (/opt/ros/humble/share/rclcpp/cmake)
-- Found rosidl_generator_c: 3.1.6 (/opt/ros/humble/share/rosidl_generator_c/cmake)
-- Found rosidl_adapter: 3.1.6 (/opt/ros/humble/share/rosidl_adapter/cmake)
-- Found rosidl_generator_cpp: 3.1.6 (/opt/ros/humble/share/rosidl_generator_cpp/cmake)
-- Using all available rosidl_typesupport_c: rosidl_typesupport_fastrtps_c;rosidl_typesupport_introspection_c
-- Using all available rosidl_typesupport_cpp: rosidl_typesupport_fastrtps_cpp;rosidl_typesupport_introspection_cpp
-- Found rmw_implementation_cmake: 6.1.2 (/opt/ros/humble/share/rmw_implementation_cmake/cmake)
-- Found rmw_cyclonedds_cpp: 1.3.4 (/opt/ros/humble/share/rmw_cyclonedds_cpp/cmake)
-- Using RMW implementation 'rmw_cyclonedds_cpp' as default
-- Looking for pthread.h
-- Looking for pthread.h - found
-- Performing Test CMAKE_HAVE_LIBC_PTHREAD
-- Performing Test CMAKE_HAVE_LIBC_PTHREAD - Success
-- Found Threads: TRUE  
-- Found visualization_msgs: 4.8.0 (/opt/ros/humble/share/visualization_msgs/cmake)
-- Found nav_msgs: 4.8.0 (/opt/ros/humble/share/nav_msgs/cmake)
-- Configuring done
-- Generating done
-- Build files have been written to: /home/jetson/f1tenth/build/spline_visualizer
[ 50%] [32mBuilding CXX object CMakeFiles/spline_visualizer.dir/src/spline_visualizer.cpp.o[0m
[100%] [32m[1mLinking CXX executable spline_visualizer[0m
[100%] Built target spline_visualizer
-- Install configuration: ""
-- Execute custom install script
-- Symlinking: /home/jetson/f1tenth/install/spline_visualizer/lib/spline_visualizer/spline_visualizer
-- Symlinking: /home/jetson/f1tenth/install/spline_visualizer/share/ament_index/resource_index/package_run_dependencies/spline_visualizer
-- Symlinking: /home/jetson/f1tenth/install/spline_visualizer/share/ament_index/resource_index/parent_prefix_path/spline_visualizer
-- Symlinking: /home/jetson/f1tenth/install/spline_visualizer/share/spline_visualizer/environment/ament_prefix_path.sh
-- Symlinking: /home/jetson/f1tenth/install/spline_visualizer/share/spline_visualizer/environment/ament_prefix_path.dsv
-- Symlinking: /home/jetson/f1tenth/install/spline_visualizer/share/spline_visualizer/environment/path.sh
-- Symlinking: /home/jetson/f1tenth/install/spline_visualizer/share/spline_visualizer/environment/path.dsv
-- Symlinking: /home/jetson/f1tenth/install/spline_visualizer/share/spline_visualizer/local_setup.bash
-- Symlinking: /home/jetson/f1tenth/install/spline_visualizer/share/spline_visualizer/local_setup.sh
-- Symlinking: /home/jetson/f1tenth/install/spline_visualizer/share/spline_visualizer/local_setup.zsh
-- Symlinking: /home/jetson/f1tenth/install/spline_visualizer/share/spline_visualizer/local_setup.dsv
-- Symlinking: /home/jetson/f1tenth/install/spline_visualizer/share/spline_visualizer/package.dsv
-- Symlinking: /home/jetson/f1tenth/install/spline_visualizer/share/ament_index/resource_index/packages/spline_visualizer
-- Symlinking: /home/jetson/f1tenth/install/spline_visualizer/share/spline_visualizer/cmake/spline_visualizerConfig.cmake
-- Symlinking: /home/jetson/f1tenth/install/spline_visualizer/share/spline_visualizer/cmake/spline_visualizerConfig-version.cmake
-- Symlinking: /home/jetson/f1tenth/install/spline_visualizer/share/spline_visualizer/package.xml
