[0.030s] Invoking command in '/home/jetson/f1tenth/build/spline_visualizer': CMAKE_PREFIX_PATH=/opt/ros/humble /usr/bin/cmake /home/jetson/f1tenth/src/spline_visualizer -DAMENT_CMAKE_SYMLINK_INSTALL=1 -DCMAKE_INSTALL_PREFIX=/home/jetson/f1tenth/install/spline_visualizer
[0.361s] -- The C compiler identification is GNU 11.4.0
[0.604s] -- The CXX compiler identification is GNU 11.4.0
[0.648s] -- Detecting C compiler ABI info
[1.136s] -- Detecting C compiler ABI info - done
[1.157s] -- Check for working C compiler: /usr/bin/cc - skipped
[1.169s] -- Detecting C compile features
[1.170s] -- Detecting C compile features - done
[1.186s] -- Detecting CXX compiler ABI info
[1.677s] -- Detecting CXX compiler ABI info - done
[1.699s] -- Check for working CXX compiler: /usr/bin/c++ - skipped
[1.699s] -- Detecting CXX compile features
[1.700s] -- Detecting CXX compile features - done
[1.719s] -- Found ament_cmake: 1.3.11 (/opt/ros/humble/share/ament_cmake/cmake)
[2.614s] -- Found Python3: /usr/bin/python3 (found version "3.10.12") found components: Interpreter 
[2.967s] -- Override CMake install command with custom implementation using symlinks instead of copying resources
[3.026s] -- Found rclcpp: 16.0.12 (/opt/ros/humble/share/rclcpp/cmake)
[3.136s] -- Found rosidl_generator_c: 3.1.6 (/opt/ros/humble/share/rosidl_generator_c/cmake)
[3.146s] -- Found rosidl_adapter: 3.1.6 (/opt/ros/humble/share/rosidl_adapter/cmake)
[3.164s] -- Found rosidl_generator_cpp: 3.1.6 (/opt/ros/humble/share/rosidl_generator_cpp/cmake)
[3.191s] -- Using all available rosidl_typesupport_c: rosidl_typesupport_fastrtps_c;rosidl_typesupport_introspection_c
[3.229s] -- Using all available rosidl_typesupport_cpp: rosidl_typesupport_fastrtps_cpp;rosidl_typesupport_introspection_cpp
[3.329s] -- Found rmw_implementation_cmake: 6.1.2 (/opt/ros/humble/share/rmw_implementation_cmake/cmake)
[3.334s] -- Found rmw_cyclonedds_cpp: 1.3.4 (/opt/ros/humble/share/rmw_cyclonedds_cpp/cmake)
[3.381s] -- Using RMW implementation 'rmw_cyclonedds_cpp' as default
[3.401s] -- Looking for pthread.h
[3.851s] -- Looking for pthread.h - found
[3.857s] -- Performing Test CMAKE_HAVE_LIBC_PTHREAD
[4.326s] -- Performing Test CMAKE_HAVE_LIBC_PTHREAD - Success
[4.329s] -- Found Threads: TRUE  
[4.566s] -- Found visualization_msgs: 4.8.0 (/opt/ros/humble/share/visualization_msgs/cmake)
[4.701s] -- Found nav_msgs: 4.8.0 (/opt/ros/humble/share/nav_msgs/cmake)
[4.965s] -- Configuring done
[5.022s] -- Generating done
[5.042s] -- Build files have been written to: /home/jetson/f1tenth/build/spline_visualizer
[5.102s] Invoked command in '/home/jetson/f1tenth/build/spline_visualizer' returned '0': CMAKE_PREFIX_PATH=/opt/ros/humble /usr/bin/cmake /home/jetson/f1tenth/src/spline_visualizer -DAMENT_CMAKE_SYMLINK_INSTALL=1 -DCMAKE_INSTALL_PREFIX=/home/jetson/f1tenth/install/spline_visualizer
[5.125s] Invoking command in '/home/jetson/f1tenth/build/spline_visualizer': CMAKE_PREFIX_PATH=/opt/ros/humble /usr/bin/cmake --build /home/jetson/f1tenth/build/spline_visualizer -- -j6 -l6
[5.412s] [ 50%] [32mBuilding CXX object CMakeFiles/spline_visualizer.dir/src/spline_visualizer.cpp.o[0m
[20.339s] [100%] [32m[1mLinking CXX executable spline_visualizer[0m
[20.898s] [100%] Built target spline_visualizer
[20.925s] Invoked command in '/home/jetson/f1tenth/build/spline_visualizer' returned '0': CMAKE_PREFIX_PATH=/opt/ros/humble /usr/bin/cmake --build /home/jetson/f1tenth/build/spline_visualizer -- -j6 -l6
[20.928s] Invoking command in '/home/jetson/f1tenth/build/spline_visualizer': CMAKE_PREFIX_PATH=/opt/ros/humble /usr/bin/cmake --install /home/jetson/f1tenth/build/spline_visualizer
[20.945s] -- Install configuration: ""
[20.946s] -- Execute custom install script
[20.947s] -- Symlinking: /home/jetson/f1tenth/install/spline_visualizer/lib/spline_visualizer/spline_visualizer
[20.969s] -- Symlinking: /home/jetson/f1tenth/install/spline_visualizer/share/ament_index/resource_index/package_run_dependencies/spline_visualizer
[20.987s] -- Symlinking: /home/jetson/f1tenth/install/spline_visualizer/share/ament_index/resource_index/parent_prefix_path/spline_visualizer
[21.012s] -- Symlinking: /home/jetson/f1tenth/install/spline_visualizer/share/spline_visualizer/environment/ament_prefix_path.sh
[21.031s] -- Symlinking: /home/jetson/f1tenth/install/spline_visualizer/share/spline_visualizer/environment/ament_prefix_path.dsv
[21.050s] -- Symlinking: /home/jetson/f1tenth/install/spline_visualizer/share/spline_visualizer/environment/path.sh
[21.072s] -- Symlinking: /home/jetson/f1tenth/install/spline_visualizer/share/spline_visualizer/environment/path.dsv
[21.091s] -- Symlinking: /home/jetson/f1tenth/install/spline_visualizer/share/spline_visualizer/local_setup.bash
[21.110s] -- Symlinking: /home/jetson/f1tenth/install/spline_visualizer/share/spline_visualizer/local_setup.sh
[21.131s] -- Symlinking: /home/jetson/f1tenth/install/spline_visualizer/share/spline_visualizer/local_setup.zsh
[21.152s] -- Symlinking: /home/jetson/f1tenth/install/spline_visualizer/share/spline_visualizer/local_setup.dsv
[21.171s] -- Symlinking: /home/jetson/f1tenth/install/spline_visualizer/share/spline_visualizer/package.dsv
[21.190s] -- Symlinking: /home/jetson/f1tenth/install/spline_visualizer/share/ament_index/resource_index/packages/spline_visualizer
[21.209s] -- Symlinking: /home/jetson/f1tenth/install/spline_visualizer/share/spline_visualizer/cmake/spline_visualizerConfig.cmake
[21.234s] -- Symlinking: /home/jetson/f1tenth/install/spline_visualizer/share/spline_visualizer/cmake/spline_visualizerConfig-version.cmake
[21.250s] -- Symlinking: /home/jetson/f1tenth/install/spline_visualizer/share/spline_visualizer/package.xml
[21.281s] Invoked command in '/home/jetson/f1tenth/build/spline_visualizer' returned '0': CMAKE_PREFIX_PATH=/opt/ros/humble /usr/bin/cmake --install /home/jetson/f1tenth/build/spline_visualizer
