running develop
running egg_info
creating mpc_python.egg-info
writing mpc_python.egg-info/PKG-INFO
writing dependency_links to mpc_python.egg-info/dependency_links.txt
writing entry points to mpc_python.egg-info/entry_points.txt
writing requirements to mpc_python.egg-info/requires.txt
writing top-level names to mpc_python.egg-info/top_level.txt
writing manifest file 'mpc_python.egg-info/SOURCES.txt'
reading manifest file 'mpc_python.egg-info/SOURCES.txt'
writing manifest file 'mpc_python.egg-info/SOURCES.txt'
running build_ext
Creating /home/jetson/f1tenth/install/mpc_python/lib/python3.10/site-packages/mpc-python.egg-link (link to .)
Installing mpc_controller script to /home/jetson/f1tenth/install/mpc_python/lib/mpc_python

Installed /home/jetson/f1tenth/build/mpc_python
running symlink_data
creating /home/jetson/f1tenth/install/mpc_python/share/ament_index
creating /home/jetson/f1tenth/install/mpc_python/share/ament_index/resource_index
creating /home/jetson/f1tenth/install/mpc_python/share/ament_index/resource_index/packages
symbolically linking /home/jetson/f1tenth/build/mpc_python/resource/mpc_python -> /home/jetson/f1tenth/install/mpc_python/share/ament_index/resource_index/packages
symbolically linking /home/jetson/f1tenth/build/mpc_python/package.xml -> /home/jetson/f1tenth/install/mpc_python/share/mpc_python
