[4.852s] Invoking command in '/home/jetson/f1tenth/build/mpc_python': PYTHONPATH=/home/jetson/f1tenth/build/mpc_python/prefix_override:/usr/lib/python3/dist-packages/colcon_core/task/python/colcon_distutils_commands:/home/jetson/f1tenth/install/mpc_python/lib/python3.10/site-packages:${PYTHONPATH} /usr/bin/python3 -W ignore:setup.py install is deprecated -W ignore:easy_install command is deprecated setup.py develop --editable --build-directory /home/jetson/f1tenth/build/mpc_python/build --no-deps symlink_data
[5.920s] running develop
[6.760s] running egg_info
[6.760s] creating mpc_python.egg-info
[6.760s] writing mpc_python.egg-info/PKG-INFO
[6.760s] writing dependency_links to mpc_python.egg-info/dependency_links.txt
[6.761s] writing entry points to mpc_python.egg-info/entry_points.txt
[6.761s] writing requirements to mpc_python.egg-info/requires.txt
[6.761s] writing top-level names to mpc_python.egg-info/top_level.txt
[6.761s] writing manifest file 'mpc_python.egg-info/SOURCES.txt'
[6.761s] reading manifest file 'mpc_python.egg-info/SOURCES.txt'
[6.761s] writing manifest file 'mpc_python.egg-info/SOURCES.txt'
[7.106s] running build_ext
[7.107s] Creating /home/jetson/f1tenth/install/mpc_python/lib/python3.10/site-packages/mpc-python.egg-link (link to .)
[7.113s] Installing mpc_controller script to /home/jetson/f1tenth/install/mpc_python/lib/mpc_python
[7.114s] 
[7.114s] Installed /home/jetson/f1tenth/build/mpc_python
[7.114s] running symlink_data
[7.115s] creating /home/jetson/f1tenth/install/mpc_python/share/ament_index
[7.115s] creating /home/jetson/f1tenth/install/mpc_python/share/ament_index/resource_index
[7.115s] creating /home/jetson/f1tenth/install/mpc_python/share/ament_index/resource_index/packages
[7.116s] symbolically linking /home/jetson/f1tenth/build/mpc_python/resource/mpc_python -> /home/jetson/f1tenth/install/mpc_python/share/ament_index/resource_index/packages
[7.116s] symbolically linking /home/jetson/f1tenth/build/mpc_python/package.xml -> /home/jetson/f1tenth/install/mpc_python/share/mpc_python
[7.293s] Invoked command in '/home/jetson/f1tenth/build/mpc_python' returned '0': PYTHONPATH=/home/jetson/f1tenth/build/mpc_python/prefix_override:/usr/lib/python3/dist-packages/colcon_core/task/python/colcon_distutils_commands:/home/jetson/f1tenth/install/mpc_python/lib/python3.10/site-packages:${PYTHONPATH} /usr/bin/python3 -W ignore:setup.py install is deprecated -W ignore:easy_install command is deprecated setup.py develop --editable --build-directory /home/jetson/f1tenth/build/mpc_python/build --no-deps symlink_data
