[0.123s] Invoking command in '/home/jetson/f1tenth/build/serial_driver': AMENT_PREFIX_PATH=/home/jetson/f1tenth/install/io_context:/home/jetson/f1tenth/install/asio_cmake_module:${AMENT_PREFIX_PATH} CMAKE_PREFIX_PATH=/home/jetson/f1tenth/install/io_context:/home/jetson/f1tenth/install/asio_cmake_module:/opt/ros/humble LD_LIBRARY_PATH=/home/jetson/f1tenth/install/io_context/lib:/usr/local/cuda-12.6/lib64:/opt/ros/humble/opt/rviz_ogre_vendor/lib:/opt/ros/humble/lib/aarch64-linux-gnu:/opt/ros/humble/lib:/usr/local/cuda-12.6/lib64:/usr/local/cuda-12.6/lib64 /usr/bin/cmake /home/jetson/f1tenth/src/f1tenth_system/transport_drivers/serial_driver -DAMENT_CMAKE_SYMLINK_INSTALL=1 -DCMAKE_INSTALL_PREFIX=/home/jetson/f1tenth/install/serial_driver
[0.438s] -- The C compiler identification is GNU 11.4.0
[0.720s] -- The CXX compiler identification is GNU 11.4.0
[0.754s] -- Detecting C compiler ABI info
[1.188s] -- Detecting C compiler ABI info - done
[1.214s] -- Check for working C compiler: /usr/bin/cc - skipped
[1.219s] -- Detecting C compile features
[1.220s] -- Detecting C compile features - done
[1.233s] -- Detecting CXX compiler ABI info
[1.662s] -- Detecting CXX compiler ABI info - done
[1.698s] -- Check for working CXX compiler: /usr/bin/c++ - skipped
[1.698s] -- Detecting CXX compile features
[1.699s] -- Detecting CXX compile features - done
[1.704s] -- Found ament_cmake_auto: 1.3.11 (/opt/ros/humble/share/ament_cmake_auto/cmake)
[2.689s] -- Found Python3: /usr/bin/python3 (found version "3.10.12") found components: Interpreter 
[2.972s] -- Override CMake install command with custom implementation using symlinks instead of copying resources
[3.577s] -- Found rosidl_generator_c: 3.1.6 (/opt/ros/humble/share/rosidl_generator_c/cmake)
[3.600s] -- Found rosidl_adapter: 3.1.6 (/opt/ros/humble/share/rosidl_adapter/cmake)
[3.642s] -- Found rosidl_generator_cpp: 3.1.6 (/opt/ros/humble/share/rosidl_generator_cpp/cmake)
[3.711s] -- Using all available rosidl_typesupport_c: rosidl_typesupport_fastrtps_c;rosidl_typesupport_introspection_c
[3.782s] -- Using all available rosidl_typesupport_cpp: rosidl_typesupport_fastrtps_cpp;rosidl_typesupport_introspection_cpp
[3.908s] -- Found rmw_implementation_cmake: 6.1.2 (/opt/ros/humble/share/rmw_implementation_cmake/cmake)
[3.914s] -- Found rmw_cyclonedds_cpp: 1.3.4 (/opt/ros/humble/share/rmw_cyclonedds_cpp/cmake)
[4.000s] -- Using RMW implementation 'rmw_cyclonedds_cpp' as default
[4.043s] -- Looking for pthread.h
[4.481s] -- Looking for pthread.h - found
[4.482s] -- Performing Test CMAKE_HAVE_LIBC_PTHREAD
[4.769s] -- Performing Test CMAKE_HAVE_LIBC_PTHREAD - Success
[4.773s] -- Found Threads: TRUE  
[5.171s] -- Found asio_cmake_module: 1.2.0 (/home/jetson/f1tenth/install/asio_cmake_module/share/asio_cmake_module/cmake)
[5.174s] -- Found ASIO: /usr/include  
[5.474s] -- Found ament_lint_auto: 0.12.12 (/opt/ros/humble/share/ament_lint_auto/cmake)
[5.589s] -- Found gtest sources under '/opt/ros/humble/src/gtest_vendor': C++ tests using 'Google Test' will be built
[5.663s] -- Added test 'copyright' to check source files copyright and LICENSE
[5.668s] -- Added test 'cppcheck' to perform static code analysis on C / C++ code
[5.669s] -- Configured cppcheck include dirs: /home/jetson/f1tenth/src/f1tenth_system/transport_drivers/serial_driver/include
[5.669s] -- Configured cppcheck exclude dirs and/or files: 
[5.673s] -- Added test 'cpplint' to check C / C++ code against the Google style
[5.673s] -- Configured cpplint exclude dirs and/or files: 
[5.686s] -- Added test 'flake8' to check Python code syntax and style conventions
[5.689s] -- Added test 'lint_cmake' to check CMake code style
[5.690s] -- Added test 'pep257' to check Python code against some of the docstring style conventions in PEP 257
[5.693s] -- Added test 'uncrustify' to check C / C++ code style
[5.694s] -- Configured uncrustify additional arguments: 
[5.696s] -- Added test 'xmllint' to check XML markup files
[5.734s] -- Configuring done
[5.928s] -- Generating done
[6.019s] -- Build files have been written to: /home/jetson/f1tenth/build/serial_driver
[6.043s] Invoked command in '/home/jetson/f1tenth/build/serial_driver' returned '0': AMENT_PREFIX_PATH=/home/jetson/f1tenth/install/io_context:/home/jetson/f1tenth/install/asio_cmake_module:${AMENT_PREFIX_PATH} CMAKE_PREFIX_PATH=/home/jetson/f1tenth/install/io_context:/home/jetson/f1tenth/install/asio_cmake_module:/opt/ros/humble LD_LIBRARY_PATH=/home/jetson/f1tenth/install/io_context/lib:/usr/local/cuda-12.6/lib64:/opt/ros/humble/opt/rviz_ogre_vendor/lib:/opt/ros/humble/lib/aarch64-linux-gnu:/opt/ros/humble/lib:/usr/local/cuda-12.6/lib64:/usr/local/cuda-12.6/lib64 /usr/bin/cmake /home/jetson/f1tenth/src/f1tenth_system/transport_drivers/serial_driver -DAMENT_CMAKE_SYMLINK_INSTALL=1 -DCMAKE_INSTALL_PREFIX=/home/jetson/f1tenth/install/serial_driver
[6.058s] Invoking command in '/home/jetson/f1tenth/build/serial_driver': AMENT_PREFIX_PATH=/home/jetson/f1tenth/install/io_context:/home/jetson/f1tenth/install/asio_cmake_module:${AMENT_PREFIX_PATH} CMAKE_PREFIX_PATH=/home/jetson/f1tenth/install/io_context:/home/jetson/f1tenth/install/asio_cmake_module:/opt/ros/humble LD_LIBRARY_PATH=/home/jetson/f1tenth/install/io_context/lib:/usr/local/cuda-12.6/lib64:/opt/ros/humble/opt/rviz_ogre_vendor/lib:/opt/ros/humble/lib/aarch64-linux-gnu:/opt/ros/humble/lib:/usr/local/cuda-12.6/lib64:/usr/local/cuda-12.6/lib64 /usr/bin/cmake --build /home/jetson/f1tenth/build/serial_driver -- -j6 -l6
[6.340s] [  6%] [32mBuilding CXX object CMakeFiles/serial_driver.dir/src/serial_port.cpp.o[0m
[15.503s] [ 13%] [32mBuilding CXX object CMakeFiles/serial_driver.dir/src/serial_driver.cpp.o[0m
[20.337s] [ 20%] [32m[1mLinking CXX shared library libserial_driver.so[0m
[21.158s] [ 20%] Built target serial_driver
[21.303s] [ 26%] [32mBuilding CXX object gtest/CMakeFiles/gtest.dir/src/gtest-all.cc.o[0m
[31.751s] [ 33%] [32m[1mLinking CXX static library libgtest.a[0m
[32.047s] [ 33%] Built target gtest
[32.160s] [ 40%] [32mBuilding CXX object CMakeFiles/serial_driver_nodes.dir/src/serial_bridge_node.cpp.o[0m
[59.625s] [ 46%] [32m[1mLinking CXX shared library libserial_driver_nodes.so[0m
[61.133s] [ 46%] Built target serial_driver_nodes
[61.177s] [ 53%] [32mBuilding CXX object gtest/CMakeFiles/gtest_main.dir/src/gtest_main.cc.o[0m
[62.736s] [ 60%] [32m[1mLinking CXX static library libgtest_main.a[0m
[62.805s] [ 60%] Built target gtest_main
[62.852s] [ 66%] [32mBuilding CXX object CMakeFiles/serial_bridge.dir/rclcpp_components/node_main_serial_bridge.cpp.o[0m
[71.169s] [ 73%] [32m[1mLinking CXX executable serial_bridge[0m
[71.443s] [ 73%] Built target serial_bridge
[71.486s] [ 80%] [32mBuilding CXX object CMakeFiles/test_serial_port.dir/test/test_serial_port.cpp.o[0m
[76.974s] [ 86%] [32m[1mLinking CXX executable test_serial_port[0m
[77.503s] [ 86%] Built target test_serial_port
[77.546s] [ 93%] [32mBuilding CXX object CMakeFiles/test_serial_driver.dir/test/test_serial_driver.cpp.o[0m
[82.894s] [100%] [32m[1mLinking CXX executable test_serial_driver[0m
[83.408s] [100%] Built target test_serial_driver
[83.434s] Invoked command in '/home/jetson/f1tenth/build/serial_driver' returned '0': AMENT_PREFIX_PATH=/home/jetson/f1tenth/install/io_context:/home/jetson/f1tenth/install/asio_cmake_module:${AMENT_PREFIX_PATH} CMAKE_PREFIX_PATH=/home/jetson/f1tenth/install/io_context:/home/jetson/f1tenth/install/asio_cmake_module:/opt/ros/humble LD_LIBRARY_PATH=/home/jetson/f1tenth/install/io_context/lib:/usr/local/cuda-12.6/lib64:/opt/ros/humble/opt/rviz_ogre_vendor/lib:/opt/ros/humble/lib/aarch64-linux-gnu:/opt/ros/humble/lib:/usr/local/cuda-12.6/lib64:/usr/local/cuda-12.6/lib64 /usr/bin/cmake --build /home/jetson/f1tenth/build/serial_driver -- -j6 -l6
[83.438s] Invoking command in '/home/jetson/f1tenth/build/serial_driver': AMENT_PREFIX_PATH=/home/jetson/f1tenth/install/io_context:/home/jetson/f1tenth/install/asio_cmake_module:${AMENT_PREFIX_PATH} CMAKE_PREFIX_PATH=/home/jetson/f1tenth/install/io_context:/home/jetson/f1tenth/install/asio_cmake_module:/opt/ros/humble LD_LIBRARY_PATH=/home/jetson/f1tenth/install/io_context/lib:/usr/local/cuda-12.6/lib64:/opt/ros/humble/opt/rviz_ogre_vendor/lib:/opt/ros/humble/lib/aarch64-linux-gnu:/opt/ros/humble/lib:/usr/local/cuda-12.6/lib64:/usr/local/cuda-12.6/lib64 /usr/bin/cmake --install /home/jetson/f1tenth/build/serial_driver
[83.454s] -- Install configuration: ""
[83.457s] -- Execute custom install script
[83.458s] -- Symlinking: /home/jetson/f1tenth/install/serial_driver/lib/serial_driver/serial_bridge
[83.479s] -- Symlinking: /home/jetson/f1tenth/install/serial_driver/include/serial_driver/serial_bridge_node.hpp
[83.497s] -- Symlinking: /home/jetson/f1tenth/install/serial_driver/include/serial_driver/serial_driver.hpp
[83.516s] -- Symlinking: /home/jetson/f1tenth/install/serial_driver/include/serial_driver/serial_port.hpp
[83.534s] -- Symlinking: /home/jetson/f1tenth/install/serial_driver/include/serial_driver/visibility_control.hpp
[83.552s] -- Symlinking: /home/jetson/f1tenth/install/serial_driver/share/serial_driver/environment/library_path.sh
[83.572s] -- Symlinking: /home/jetson/f1tenth/install/serial_driver/share/serial_driver/environment/library_path.dsv
[83.591s] -- Symlinking: /home/jetson/f1tenth/install/serial_driver/lib/libserial_driver.so
[83.609s] -- Symlinking: /home/jetson/f1tenth/install/serial_driver/lib/libserial_driver_nodes.so
[83.629s] -- Symlinking: /home/jetson/f1tenth/install/serial_driver/share/serial_driver/launch/serial_driver_bridge_node.launch.py
[83.647s] -- Symlinking: /home/jetson/f1tenth/install/serial_driver/share/serial_driver/params/example.params.yaml
[83.667s] -- Symlinking: /home/jetson/f1tenth/install/serial_driver/share/ament_index/resource_index/package_run_dependencies/serial_driver
[83.686s] -- Symlinking: /home/jetson/f1tenth/install/serial_driver/share/ament_index/resource_index/parent_prefix_path/serial_driver
[83.705s] -- Symlinking: /home/jetson/f1tenth/install/serial_driver/share/serial_driver/environment/ament_prefix_path.sh
[83.723s] -- Symlinking: /home/jetson/f1tenth/install/serial_driver/share/serial_driver/environment/ament_prefix_path.dsv
[83.742s] -- Symlinking: /home/jetson/f1tenth/install/serial_driver/share/serial_driver/environment/path.sh
[83.761s] -- Symlinking: /home/jetson/f1tenth/install/serial_driver/share/serial_driver/environment/path.dsv
[83.780s] -- Symlinking: /home/jetson/f1tenth/install/serial_driver/share/serial_driver/local_setup.bash
[83.798s] -- Symlinking: /home/jetson/f1tenth/install/serial_driver/share/serial_driver/local_setup.sh
[83.816s] -- Symlinking: /home/jetson/f1tenth/install/serial_driver/share/serial_driver/local_setup.zsh
[83.835s] -- Symlinking: /home/jetson/f1tenth/install/serial_driver/share/serial_driver/local_setup.dsv
[83.853s] -- Symlinking: /home/jetson/f1tenth/install/serial_driver/share/serial_driver/package.dsv
[83.871s] -- Symlinking: /home/jetson/f1tenth/install/serial_driver/share/ament_index/resource_index/packages/serial_driver
[83.890s] -- Symlinking: /home/jetson/f1tenth/install/serial_driver/share/ament_index/resource_index/rclcpp_components/serial_driver
[83.908s] -- Symlinking: /home/jetson/f1tenth/install/serial_driver/share/serial_driver/cmake/ament_cmake_export_dependencies-extras.cmake
[83.926s] -- Symlinking: /home/jetson/f1tenth/install/serial_driver/share/serial_driver/cmake/ament_cmake_export_include_directories-extras.cmake
[83.944s] -- Symlinking: /home/jetson/f1tenth/install/serial_driver/share/serial_driver/cmake/ament_cmake_export_libraries-extras.cmake
[83.963s] -- Symlinking: /home/jetson/f1tenth/install/serial_driver/share/serial_driver/cmake/serial_driver-extras.cmake
[83.981s] -- Symlinking: /home/jetson/f1tenth/install/serial_driver/share/serial_driver/cmake/serial_driverConfig.cmake
[84.000s] -- Symlinking: /home/jetson/f1tenth/install/serial_driver/share/serial_driver/cmake/serial_driverConfig-version.cmake
[84.019s] -- Symlinking: /home/jetson/f1tenth/install/serial_driver/share/serial_driver/package.xml
[84.044s] Invoked command in '/home/jetson/f1tenth/build/serial_driver' returned '0': AMENT_PREFIX_PATH=/home/jetson/f1tenth/install/io_context:/home/jetson/f1tenth/install/asio_cmake_module:${AMENT_PREFIX_PATH} CMAKE_PREFIX_PATH=/home/jetson/f1tenth/install/io_context:/home/jetson/f1tenth/install/asio_cmake_module:/opt/ros/humble LD_LIBRARY_PATH=/home/jetson/f1tenth/install/io_context/lib:/usr/local/cuda-12.6/lib64:/opt/ros/humble/opt/rviz_ogre_vendor/lib:/opt/ros/humble/lib/aarch64-linux-gnu:/opt/ros/humble/lib:/usr/local/cuda-12.6/lib64:/usr/local/cuda-12.6/lib64 /usr/bin/cmake --install /home/jetson/f1tenth/build/serial_driver
