[1.606s] Invoking command in '/home/jetson/f1tenth/src/pickup_description': PYTHONPATH=/home/jetson/f1tenth/build/pickup_description/prefix_override:/usr/lib/python3/dist-packages/colcon_core/task/python/colcon_distutils_commands:/home/jetson/f1tenth/install/pickup_description/lib/python3.10/site-packages:${PYTHONPATH} /usr/bin/python3 -W ignore:setup.py install is deprecated -W ignore:easy_install command is deprecated setup.py egg_info --egg-base ../../build/pickup_description build --build-base /home/jetson/f1tenth/build/pickup_description/build install --record /home/jetson/f1tenth/build/pickup_description/install.log --single-version-externally-managed install_data
[2.177s] running egg_info
[2.178s] writing ../../build/pickup_description/pickup_description.egg-info/PKG-INFO
[2.180s] writing dependency_links to ../../build/pickup_description/pickup_description.egg-info/dependency_links.txt
[2.181s] writing entry points to ../../build/pickup_description/pickup_description.egg-info/entry_points.txt
[2.181s] writing requirements to ../../build/pickup_description/pickup_description.egg-info/requires.txt
[2.181s] writing top-level names to ../../build/pickup_description/pickup_description.egg-info/top_level.txt
[2.189s] reading manifest file '../../build/pickup_description/pickup_description.egg-info/SOURCES.txt'
[2.192s] writing manifest file '../../build/pickup_description/pickup_description.egg-info/SOURCES.txt'
[2.193s] running build
[2.193s] running build_py
[2.194s] running install
[2.195s] running install_lib
[2.198s] running install_data
[2.200s] running install_egg_info
[2.204s] removing '/home/jetson/f1tenth/install/pickup_description/lib/python3.10/site-packages/pickup_description-0.0.0-py3.10.egg-info' (and everything under it)
[2.205s] Copying ../../build/pickup_description/pickup_description.egg-info to /home/jetson/f1tenth/install/pickup_description/lib/python3.10/site-packages/pickup_description-0.0.0-py3.10.egg-info
[2.207s] running install_scripts
[2.250s] Installing marker_publisher script to /home/jetson/f1tenth/install/pickup_description/lib/pickup_description
[2.252s] Installing mov_robot_model script to /home/jetson/f1tenth/install/pickup_description/lib/pickup_description
[2.252s] Installing q_path_publisher script to /home/jetson/f1tenth/install/pickup_description/lib/pickup_description
[2.252s] Installing rounded_rectangle_marker_publisher script to /home/jetson/f1tenth/install/pickup_description/lib/pickup_description
[2.253s] writing list of installed files to '/home/jetson/f1tenth/build/pickup_description/install.log'
[2.320s] Invoked command in '/home/jetson/f1tenth/src/pickup_description' returned '0': PYTHONPATH=/home/jetson/f1tenth/build/pickup_description/prefix_override:/usr/lib/python3/dist-packages/colcon_core/task/python/colcon_distutils_commands:/home/jetson/f1tenth/install/pickup_description/lib/python3.10/site-packages:${PYTHONPATH} /usr/bin/python3 -W ignore:setup.py install is deprecated -W ignore:easy_install command is deprecated setup.py egg_info --egg-base ../../build/pickup_description build --build-base /home/jetson/f1tenth/build/pickup_description/build install --record /home/jetson/f1tenth/build/pickup_description/install.log --single-version-externally-managed install_data
