[1.735s] Invoking command in '/home/jetson/f1tenth/src/pickup_description/build/pickup_description': PYTHONPATH=/home/jetson/f1tenth/src/pickup_description/build/pickup_description/prefix_override:/usr/lib/python3/dist-packages/colcon_core/task/python/colcon_distutils_commands:/home/jetson/f1tenth/src/pickup_description/install/pickup_description/lib/python3.10/site-packages:${PYTHONPATH} /usr/bin/python3 -W ignore:setup.py install is deprecated -W ignore:easy_install command is deprecated setup.py develop --editable --build-directory /home/jetson/f1tenth/src/pickup_description/build/pickup_description/build --no-deps symlink_data --force
[2.406s] running develop
[2.865s] running egg_info
[2.866s] writing pickup_description.egg-info/PKG-INFO
[2.866s] writing dependency_links to pickup_description.egg-info/dependency_links.txt
[2.867s] writing entry points to pickup_description.egg-info/entry_points.txt
[2.867s] writing requirements to pickup_description.egg-info/requires.txt
[2.868s] writing top-level names to pickup_description.egg-info/top_level.txt
[2.873s] reading manifest file 'pickup_description.egg-info/SOURCES.txt'
[2.876s] writing manifest file 'pickup_description.egg-info/SOURCES.txt'
[3.000s] running build_ext
[3.000s] Creating /home/jetson/f1tenth/src/pickup_description/install/pickup_description/lib/python3.10/site-packages/pickup-description.egg-link (link to .)
[3.003s] Installing marker_publisher script to /home/jetson/f1tenth/src/pickup_description/install/pickup_description/lib/pickup_description
[3.004s] Installing mov_robot_model script to /home/jetson/f1tenth/src/pickup_description/install/pickup_description/lib/pickup_description
[3.004s] Installing q_path_publisher script to /home/jetson/f1tenth/src/pickup_description/install/pickup_description/lib/pickup_description
[3.005s] Installing rounded_rectangle_marker_publisher script to /home/jetson/f1tenth/src/pickup_description/install/pickup_description/lib/pickup_description
[3.005s] 
[3.005s] Installed /home/jetson/f1tenth/src/pickup_description/build/pickup_description
[3.006s] running symlink_data
[3.007s] symbolically linking /home/jetson/f1tenth/src/pickup_description/build/pickup_description/resource/pickup_description -> /home/jetson/f1tenth/src/pickup_description/install/pickup_description/share/ament_index/resource_index/packages
[3.007s] error: [Errno 2] No such file or directory: '/home/jetson/f1tenth/src/pickup_description/install/pickup_description/share/pickup_description/launch/q_path.launch.py'
[3.007s] symbolically linking /home/jetson/f1tenth/src/pickup_description/build/pickup_description/package.xml -> /home/jetson/f1tenth/src/pickup_description/install/pickup_description/share/pickup_description
[3.007s] symbolically linking /home/jetson/f1tenth/src/pickup_description/build/pickup_description/launch/map_only.launch.py -> /home/jetson/f1tenth/src/pickup_description/install/pickup_description/share/pickup_description/launch
[3.112s] Invoked command in '/home/jetson/f1tenth/src/pickup_description/build/pickup_description' returned '1': PYTHONPATH=/home/jetson/f1tenth/src/pickup_description/build/pickup_description/prefix_override:/usr/lib/python3/dist-packages/colcon_core/task/python/colcon_distutils_commands:/home/jetson/f1tenth/src/pickup_description/install/pickup_description/lib/python3.10/site-packages:${PYTHONPATH} /usr/bin/python3 -W ignore:setup.py install is deprecated -W ignore:easy_install command is deprecated setup.py develop --editable --build-directory /home/jetson/f1tenth/src/pickup_description/build/pickup_description/build --no-deps symlink_data --force
