[1.639s] Invoking command in '/home/jetson/f1tenth/src/pickup_description': PYTHONPATH=/home/jetson/f1tenth/src/pickup_description/build/pickup_description/prefix_override:/usr/lib/python3/dist-packages/colcon_core/task/python/colcon_distutils_commands:/home/jetson/f1tenth/src/pickup_description/install/pickup_description/lib/python3.10/site-packages:${PYTHONPATH} /usr/bin/python3 -W ignore:setup.py install is deprecated -W ignore:easy_install command is deprecated setup.py egg_info --egg-base build/pickup_description build --build-base /home/jetson/f1tenth/src/pickup_description/build/pickup_description/build install --record /home/jetson/f1tenth/src/pickup_description/build/pickup_description/install.log --single-version-externally-managed install_data
[2.240s] running egg_info
[2.241s] writing build/pickup_description/pickup_description.egg-info/PKG-INFO
[2.242s] writing dependency_links to build/pickup_description/pickup_description.egg-info/dependency_links.txt
[2.242s] writing entry points to build/pickup_description/pickup_description.egg-info/entry_points.txt
[2.243s] writing requirements to build/pickup_description/pickup_description.egg-info/requires.txt
[2.243s] writing top-level names to build/pickup_description/pickup_description.egg-info/top_level.txt
[2.247s] reading manifest file 'build/pickup_description/pickup_description.egg-info/SOURCES.txt'
[2.250s] writing manifest file 'build/pickup_description/pickup_description.egg-info/SOURCES.txt'
[2.251s] running build
[2.251s] running build_py
[2.251s] copying pickup_description/marker_publisher.py -> /home/jetson/f1tenth/src/pickup_description/build/pickup_description/build/lib/pickup_description
[2.252s] running install
[2.252s] running install_lib
[2.254s] copying /home/jetson/f1tenth/src/pickup_description/build/pickup_description/build/lib/pickup_description/marker_publisher.py -> /home/jetson/f1tenth/src/pickup_description/install/pickup_description/lib/python3.10/site-packages/pickup_description
[2.256s] byte-compiling /home/jetson/f1tenth/src/pickup_description/install/pickup_description/lib/python3.10/site-packages/pickup_description/marker_publisher.py to marker_publisher.cpython-310.pyc
[2.257s] running install_data
[2.258s] copying launch/spline.launch.py -> /home/jetson/f1tenth/src/pickup_description/install/pickup_description/share/pickup_description/launch
[2.259s] error: can't copy 'maps/log': doesn't exist or not a regular file
[2.322s] Invoked command in '/home/jetson/f1tenth/src/pickup_description' returned '1': PYTHONPATH=/home/jetson/f1tenth/src/pickup_description/build/pickup_description/prefix_override:/usr/lib/python3/dist-packages/colcon_core/task/python/colcon_distutils_commands:/home/jetson/f1tenth/src/pickup_description/install/pickup_description/lib/python3.10/site-packages:${PYTHONPATH} /usr/bin/python3 -W ignore:setup.py install is deprecated -W ignore:easy_install command is deprecated setup.py egg_info --egg-base build/pickup_description build --build-base /home/jetson/f1tenth/src/pickup_description/build/pickup_description/build install --record /home/jetson/f1tenth/src/pickup_description/build/pickup_description/install.log --single-version-externally-managed install_data
