[0.000000] (-) TimerEvent: {}
[0.001190] (-) JobUnselected: {'identifier': 'ackermann_mux'}
[0.001414] (-) JobUnselected: {'identifier': 'asio_cmake_module'}
[0.001537] (-) JobUnselected: {'identifier': 'dwa_follower'}
[0.001592] (-) JobUnselected: {'identifier': 'f1tenth_stack'}
[0.001635] (-) JobUnselected: {'identifier': 'io_context'}
[0.001674] (-) JobUnselected: {'identifier': 'lbfgspp'}
[0.001709] (-) JobUnselected: {'identifier': 'mpc_python'}
[0.001743] (-) JobUnselected: {'identifier': 'obstacle_publisher'}
[0.001777] (-) JobUnselected: {'identifier': 'osqp'}
[0.001810] (-) JobUnselected: {'identifier': 'osqp-eigen'}
[0.001842] (-) JobUnselected: {'identifier': 'pickup_description'}
[0.001874] (-) JobUnselected: {'identifier': 'serial_driver'}
[0.001906] (-) JobUnselected: {'identifier': 'spline_visualizer'}
[0.001938] (-) JobUnselected: {'identifier': 'udp_driver'}
[0.001971] (-) JobUnselected: {'identifier': 'vesc'}
[0.002003] (-) JobUnselected: {'identifier': 'vesc_ackermann'}
[0.002035] (-) JobUnselected: {'identifier': 'vesc_driver'}
[0.002066] (-) JobUnselected: {'identifier': 'vesc_msgs'}
[0.002100] (-) EventReactorShutdown: {}
