[0.304s] DEBUG:colcon:Command line arguments: ['/usr/bin/colcon', 'build', '--packages-select', 'pickup_description']
[0.305s] DEBUG:colcon:Parsed command line arguments: Namespace(log_base=None, log_level=None, verb_name='build', build_base='build', install_base='install', merge_install=False, symlink_install=False, test_result_base=None, continue_on_error=False, executor='parallel', parallel_workers=6, event_handlers=None, ignore_user_meta=False, metas=['./colcon.meta'], base_paths=['.'], packages_ignore=None, packages_ignore_regex=None, paths=None, packages_up_to=None, packages_up_to_regex=None, packages_above=None, packages_above_and_dependencies=None, packages_above_depth=None, packages_select_by_dep=None, packages_skip_by_dep=None, packages_skip_up_to=None, packages_select_build_failed=False, packages_skip_build_finished=False, packages_select_test_failures=False, packages_skip_test_passed=False, packages_select=['pickup_description'], packages_skip=None, packages_select_regex=None, packages_skip_regex=None, packages_start=None, packages_end=None, allow_overriding=[], cmake_args=None, cmake_target=None, cmake_target_skip_unavailable=False, cmake_clean_cache=False, cmake_clean_first=False, cmake_force_configure=False, ament_cmake_args=None, catkin_cmake_args=None, catkin_skip_building_tests=False, mixin_files=None, mixin=None, verb_parser=<colcon_mixin.mixin.mixin_argument.MixinArgumentDecorator object at 0xffff8471a0e0>, verb_extension=<colcon_core.verb.build.BuildVerb object at 0xffff84719240>, main=<bound method BuildVerb.main of <colcon_core.verb.build.BuildVerb object at 0xffff84719240>>, mixin_verb=('build',))
[0.752s] Level 1:colcon.colcon_core.package_discovery:discover_packages(colcon_meta) check parameters
[0.753s] Level 1:colcon.colcon_core.package_discovery:discover_packages(recursive) check parameters
[0.753s] Level 1:colcon.colcon_core.package_discovery:discover_packages(ignore) check parameters
[0.753s] Level 1:colcon.colcon_core.package_discovery:discover_packages(path) check parameters
[0.753s] Level 1:colcon.colcon_core.package_discovery:discover_packages(colcon_meta) discover
[0.753s] Level 1:colcon.colcon_core.package_discovery:discover_packages(recursive) discover
[0.753s] INFO:colcon.colcon_core.package_discovery:Crawling recursively for packages in '/home/jetson/f1tenth'
[0.754s] Level 1:colcon.colcon_core.package_identification:_identify(.) by extensions ['ignore', 'ignore_ament_install']
[0.754s] Level 1:colcon.colcon_core.package_identification:_identify(.) by extension 'ignore'
[0.754s] Level 1:colcon.colcon_core.package_identification:_identify(.) by extension 'ignore_ament_install'
[0.754s] Level 1:colcon.colcon_core.package_identification:_identify(.) by extensions ['colcon_pkg']
[0.754s] Level 1:colcon.colcon_core.package_identification:_identify(.) by extension 'colcon_pkg'
[0.754s] Level 1:colcon.colcon_core.package_identification:_identify(.) by extensions ['colcon_meta']
[0.754s] Level 1:colcon.colcon_core.package_identification:_identify(.) by extension 'colcon_meta'
[0.755s] Level 1:colcon.colcon_core.package_identification:_identify(.) by extensions ['ros']
[0.755s] Level 1:colcon.colcon_core.package_identification:_identify(.) by extension 'ros'
[0.779s] Level 1:colcon.colcon_core.package_identification:_identify(.) by extensions ['cmake', 'python']
[0.779s] Level 1:colcon.colcon_core.package_identification:_identify(.) by extension 'cmake'
[0.779s] Level 1:colcon.colcon_core.package_identification:_identify(.) by extension 'python'
[0.779s] Level 1:colcon.colcon_core.package_identification:_identify(.) by extensions ['python_setup_py']
[0.779s] Level 1:colcon.colcon_core.package_identification:_identify(.) by extension 'python_setup_py'
[0.780s] Level 1:colcon.colcon_core.package_identification:_identify(build) by extensions ['ignore', 'ignore_ament_install']
[0.780s] Level 1:colcon.colcon_core.package_identification:_identify(build) by extension 'ignore'
[0.780s] Level 1:colcon.colcon_core.package_identification:_identify(build) ignored
[0.780s] Level 1:colcon.colcon_core.package_identification:_identify(install) by extensions ['ignore', 'ignore_ament_install']
[0.781s] Level 1:colcon.colcon_core.package_identification:_identify(install) by extension 'ignore'
[0.781s] Level 1:colcon.colcon_core.package_identification:_identify(install) ignored
[0.781s] Level 1:colcon.colcon_core.package_identification:_identify(log) by extensions ['ignore', 'ignore_ament_install']
[0.781s] Level 1:colcon.colcon_core.package_identification:_identify(log) by extension 'ignore'
[0.781s] Level 1:colcon.colcon_core.package_identification:_identify(log) ignored
[0.782s] Level 1:colcon.colcon_core.package_identification:_identify(osqp) by extensions ['ignore', 'ignore_ament_install']
[0.782s] Level 1:colcon.colcon_core.package_identification:_identify(osqp) by extension 'ignore'
[0.782s] Level 1:colcon.colcon_core.package_identification:_identify(osqp) by extension 'ignore_ament_install'
[0.782s] Level 1:colcon.colcon_core.package_identification:_identify(osqp) by extensions ['colcon_pkg']
[0.782s] Level 1:colcon.colcon_core.package_identification:_identify(osqp) by extension 'colcon_pkg'
[0.782s] Level 1:colcon.colcon_core.package_identification:_identify(osqp) by extensions ['colcon_meta']
[0.782s] Level 1:colcon.colcon_core.package_identification:_identify(osqp) by extension 'colcon_meta'
[0.783s] Level 1:colcon.colcon_core.package_identification:_identify(osqp) by extensions ['ros']
[0.783s] Level 1:colcon.colcon_core.package_identification:_identify(osqp) by extension 'ros'
[0.783s] Level 1:colcon.colcon_core.package_identification:_identify(osqp) by extensions ['cmake', 'python']
[0.783s] Level 1:colcon.colcon_core.package_identification:_identify(osqp) by extension 'cmake'
[0.833s] Level 1:colcon.colcon_core.package_identification:_identify(osqp) by extension 'python'
[0.833s] DEBUG:colcon.colcon_core.package_identification:Package 'osqp' with type 'cmake' and name 'osqp'
[0.834s] Level 1:colcon.colcon_core.package_identification:_identify(src) by extensions ['ignore', 'ignore_ament_install']
[0.834s] Level 1:colcon.colcon_core.package_identification:_identify(src) by extension 'ignore'
[0.834s] Level 1:colcon.colcon_core.package_identification:_identify(src) by extension 'ignore_ament_install'
[0.834s] Level 1:colcon.colcon_core.package_identification:_identify(src) by extensions ['colcon_pkg']
[0.834s] Level 1:colcon.colcon_core.package_identification:_identify(src) by extension 'colcon_pkg'
[0.834s] Level 1:colcon.colcon_core.package_identification:_identify(src) by extensions ['colcon_meta']
[0.834s] Level 1:colcon.colcon_core.package_identification:_identify(src) by extension 'colcon_meta'
[0.835s] Level 1:colcon.colcon_core.package_identification:_identify(src) by extensions ['ros']
[0.835s] Level 1:colcon.colcon_core.package_identification:_identify(src) by extension 'ros'
[0.835s] Level 1:colcon.colcon_core.package_identification:_identify(src) by extensions ['cmake', 'python']
[0.835s] Level 1:colcon.colcon_core.package_identification:_identify(src) by extension 'cmake'
[0.835s] Level 1:colcon.colcon_core.package_identification:_identify(src) by extension 'python'
[0.835s] Level 1:colcon.colcon_core.package_identification:_identify(src) by extensions ['python_setup_py']
[0.835s] Level 1:colcon.colcon_core.package_identification:_identify(src) by extension 'python_setup_py'
[0.836s] Level 1:colcon.colcon_core.package_identification:_identify(src/LBFGSpp) by extensions ['ignore', 'ignore_ament_install']
[0.836s] Level 1:colcon.colcon_core.package_identification:_identify(src/LBFGSpp) by extension 'ignore'
[0.836s] Level 1:colcon.colcon_core.package_identification:_identify(src/LBFGSpp) by extension 'ignore_ament_install'
[0.836s] Level 1:colcon.colcon_core.package_identification:_identify(src/LBFGSpp) by extensions ['colcon_pkg']
[0.836s] Level 1:colcon.colcon_core.package_identification:_identify(src/LBFGSpp) by extension 'colcon_pkg'
[0.836s] Level 1:colcon.colcon_core.package_identification:_identify(src/LBFGSpp) by extensions ['colcon_meta']
[0.836s] Level 1:colcon.colcon_core.package_identification:_identify(src/LBFGSpp) by extension 'colcon_meta'
[0.836s] Level 1:colcon.colcon_core.package_identification:_identify(src/LBFGSpp) by extensions ['ros']
[0.836s] Level 1:colcon.colcon_core.package_identification:_identify(src/LBFGSpp) by extension 'ros'
[0.837s] Level 1:colcon.colcon_core.package_identification:_identify(src/LBFGSpp) by extensions ['cmake', 'python']
[0.837s] Level 1:colcon.colcon_core.package_identification:_identify(src/LBFGSpp) by extension 'cmake'
[0.838s] Level 1:colcon.colcon_core.package_identification:_identify(src/LBFGSpp) by extension 'python'
[0.838s] DEBUG:colcon.colcon_core.package_identification:Package 'src/LBFGSpp' with type 'cmake' and name 'lbfgspp'
[0.838s] Level 1:colcon.colcon_core.package_identification:_identify(src/OsqpEigen) by extensions ['ignore', 'ignore_ament_install']
[0.839s] Level 1:colcon.colcon_core.package_identification:_identify(src/OsqpEigen) by extension 'ignore'
[0.839s] Level 1:colcon.colcon_core.package_identification:_identify(src/OsqpEigen) by extension 'ignore_ament_install'
[0.839s] Level 1:colcon.colcon_core.package_identification:_identify(src/OsqpEigen) by extensions ['colcon_pkg']
[0.839s] Level 1:colcon.colcon_core.package_identification:_identify(src/OsqpEigen) by extension 'colcon_pkg'
[0.839s] Level 1:colcon.colcon_core.package_identification:_identify(src/OsqpEigen) by extensions ['colcon_meta']
[0.839s] Level 1:colcon.colcon_core.package_identification:_identify(src/OsqpEigen) by extension 'colcon_meta'
[0.839s] Level 1:colcon.colcon_core.package_identification:_identify(src/OsqpEigen) by extensions ['ros']
[0.839s] Level 1:colcon.colcon_core.package_identification:_identify(src/OsqpEigen) by extension 'ros'
[0.849s] DEBUG:colcon.colcon_core.package_identification:Package 'src/OsqpEigen' with type 'ros.cmake' and name 'osqp-eigen'
[0.849s] Level 1:colcon.colcon_core.package_identification:_identify(src/dwa_follower) by extensions ['ignore', 'ignore_ament_install']
[0.849s] Level 1:colcon.colcon_core.package_identification:_identify(src/dwa_follower) by extension 'ignore'
[0.850s] Level 1:colcon.colcon_core.package_identification:_identify(src/dwa_follower) by extension 'ignore_ament_install'
[0.850s] Level 1:colcon.colcon_core.package_identification:_identify(src/dwa_follower) by extensions ['colcon_pkg']
[0.850s] Level 1:colcon.colcon_core.package_identification:_identify(src/dwa_follower) by extension 'colcon_pkg'
[0.850s] Level 1:colcon.colcon_core.package_identification:_identify(src/dwa_follower) by extensions ['colcon_meta']
[0.850s] Level 1:colcon.colcon_core.package_identification:_identify(src/dwa_follower) by extension 'colcon_meta'
[0.850s] Level 1:colcon.colcon_core.package_identification:_identify(src/dwa_follower) by extensions ['ros']
[0.850s] Level 1:colcon.colcon_core.package_identification:_identify(src/dwa_follower) by extension 'ros'
[0.853s] DEBUG:colcon.colcon_core.package_identification:Package 'src/dwa_follower' with type 'ros.ament_cmake' and name 'dwa_follower'
[0.853s] Level 1:colcon.colcon_core.package_identification:_identify(src/f1tenth_system) by extensions ['ignore', 'ignore_ament_install']
[0.853s] Level 1:colcon.colcon_core.package_identification:_identify(src/f1tenth_system) by extension 'ignore'
[0.854s] Level 1:colcon.colcon_core.package_identification:_identify(src/f1tenth_system) by extension 'ignore_ament_install'
[0.854s] Level 1:colcon.colcon_core.package_identification:_identify(src/f1tenth_system) by extensions ['colcon_pkg']
[0.854s] Level 1:colcon.colcon_core.package_identification:_identify(src/f1tenth_system) by extension 'colcon_pkg'
[0.854s] Level 1:colcon.colcon_core.package_identification:_identify(src/f1tenth_system) by extensions ['colcon_meta']
[0.854s] Level 1:colcon.colcon_core.package_identification:_identify(src/f1tenth_system) by extension 'colcon_meta'
[0.854s] Level 1:colcon.colcon_core.package_identification:_identify(src/f1tenth_system) by extensions ['ros']
[0.854s] Level 1:colcon.colcon_core.package_identification:_identify(src/f1tenth_system) by extension 'ros'
[0.854s] Level 1:colcon.colcon_core.package_identification:_identify(src/f1tenth_system) by extensions ['cmake', 'python']
[0.855s] Level 1:colcon.colcon_core.package_identification:_identify(src/f1tenth_system) by extension 'cmake'
[0.855s] Level 1:colcon.colcon_core.package_identification:_identify(src/f1tenth_system) by extension 'python'
[0.855s] Level 1:colcon.colcon_core.package_identification:_identify(src/f1tenth_system) by extensions ['python_setup_py']
[0.855s] Level 1:colcon.colcon_core.package_identification:_identify(src/f1tenth_system) by extension 'python_setup_py'
[0.855s] Level 1:colcon.colcon_core.package_identification:_identify(src/f1tenth_system/ackermann_mux) by extensions ['ignore', 'ignore_ament_install']
[0.855s] Level 1:colcon.colcon_core.package_identification:_identify(src/f1tenth_system/ackermann_mux) by extension 'ignore'
[0.855s] Level 1:colcon.colcon_core.package_identification:_identify(src/f1tenth_system/ackermann_mux) by extension 'ignore_ament_install'
[0.856s] Level 1:colcon.colcon_core.package_identification:_identify(src/f1tenth_system/ackermann_mux) by extensions ['colcon_pkg']
[0.856s] Level 1:colcon.colcon_core.package_identification:_identify(src/f1tenth_system/ackermann_mux) by extension 'colcon_pkg'
[0.856s] Level 1:colcon.colcon_core.package_identification:_identify(src/f1tenth_system/ackermann_mux) by extensions ['colcon_meta']
[0.856s] Level 1:colcon.colcon_core.package_identification:_identify(src/f1tenth_system/ackermann_mux) by extension 'colcon_meta'
[0.856s] Level 1:colcon.colcon_core.package_identification:_identify(src/f1tenth_system/ackermann_mux) by extensions ['ros']
[0.856s] Level 1:colcon.colcon_core.package_identification:_identify(src/f1tenth_system/ackermann_mux) by extension 'ros'
[0.856s] Level 1:colcon.colcon_core.package_identification:_identify(src/f1tenth_system/ackermann_mux) by extensions ['cmake', 'python']
[0.856s] Level 1:colcon.colcon_core.package_identification:_identify(src/f1tenth_system/ackermann_mux) by extension 'cmake'
[0.856s] Level 1:colcon.colcon_core.package_identification:_identify(src/f1tenth_system/ackermann_mux) by extension 'python'
[0.857s] Level 1:colcon.colcon_core.package_identification:_identify(src/f1tenth_system/ackermann_mux) by extensions ['python_setup_py']
[0.857s] Level 1:colcon.colcon_core.package_identification:_identify(src/f1tenth_system/ackermann_mux) by extension 'python_setup_py'
[0.857s] Level 1:colcon.colcon_core.package_identification:_identify(src/f1tenth_system/ackermann_mux/ackermann_mux) by extensions ['ignore', 'ignore_ament_install']
[0.857s] Level 1:colcon.colcon_core.package_identification:_identify(src/f1tenth_system/ackermann_mux/ackermann_mux) by extension 'ignore'
[0.857s] Level 1:colcon.colcon_core.package_identification:_identify(src/f1tenth_system/ackermann_mux/ackermann_mux) by extension 'ignore_ament_install'
[0.857s] Level 1:colcon.colcon_core.package_identification:_identify(src/f1tenth_system/ackermann_mux/ackermann_mux) by extensions ['colcon_pkg']
[0.857s] Level 1:colcon.colcon_core.package_identification:_identify(src/f1tenth_system/ackermann_mux/ackermann_mux) by extension 'colcon_pkg'
[0.858s] Level 1:colcon.colcon_core.package_identification:_identify(src/f1tenth_system/ackermann_mux/ackermann_mux) by extensions ['colcon_meta']
[0.858s] Level 1:colcon.colcon_core.package_identification:_identify(src/f1tenth_system/ackermann_mux/ackermann_mux) by extension 'colcon_meta'
[0.858s] Level 1:colcon.colcon_core.package_identification:_identify(src/f1tenth_system/ackermann_mux/ackermann_mux) by extensions ['ros']
[0.858s] Level 1:colcon.colcon_core.package_identification:_identify(src/f1tenth_system/ackermann_mux/ackermann_mux) by extension 'ros'
[0.863s] DEBUG:colcon.colcon_core.package_identification:Package 'src/f1tenth_system/ackermann_mux/ackermann_mux' with type 'ros.ament_cmake' and name 'ackermann_mux'
[0.864s] Level 1:colcon.colcon_core.package_identification:_identify(src/f1tenth_system/f1tenth_stack) by extensions ['ignore', 'ignore_ament_install']
[0.864s] Level 1:colcon.colcon_core.package_identification:_identify(src/f1tenth_system/f1tenth_stack) by extension 'ignore'
[0.864s] Level 1:colcon.colcon_core.package_identification:_identify(src/f1tenth_system/f1tenth_stack) by extension 'ignore_ament_install'
[0.864s] Level 1:colcon.colcon_core.package_identification:_identify(src/f1tenth_system/f1tenth_stack) by extensions ['colcon_pkg']
[0.864s] Level 1:colcon.colcon_core.package_identification:_identify(src/f1tenth_system/f1tenth_stack) by extension 'colcon_pkg'
[0.864s] Level 1:colcon.colcon_core.package_identification:_identify(src/f1tenth_system/f1tenth_stack) by extensions ['colcon_meta']
[0.864s] Level 1:colcon.colcon_core.package_identification:_identify(src/f1tenth_system/f1tenth_stack) by extension 'colcon_meta'
[0.865s] Level 1:colcon.colcon_core.package_identification:_identify(src/f1tenth_system/f1tenth_stack) by extensions ['ros']
[0.865s] Level 1:colcon.colcon_core.package_identification:_identify(src/f1tenth_system/f1tenth_stack) by extension 'ros'
[0.867s] DEBUG:colcon.colcon_core.package_identification:Package 'src/f1tenth_system/f1tenth_stack' with type 'ros.ament_python' and name 'f1tenth_stack'
[0.868s] Level 1:colcon.colcon_core.package_identification:_identify(src/f1tenth_system/scripts) by extensions ['ignore', 'ignore_ament_install']
[0.868s] Level 1:colcon.colcon_core.package_identification:_identify(src/f1tenth_system/scripts) by extension 'ignore'
[0.868s] Level 1:colcon.colcon_core.package_identification:_identify(src/f1tenth_system/scripts) by extension 'ignore_ament_install'
[0.868s] Level 1:colcon.colcon_core.package_identification:_identify(src/f1tenth_system/scripts) by extensions ['colcon_pkg']
[0.868s] Level 1:colcon.colcon_core.package_identification:_identify(src/f1tenth_system/scripts) by extension 'colcon_pkg'
[0.868s] Level 1:colcon.colcon_core.package_identification:_identify(src/f1tenth_system/scripts) by extensions ['colcon_meta']
[0.868s] Level 1:colcon.colcon_core.package_identification:_identify(src/f1tenth_system/scripts) by extension 'colcon_meta'
[0.869s] Level 1:colcon.colcon_core.package_identification:_identify(src/f1tenth_system/scripts) by extensions ['ros']
[0.869s] Level 1:colcon.colcon_core.package_identification:_identify(src/f1tenth_system/scripts) by extension 'ros'
[0.869s] Level 1:colcon.colcon_core.package_identification:_identify(src/f1tenth_system/scripts) by extensions ['cmake', 'python']
[0.869s] Level 1:colcon.colcon_core.package_identification:_identify(src/f1tenth_system/scripts) by extension 'cmake'
[0.869s] Level 1:colcon.colcon_core.package_identification:_identify(src/f1tenth_system/scripts) by extension 'python'
[0.869s] Level 1:colcon.colcon_core.package_identification:_identify(src/f1tenth_system/scripts) by extensions ['python_setup_py']
[0.869s] Level 1:colcon.colcon_core.package_identification:_identify(src/f1tenth_system/scripts) by extension 'python_setup_py'
[0.870s] Level 1:colcon.colcon_core.package_identification:_identify(src/f1tenth_system/teleop_tools) by extensions ['ignore', 'ignore_ament_install']
[0.870s] Level 1:colcon.colcon_core.package_identification:_identify(src/f1tenth_system/teleop_tools) by extension 'ignore'
[0.870s] Level 1:colcon.colcon_core.package_identification:_identify(src/f1tenth_system/teleop_tools) by extension 'ignore_ament_install'
[0.870s] Level 1:colcon.colcon_core.package_identification:_identify(src/f1tenth_system/teleop_tools) by extensions ['colcon_pkg']
[0.870s] Level 1:colcon.colcon_core.package_identification:_identify(src/f1tenth_system/teleop_tools) by extension 'colcon_pkg'
[0.870s] Level 1:colcon.colcon_core.package_identification:_identify(src/f1tenth_system/teleop_tools) by extensions ['colcon_meta']
[0.870s] Level 1:colcon.colcon_core.package_identification:_identify(src/f1tenth_system/teleop_tools) by extension 'colcon_meta'
[0.870s] Level 1:colcon.colcon_core.package_identification:_identify(src/f1tenth_system/teleop_tools) by extensions ['ros']
[0.870s] Level 1:colcon.colcon_core.package_identification:_identify(src/f1tenth_system/teleop_tools) by extension 'ros'
[0.871s] Level 1:colcon.colcon_core.package_identification:_identify(src/f1tenth_system/teleop_tools) by extensions ['cmake', 'python']
[0.871s] Level 1:colcon.colcon_core.package_identification:_identify(src/f1tenth_system/teleop_tools) by extension 'cmake'
[0.871s] Level 1:colcon.colcon_core.package_identification:_identify(src/f1tenth_system/teleop_tools) by extension 'python'
[0.871s] Level 1:colcon.colcon_core.package_identification:_identify(src/f1tenth_system/teleop_tools) by extensions ['python_setup_py']
[0.871s] Level 1:colcon.colcon_core.package_identification:_identify(src/f1tenth_system/teleop_tools) by extension 'python_setup_py'
[0.871s] Level 1:colcon.colcon_core.package_identification:_identify(src/f1tenth_system/transport_drivers) by extensions ['ignore', 'ignore_ament_install']
[0.872s] Level 1:colcon.colcon_core.package_identification:_identify(src/f1tenth_system/transport_drivers) by extension 'ignore'
[0.872s] Level 1:colcon.colcon_core.package_identification:_identify(src/f1tenth_system/transport_drivers) by extension 'ignore_ament_install'
[0.872s] Level 1:colcon.colcon_core.package_identification:_identify(src/f1tenth_system/transport_drivers) by extensions ['colcon_pkg']
[0.872s] Level 1:colcon.colcon_core.package_identification:_identify(src/f1tenth_system/transport_drivers) by extension 'colcon_pkg'
[0.872s] Level 1:colcon.colcon_core.package_identification:_identify(src/f1tenth_system/transport_drivers) by extensions ['colcon_meta']
[0.872s] Level 1:colcon.colcon_core.package_identification:_identify(src/f1tenth_system/transport_drivers) by extension 'colcon_meta'
[0.872s] Level 1:colcon.colcon_core.package_identification:_identify(src/f1tenth_system/transport_drivers) by extensions ['ros']
[0.872s] Level 1:colcon.colcon_core.package_identification:_identify(src/f1tenth_system/transport_drivers) by extension 'ros'
[0.873s] Level 1:colcon.colcon_core.package_identification:_identify(src/f1tenth_system/transport_drivers) by extensions ['cmake', 'python']
[0.873s] Level 1:colcon.colcon_core.package_identification:_identify(src/f1tenth_system/transport_drivers) by extension 'cmake'
[0.873s] Level 1:colcon.colcon_core.package_identification:_identify(src/f1tenth_system/transport_drivers) by extension 'python'
[0.873s] Level 1:colcon.colcon_core.package_identification:_identify(src/f1tenth_system/transport_drivers) by extensions ['python_setup_py']
[0.873s] Level 1:colcon.colcon_core.package_identification:_identify(src/f1tenth_system/transport_drivers) by extension 'python_setup_py'
[0.873s] Level 1:colcon.colcon_core.package_identification:_identify(src/f1tenth_system/transport_drivers/asio_cmake_module) by extensions ['ignore', 'ignore_ament_install']
[0.873s] Level 1:colcon.colcon_core.package_identification:_identify(src/f1tenth_system/transport_drivers/asio_cmake_module) by extension 'ignore'
[0.874s] Level 1:colcon.colcon_core.package_identification:_identify(src/f1tenth_system/transport_drivers/asio_cmake_module) by extension 'ignore_ament_install'
[0.874s] Level 1:colcon.colcon_core.package_identification:_identify(src/f1tenth_system/transport_drivers/asio_cmake_module) by extensions ['colcon_pkg']
[0.874s] Level 1:colcon.colcon_core.package_identification:_identify(src/f1tenth_system/transport_drivers/asio_cmake_module) by extension 'colcon_pkg'
[0.874s] Level 1:colcon.colcon_core.package_identification:_identify(src/f1tenth_system/transport_drivers/asio_cmake_module) by extensions ['colcon_meta']
[0.874s] Level 1:colcon.colcon_core.package_identification:_identify(src/f1tenth_system/transport_drivers/asio_cmake_module) by extension 'colcon_meta'
[0.874s] Level 1:colcon.colcon_core.package_identification:_identify(src/f1tenth_system/transport_drivers/asio_cmake_module) by extensions ['ros']
[0.874s] Level 1:colcon.colcon_core.package_identification:_identify(src/f1tenth_system/transport_drivers/asio_cmake_module) by extension 'ros'
[0.876s] DEBUG:colcon.colcon_core.package_identification:Package 'src/f1tenth_system/transport_drivers/asio_cmake_module' with type 'ros.ament_cmake' and name 'asio_cmake_module'
[0.876s] Level 1:colcon.colcon_core.package_identification:_identify(src/f1tenth_system/transport_drivers/io_context) by extensions ['ignore', 'ignore_ament_install']
[0.876s] Level 1:colcon.colcon_core.package_identification:_identify(src/f1tenth_system/transport_drivers/io_context) by extension 'ignore'
[0.876s] Level 1:colcon.colcon_core.package_identification:_identify(src/f1tenth_system/transport_drivers/io_context) by extension 'ignore_ament_install'
[0.876s] Level 1:colcon.colcon_core.package_identification:_identify(src/f1tenth_system/transport_drivers/io_context) by extensions ['colcon_pkg']
[0.877s] Level 1:colcon.colcon_core.package_identification:_identify(src/f1tenth_system/transport_drivers/io_context) by extension 'colcon_pkg'
[0.877s] Level 1:colcon.colcon_core.package_identification:_identify(src/f1tenth_system/transport_drivers/io_context) by extensions ['colcon_meta']
[0.877s] Level 1:colcon.colcon_core.package_identification:_identify(src/f1tenth_system/transport_drivers/io_context) by extension 'colcon_meta'
[0.877s] Level 1:colcon.colcon_core.package_identification:_identify(src/f1tenth_system/transport_drivers/io_context) by extensions ['ros']
[0.877s] Level 1:colcon.colcon_core.package_identification:_identify(src/f1tenth_system/transport_drivers/io_context) by extension 'ros'
[0.879s] DEBUG:colcon.colcon_core.package_identification:Package 'src/f1tenth_system/transport_drivers/io_context' with type 'ros.ament_cmake' and name 'io_context'
[0.879s] Level 1:colcon.colcon_core.package_identification:_identify(src/f1tenth_system/transport_drivers/serial_driver) by extensions ['ignore', 'ignore_ament_install']
[0.880s] Level 1:colcon.colcon_core.package_identification:_identify(src/f1tenth_system/transport_drivers/serial_driver) by extension 'ignore'
[0.880s] Level 1:colcon.colcon_core.package_identification:_identify(src/f1tenth_system/transport_drivers/serial_driver) by extension 'ignore_ament_install'
[0.880s] Level 1:colcon.colcon_core.package_identification:_identify(src/f1tenth_system/transport_drivers/serial_driver) by extensions ['colcon_pkg']
[0.880s] Level 1:colcon.colcon_core.package_identification:_identify(src/f1tenth_system/transport_drivers/serial_driver) by extension 'colcon_pkg'
[0.880s] Level 1:colcon.colcon_core.package_identification:_identify(src/f1tenth_system/transport_drivers/serial_driver) by extensions ['colcon_meta']
[0.880s] Level 1:colcon.colcon_core.package_identification:_identify(src/f1tenth_system/transport_drivers/serial_driver) by extension 'colcon_meta'
[0.880s] Level 1:colcon.colcon_core.package_identification:_identify(src/f1tenth_system/transport_drivers/serial_driver) by extensions ['ros']
[0.880s] Level 1:colcon.colcon_core.package_identification:_identify(src/f1tenth_system/transport_drivers/serial_driver) by extension 'ros'
[0.911s] DEBUG:colcon.colcon_core.package_identification:Package 'src/f1tenth_system/transport_drivers/serial_driver' with type 'ros.ament_cmake' and name 'serial_driver'
[0.912s] Level 1:colcon.colcon_core.package_identification:_identify(src/f1tenth_system/transport_drivers/udp_driver) by extensions ['ignore', 'ignore_ament_install']
[0.912s] Level 1:colcon.colcon_core.package_identification:_identify(src/f1tenth_system/transport_drivers/udp_driver) by extension 'ignore'
[0.912s] Level 1:colcon.colcon_core.package_identification:_identify(src/f1tenth_system/transport_drivers/udp_driver) by extension 'ignore_ament_install'
[0.912s] Level 1:colcon.colcon_core.package_identification:_identify(src/f1tenth_system/transport_drivers/udp_driver) by extensions ['colcon_pkg']
[0.912s] Level 1:colcon.colcon_core.package_identification:_identify(src/f1tenth_system/transport_drivers/udp_driver) by extension 'colcon_pkg'
[0.912s] Level 1:colcon.colcon_core.package_identification:_identify(src/f1tenth_system/transport_drivers/udp_driver) by extensions ['colcon_meta']
[0.912s] Level 1:colcon.colcon_core.package_identification:_identify(src/f1tenth_system/transport_drivers/udp_driver) by extension 'colcon_meta'
[0.913s] Level 1:colcon.colcon_core.package_identification:_identify(src/f1tenth_system/transport_drivers/udp_driver) by extensions ['ros']
[0.913s] Level 1:colcon.colcon_core.package_identification:_identify(src/f1tenth_system/transport_drivers/udp_driver) by extension 'ros'
[0.916s] DEBUG:colcon.colcon_core.package_identification:Package 'src/f1tenth_system/transport_drivers/udp_driver' with type 'ros.ament_cmake' and name 'udp_driver'
[0.916s] Level 1:colcon.colcon_core.package_identification:_identify(src/f1tenth_system/vesc) by extensions ['ignore', 'ignore_ament_install']
[0.916s] Level 1:colcon.colcon_core.package_identification:_identify(src/f1tenth_system/vesc) by extension 'ignore'
[0.916s] Level 1:colcon.colcon_core.package_identification:_identify(src/f1tenth_system/vesc) by extension 'ignore_ament_install'
[0.917s] Level 1:colcon.colcon_core.package_identification:_identify(src/f1tenth_system/vesc) by extensions ['colcon_pkg']
[0.917s] Level 1:colcon.colcon_core.package_identification:_identify(src/f1tenth_system/vesc) by extension 'colcon_pkg'
[0.917s] Level 1:colcon.colcon_core.package_identification:_identify(src/f1tenth_system/vesc) by extensions ['colcon_meta']
[0.917s] Level 1:colcon.colcon_core.package_identification:_identify(src/f1tenth_system/vesc) by extension 'colcon_meta'
[0.917s] Level 1:colcon.colcon_core.package_identification:_identify(src/f1tenth_system/vesc) by extensions ['ros']
[0.917s] Level 1:colcon.colcon_core.package_identification:_identify(src/f1tenth_system/vesc) by extension 'ros'
[0.917s] Level 1:colcon.colcon_core.package_identification:_identify(src/f1tenth_system/vesc) by extensions ['cmake', 'python']
[0.917s] Level 1:colcon.colcon_core.package_identification:_identify(src/f1tenth_system/vesc) by extension 'cmake'
[0.917s] Level 1:colcon.colcon_core.package_identification:_identify(src/f1tenth_system/vesc) by extension 'python'
[0.918s] Level 1:colcon.colcon_core.package_identification:_identify(src/f1tenth_system/vesc) by extensions ['python_setup_py']
[0.918s] Level 1:colcon.colcon_core.package_identification:_identify(src/f1tenth_system/vesc) by extension 'python_setup_py'
[0.918s] Level 1:colcon.colcon_core.package_identification:_identify(src/f1tenth_system/vesc/vesc) by extensions ['ignore', 'ignore_ament_install']
[0.918s] Level 1:colcon.colcon_core.package_identification:_identify(src/f1tenth_system/vesc/vesc) by extension 'ignore'
[0.918s] Level 1:colcon.colcon_core.package_identification:_identify(src/f1tenth_system/vesc/vesc) by extension 'ignore_ament_install'
[0.918s] Level 1:colcon.colcon_core.package_identification:_identify(src/f1tenth_system/vesc/vesc) by extensions ['colcon_pkg']
[0.918s] Level 1:colcon.colcon_core.package_identification:_identify(src/f1tenth_system/vesc/vesc) by extension 'colcon_pkg'
[0.919s] Level 1:colcon.colcon_core.package_identification:_identify(src/f1tenth_system/vesc/vesc) by extensions ['colcon_meta']
[0.919s] Level 1:colcon.colcon_core.package_identification:_identify(src/f1tenth_system/vesc/vesc) by extension 'colcon_meta'
[0.919s] Level 1:colcon.colcon_core.package_identification:_identify(src/f1tenth_system/vesc/vesc) by extensions ['ros']
[0.919s] Level 1:colcon.colcon_core.package_identification:_identify(src/f1tenth_system/vesc/vesc) by extension 'ros'
[0.919s] Level 1:colcon.colcon_core.package_identification:_identify(src/f1tenth_system/vesc/vesc) by extensions ['cmake', 'python']
[0.919s] Level 1:colcon.colcon_core.package_identification:_identify(src/f1tenth_system/vesc/vesc) by extension 'cmake'
[0.919s] Level 1:colcon.colcon_core.package_identification:_identify(src/f1tenth_system/vesc/vesc) by extension 'python'
[0.919s] Level 1:colcon.colcon_core.package_identification:_identify(src/f1tenth_system/vesc/vesc) by extensions ['python_setup_py']
[0.919s] Level 1:colcon.colcon_core.package_identification:_identify(src/f1tenth_system/vesc/vesc) by extension 'python_setup_py'
[0.920s] Level 1:colcon.colcon_core.package_identification:_identify(src/f1tenth_system/vesc/vesc/vesc) by extensions ['ignore', 'ignore_ament_install']
[0.920s] Level 1:colcon.colcon_core.package_identification:_identify(src/f1tenth_system/vesc/vesc/vesc) by extension 'ignore'
[0.920s] Level 1:colcon.colcon_core.package_identification:_identify(src/f1tenth_system/vesc/vesc/vesc) by extension 'ignore_ament_install'
[0.920s] Level 1:colcon.colcon_core.package_identification:_identify(src/f1tenth_system/vesc/vesc/vesc) by extensions ['colcon_pkg']
[0.920s] Level 1:colcon.colcon_core.package_identification:_identify(src/f1tenth_system/vesc/vesc/vesc) by extension 'colcon_pkg'
[0.920s] Level 1:colcon.colcon_core.package_identification:_identify(src/f1tenth_system/vesc/vesc/vesc) by extensions ['colcon_meta']
[0.920s] Level 1:colcon.colcon_core.package_identification:_identify(src/f1tenth_system/vesc/vesc/vesc) by extension 'colcon_meta'
[0.921s] Level 1:colcon.colcon_core.package_identification:_identify(src/f1tenth_system/vesc/vesc/vesc) by extensions ['ros']
[0.921s] Level 1:colcon.colcon_core.package_identification:_identify(src/f1tenth_system/vesc/vesc/vesc) by extension 'ros'
[0.922s] DEBUG:colcon.colcon_core.package_identification:Package 'src/f1tenth_system/vesc/vesc/vesc' with type 'ros.ament_cmake' and name 'vesc'
[0.923s] Level 1:colcon.colcon_core.package_identification:_identify(src/f1tenth_system/vesc/vesc/vesc_ackermann) by extensions ['ignore', 'ignore_ament_install']
[0.923s] Level 1:colcon.colcon_core.package_identification:_identify(src/f1tenth_system/vesc/vesc/vesc_ackermann) by extension 'ignore'
[0.923s] Level 1:colcon.colcon_core.package_identification:_identify(src/f1tenth_system/vesc/vesc/vesc_ackermann) by extension 'ignore_ament_install'
[0.923s] Level 1:colcon.colcon_core.package_identification:_identify(src/f1tenth_system/vesc/vesc/vesc_ackermann) by extensions ['colcon_pkg']
[0.923s] Level 1:colcon.colcon_core.package_identification:_identify(src/f1tenth_system/vesc/vesc/vesc_ackermann) by extension 'colcon_pkg'
[0.923s] Level 1:colcon.colcon_core.package_identification:_identify(src/f1tenth_system/vesc/vesc/vesc_ackermann) by extensions ['colcon_meta']
[0.923s] Level 1:colcon.colcon_core.package_identification:_identify(src/f1tenth_system/vesc/vesc/vesc_ackermann) by extension 'colcon_meta'
[0.924s] Level 1:colcon.colcon_core.package_identification:_identify(src/f1tenth_system/vesc/vesc/vesc_ackermann) by extensions ['ros']
[0.924s] Level 1:colcon.colcon_core.package_identification:_identify(src/f1tenth_system/vesc/vesc/vesc_ackermann) by extension 'ros'
[0.926s] DEBUG:colcon.colcon_core.package_identification:Package 'src/f1tenth_system/vesc/vesc/vesc_ackermann' with type 'ros.ament_cmake' and name 'vesc_ackermann'
[0.927s] Level 1:colcon.colcon_core.package_identification:_identify(src/f1tenth_system/vesc/vesc/vesc_driver) by extensions ['ignore', 'ignore_ament_install']
[0.927s] Level 1:colcon.colcon_core.package_identification:_identify(src/f1tenth_system/vesc/vesc/vesc_driver) by extension 'ignore'
[0.927s] Level 1:colcon.colcon_core.package_identification:_identify(src/f1tenth_system/vesc/vesc/vesc_driver) by extension 'ignore_ament_install'
[0.927s] Level 1:colcon.colcon_core.package_identification:_identify(src/f1tenth_system/vesc/vesc/vesc_driver) by extensions ['colcon_pkg']
[0.927s] Level 1:colcon.colcon_core.package_identification:_identify(src/f1tenth_system/vesc/vesc/vesc_driver) by extension 'colcon_pkg'
[0.927s] Level 1:colcon.colcon_core.package_identification:_identify(src/f1tenth_system/vesc/vesc/vesc_driver) by extensions ['colcon_meta']
[0.928s] Level 1:colcon.colcon_core.package_identification:_identify(src/f1tenth_system/vesc/vesc/vesc_driver) by extension 'colcon_meta'
[0.928s] Level 1:colcon.colcon_core.package_identification:_identify(src/f1tenth_system/vesc/vesc/vesc_driver) by extensions ['ros']
[0.928s] Level 1:colcon.colcon_core.package_identification:_identify(src/f1tenth_system/vesc/vesc/vesc_driver) by extension 'ros'
[0.930s] DEBUG:colcon.colcon_core.package_identification:Package 'src/f1tenth_system/vesc/vesc/vesc_driver' with type 'ros.ament_cmake' and name 'vesc_driver'
[0.930s] Level 1:colcon.colcon_core.package_identification:_identify(src/f1tenth_system/vesc/vesc/vesc_msgs) by extensions ['ignore', 'ignore_ament_install']
[0.931s] Level 1:colcon.colcon_core.package_identification:_identify(src/f1tenth_system/vesc/vesc/vesc_msgs) by extension 'ignore'
[0.931s] Level 1:colcon.colcon_core.package_identification:_identify(src/f1tenth_system/vesc/vesc/vesc_msgs) by extension 'ignore_ament_install'
[0.931s] Level 1:colcon.colcon_core.package_identification:_identify(src/f1tenth_system/vesc/vesc/vesc_msgs) by extensions ['colcon_pkg']
[0.931s] Level 1:colcon.colcon_core.package_identification:_identify(src/f1tenth_system/vesc/vesc/vesc_msgs) by extension 'colcon_pkg'
[0.931s] Level 1:colcon.colcon_core.package_identification:_identify(src/f1tenth_system/vesc/vesc/vesc_msgs) by extensions ['colcon_meta']
[0.931s] Level 1:colcon.colcon_core.package_identification:_identify(src/f1tenth_system/vesc/vesc/vesc_msgs) by extension 'colcon_meta'
[0.931s] Level 1:colcon.colcon_core.package_identification:_identify(src/f1tenth_system/vesc/vesc/vesc_msgs) by extensions ['ros']
[0.931s] Level 1:colcon.colcon_core.package_identification:_identify(src/f1tenth_system/vesc/vesc/vesc_msgs) by extension 'ros'
[0.933s] DEBUG:colcon.colcon_core.package_identification:Package 'src/f1tenth_system/vesc/vesc/vesc_msgs' with type 'ros.ament_cmake' and name 'vesc_msgs'
[0.934s] Level 1:colcon.colcon_core.package_identification:_identify(src/mpc_python) by extensions ['ignore', 'ignore_ament_install']
[0.934s] Level 1:colcon.colcon_core.package_identification:_identify(src/mpc_python) by extension 'ignore'
[0.934s] Level 1:colcon.colcon_core.package_identification:_identify(src/mpc_python) by extension 'ignore_ament_install'
[0.934s] Level 1:colcon.colcon_core.package_identification:_identify(src/mpc_python) by extensions ['colcon_pkg']
[0.934s] Level 1:colcon.colcon_core.package_identification:_identify(src/mpc_python) by extension 'colcon_pkg'
[0.934s] Level 1:colcon.colcon_core.package_identification:_identify(src/mpc_python) by extensions ['colcon_meta']
[0.934s] Level 1:colcon.colcon_core.package_identification:_identify(src/mpc_python) by extension 'colcon_meta'
[0.934s] Level 1:colcon.colcon_core.package_identification:_identify(src/mpc_python) by extensions ['ros']
[0.935s] Level 1:colcon.colcon_core.package_identification:_identify(src/mpc_python) by extension 'ros'
[0.936s] DEBUG:colcon.colcon_core.package_identification:Package 'src/mpc_python' with type 'ros.ament_python' and name 'mpc_python'
[0.937s] Level 1:colcon.colcon_core.package_identification:_identify(src/obstacle_publisher) by extensions ['ignore', 'ignore_ament_install']
[0.937s] Level 1:colcon.colcon_core.package_identification:_identify(src/obstacle_publisher) by extension 'ignore'
[0.937s] Level 1:colcon.colcon_core.package_identification:_identify(src/obstacle_publisher) by extension 'ignore_ament_install'
[0.937s] Level 1:colcon.colcon_core.package_identification:_identify(src/obstacle_publisher) by extensions ['colcon_pkg']
[0.937s] Level 1:colcon.colcon_core.package_identification:_identify(src/obstacle_publisher) by extension 'colcon_pkg'
[0.937s] Level 1:colcon.colcon_core.package_identification:_identify(src/obstacle_publisher) by extensions ['colcon_meta']
[0.937s] Level 1:colcon.colcon_core.package_identification:_identify(src/obstacle_publisher) by extension 'colcon_meta'
[0.938s] Level 1:colcon.colcon_core.package_identification:_identify(src/obstacle_publisher) by extensions ['ros']
[0.938s] Level 1:colcon.colcon_core.package_identification:_identify(src/obstacle_publisher) by extension 'ros'
[0.939s] DEBUG:colcon.colcon_core.package_identification:Package 'src/obstacle_publisher' with type 'ros.ament_cmake' and name 'obstacle_publisher'
[0.940s] Level 1:colcon.colcon_core.package_identification:_identify(src/pickup_description) by extensions ['ignore', 'ignore_ament_install']
[0.940s] Level 1:colcon.colcon_core.package_identification:_identify(src/pickup_description) by extension 'ignore'
[0.940s] Level 1:colcon.colcon_core.package_identification:_identify(src/pickup_description) by extension 'ignore_ament_install'
[0.940s] Level 1:colcon.colcon_core.package_identification:_identify(src/pickup_description) by extensions ['colcon_pkg']
[0.940s] Level 1:colcon.colcon_core.package_identification:_identify(src/pickup_description) by extension 'colcon_pkg'
[0.940s] Level 1:colcon.colcon_core.package_identification:_identify(src/pickup_description) by extensions ['colcon_meta']
[0.940s] Level 1:colcon.colcon_core.package_identification:_identify(src/pickup_description) by extension 'colcon_meta'
[0.941s] Level 1:colcon.colcon_core.package_identification:_identify(src/pickup_description) by extensions ['ros']
[0.941s] Level 1:colcon.colcon_core.package_identification:_identify(src/pickup_description) by extension 'ros'
[0.943s] DEBUG:colcon.colcon_core.package_identification:Package 'src/pickup_description' with type 'ros.ament_python' and name 'pickup_description'
[0.943s] Level 1:colcon.colcon_core.package_identification:_identify(src/spline_visualizer) by extensions ['ignore', 'ignore_ament_install']
[0.944s] Level 1:colcon.colcon_core.package_identification:_identify(src/spline_visualizer) by extension 'ignore'
[0.944s] Level 1:colcon.colcon_core.package_identification:_identify(src/spline_visualizer) by extension 'ignore_ament_install'
[0.944s] Level 1:colcon.colcon_core.package_identification:_identify(src/spline_visualizer) by extensions ['colcon_pkg']
[0.944s] Level 1:colcon.colcon_core.package_identification:_identify(src/spline_visualizer) by extension 'colcon_pkg'
[0.944s] Level 1:colcon.colcon_core.package_identification:_identify(src/spline_visualizer) by extensions ['colcon_meta']
[0.944s] Level 1:colcon.colcon_core.package_identification:_identify(src/spline_visualizer) by extension 'colcon_meta'
[0.944s] Level 1:colcon.colcon_core.package_identification:_identify(src/spline_visualizer) by extensions ['ros']
[0.944s] Level 1:colcon.colcon_core.package_identification:_identify(src/spline_visualizer) by extension 'ros'
[0.946s] DEBUG:colcon.colcon_core.package_identification:Package 'src/spline_visualizer' with type 'ros.ament_cmake' and name 'spline_visualizer'
[0.947s] Level 1:colcon.colcon_core.package_identification:_identify(view_frames) by extensions ['ignore', 'ignore_ament_install']
[0.947s] Level 1:colcon.colcon_core.package_identification:_identify(view_frames) by extension 'ignore'
[0.947s] Level 1:colcon.colcon_core.package_identification:_identify(view_frames) by extension 'ignore_ament_install'
[0.947s] Level 1:colcon.colcon_core.package_identification:_identify(view_frames) by extensions ['colcon_pkg']
[0.947s] Level 1:colcon.colcon_core.package_identification:_identify(view_frames) by extension 'colcon_pkg'
[0.948s] Level 1:colcon.colcon_core.package_identification:_identify(view_frames) by extensions ['colcon_meta']
[0.948s] Level 1:colcon.colcon_core.package_identification:_identify(view_frames) by extension 'colcon_meta'
[0.948s] Level 1:colcon.colcon_core.package_identification:_identify(view_frames) by extensions ['ros']
[0.948s] Level 1:colcon.colcon_core.package_identification:_identify(view_frames) by extension 'ros'
[0.948s] Level 1:colcon.colcon_core.package_identification:_identify(view_frames) by extensions ['cmake', 'python']
[0.948s] Level 1:colcon.colcon_core.package_identification:_identify(view_frames) by extension 'cmake'
[0.948s] Level 1:colcon.colcon_core.package_identification:_identify(view_frames) by extension 'python'
[0.948s] Level 1:colcon.colcon_core.package_identification:_identify(view_frames) by extensions ['python_setup_py']
[0.948s] Level 1:colcon.colcon_core.package_identification:_identify(view_frames) by extension 'python_setup_py'
[0.949s] Level 1:colcon.colcon_core.package_discovery:discover_packages(recursive) using defaults
[0.949s] Level 1:colcon.colcon_core.package_discovery:discover_packages(ignore) discover
[0.949s] Level 1:colcon.colcon_core.package_discovery:discover_packages(ignore) using defaults
[0.949s] Level 1:colcon.colcon_core.package_discovery:discover_packages(path) discover
[0.949s] Level 1:colcon.colcon_core.package_discovery:discover_packages(path) using defaults
[1.002s] INFO:colcon.colcon_core.package_selection:Skipping not selected package 'ackermann_mux' in 'src/f1tenth_system/ackermann_mux/ackermann_mux'
[1.002s] INFO:colcon.colcon_core.package_selection:Skipping not selected package 'asio_cmake_module' in 'src/f1tenth_system/transport_drivers/asio_cmake_module'
[1.002s] INFO:colcon.colcon_core.package_selection:Skipping not selected package 'dwa_follower' in 'src/dwa_follower'
[1.002s] INFO:colcon.colcon_core.package_selection:Skipping not selected package 'lbfgspp' in 'src/LBFGSpp'
[1.003s] INFO:colcon.colcon_core.package_selection:Skipping not selected package 'mpc_python' in 'src/mpc_python'
[1.003s] INFO:colcon.colcon_core.package_selection:Skipping not selected package 'obstacle_publisher' in 'src/obstacle_publisher'
[1.003s] INFO:colcon.colcon_core.package_selection:Skipping not selected package 'osqp' in 'osqp'
[1.003s] INFO:colcon.colcon_core.package_selection:Skipping not selected package 'spline_visualizer' in 'src/spline_visualizer'
[1.003s] INFO:colcon.colcon_core.package_selection:Skipping not selected package 'vesc_msgs' in 'src/f1tenth_system/vesc/vesc/vesc_msgs'
[1.003s] INFO:colcon.colcon_core.package_selection:Skipping not selected package 'io_context' in 'src/f1tenth_system/transport_drivers/io_context'
[1.003s] INFO:colcon.colcon_core.package_selection:Skipping not selected package 'osqp-eigen' in 'src/OsqpEigen'
[1.003s] INFO:colcon.colcon_core.package_selection:Skipping not selected package 'vesc_ackermann' in 'src/f1tenth_system/vesc/vesc/vesc_ackermann'
[1.003s] INFO:colcon.colcon_core.package_selection:Skipping not selected package 'serial_driver' in 'src/f1tenth_system/transport_drivers/serial_driver'
[1.003s] INFO:colcon.colcon_core.package_selection:Skipping not selected package 'udp_driver' in 'src/f1tenth_system/transport_drivers/udp_driver'
[1.003s] INFO:colcon.colcon_core.package_selection:Skipping not selected package 'vesc_driver' in 'src/f1tenth_system/vesc/vesc/vesc_driver'
[1.003s] INFO:colcon.colcon_core.package_selection:Skipping not selected package 'vesc' in 'src/f1tenth_system/vesc/vesc/vesc'
[1.003s] INFO:colcon.colcon_core.package_selection:Skipping not selected package 'f1tenth_stack' in 'src/f1tenth_system/f1tenth_stack'
[1.005s] Level 1:colcon.colcon_core.package_discovery:discover_packages(prefix_path) check parameters
[1.005s] Level 1:colcon.colcon_core.package_discovery:discover_packages(prefix_path) discover
[1.011s] DEBUG:colcon.colcon_installed_package_information.package_discovery:Found 334 installed packages in /opt/ros/humble
[1.016s] Level 1:colcon.colcon_core.package_discovery:discover_packages(prefix_path) using defaults
[1.111s] Level 5:colcon.colcon_core.verb:set package 'pickup_description' build argument 'cmake_args' from command line to 'None'
[1.111s] Level 5:colcon.colcon_core.verb:set package 'pickup_description' build argument 'cmake_target' from command line to 'None'
[1.111s] Level 5:colcon.colcon_core.verb:set package 'pickup_description' build argument 'cmake_target_skip_unavailable' from command line to 'False'
[1.111s] Level 5:colcon.colcon_core.verb:set package 'pickup_description' build argument 'cmake_clean_cache' from command line to 'False'
[1.111s] Level 5:colcon.colcon_core.verb:set package 'pickup_description' build argument 'cmake_clean_first' from command line to 'False'
[1.111s] Level 5:colcon.colcon_core.verb:set package 'pickup_description' build argument 'cmake_force_configure' from command line to 'False'
[1.112s] Level 5:colcon.colcon_core.verb:set package 'pickup_description' build argument 'ament_cmake_args' from command line to 'None'
[1.112s] Level 5:colcon.colcon_core.verb:set package 'pickup_description' build argument 'catkin_cmake_args' from command line to 'None'
[1.112s] Level 5:colcon.colcon_core.verb:set package 'pickup_description' build argument 'catkin_skip_building_tests' from command line to 'False'
[1.112s] DEBUG:colcon.colcon_core.verb:Building package 'pickup_description' with the following arguments: {'ament_cmake_args': None, 'build_base': '/home/jetson/f1tenth/build/pickup_description', 'catkin_cmake_args': None, 'catkin_skip_building_tests': False, 'cmake_args': None, 'cmake_clean_cache': False, 'cmake_clean_first': False, 'cmake_force_configure': False, 'cmake_target': None, 'cmake_target_skip_unavailable': False, 'install_base': '/home/jetson/f1tenth/install/pickup_description', 'merge_install': False, 'path': '/home/jetson/f1tenth/src/pickup_description', 'symlink_install': False, 'test_result_base': None}
[1.112s] INFO:colcon.colcon_core.executor:Executing jobs using 'parallel' executor
[1.115s] DEBUG:colcon.colcon_parallel_executor.executor.parallel:run_until_complete
[1.115s] INFO:colcon.colcon_ros.task.ament_python.build:Building ROS package in '/home/jetson/f1tenth/src/pickup_description' with build type 'ament_python'
[1.116s] Level 1:colcon.colcon_core.shell:create_environment_hook('pickup_description', 'ament_prefix_path')
[1.121s] INFO:colcon.colcon_core.plugin_system:Skipping extension 'colcon_core.shell.bat': Not used on non-Windows systems
[1.122s] INFO:colcon.colcon_core.shell:Creating environment hook '/home/jetson/f1tenth/install/pickup_description/share/pickup_description/hook/ament_prefix_path.ps1'
[1.124s] INFO:colcon.colcon_core.shell:Creating environment descriptor '/home/jetson/f1tenth/install/pickup_description/share/pickup_description/hook/ament_prefix_path.dsv'
[1.125s] INFO:colcon.colcon_core.shell:Creating environment hook '/home/jetson/f1tenth/install/pickup_description/share/pickup_description/hook/ament_prefix_path.sh'
[1.126s] INFO:colcon.colcon_core.shell:Skip shell extension 'powershell' for command environment: Not usable outside of PowerShell
[1.126s] DEBUG:colcon.colcon_core.shell:Skip shell extension 'dsv' for command environment
[1.773s] INFO:colcon.colcon_core.task.python.build:Building Python package in '/home/jetson/f1tenth/src/pickup_description'
[1.774s] INFO:colcon.colcon_core.shell:Skip shell extension 'powershell' for command environment: Not usable outside of PowerShell
[1.774s] DEBUG:colcon.colcon_core.shell:Skip shell extension 'dsv' for command environment
[2.738s] DEBUG:colcon.colcon_core.event_handler.log_command:Invoking command in '/home/jetson/f1tenth/src/pickup_description': PYTHONPATH=/home/jetson/f1tenth/build/pickup_description/prefix_override:/usr/lib/python3/dist-packages/colcon_core/task/python/colcon_distutils_commands:/home/jetson/f1tenth/install/pickup_description/lib/python3.10/site-packages:${PYTHONPATH} /usr/bin/python3 -W ignore:setup.py install is deprecated -W ignore:easy_install command is deprecated setup.py egg_info --egg-base ../../build/pickup_description build --build-base /home/jetson/f1tenth/build/pickup_description/build install --record /home/jetson/f1tenth/build/pickup_description/install.log --single-version-externally-managed install_data
[3.479s] DEBUG:colcon.colcon_core.event_handler.log_command:Invoked command in '/home/jetson/f1tenth/src/pickup_description' returned '0': PYTHONPATH=/home/jetson/f1tenth/build/pickup_description/prefix_override:/usr/lib/python3/dist-packages/colcon_core/task/python/colcon_distutils_commands:/home/jetson/f1tenth/install/pickup_description/lib/python3.10/site-packages:${PYTHONPATH} /usr/bin/python3 -W ignore:setup.py install is deprecated -W ignore:easy_install command is deprecated setup.py egg_info --egg-base ../../build/pickup_description build --build-base /home/jetson/f1tenth/build/pickup_description/build install --record /home/jetson/f1tenth/build/pickup_description/install.log --single-version-externally-managed install_data
[3.489s] Level 1:colcon.colcon_core.environment:checking '/home/jetson/f1tenth/install/pickup_description' for CMake module files
[3.496s] Level 1:colcon.colcon_core.environment:checking '/home/jetson/f1tenth/install/pickup_description' for CMake config files
[3.505s] Level 1:colcon.colcon_core.environment:checking '/home/jetson/f1tenth/install/pickup_description/lib'
[3.506s] Level 1:colcon.colcon_core.environment:checking '/home/jetson/f1tenth/install/pickup_description/bin'
[3.506s] Level 1:colcon.colcon_core.environment:checking '/home/jetson/f1tenth/install/pickup_description/lib/pkgconfig/pickup_description.pc'
[3.507s] Level 1:colcon.colcon_core.environment:checking '/home/jetson/f1tenth/install/pickup_description/lib/python3.10/site-packages'
[3.507s] Level 1:colcon.colcon_core.shell:create_environment_hook('pickup_description', 'pythonpath')
[3.508s] INFO:colcon.colcon_core.shell:Creating environment hook '/home/jetson/f1tenth/install/pickup_description/share/pickup_description/hook/pythonpath.ps1'
[3.510s] INFO:colcon.colcon_core.shell:Creating environment descriptor '/home/jetson/f1tenth/install/pickup_description/share/pickup_description/hook/pythonpath.dsv'
[3.512s] INFO:colcon.colcon_core.shell:Creating environment hook '/home/jetson/f1tenth/install/pickup_description/share/pickup_description/hook/pythonpath.sh'
[3.514s] Level 1:colcon.colcon_core.environment:checking '/home/jetson/f1tenth/install/pickup_description/bin'
[3.514s] Level 1:colcon.colcon_core.environment:create_environment_scripts_only(pickup_description)
[3.516s] INFO:colcon.colcon_core.shell:Creating package script '/home/jetson/f1tenth/install/pickup_description/share/pickup_description/package.ps1'
[3.519s] INFO:colcon.colcon_core.shell:Creating package descriptor '/home/jetson/f1tenth/install/pickup_description/share/pickup_description/package.dsv'
[3.522s] INFO:colcon.colcon_core.shell:Creating package script '/home/jetson/f1tenth/install/pickup_description/share/pickup_description/package.sh'
[3.524s] INFO:colcon.colcon_core.shell:Creating package script '/home/jetson/f1tenth/install/pickup_description/share/pickup_description/package.bash'
[3.529s] INFO:colcon.colcon_core.shell:Creating package script '/home/jetson/f1tenth/install/pickup_description/share/pickup_description/package.zsh'
[3.530s] Level 1:colcon.colcon_core.environment:create_file_with_runtime_dependencies(/home/jetson/f1tenth/install/pickup_description/share/colcon-core/packages/pickup_description)
[3.532s] DEBUG:colcon.colcon_parallel_executor.executor.parallel:closing loop
[3.533s] DEBUG:colcon.colcon_parallel_executor.executor.parallel:loop closed
[3.533s] DEBUG:colcon.colcon_parallel_executor.executor.parallel:run_until_complete finished with '0'
[3.533s] DEBUG:colcon.colcon_core.event_reactor:joining thread
[3.544s] INFO:colcon.colcon_core.plugin_system:Skipping extension 'colcon_notification.desktop_notification.terminal_notifier': Not used on non-Darwin systems
[3.544s] INFO:colcon.colcon_core.plugin_system:Skipping extension 'colcon_notification.desktop_notification.win32': Not used on non-Windows systems
[3.544s] INFO:colcon.colcon_notification.desktop_notification:Sending desktop notification using 'notify2'
[3.574s] DEBUG:colcon.colcon_notification.desktop_notification.notify2:Failed to initialize notify2: org.freedesktop.DBus.Error.Spawn.ChildExited: Process org.freedesktop.Notifications exited with status 1
[3.575s] DEBUG:colcon.colcon_core.event_reactor:joined thread
[3.576s] INFO:colcon.colcon_core.shell:Creating prefix script '/home/jetson/f1tenth/install/local_setup.ps1'
[3.579s] INFO:colcon.colcon_core.shell:Creating prefix util module '/home/jetson/f1tenth/install/_local_setup_util_ps1.py'
[3.583s] INFO:colcon.colcon_core.shell:Creating prefix chain script '/home/jetson/f1tenth/install/setup.ps1'
[3.585s] INFO:colcon.colcon_core.shell:Creating prefix script '/home/jetson/f1tenth/install/local_setup.sh'
[3.587s] INFO:colcon.colcon_core.shell:Creating prefix util module '/home/jetson/f1tenth/install/_local_setup_util_sh.py'
[3.588s] INFO:colcon.colcon_core.shell:Creating prefix chain script '/home/jetson/f1tenth/install/setup.sh'
[3.590s] INFO:colcon.colcon_core.shell:Creating prefix script '/home/jetson/f1tenth/install/local_setup.bash'
[3.592s] INFO:colcon.colcon_core.shell:Creating prefix chain script '/home/jetson/f1tenth/install/setup.bash'
[3.594s] INFO:colcon.colcon_core.shell:Creating prefix script '/home/jetson/f1tenth/install/local_setup.zsh'
[3.595s] INFO:colcon.colcon_core.shell:Creating prefix chain script '/home/jetson/f1tenth/install/setup.zsh'
