[0.030s] Invoking command in '/home/jetson/f1tenth/build/vesc_driver': AMENT_PREFIX_PATH=/home/jetson/f1tenth/install/serial_driver:/home/jetson/f1tenth/install/io_context:/home/jetson/f1tenth/install/vesc_msgs:/home/jetson/f1tenth/install/asio_cmake_module:${AMENT_PREFIX_PATH} CMAKE_PREFIX_PATH=/home/jetson/f1tenth/install/serial_driver:/home/jetson/f1tenth/install/io_context:/home/jetson/f1tenth/install/vesc_msgs:/home/jetson/f1tenth/install/asio_cmake_module:/opt/ros/humble LD_LIBRARY_PATH=/home/jetson/f1tenth/install/serial_driver/lib:/home/jetson/f1tenth/install/io_context/lib:/home/jetson/f1tenth/install/vesc_msgs/lib:/usr/local/cuda-12.6/lib64:/opt/ros/humble/opt/rviz_ogre_vendor/lib:/opt/ros/humble/lib/aarch64-linux-gnu:/opt/ros/humble/lib:/usr/local/cuda-12.6/lib64:/usr/local/cuda-12.6/lib64 PYTHONPATH=/home/jetson/f1tenth/install/vesc_msgs/local/lib/python3.10/dist-packages:${PYTHONPATH} /usr/bin/cmake /home/jetson/f1tenth/src/f1tenth_system/vesc/vesc/vesc_driver -DAMENT_CMAKE_SYMLINK_INSTALL=1 -DCMAKE_INSTALL_PREFIX=/home/jetson/f1tenth/install/vesc_driver
[0.143s] -- The C compiler identification is GNU 11.4.0
[0.258s] -- The CXX compiler identification is GNU 11.4.0
[0.274s] -- Detecting C compiler ABI info
[0.417s] -- Detecting C compiler ABI info - done
[0.431s] -- Check for working C compiler: /usr/bin/cc - skipped
[0.432s] -- Detecting C compile features
[0.432s] -- Detecting C compile features - done
[0.439s] -- Detecting CXX compiler ABI info
[0.610s] -- Detecting CXX compiler ABI info - done
[0.625s] -- Check for working CXX compiler: /usr/bin/c++ - skipped
[0.625s] -- Detecting CXX compile features
[0.626s] -- Detecting CXX compile features - done
[0.631s] -- Found ament_cmake_auto: 1.3.11 (/opt/ros/humble/share/ament_cmake_auto/cmake)
[0.989s] -- Found Python3: /usr/bin/python3 (found version "3.10.12") found components: Interpreter 
[1.152s] -- Override CMake install command with custom implementation using symlinks instead of copying resources
[1.469s] -- Found rosidl_generator_c: 3.1.6 (/opt/ros/humble/share/rosidl_generator_c/cmake)
[1.480s] -- Found rosidl_adapter: 3.1.6 (/opt/ros/humble/share/rosidl_adapter/cmake)
[1.500s] -- Found rosidl_generator_cpp: 3.1.6 (/opt/ros/humble/share/rosidl_generator_cpp/cmake)
[1.528s] -- Using all available rosidl_typesupport_c: rosidl_typesupport_fastrtps_c;rosidl_typesupport_introspection_c
[1.566s] -- Using all available rosidl_typesupport_cpp: rosidl_typesupport_fastrtps_cpp;rosidl_typesupport_introspection_cpp
[1.671s] -- Found rmw_implementation_cmake: 6.1.2 (/opt/ros/humble/share/rmw_implementation_cmake/cmake)
[1.677s] -- Found rmw_cyclonedds_cpp: 1.3.4 (/opt/ros/humble/share/rmw_cyclonedds_cpp/cmake)
[1.728s] -- Using RMW implementation 'rmw_cyclonedds_cpp' as default
[1.748s] -- Looking for pthread.h
[1.902s] -- Looking for pthread.h - found
[1.902s] -- Performing Test CMAKE_HAVE_LIBC_PTHREAD
[2.052s] -- Performing Test CMAKE_HAVE_LIBC_PTHREAD - Success
[2.054s] -- Found Threads: TRUE  
[2.357s] -- Found asio_cmake_module: 1.2.0 (/home/jetson/f1tenth/install/asio_cmake_module/share/asio_cmake_module/cmake)
[2.360s] -- Found ASIO: /usr/include  
[2.499s] -- Found ament_lint_auto: 0.12.12 (/opt/ros/humble/share/ament_lint_auto/cmake)
[2.554s] -- Added test 'copyright' to check source files copyright and LICENSE
[2.560s] -- Added test 'cppcheck' to perform static code analysis on C / C++ code
[2.561s] -- Configured cppcheck include dirs: /home/jetson/f1tenth/src/f1tenth_system/vesc/vesc/vesc_driver/include
[2.561s] -- Configured cppcheck exclude dirs and/or files: 
[2.564s] -- Added test 'cpplint' to check C / C++ code against the Google style
[2.564s] -- Configured cpplint exclude dirs and/or files: 
[2.566s] -- Added test 'flake8' to check Python code syntax and style conventions
[2.568s] -- Added test 'lint_cmake' to check CMake code style
[2.569s] -- Added test 'pep257' to check Python code against some of the docstring style conventions in PEP 257
[2.572s] -- Added test 'uncrustify' to check C / C++ code style
[2.573s] -- Configured uncrustify additional arguments: 
[2.574s] -- Added test 'xmllint' to check XML markup files
[2.582s] -- Configuring done
[2.664s] -- Generating done
[2.682s] -- Build files have been written to: /home/jetson/f1tenth/build/vesc_driver
[2.710s] Invoked command in '/home/jetson/f1tenth/build/vesc_driver' returned '0': AMENT_PREFIX_PATH=/home/jetson/f1tenth/install/serial_driver:/home/jetson/f1tenth/install/io_context:/home/jetson/f1tenth/install/vesc_msgs:/home/jetson/f1tenth/install/asio_cmake_module:${AMENT_PREFIX_PATH} CMAKE_PREFIX_PATH=/home/jetson/f1tenth/install/serial_driver:/home/jetson/f1tenth/install/io_context:/home/jetson/f1tenth/install/vesc_msgs:/home/jetson/f1tenth/install/asio_cmake_module:/opt/ros/humble LD_LIBRARY_PATH=/home/jetson/f1tenth/install/serial_driver/lib:/home/jetson/f1tenth/install/io_context/lib:/home/jetson/f1tenth/install/vesc_msgs/lib:/usr/local/cuda-12.6/lib64:/opt/ros/humble/opt/rviz_ogre_vendor/lib:/opt/ros/humble/lib/aarch64-linux-gnu:/opt/ros/humble/lib:/usr/local/cuda-12.6/lib64:/usr/local/cuda-12.6/lib64 PYTHONPATH=/home/jetson/f1tenth/install/vesc_msgs/local/lib/python3.10/dist-packages:${PYTHONPATH} /usr/bin/cmake /home/jetson/f1tenth/src/f1tenth_system/vesc/vesc/vesc_driver -DAMENT_CMAKE_SYMLINK_INSTALL=1 -DCMAKE_INSTALL_PREFIX=/home/jetson/f1tenth/install/vesc_driver
[2.713s] Invoking command in '/home/jetson/f1tenth/build/vesc_driver': AMENT_PREFIX_PATH=/home/jetson/f1tenth/install/serial_driver:/home/jetson/f1tenth/install/io_context:/home/jetson/f1tenth/install/vesc_msgs:/home/jetson/f1tenth/install/asio_cmake_module:${AMENT_PREFIX_PATH} CMAKE_PREFIX_PATH=/home/jetson/f1tenth/install/serial_driver:/home/jetson/f1tenth/install/io_context:/home/jetson/f1tenth/install/vesc_msgs:/home/jetson/f1tenth/install/asio_cmake_module:/opt/ros/humble LD_LIBRARY_PATH=/home/jetson/f1tenth/install/serial_driver/lib:/home/jetson/f1tenth/install/io_context/lib:/home/jetson/f1tenth/install/vesc_msgs/lib:/usr/local/cuda-12.6/lib64:/opt/ros/humble/opt/rviz_ogre_vendor/lib:/opt/ros/humble/lib/aarch64-linux-gnu:/opt/ros/humble/lib:/usr/local/cuda-12.6/lib64:/usr/local/cuda-12.6/lib64 PYTHONPATH=/home/jetson/f1tenth/install/vesc_msgs/local/lib/python3.10/dist-packages:${PYTHONPATH} /usr/bin/cmake --build /home/jetson/f1tenth/build/vesc_driver -- -j6 -l6
[2.830s] [ 10%] [32mBuilding CXX object CMakeFiles/vesc_driver.dir/src/vesc_driver.cpp.o[0m
[27.156s] [ 20%] [32mBuilding CXX object CMakeFiles/vesc_driver.dir/src/vesc_packet_factory.cpp.o[0m
[27.168s] [ 30%] [32mBuilding CXX object CMakeFiles/vesc_driver.dir/src/vesc_packet.cpp.o[0m
[30.273s] [ 40%] [32mBuilding CXX object CMakeFiles/vesc_driver.dir/src/vesc_interface.cpp.o[0m
[34.931s] [ 50%] [32m[1mLinking CXX shared library libvesc_driver.so[0m
[36.558s] [ 50%] Built target vesc_driver
[36.607s] [ 70%] [32mBuilding CXX object CMakeFiles/vesc_driver_node.dir/rclcpp_components/node_main_vesc_driver_node.cpp.o[0m
[36.608s] [ 70%] [32mBuilding CXX object CMakeFiles/vesc_device_namer.dir/src/vesc_device_uuid_lookup.cpp.o[0m
[36.608s] [ 80%] [32mBuilding CXX object CMakeFiles/vesc_device_namer.dir/src/vesc_device_namer.cpp.o[0m
[38.485s] [ 90%] [32m[1mLinking CXX executable vesc_device_namer[0m
[39.281s] [ 90%] Built target vesc_device_namer
[44.693s] [100%] [32m[1mLinking CXX executable vesc_driver_node[0m
[44.961s] [100%] Built target vesc_driver_node
[44.987s] Invoked command in '/home/jetson/f1tenth/build/vesc_driver' returned '0': AMENT_PREFIX_PATH=/home/jetson/f1tenth/install/serial_driver:/home/jetson/f1tenth/install/io_context:/home/jetson/f1tenth/install/vesc_msgs:/home/jetson/f1tenth/install/asio_cmake_module:${AMENT_PREFIX_PATH} CMAKE_PREFIX_PATH=/home/jetson/f1tenth/install/serial_driver:/home/jetson/f1tenth/install/io_context:/home/jetson/f1tenth/install/vesc_msgs:/home/jetson/f1tenth/install/asio_cmake_module:/opt/ros/humble LD_LIBRARY_PATH=/home/jetson/f1tenth/install/serial_driver/lib:/home/jetson/f1tenth/install/io_context/lib:/home/jetson/f1tenth/install/vesc_msgs/lib:/usr/local/cuda-12.6/lib64:/opt/ros/humble/opt/rviz_ogre_vendor/lib:/opt/ros/humble/lib/aarch64-linux-gnu:/opt/ros/humble/lib:/usr/local/cuda-12.6/lib64:/usr/local/cuda-12.6/lib64 PYTHONPATH=/home/jetson/f1tenth/install/vesc_msgs/local/lib/python3.10/dist-packages:${PYTHONPATH} /usr/bin/cmake --build /home/jetson/f1tenth/build/vesc_driver -- -j6 -l6
[44.991s] Invoking command in '/home/jetson/f1tenth/build/vesc_driver': AMENT_PREFIX_PATH=/home/jetson/f1tenth/install/serial_driver:/home/jetson/f1tenth/install/io_context:/home/jetson/f1tenth/install/vesc_msgs:/home/jetson/f1tenth/install/asio_cmake_module:${AMENT_PREFIX_PATH} CMAKE_PREFIX_PATH=/home/jetson/f1tenth/install/serial_driver:/home/jetson/f1tenth/install/io_context:/home/jetson/f1tenth/install/vesc_msgs:/home/jetson/f1tenth/install/asio_cmake_module:/opt/ros/humble LD_LIBRARY_PATH=/home/jetson/f1tenth/install/serial_driver/lib:/home/jetson/f1tenth/install/io_context/lib:/home/jetson/f1tenth/install/vesc_msgs/lib:/usr/local/cuda-12.6/lib64:/opt/ros/humble/opt/rviz_ogre_vendor/lib:/opt/ros/humble/lib/aarch64-linux-gnu:/opt/ros/humble/lib:/usr/local/cuda-12.6/lib64:/usr/local/cuda-12.6/lib64 PYTHONPATH=/home/jetson/f1tenth/install/vesc_msgs/local/lib/python3.10/dist-packages:${PYTHONPATH} /usr/bin/cmake --install /home/jetson/f1tenth/build/vesc_driver
[45.007s] -- Install configuration: ""
[45.008s] -- Execute custom install script
[45.009s] -- Symlinking: /home/jetson/f1tenth/install/vesc_driver/lib/vesc_driver/vesc_driver_node
[45.028s] -- Symlinking: /home/jetson/f1tenth/install/vesc_driver/include/vesc_driver/crc.hpp
[45.047s] -- Symlinking: /home/jetson/f1tenth/install/vesc_driver/include/vesc_driver/datatypes.hpp
[45.066s] -- Symlinking: /home/jetson/f1tenth/install/vesc_driver/include/vesc_driver/vesc_device_uuid_lookup.hpp
[45.086s] -- Symlinking: /home/jetson/f1tenth/install/vesc_driver/include/vesc_driver/vesc_driver.hpp
[45.105s] -- Symlinking: /home/jetson/f1tenth/install/vesc_driver/include/vesc_driver/vesc_interface.hpp
[45.124s] -- Symlinking: /home/jetson/f1tenth/install/vesc_driver/include/vesc_driver/vesc_packet.hpp
[45.143s] -- Symlinking: /home/jetson/f1tenth/install/vesc_driver/include/vesc_driver/vesc_packet_factory.hpp
[45.164s] -- Symlinking: /home/jetson/f1tenth/install/vesc_driver/share/vesc_driver/environment/library_path.sh
[45.185s] -- Symlinking: /home/jetson/f1tenth/install/vesc_driver/share/vesc_driver/environment/library_path.dsv
[45.205s] -- Symlinking: /home/jetson/f1tenth/install/vesc_driver/lib/libvesc_driver.so
[45.224s] -- Symlinking: /home/jetson/f1tenth/install/vesc_driver/lib/vesc_driver/vesc_device_namer
[45.243s] -- Symlinking: /home/jetson/f1tenth/install/vesc_driver/share/vesc_driver/launch/vesc_driver_node.launch.py
[45.263s] -- Symlinking: /home/jetson/f1tenth/install/vesc_driver/share/vesc_driver/params/vesc_config.yaml
[45.283s] -- Symlinking: /home/jetson/f1tenth/install/vesc_driver/share/ament_index/resource_index/package_run_dependencies/vesc_driver
[45.303s] -- Symlinking: /home/jetson/f1tenth/install/vesc_driver/share/ament_index/resource_index/parent_prefix_path/vesc_driver
[45.321s] -- Symlinking: /home/jetson/f1tenth/install/vesc_driver/share/vesc_driver/environment/ament_prefix_path.sh
[45.339s] -- Symlinking: /home/jetson/f1tenth/install/vesc_driver/share/vesc_driver/environment/ament_prefix_path.dsv
[45.357s] -- Symlinking: /home/jetson/f1tenth/install/vesc_driver/share/vesc_driver/environment/path.sh
[45.377s] -- Symlinking: /home/jetson/f1tenth/install/vesc_driver/share/vesc_driver/environment/path.dsv
[45.397s] -- Symlinking: /home/jetson/f1tenth/install/vesc_driver/share/vesc_driver/local_setup.bash
[45.417s] -- Symlinking: /home/jetson/f1tenth/install/vesc_driver/share/vesc_driver/local_setup.sh
[45.435s] -- Symlinking: /home/jetson/f1tenth/install/vesc_driver/share/vesc_driver/local_setup.zsh
[45.455s] -- Symlinking: /home/jetson/f1tenth/install/vesc_driver/share/vesc_driver/local_setup.dsv
[45.476s] -- Symlinking: /home/jetson/f1tenth/install/vesc_driver/share/vesc_driver/package.dsv
[45.497s] -- Symlinking: /home/jetson/f1tenth/install/vesc_driver/share/ament_index/resource_index/packages/vesc_driver
[45.516s] -- Symlinking: /home/jetson/f1tenth/install/vesc_driver/share/ament_index/resource_index/rclcpp_components/vesc_driver
[45.534s] -- Symlinking: /home/jetson/f1tenth/install/vesc_driver/share/vesc_driver/cmake/ament_cmake_export_dependencies-extras.cmake
[45.553s] -- Symlinking: /home/jetson/f1tenth/install/vesc_driver/share/vesc_driver/cmake/ament_cmake_export_include_directories-extras.cmake
[45.573s] -- Symlinking: /home/jetson/f1tenth/install/vesc_driver/share/vesc_driver/cmake/ament_cmake_export_libraries-extras.cmake
[45.591s] -- Symlinking: /home/jetson/f1tenth/install/vesc_driver/share/vesc_driver/cmake/vesc_driverConfig.cmake
[45.610s] -- Symlinking: /home/jetson/f1tenth/install/vesc_driver/share/vesc_driver/cmake/vesc_driverConfig-version.cmake
[45.629s] -- Symlinking: /home/jetson/f1tenth/install/vesc_driver/share/vesc_driver/package.xml
[45.653s] Invoked command in '/home/jetson/f1tenth/build/vesc_driver' returned '0': AMENT_PREFIX_PATH=/home/jetson/f1tenth/install/serial_driver:/home/jetson/f1tenth/install/io_context:/home/jetson/f1tenth/install/vesc_msgs:/home/jetson/f1tenth/install/asio_cmake_module:${AMENT_PREFIX_PATH} CMAKE_PREFIX_PATH=/home/jetson/f1tenth/install/serial_driver:/home/jetson/f1tenth/install/io_context:/home/jetson/f1tenth/install/vesc_msgs:/home/jetson/f1tenth/install/asio_cmake_module:/opt/ros/humble LD_LIBRARY_PATH=/home/jetson/f1tenth/install/serial_driver/lib:/home/jetson/f1tenth/install/io_context/lib:/home/jetson/f1tenth/install/vesc_msgs/lib:/usr/local/cuda-12.6/lib64:/opt/ros/humble/opt/rviz_ogre_vendor/lib:/opt/ros/humble/lib/aarch64-linux-gnu:/opt/ros/humble/lib:/usr/local/cuda-12.6/lib64:/usr/local/cuda-12.6/lib64 PYTHONPATH=/home/jetson/f1tenth/install/vesc_msgs/local/lib/python3.10/dist-packages:${PYTHONPATH} /usr/bin/cmake --install /home/jetson/f1tenth/build/vesc_driver
