[0.029s] Invoking command in '/home/jetson/f1tenth/build/udp_driver': AMENT_PREFIX_PATH=/home/jetson/f1tenth/install/io_context:/home/jetson/f1tenth/install/asio_cmake_module:${AMENT_PREFIX_PATH} CMAKE_PREFIX_PATH=/home/jetson/f1tenth/install/io_context:/home/jetson/f1tenth/install/asio_cmake_module:/opt/ros/humble LD_LIBRARY_PATH=/home/jetson/f1tenth/install/io_context/lib:/usr/local/cuda-12.6/lib64:/opt/ros/humble/opt/rviz_ogre_vendor/lib:/opt/ros/humble/lib/aarch64-linux-gnu:/opt/ros/humble/lib:/usr/local/cuda-12.6/lib64:/usr/local/cuda-12.6/lib64 /usr/bin/cmake /home/jetson/f1tenth/src/f1tenth_system/transport_drivers/udp_driver -DAMENT_CMAKE_SYMLINK_INSTALL=1 -DCMAKE_INSTALL_PREFIX=/home/jetson/f1tenth/install/udp_driver
[0.185s] -- The C compiler identification is GNU 11.4.0
[0.326s] -- The CXX compiler identification is GNU 11.4.0
[0.344s] -- Detecting C compiler ABI info
[0.521s] -- Detecting C compiler ABI info - done
[0.536s] -- Check for working C compiler: /usr/bin/cc - skipped
[0.537s] -- Detecting C compile features
[0.537s] -- Detecting C compile features - done
[0.544s] -- Detecting CXX compiler ABI info
[0.721s] -- Detecting CXX compiler ABI info - done
[0.736s] -- Check for working CXX compiler: /usr/bin/c++ - skipped
[0.737s] -- Detecting CXX compile features
[0.737s] -- Detecting CXX compile features - done
[0.742s] -- Found ament_cmake_auto: 1.3.11 (/opt/ros/humble/share/ament_cmake_auto/cmake)
[1.114s] -- Found Python3: /usr/bin/python3 (found version "3.10.12") found components: Interpreter 
[1.285s] -- Override CMake install command with custom implementation using symlinks instead of copying resources
[1.659s] -- Found rosidl_generator_c: 3.1.6 (/opt/ros/humble/share/rosidl_generator_c/cmake)
[1.671s] -- Found rosidl_adapter: 3.1.6 (/opt/ros/humble/share/rosidl_adapter/cmake)
[1.691s] -- Found rosidl_generator_cpp: 3.1.6 (/opt/ros/humble/share/rosidl_generator_cpp/cmake)
[1.718s] -- Using all available rosidl_typesupport_c: rosidl_typesupport_fastrtps_c;rosidl_typesupport_introspection_c
[1.755s] -- Using all available rosidl_typesupport_cpp: rosidl_typesupport_fastrtps_cpp;rosidl_typesupport_introspection_cpp
[1.861s] -- Found rmw_implementation_cmake: 6.1.2 (/opt/ros/humble/share/rmw_implementation_cmake/cmake)
[1.867s] -- Found rmw_cyclonedds_cpp: 1.3.4 (/opt/ros/humble/share/rmw_cyclonedds_cpp/cmake)
[1.920s] -- Using RMW implementation 'rmw_cyclonedds_cpp' as default
[1.939s] -- Looking for pthread.h
[2.143s] -- Looking for pthread.h - found
[2.143s] -- Performing Test CMAKE_HAVE_LIBC_PTHREAD
[2.309s] -- Performing Test CMAKE_HAVE_LIBC_PTHREAD - Success
[2.311s] -- Found Threads: TRUE  
[2.472s] -- Found asio_cmake_module: 1.2.0 (/home/jetson/f1tenth/install/asio_cmake_module/share/asio_cmake_module/cmake)
[2.475s] -- Found ASIO: /usr/include  
[2.652s] -- Found ament_lint_auto: 0.12.12 (/opt/ros/humble/share/ament_lint_auto/cmake)
[2.700s] -- Found gtest sources under '/opt/ros/humble/src/gtest_vendor': C++ tests using 'Google Test' will be built
[2.751s] -- Added test 'copyright' to check source files copyright and LICENSE
[2.758s] -- Added test 'cppcheck' to perform static code analysis on C / C++ code
[2.759s] -- Configured cppcheck include dirs: /home/jetson/f1tenth/src/f1tenth_system/transport_drivers/udp_driver/include
[2.760s] -- Configured cppcheck exclude dirs and/or files: 
[2.763s] -- Added test 'cpplint' to check C / C++ code against the Google style
[2.763s] -- Configured cpplint exclude dirs and/or files: 
[2.765s] -- Added test 'lint_cmake' to check CMake code style
[2.770s] -- Added test 'uncrustify' to check C / C++ code style
[2.770s] -- Configured uncrustify additional arguments: 
[2.771s] -- Added test 'xmllint' to check XML markup files
[2.783s] -- Configuring done
[3.000s] -- Generating done
[3.045s] -- Build files have been written to: /home/jetson/f1tenth/build/udp_driver
[3.089s] Invoked command in '/home/jetson/f1tenth/build/udp_driver' returned '0': AMENT_PREFIX_PATH=/home/jetson/f1tenth/install/io_context:/home/jetson/f1tenth/install/asio_cmake_module:${AMENT_PREFIX_PATH} CMAKE_PREFIX_PATH=/home/jetson/f1tenth/install/io_context:/home/jetson/f1tenth/install/asio_cmake_module:/opt/ros/humble LD_LIBRARY_PATH=/home/jetson/f1tenth/install/io_context/lib:/usr/local/cuda-12.6/lib64:/opt/ros/humble/opt/rviz_ogre_vendor/lib:/opt/ros/humble/lib/aarch64-linux-gnu:/opt/ros/humble/lib:/usr/local/cuda-12.6/lib64:/usr/local/cuda-12.6/lib64 /usr/bin/cmake /home/jetson/f1tenth/src/f1tenth_system/transport_drivers/udp_driver -DAMENT_CMAKE_SYMLINK_INSTALL=1 -DCMAKE_INSTALL_PREFIX=/home/jetson/f1tenth/install/udp_driver
[3.090s] Invoking command in '/home/jetson/f1tenth/build/udp_driver': AMENT_PREFIX_PATH=/home/jetson/f1tenth/install/io_context:/home/jetson/f1tenth/install/asio_cmake_module:${AMENT_PREFIX_PATH} CMAKE_PREFIX_PATH=/home/jetson/f1tenth/install/io_context:/home/jetson/f1tenth/install/asio_cmake_module:/opt/ros/humble LD_LIBRARY_PATH=/home/jetson/f1tenth/install/io_context/lib:/usr/local/cuda-12.6/lib64:/opt/ros/humble/opt/rviz_ogre_vendor/lib:/opt/ros/humble/lib/aarch64-linux-gnu:/opt/ros/humble/lib:/usr/local/cuda-12.6/lib64:/usr/local/cuda-12.6/lib64 /usr/bin/cmake --build /home/jetson/f1tenth/build/udp_driver -- -j6 -l6
[3.244s] [  4%] [32mBuilding CXX object CMakeFiles/udp_driver.dir/src/udp_socket.cpp.o[0m
[9.356s] [  8%] [32mBuilding CXX object CMakeFiles/udp_driver.dir/src/udp_driver.cpp.o[0m
[13.339s] [ 12%] [32m[1mLinking CXX shared library libudp_driver.so[0m
[13.739s] [ 12%] Built target udp_driver
[13.788s] [ 16%] [32mBuilding CXX object gtest/CMakeFiles/gtest.dir/src/gtest-all.cc.o[0m
[20.855s] [ 20%] [32m[1mLinking CXX static library libgtest.a[0m
[20.994s] [ 20%] Built target gtest
[21.041s] [ 25%] [32mBuilding CXX object CMakeFiles/udp_driver_nodes.dir/src/udp_receiver_node.cpp.o[0m
[35.061s] [ 29%] [32mBuilding CXX object CMakeFiles/udp_driver_nodes.dir/src/udp_sender_node.cpp.o[0m
[58.596s] [ 33%] [32m[1mLinking CXX shared library libudp_driver_nodes.so[0m
[60.065s] [ 33%] Built target udp_driver_nodes
[60.105s] [ 37%] [32mBuilding CXX object gtest/CMakeFiles/gtest_main.dir/src/gtest_main.cc.o[0m
[61.612s] [ 41%] [32m[1mLinking CXX static library libgtest_main.a[0m
[61.678s] [ 41%] Built target gtest_main
[61.720s] [ 45%] [32mBuilding CXX object CMakeFiles/udp_bridge_node_exe.dir/src/udp_bridge_node.cpp.o[0m
[63.743s] [ 50%] [32mBuilding CXX object CMakeFiles/test_udp_driver.dir/test/test_udp_driver.cpp.o[0m
[65.777s] [ 54%] [32mBuilding CXX object CMakeFiles/test_udp_data.dir/test/test_udp_data.cpp.o[0m
[67.809s] [ 58%] [32mBuilding CXX object CMakeFiles/test_udp_socket.dir/test/test_udp_socket.cpp.o[0m
[68.839s] [ 62%] [32mBuilding CXX object CMakeFiles/udp_sender_node_exe.dir/rclcpp_components/node_main_udp_sender_node_exe.cpp.o[0m
[69.981s] [ 66%] [32mBuilding CXX object CMakeFiles/udp_receiver_node_exe.dir/rclcpp_components/node_main_udp_receiver_node_exe.cpp.o[0m
[73.224s] [ 70%] [32m[1mLinking CXX executable test_udp_data[0m
[73.929s] [ 70%] Built target test_udp_data
[74.320s] [ 75%] [32m[1mLinking CXX executable udp_bridge_node_exe[0m
[75.124s] [ 79%] [32m[1mLinking CXX executable test_udp_socket[0m
[75.426s] [ 79%] Built target udp_bridge_node_exe
[75.741s] [ 79%] Built target test_udp_socket
[77.582s] [ 83%] [32m[1mLinking CXX executable test_udp_driver[0m
[78.207s] [ 83%] Built target test_udp_driver
[78.265s] [ 87%] [32mBuilding CXX object CMakeFiles/test_udp_driver_nodes.dir/test/test_udp_driver_nodes.cpp.o[0m
[78.944s] [ 91%] [32m[1mLinking CXX executable udp_sender_node_exe[0m
[79.243s] [ 91%] Built target udp_sender_node_exe
[80.002s] [ 95%] [32m[1mLinking CXX executable udp_receiver_node_exe[0m
[80.337s] [ 95%] Built target udp_receiver_node_exe
[104.780s] [100%] [32m[1mLinking CXX executable test_udp_driver_nodes[0m
[106.357s] [100%] Built target test_udp_driver_nodes
[106.385s] Invoked command in '/home/jetson/f1tenth/build/udp_driver' returned '0': AMENT_PREFIX_PATH=/home/jetson/f1tenth/install/io_context:/home/jetson/f1tenth/install/asio_cmake_module:${AMENT_PREFIX_PATH} CMAKE_PREFIX_PATH=/home/jetson/f1tenth/install/io_context:/home/jetson/f1tenth/install/asio_cmake_module:/opt/ros/humble LD_LIBRARY_PATH=/home/jetson/f1tenth/install/io_context/lib:/usr/local/cuda-12.6/lib64:/opt/ros/humble/opt/rviz_ogre_vendor/lib:/opt/ros/humble/lib/aarch64-linux-gnu:/opt/ros/humble/lib:/usr/local/cuda-12.6/lib64:/usr/local/cuda-12.6/lib64 /usr/bin/cmake --build /home/jetson/f1tenth/build/udp_driver -- -j6 -l6
[106.389s] Invoking command in '/home/jetson/f1tenth/build/udp_driver': AMENT_PREFIX_PATH=/home/jetson/f1tenth/install/io_context:/home/jetson/f1tenth/install/asio_cmake_module:${AMENT_PREFIX_PATH} CMAKE_PREFIX_PATH=/home/jetson/f1tenth/install/io_context:/home/jetson/f1tenth/install/asio_cmake_module:/opt/ros/humble LD_LIBRARY_PATH=/home/jetson/f1tenth/install/io_context/lib:/usr/local/cuda-12.6/lib64:/opt/ros/humble/opt/rviz_ogre_vendor/lib:/opt/ros/humble/lib/aarch64-linux-gnu:/opt/ros/humble/lib:/usr/local/cuda-12.6/lib64:/usr/local/cuda-12.6/lib64 /usr/bin/cmake --install /home/jetson/f1tenth/build/udp_driver
[106.405s] -- Install configuration: ""
[106.406s] -- Execute custom install script
[106.407s] -- Symlinking: /home/jetson/f1tenth/install/udp_driver/lib/udp_driver/udp_receiver_node_exe
[106.426s] -- Symlinking: /home/jetson/f1tenth/install/udp_driver/lib/udp_driver/udp_sender_node_exe
[106.444s] -- Symlinking: /home/jetson/f1tenth/install/udp_driver/include/udp_driver/udp_driver.hpp
[106.462s] -- Symlinking: /home/jetson/f1tenth/install/udp_driver/include/udp_driver/udp_receiver_node.hpp
[106.480s] -- Symlinking: /home/jetson/f1tenth/install/udp_driver/include/udp_driver/udp_sender_node.hpp
[106.497s] -- Symlinking: /home/jetson/f1tenth/install/udp_driver/include/udp_driver/udp_socket.hpp
[106.514s] -- Symlinking: /home/jetson/f1tenth/install/udp_driver/include/udp_driver/visibility_control.hpp
[106.531s] -- Symlinking: /home/jetson/f1tenth/install/udp_driver/share/udp_driver/environment/library_path.sh
[106.553s] -- Symlinking: /home/jetson/f1tenth/install/udp_driver/share/udp_driver/environment/library_path.dsv
[106.571s] -- Symlinking: /home/jetson/f1tenth/install/udp_driver/lib/libudp_driver.so
[106.588s] -- Symlinking: /home/jetson/f1tenth/install/udp_driver/lib/libudp_driver_nodes.so
[106.606s] -- Symlinking: /home/jetson/f1tenth/install/udp_driver/lib/udp_driver/udp_bridge_node_exe
[106.624s] -- Symlinking: /home/jetson/f1tenth/install/udp_driver/share/ament_index/resource_index/package_run_dependencies/udp_driver
[106.641s] -- Symlinking: /home/jetson/f1tenth/install/udp_driver/share/ament_index/resource_index/parent_prefix_path/udp_driver
[106.661s] -- Symlinking: /home/jetson/f1tenth/install/udp_driver/share/udp_driver/environment/ament_prefix_path.sh
[106.678s] -- Symlinking: /home/jetson/f1tenth/install/udp_driver/share/udp_driver/environment/ament_prefix_path.dsv
[106.695s] -- Symlinking: /home/jetson/f1tenth/install/udp_driver/share/udp_driver/environment/path.sh
[106.713s] -- Symlinking: /home/jetson/f1tenth/install/udp_driver/share/udp_driver/environment/path.dsv
[106.730s] -- Symlinking: /home/jetson/f1tenth/install/udp_driver/share/udp_driver/local_setup.bash
[106.748s] -- Symlinking: /home/jetson/f1tenth/install/udp_driver/share/udp_driver/local_setup.sh
[106.769s] -- Symlinking: /home/jetson/f1tenth/install/udp_driver/share/udp_driver/local_setup.zsh
[106.787s] -- Symlinking: /home/jetson/f1tenth/install/udp_driver/share/udp_driver/local_setup.dsv
[106.805s] -- Symlinking: /home/jetson/f1tenth/install/udp_driver/share/udp_driver/package.dsv
[106.822s] -- Symlinking: /home/jetson/f1tenth/install/udp_driver/share/ament_index/resource_index/packages/udp_driver
[106.840s] -- Symlinking: /home/jetson/f1tenth/install/udp_driver/share/ament_index/resource_index/rclcpp_components/udp_driver
[106.858s] -- Symlinking: /home/jetson/f1tenth/install/udp_driver/share/udp_driver/cmake/ament_cmake_export_dependencies-extras.cmake
[106.875s] -- Symlinking: /home/jetson/f1tenth/install/udp_driver/share/udp_driver/cmake/ament_cmake_export_include_directories-extras.cmake
[106.892s] -- Symlinking: /home/jetson/f1tenth/install/udp_driver/share/udp_driver/cmake/ament_cmake_export_libraries-extras.cmake
[106.911s] -- Symlinking: /home/jetson/f1tenth/install/udp_driver/share/udp_driver/cmake/udp_driver-extras.cmake
[106.929s] -- Symlinking: /home/jetson/f1tenth/install/udp_driver/share/udp_driver/cmake/udp_driverConfig.cmake
[106.946s] -- Symlinking: /home/jetson/f1tenth/install/udp_driver/share/udp_driver/cmake/udp_driverConfig-version.cmake
[106.966s] -- Symlinking: /home/jetson/f1tenth/install/udp_driver/share/udp_driver/package.xml
[106.989s] Invoked command in '/home/jetson/f1tenth/build/udp_driver' returned '0': AMENT_PREFIX_PATH=/home/jetson/f1tenth/install/io_context:/home/jetson/f1tenth/install/asio_cmake_module:${AMENT_PREFIX_PATH} CMAKE_PREFIX_PATH=/home/jetson/f1tenth/install/io_context:/home/jetson/f1tenth/install/asio_cmake_module:/opt/ros/humble LD_LIBRARY_PATH=/home/jetson/f1tenth/install/io_context/lib:/usr/local/cuda-12.6/lib64:/opt/ros/humble/opt/rviz_ogre_vendor/lib:/opt/ros/humble/lib/aarch64-linux-gnu:/opt/ros/humble/lib:/usr/local/cuda-12.6/lib64:/usr/local/cuda-12.6/lib64 /usr/bin/cmake --install /home/jetson/f1tenth/build/udp_driver
