[0.038s] Invoking command in '/home/jetson/f1tenth/build/vesc': AMENT_PREFIX_PATH=/home/jetson/f1tenth/install/vesc_driver:/home/jetson/f1tenth/install/serial_driver:/home/jetson/f1tenth/install/vesc_ackermann:/home/jetson/f1tenth/install/io_context:/home/jetson/f1tenth/install/vesc_msgs:/home/jetson/f1tenth/install/asio_cmake_module:${AMENT_PREFIX_PATH} CMAKE_PREFIX_PATH=/home/jetson/f1tenth/install/vesc_driver:/home/jetson/f1tenth/install/serial_driver:/home/jetson/f1tenth/install/vesc_ackermann:/home/jetson/f1tenth/install/io_context:/home/jetson/f1tenth/install/vesc_msgs:/home/jetson/f1tenth/install/asio_cmake_module:/opt/ros/humble LD_LIBRARY_PATH=/home/jetson/f1tenth/install/vesc_driver/lib:/home/jetson/f1tenth/install/serial_driver/lib:/home/jetson/f1tenth/install/vesc_ackermann/lib:/home/jetson/f1tenth/install/io_context/lib:/home/jetson/f1tenth/install/vesc_msgs/lib:/usr/local/cuda-12.6/lib64:/opt/ros/humble/opt/rviz_ogre_vendor/lib:/opt/ros/humble/lib/aarch64-linux-gnu:/opt/ros/humble/lib:/usr/local/cuda-12.6/lib64:/usr/local/cuda-12.6/lib64 PYTHONPATH=/home/jetson/f1tenth/install/vesc_msgs/local/lib/python3.10/dist-packages:${PYTHONPATH} /usr/bin/cmake /home/jetson/f1tenth/src/f1tenth_system/vesc/vesc/vesc -DAMENT_CMAKE_SYMLINK_INSTALL=1 -DCMAKE_INSTALL_PREFIX=/home/jetson/f1tenth/install/vesc
[0.149s] -- The C compiler identification is GNU 11.4.0
[0.269s] -- The CXX compiler identification is GNU 11.4.0
[0.292s] -- Detecting C compiler ABI info
[0.446s] -- Detecting C compiler ABI info - done
[0.463s] -- Check for working C compiler: /usr/bin/cc - skipped
[0.463s] -- Detecting C compile features
[0.464s] -- Detecting C compile features - done
[0.471s] -- Detecting CXX compiler ABI info
[0.636s] -- Detecting CXX compiler ABI info - done
[0.651s] -- Check for working CXX compiler: /usr/bin/c++ - skipped
[0.651s] -- Detecting CXX compile features
[0.652s] -- Detecting CXX compile features - done
[0.659s] -- Found ament_cmake_auto: 1.3.11 (/opt/ros/humble/share/ament_cmake_auto/cmake)
[1.021s] -- Found Python3: /usr/bin/python3 (found version "3.10.12") found components: Interpreter 
[1.177s] -- Override CMake install command with custom implementation using symlinks instead of copying resources
[1.415s] -- Configuring done
[1.423s] -- Generating done
[1.428s] -- Build files have been written to: /home/jetson/f1tenth/build/vesc
[1.440s] Invoked command in '/home/jetson/f1tenth/build/vesc' returned '0': AMENT_PREFIX_PATH=/home/jetson/f1tenth/install/vesc_driver:/home/jetson/f1tenth/install/serial_driver:/home/jetson/f1tenth/install/vesc_ackermann:/home/jetson/f1tenth/install/io_context:/home/jetson/f1tenth/install/vesc_msgs:/home/jetson/f1tenth/install/asio_cmake_module:${AMENT_PREFIX_PATH} CMAKE_PREFIX_PATH=/home/jetson/f1tenth/install/vesc_driver:/home/jetson/f1tenth/install/serial_driver:/home/jetson/f1tenth/install/vesc_ackermann:/home/jetson/f1tenth/install/io_context:/home/jetson/f1tenth/install/vesc_msgs:/home/jetson/f1tenth/install/asio_cmake_module:/opt/ros/humble LD_LIBRARY_PATH=/home/jetson/f1tenth/install/vesc_driver/lib:/home/jetson/f1tenth/install/serial_driver/lib:/home/jetson/f1tenth/install/vesc_ackermann/lib:/home/jetson/f1tenth/install/io_context/lib:/home/jetson/f1tenth/install/vesc_msgs/lib:/usr/local/cuda-12.6/lib64:/opt/ros/humble/opt/rviz_ogre_vendor/lib:/opt/ros/humble/lib/aarch64-linux-gnu:/opt/ros/humble/lib:/usr/local/cuda-12.6/lib64:/usr/local/cuda-12.6/lib64 PYTHONPATH=/home/jetson/f1tenth/install/vesc_msgs/local/lib/python3.10/dist-packages:${PYTHONPATH} /usr/bin/cmake /home/jetson/f1tenth/src/f1tenth_system/vesc/vesc/vesc -DAMENT_CMAKE_SYMLINK_INSTALL=1 -DCMAKE_INSTALL_PREFIX=/home/jetson/f1tenth/install/vesc
[1.444s] Invoking command in '/home/jetson/f1tenth/build/vesc': AMENT_PREFIX_PATH=/home/jetson/f1tenth/install/vesc_driver:/home/jetson/f1tenth/install/serial_driver:/home/jetson/f1tenth/install/vesc_ackermann:/home/jetson/f1tenth/install/io_context:/home/jetson/f1tenth/install/vesc_msgs:/home/jetson/f1tenth/install/asio_cmake_module:${AMENT_PREFIX_PATH} CMAKE_PREFIX_PATH=/home/jetson/f1tenth/install/vesc_driver:/home/jetson/f1tenth/install/serial_driver:/home/jetson/f1tenth/install/vesc_ackermann:/home/jetson/f1tenth/install/io_context:/home/jetson/f1tenth/install/vesc_msgs:/home/jetson/f1tenth/install/asio_cmake_module:/opt/ros/humble LD_LIBRARY_PATH=/home/jetson/f1tenth/install/vesc_driver/lib:/home/jetson/f1tenth/install/serial_driver/lib:/home/jetson/f1tenth/install/vesc_ackermann/lib:/home/jetson/f1tenth/install/io_context/lib:/home/jetson/f1tenth/install/vesc_msgs/lib:/usr/local/cuda-12.6/lib64:/opt/ros/humble/opt/rviz_ogre_vendor/lib:/opt/ros/humble/lib/aarch64-linux-gnu:/opt/ros/humble/lib:/usr/local/cuda-12.6/lib64:/usr/local/cuda-12.6/lib64 PYTHONPATH=/home/jetson/f1tenth/install/vesc_msgs/local/lib/python3.10/dist-packages:${PYTHONPATH} /usr/bin/cmake --build /home/jetson/f1tenth/build/vesc -- -j6 -l6
[1.527s] Invoked command in '/home/jetson/f1tenth/build/vesc' returned '0': AMENT_PREFIX_PATH=/home/jetson/f1tenth/install/vesc_driver:/home/jetson/f1tenth/install/serial_driver:/home/jetson/f1tenth/install/vesc_ackermann:/home/jetson/f1tenth/install/io_context:/home/jetson/f1tenth/install/vesc_msgs:/home/jetson/f1tenth/install/asio_cmake_module:${AMENT_PREFIX_PATH} CMAKE_PREFIX_PATH=/home/jetson/f1tenth/install/vesc_driver:/home/jetson/f1tenth/install/serial_driver:/home/jetson/f1tenth/install/vesc_ackermann:/home/jetson/f1tenth/install/io_context:/home/jetson/f1tenth/install/vesc_msgs:/home/jetson/f1tenth/install/asio_cmake_module:/opt/ros/humble LD_LIBRARY_PATH=/home/jetson/f1tenth/install/vesc_driver/lib:/home/jetson/f1tenth/install/serial_driver/lib:/home/jetson/f1tenth/install/vesc_ackermann/lib:/home/jetson/f1tenth/install/io_context/lib:/home/jetson/f1tenth/install/vesc_msgs/lib:/usr/local/cuda-12.6/lib64:/opt/ros/humble/opt/rviz_ogre_vendor/lib:/opt/ros/humble/lib/aarch64-linux-gnu:/opt/ros/humble/lib:/usr/local/cuda-12.6/lib64:/usr/local/cuda-12.6/lib64 PYTHONPATH=/home/jetson/f1tenth/install/vesc_msgs/local/lib/python3.10/dist-packages:${PYTHONPATH} /usr/bin/cmake --build /home/jetson/f1tenth/build/vesc -- -j6 -l6
[1.531s] Invoking command in '/home/jetson/f1tenth/build/vesc': AMENT_PREFIX_PATH=/home/jetson/f1tenth/install/vesc_driver:/home/jetson/f1tenth/install/serial_driver:/home/jetson/f1tenth/install/vesc_ackermann:/home/jetson/f1tenth/install/io_context:/home/jetson/f1tenth/install/vesc_msgs:/home/jetson/f1tenth/install/asio_cmake_module:${AMENT_PREFIX_PATH} CMAKE_PREFIX_PATH=/home/jetson/f1tenth/install/vesc_driver:/home/jetson/f1tenth/install/serial_driver:/home/jetson/f1tenth/install/vesc_ackermann:/home/jetson/f1tenth/install/io_context:/home/jetson/f1tenth/install/vesc_msgs:/home/jetson/f1tenth/install/asio_cmake_module:/opt/ros/humble LD_LIBRARY_PATH=/home/jetson/f1tenth/install/vesc_driver/lib:/home/jetson/f1tenth/install/serial_driver/lib:/home/jetson/f1tenth/install/vesc_ackermann/lib:/home/jetson/f1tenth/install/io_context/lib:/home/jetson/f1tenth/install/vesc_msgs/lib:/usr/local/cuda-12.6/lib64:/opt/ros/humble/opt/rviz_ogre_vendor/lib:/opt/ros/humble/lib/aarch64-linux-gnu:/opt/ros/humble/lib:/usr/local/cuda-12.6/lib64:/usr/local/cuda-12.6/lib64 PYTHONPATH=/home/jetson/f1tenth/install/vesc_msgs/local/lib/python3.10/dist-packages:${PYTHONPATH} /usr/bin/cmake --install /home/jetson/f1tenth/build/vesc
[1.548s] -- Install configuration: ""
[1.549s] -- Execute custom install script
[1.550s] -- Symlinking: /home/jetson/f1tenth/install/vesc/share/ament_index/resource_index/package_run_dependencies/vesc
[1.571s] -- Symlinking: /home/jetson/f1tenth/install/vesc/share/ament_index/resource_index/parent_prefix_path/vesc
[1.591s] -- Symlinking: /home/jetson/f1tenth/install/vesc/share/vesc/environment/ament_prefix_path.sh
[1.610s] -- Symlinking: /home/jetson/f1tenth/install/vesc/share/vesc/environment/ament_prefix_path.dsv
[1.629s] -- Symlinking: /home/jetson/f1tenth/install/vesc/share/vesc/environment/path.sh
[1.648s] -- Symlinking: /home/jetson/f1tenth/install/vesc/share/vesc/environment/path.dsv
[1.668s] -- Symlinking: /home/jetson/f1tenth/install/vesc/share/vesc/local_setup.bash
[1.687s] -- Symlinking: /home/jetson/f1tenth/install/vesc/share/vesc/local_setup.sh
[1.706s] -- Symlinking: /home/jetson/f1tenth/install/vesc/share/vesc/local_setup.zsh
[1.725s] -- Symlinking: /home/jetson/f1tenth/install/vesc/share/vesc/local_setup.dsv
[1.744s] -- Symlinking: /home/jetson/f1tenth/install/vesc/share/vesc/package.dsv
[1.764s] -- Symlinking: /home/jetson/f1tenth/install/vesc/share/ament_index/resource_index/packages/vesc
[1.784s] -- Symlinking: /home/jetson/f1tenth/install/vesc/share/vesc/cmake/vescConfig.cmake
[1.803s] -- Symlinking: /home/jetson/f1tenth/install/vesc/share/vesc/cmake/vescConfig-version.cmake
[1.822s] -- Symlinking: /home/jetson/f1tenth/install/vesc/share/vesc/package.xml
[1.846s] Invoked command in '/home/jetson/f1tenth/build/vesc' returned '0': AMENT_PREFIX_PATH=/home/jetson/f1tenth/install/vesc_driver:/home/jetson/f1tenth/install/serial_driver:/home/jetson/f1tenth/install/vesc_ackermann:/home/jetson/f1tenth/install/io_context:/home/jetson/f1tenth/install/vesc_msgs:/home/jetson/f1tenth/install/asio_cmake_module:${AMENT_PREFIX_PATH} CMAKE_PREFIX_PATH=/home/jetson/f1tenth/install/vesc_driver:/home/jetson/f1tenth/install/serial_driver:/home/jetson/f1tenth/install/vesc_ackermann:/home/jetson/f1tenth/install/io_context:/home/jetson/f1tenth/install/vesc_msgs:/home/jetson/f1tenth/install/asio_cmake_module:/opt/ros/humble LD_LIBRARY_PATH=/home/jetson/f1tenth/install/vesc_driver/lib:/home/jetson/f1tenth/install/serial_driver/lib:/home/jetson/f1tenth/install/vesc_ackermann/lib:/home/jetson/f1tenth/install/io_context/lib:/home/jetson/f1tenth/install/vesc_msgs/lib:/usr/local/cuda-12.6/lib64:/opt/ros/humble/opt/rviz_ogre_vendor/lib:/opt/ros/humble/lib/aarch64-linux-gnu:/opt/ros/humble/lib:/usr/local/cuda-12.6/lib64:/usr/local/cuda-12.6/lib64 PYTHONPATH=/home/jetson/f1tenth/install/vesc_msgs/local/lib/python3.10/dist-packages:${PYTHONPATH} /usr/bin/cmake --install /home/jetson/f1tenth/build/vesc
