[0.295s] DEBUG:colcon:Command line arguments: ['/usr/bin/colcon', 'build', '--packages-select', 'dwa_follower']
[0.296s] DEBUG:colcon:Parsed command line arguments: Namespace(log_base=None, log_level=None, verb_name='build', build_base='build', install_base='install', merge_install=False, symlink_install=False, test_result_base=None, continue_on_error=False, executor='parallel', parallel_workers=6, event_handlers=None, ignore_user_meta=False, metas=['./colcon.meta'], base_paths=['.'], packages_ignore=None, packages_ignore_regex=None, paths=None, packages_up_to=None, packages_up_to_regex=None, packages_above=None, packages_above_and_dependencies=None, packages_above_depth=None, packages_select_by_dep=None, packages_skip_by_dep=None, packages_skip_up_to=None, packages_select_build_failed=False, packages_skip_build_finished=False, packages_select_test_failures=False, packages_skip_test_passed=False, packages_select=['dwa_follower'], packages_skip=None, packages_select_regex=None, packages_skip_regex=None, packages_start=None, packages_end=None, allow_overriding=[], cmake_args=None, cmake_target=None, cmake_target_skip_unavailable=False, cmake_clean_cache=False, cmake_clean_first=False, cmake_force_configure=False, ament_cmake_args=None, catkin_cmake_args=None, catkin_skip_building_tests=False, mixin_files=None, mixin=None, verb_parser=<colcon_mixin.mixin.mixin_argument.MixinArgumentDecorator object at 0xffff8f3fb790>, verb_extension=<colcon_core.verb.build.BuildVerb object at 0xffff8f3fa8f0>, main=<bound method BuildVerb.main of <colcon_core.verb.build.BuildVerb object at 0xffff8f3fa8f0>>, mixin_verb=('build',))
[0.937s] Level 1:colcon.colcon_core.package_discovery:discover_packages(colcon_meta) check parameters
[0.938s] Level 1:colcon.colcon_core.package_discovery:discover_packages(recursive) check parameters
[0.938s] Level 1:colcon.colcon_core.package_discovery:discover_packages(ignore) check parameters
[0.938s] Level 1:colcon.colcon_core.package_discovery:discover_packages(path) check parameters
[0.938s] Level 1:colcon.colcon_core.package_discovery:discover_packages(colcon_meta) discover
[0.938s] Level 1:colcon.colcon_core.package_discovery:discover_packages(recursive) discover
[0.939s] INFO:colcon.colcon_core.package_discovery:Crawling recursively for packages in '/home/jetson/f1tenth'
[0.939s] Level 1:colcon.colcon_core.package_identification:_identify(.) by extensions ['ignore', 'ignore_ament_install']
[0.939s] Level 1:colcon.colcon_core.package_identification:_identify(.) by extension 'ignore'
[0.940s] Level 1:colcon.colcon_core.package_identification:_identify(.) by extension 'ignore_ament_install'
[0.940s] Level 1:colcon.colcon_core.package_identification:_identify(.) by extensions ['colcon_pkg']
[0.940s] Level 1:colcon.colcon_core.package_identification:_identify(.) by extension 'colcon_pkg'
[0.940s] Level 1:colcon.colcon_core.package_identification:_identify(.) by extensions ['colcon_meta']
[0.940s] Level 1:colcon.colcon_core.package_identification:_identify(.) by extension 'colcon_meta'
[0.941s] Level 1:colcon.colcon_core.package_identification:_identify(.) by extensions ['ros']
[0.941s] Level 1:colcon.colcon_core.package_identification:_identify(.) by extension 'ros'
[0.979s] Level 1:colcon.colcon_core.package_identification:_identify(.) by extensions ['cmake', 'python']
[0.979s] Level 1:colcon.colcon_core.package_identification:_identify(.) by extension 'cmake'
[0.980s] Level 1:colcon.colcon_core.package_identification:_identify(.) by extension 'python'
[0.980s] Level 1:colcon.colcon_core.package_identification:_identify(.) by extensions ['python_setup_py']
[0.980s] Level 1:colcon.colcon_core.package_identification:_identify(.) by extension 'python_setup_py'
[0.980s] Level 1:colcon.colcon_core.package_identification:_identify(build) by extensions ['ignore', 'ignore_ament_install']
[0.981s] Level 1:colcon.colcon_core.package_identification:_identify(build) by extension 'ignore'
[0.981s] Level 1:colcon.colcon_core.package_identification:_identify(build) ignored
[0.981s] Level 1:colcon.colcon_core.package_identification:_identify(install) by extensions ['ignore', 'ignore_ament_install']
[0.982s] Level 1:colcon.colcon_core.package_identification:_identify(install) by extension 'ignore'
[0.982s] Level 1:colcon.colcon_core.package_identification:_identify(install) ignored
[0.982s] Level 1:colcon.colcon_core.package_identification:_identify(log) by extensions ['ignore', 'ignore_ament_install']
[0.982s] Level 1:colcon.colcon_core.package_identification:_identify(log) by extension 'ignore'
[0.982s] Level 1:colcon.colcon_core.package_identification:_identify(log) ignored
[0.983s] Level 1:colcon.colcon_core.package_identification:_identify(osqp) by extensions ['ignore', 'ignore_ament_install']
[0.983s] Level 1:colcon.colcon_core.package_identification:_identify(osqp) by extension 'ignore'
[0.983s] Level 1:colcon.colcon_core.package_identification:_identify(osqp) by extension 'ignore_ament_install'
[0.983s] Level 1:colcon.colcon_core.package_identification:_identify(osqp) by extensions ['colcon_pkg']
[0.983s] Level 1:colcon.colcon_core.package_identification:_identify(osqp) by extension 'colcon_pkg'
[0.983s] Level 1:colcon.colcon_core.package_identification:_identify(osqp) by extensions ['colcon_meta']
[0.984s] Level 1:colcon.colcon_core.package_identification:_identify(osqp) by extension 'colcon_meta'
[0.984s] Level 1:colcon.colcon_core.package_identification:_identify(osqp) by extensions ['ros']
[0.984s] Level 1:colcon.colcon_core.package_identification:_identify(osqp) by extension 'ros'
[0.984s] Level 1:colcon.colcon_core.package_identification:_identify(osqp) by extensions ['cmake', 'python']
[0.984s] Level 1:colcon.colcon_core.package_identification:_identify(osqp) by extension 'cmake'
[1.047s] Level 1:colcon.colcon_core.package_identification:_identify(osqp) by extension 'python'
[1.047s] DEBUG:colcon.colcon_core.package_identification:Package 'osqp' with type 'cmake' and name 'osqp'
[1.047s] Level 1:colcon.colcon_core.package_identification:_identify(src) by extensions ['ignore', 'ignore_ament_install']
[1.048s] Level 1:colcon.colcon_core.package_identification:_identify(src) by extension 'ignore'
[1.048s] Level 1:colcon.colcon_core.package_identification:_identify(src) by extension 'ignore_ament_install'
[1.048s] Level 1:colcon.colcon_core.package_identification:_identify(src) by extensions ['colcon_pkg']
[1.048s] Level 1:colcon.colcon_core.package_identification:_identify(src) by extension 'colcon_pkg'
[1.048s] Level 1:colcon.colcon_core.package_identification:_identify(src) by extensions ['colcon_meta']
[1.048s] Level 1:colcon.colcon_core.package_identification:_identify(src) by extension 'colcon_meta'
[1.048s] Level 1:colcon.colcon_core.package_identification:_identify(src) by extensions ['ros']
[1.048s] Level 1:colcon.colcon_core.package_identification:_identify(src) by extension 'ros'
[1.049s] Level 1:colcon.colcon_core.package_identification:_identify(src) by extensions ['cmake', 'python']
[1.049s] Level 1:colcon.colcon_core.package_identification:_identify(src) by extension 'cmake'
[1.049s] Level 1:colcon.colcon_core.package_identification:_identify(src) by extension 'python'
[1.049s] Level 1:colcon.colcon_core.package_identification:_identify(src) by extensions ['python_setup_py']
[1.049s] Level 1:colcon.colcon_core.package_identification:_identify(src) by extension 'python_setup_py'
[1.049s] Level 1:colcon.colcon_core.package_identification:_identify(src/LBFGSpp) by extensions ['ignore', 'ignore_ament_install']
[1.049s] Level 1:colcon.colcon_core.package_identification:_identify(src/LBFGSpp) by extension 'ignore'
[1.049s] Level 1:colcon.colcon_core.package_identification:_identify(src/LBFGSpp) by extension 'ignore_ament_install'
[1.050s] Level 1:colcon.colcon_core.package_identification:_identify(src/LBFGSpp) by extensions ['colcon_pkg']
[1.050s] Level 1:colcon.colcon_core.package_identification:_identify(src/LBFGSpp) by extension 'colcon_pkg'
[1.050s] Level 1:colcon.colcon_core.package_identification:_identify(src/LBFGSpp) by extensions ['colcon_meta']
[1.050s] Level 1:colcon.colcon_core.package_identification:_identify(src/LBFGSpp) by extension 'colcon_meta'
[1.050s] Level 1:colcon.colcon_core.package_identification:_identify(src/LBFGSpp) by extensions ['ros']
[1.050s] Level 1:colcon.colcon_core.package_identification:_identify(src/LBFGSpp) by extension 'ros'
[1.050s] Level 1:colcon.colcon_core.package_identification:_identify(src/LBFGSpp) by extensions ['cmake', 'python']
[1.050s] Level 1:colcon.colcon_core.package_identification:_identify(src/LBFGSpp) by extension 'cmake'
[1.052s] Level 1:colcon.colcon_core.package_identification:_identify(src/LBFGSpp) by extension 'python'
[1.052s] DEBUG:colcon.colcon_core.package_identification:Package 'src/LBFGSpp' with type 'cmake' and name 'lbfgspp'
[1.052s] Level 1:colcon.colcon_core.package_identification:_identify(src/OsqpEigen) by extensions ['ignore', 'ignore_ament_install']
[1.052s] Level 1:colcon.colcon_core.package_identification:_identify(src/OsqpEigen) by extension 'ignore'
[1.053s] Level 1:colcon.colcon_core.package_identification:_identify(src/OsqpEigen) by extension 'ignore_ament_install'
[1.053s] Level 1:colcon.colcon_core.package_identification:_identify(src/OsqpEigen) by extensions ['colcon_pkg']
[1.053s] Level 1:colcon.colcon_core.package_identification:_identify(src/OsqpEigen) by extension 'colcon_pkg'
[1.053s] Level 1:colcon.colcon_core.package_identification:_identify(src/OsqpEigen) by extensions ['colcon_meta']
[1.053s] Level 1:colcon.colcon_core.package_identification:_identify(src/OsqpEigen) by extension 'colcon_meta'
[1.053s] Level 1:colcon.colcon_core.package_identification:_identify(src/OsqpEigen) by extensions ['ros']
[1.053s] Level 1:colcon.colcon_core.package_identification:_identify(src/OsqpEigen) by extension 'ros'
[1.065s] DEBUG:colcon.colcon_core.package_identification:Package 'src/OsqpEigen' with type 'ros.cmake' and name 'osqp-eigen'
[1.065s] Level 1:colcon.colcon_core.package_identification:_identify(src/dwa_follower) by extensions ['ignore', 'ignore_ament_install']
[1.065s] Level 1:colcon.colcon_core.package_identification:_identify(src/dwa_follower) by extension 'ignore'
[1.066s] Level 1:colcon.colcon_core.package_identification:_identify(src/dwa_follower) by extension 'ignore_ament_install'
[1.066s] Level 1:colcon.colcon_core.package_identification:_identify(src/dwa_follower) by extensions ['colcon_pkg']
[1.066s] Level 1:colcon.colcon_core.package_identification:_identify(src/dwa_follower) by extension 'colcon_pkg'
[1.066s] Level 1:colcon.colcon_core.package_identification:_identify(src/dwa_follower) by extensions ['colcon_meta']
[1.067s] Level 1:colcon.colcon_core.package_identification:_identify(src/dwa_follower) by extension 'colcon_meta'
[1.067s] Level 1:colcon.colcon_core.package_identification:_identify(src/dwa_follower) by extensions ['ros']
[1.067s] Level 1:colcon.colcon_core.package_identification:_identify(src/dwa_follower) by extension 'ros'
[1.070s] DEBUG:colcon.colcon_core.package_identification:Package 'src/dwa_follower' with type 'ros.ament_cmake' and name 'dwa_follower'
[1.070s] Level 1:colcon.colcon_core.package_identification:_identify(src/f1tenth_system) by extensions ['ignore', 'ignore_ament_install']
[1.071s] Level 1:colcon.colcon_core.package_identification:_identify(src/f1tenth_system) by extension 'ignore'
[1.071s] Level 1:colcon.colcon_core.package_identification:_identify(src/f1tenth_system) by extension 'ignore_ament_install'
[1.071s] Level 1:colcon.colcon_core.package_identification:_identify(src/f1tenth_system) by extensions ['colcon_pkg']
[1.071s] Level 1:colcon.colcon_core.package_identification:_identify(src/f1tenth_system) by extension 'colcon_pkg'
[1.072s] Level 1:colcon.colcon_core.package_identification:_identify(src/f1tenth_system) by extensions ['colcon_meta']
[1.072s] Level 1:colcon.colcon_core.package_identification:_identify(src/f1tenth_system) by extension 'colcon_meta'
[1.072s] Level 1:colcon.colcon_core.package_identification:_identify(src/f1tenth_system) by extensions ['ros']
[1.072s] Level 1:colcon.colcon_core.package_identification:_identify(src/f1tenth_system) by extension 'ros'
[1.073s] Level 1:colcon.colcon_core.package_identification:_identify(src/f1tenth_system) by extensions ['cmake', 'python']
[1.073s] Level 1:colcon.colcon_core.package_identification:_identify(src/f1tenth_system) by extension 'cmake'
[1.073s] Level 1:colcon.colcon_core.package_identification:_identify(src/f1tenth_system) by extension 'python'
[1.074s] Level 1:colcon.colcon_core.package_identification:_identify(src/f1tenth_system) by extensions ['python_setup_py']
[1.074s] Level 1:colcon.colcon_core.package_identification:_identify(src/f1tenth_system) by extension 'python_setup_py'
[1.074s] Level 1:colcon.colcon_core.package_identification:_identify(src/f1tenth_system/ackermann_mux) by extensions ['ignore', 'ignore_ament_install']
[1.075s] Level 1:colcon.colcon_core.package_identification:_identify(src/f1tenth_system/ackermann_mux) by extension 'ignore'
[1.075s] Level 1:colcon.colcon_core.package_identification:_identify(src/f1tenth_system/ackermann_mux) by extension 'ignore_ament_install'
[1.075s] Level 1:colcon.colcon_core.package_identification:_identify(src/f1tenth_system/ackermann_mux) by extensions ['colcon_pkg']
[1.075s] Level 1:colcon.colcon_core.package_identification:_identify(src/f1tenth_system/ackermann_mux) by extension 'colcon_pkg'
[1.076s] Level 1:colcon.colcon_core.package_identification:_identify(src/f1tenth_system/ackermann_mux) by extensions ['colcon_meta']
[1.076s] Level 1:colcon.colcon_core.package_identification:_identify(src/f1tenth_system/ackermann_mux) by extension 'colcon_meta'
[1.076s] Level 1:colcon.colcon_core.package_identification:_identify(src/f1tenth_system/ackermann_mux) by extensions ['ros']
[1.076s] Level 1:colcon.colcon_core.package_identification:_identify(src/f1tenth_system/ackermann_mux) by extension 'ros'
[1.077s] Level 1:colcon.colcon_core.package_identification:_identify(src/f1tenth_system/ackermann_mux) by extensions ['cmake', 'python']
[1.077s] Level 1:colcon.colcon_core.package_identification:_identify(src/f1tenth_system/ackermann_mux) by extension 'cmake'
[1.077s] Level 1:colcon.colcon_core.package_identification:_identify(src/f1tenth_system/ackermann_mux) by extension 'python'
[1.078s] Level 1:colcon.colcon_core.package_identification:_identify(src/f1tenth_system/ackermann_mux) by extensions ['python_setup_py']
[1.078s] Level 1:colcon.colcon_core.package_identification:_identify(src/f1tenth_system/ackermann_mux) by extension 'python_setup_py'
[1.078s] Level 1:colcon.colcon_core.package_identification:_identify(src/f1tenth_system/ackermann_mux/ackermann_mux) by extensions ['ignore', 'ignore_ament_install']
[1.079s] Level 1:colcon.colcon_core.package_identification:_identify(src/f1tenth_system/ackermann_mux/ackermann_mux) by extension 'ignore'
[1.079s] Level 1:colcon.colcon_core.package_identification:_identify(src/f1tenth_system/ackermann_mux/ackermann_mux) by extension 'ignore_ament_install'
[1.079s] Level 1:colcon.colcon_core.package_identification:_identify(src/f1tenth_system/ackermann_mux/ackermann_mux) by extensions ['colcon_pkg']
[1.079s] Level 1:colcon.colcon_core.package_identification:_identify(src/f1tenth_system/ackermann_mux/ackermann_mux) by extension 'colcon_pkg'
[1.080s] Level 1:colcon.colcon_core.package_identification:_identify(src/f1tenth_system/ackermann_mux/ackermann_mux) by extensions ['colcon_meta']
[1.080s] Level 1:colcon.colcon_core.package_identification:_identify(src/f1tenth_system/ackermann_mux/ackermann_mux) by extension 'colcon_meta'
[1.080s] Level 1:colcon.colcon_core.package_identification:_identify(src/f1tenth_system/ackermann_mux/ackermann_mux) by extensions ['ros']
[1.080s] Level 1:colcon.colcon_core.package_identification:_identify(src/f1tenth_system/ackermann_mux/ackermann_mux) by extension 'ros'
[1.110s] DEBUG:colcon.colcon_core.package_identification:Package 'src/f1tenth_system/ackermann_mux/ackermann_mux' with type 'ros.ament_cmake' and name 'ackermann_mux'
[1.110s] Level 1:colcon.colcon_core.package_identification:_identify(src/f1tenth_system/f1tenth_stack) by extensions ['ignore', 'ignore_ament_install']
[1.111s] Level 1:colcon.colcon_core.package_identification:_identify(src/f1tenth_system/f1tenth_stack) by extension 'ignore'
[1.111s] Level 1:colcon.colcon_core.package_identification:_identify(src/f1tenth_system/f1tenth_stack) by extension 'ignore_ament_install'
[1.111s] Level 1:colcon.colcon_core.package_identification:_identify(src/f1tenth_system/f1tenth_stack) by extensions ['colcon_pkg']
[1.112s] Level 1:colcon.colcon_core.package_identification:_identify(src/f1tenth_system/f1tenth_stack) by extension 'colcon_pkg'
[1.112s] Level 1:colcon.colcon_core.package_identification:_identify(src/f1tenth_system/f1tenth_stack) by extensions ['colcon_meta']
[1.112s] Level 1:colcon.colcon_core.package_identification:_identify(src/f1tenth_system/f1tenth_stack) by extension 'colcon_meta'
[1.112s] Level 1:colcon.colcon_core.package_identification:_identify(src/f1tenth_system/f1tenth_stack) by extensions ['ros']
[1.113s] Level 1:colcon.colcon_core.package_identification:_identify(src/f1tenth_system/f1tenth_stack) by extension 'ros'
[1.115s] DEBUG:colcon.colcon_core.package_identification:Package 'src/f1tenth_system/f1tenth_stack' with type 'ros.ament_python' and name 'f1tenth_stack'
[1.116s] Level 1:colcon.colcon_core.package_identification:_identify(src/f1tenth_system/scripts) by extensions ['ignore', 'ignore_ament_install']
[1.116s] Level 1:colcon.colcon_core.package_identification:_identify(src/f1tenth_system/scripts) by extension 'ignore'
[1.116s] Level 1:colcon.colcon_core.package_identification:_identify(src/f1tenth_system/scripts) by extension 'ignore_ament_install'
[1.117s] Level 1:colcon.colcon_core.package_identification:_identify(src/f1tenth_system/scripts) by extensions ['colcon_pkg']
[1.117s] Level 1:colcon.colcon_core.package_identification:_identify(src/f1tenth_system/scripts) by extension 'colcon_pkg'
[1.117s] Level 1:colcon.colcon_core.package_identification:_identify(src/f1tenth_system/scripts) by extensions ['colcon_meta']
[1.117s] Level 1:colcon.colcon_core.package_identification:_identify(src/f1tenth_system/scripts) by extension 'colcon_meta'
[1.118s] Level 1:colcon.colcon_core.package_identification:_identify(src/f1tenth_system/scripts) by extensions ['ros']
[1.118s] Level 1:colcon.colcon_core.package_identification:_identify(src/f1tenth_system/scripts) by extension 'ros'
[1.118s] Level 1:colcon.colcon_core.package_identification:_identify(src/f1tenth_system/scripts) by extensions ['cmake', 'python']
[1.118s] Level 1:colcon.colcon_core.package_identification:_identify(src/f1tenth_system/scripts) by extension 'cmake'
[1.119s] Level 1:colcon.colcon_core.package_identification:_identify(src/f1tenth_system/scripts) by extension 'python'
[1.119s] Level 1:colcon.colcon_core.package_identification:_identify(src/f1tenth_system/scripts) by extensions ['python_setup_py']
[1.119s] Level 1:colcon.colcon_core.package_identification:_identify(src/f1tenth_system/scripts) by extension 'python_setup_py'
[1.120s] Level 1:colcon.colcon_core.package_identification:_identify(src/f1tenth_system/teleop_tools) by extensions ['ignore', 'ignore_ament_install']
[1.120s] Level 1:colcon.colcon_core.package_identification:_identify(src/f1tenth_system/teleop_tools) by extension 'ignore'
[1.120s] Level 1:colcon.colcon_core.package_identification:_identify(src/f1tenth_system/teleop_tools) by extension 'ignore_ament_install'
[1.121s] Level 1:colcon.colcon_core.package_identification:_identify(src/f1tenth_system/teleop_tools) by extensions ['colcon_pkg']
[1.121s] Level 1:colcon.colcon_core.package_identification:_identify(src/f1tenth_system/teleop_tools) by extension 'colcon_pkg'
[1.121s] Level 1:colcon.colcon_core.package_identification:_identify(src/f1tenth_system/teleop_tools) by extensions ['colcon_meta']
[1.121s] Level 1:colcon.colcon_core.package_identification:_identify(src/f1tenth_system/teleop_tools) by extension 'colcon_meta'
[1.121s] Level 1:colcon.colcon_core.package_identification:_identify(src/f1tenth_system/teleop_tools) by extensions ['ros']
[1.122s] Level 1:colcon.colcon_core.package_identification:_identify(src/f1tenth_system/teleop_tools) by extension 'ros'
[1.122s] Level 1:colcon.colcon_core.package_identification:_identify(src/f1tenth_system/teleop_tools) by extensions ['cmake', 'python']
[1.122s] Level 1:colcon.colcon_core.package_identification:_identify(src/f1tenth_system/teleop_tools) by extension 'cmake'
[1.123s] Level 1:colcon.colcon_core.package_identification:_identify(src/f1tenth_system/teleop_tools) by extension 'python'
[1.123s] Level 1:colcon.colcon_core.package_identification:_identify(src/f1tenth_system/teleop_tools) by extensions ['python_setup_py']
[1.123s] Level 1:colcon.colcon_core.package_identification:_identify(src/f1tenth_system/teleop_tools) by extension 'python_setup_py'
[1.124s] Level 1:colcon.colcon_core.package_identification:_identify(src/f1tenth_system/transport_drivers) by extensions ['ignore', 'ignore_ament_install']
[1.124s] Level 1:colcon.colcon_core.package_identification:_identify(src/f1tenth_system/transport_drivers) by extension 'ignore'
[1.124s] Level 1:colcon.colcon_core.package_identification:_identify(src/f1tenth_system/transport_drivers) by extension 'ignore_ament_install'
[1.124s] Level 1:colcon.colcon_core.package_identification:_identify(src/f1tenth_system/transport_drivers) by extensions ['colcon_pkg']
[1.125s] Level 1:colcon.colcon_core.package_identification:_identify(src/f1tenth_system/transport_drivers) by extension 'colcon_pkg'
[1.125s] Level 1:colcon.colcon_core.package_identification:_identify(src/f1tenth_system/transport_drivers) by extensions ['colcon_meta']
[1.125s] Level 1:colcon.colcon_core.package_identification:_identify(src/f1tenth_system/transport_drivers) by extension 'colcon_meta'
[1.125s] Level 1:colcon.colcon_core.package_identification:_identify(src/f1tenth_system/transport_drivers) by extensions ['ros']
[1.126s] Level 1:colcon.colcon_core.package_identification:_identify(src/f1tenth_system/transport_drivers) by extension 'ros'
[1.126s] Level 1:colcon.colcon_core.package_identification:_identify(src/f1tenth_system/transport_drivers) by extensions ['cmake', 'python']
[1.126s] Level 1:colcon.colcon_core.package_identification:_identify(src/f1tenth_system/transport_drivers) by extension 'cmake'
[1.126s] Level 1:colcon.colcon_core.package_identification:_identify(src/f1tenth_system/transport_drivers) by extension 'python'
[1.127s] Level 1:colcon.colcon_core.package_identification:_identify(src/f1tenth_system/transport_drivers) by extensions ['python_setup_py']
[1.127s] Level 1:colcon.colcon_core.package_identification:_identify(src/f1tenth_system/transport_drivers) by extension 'python_setup_py'
[1.127s] Level 1:colcon.colcon_core.package_identification:_identify(src/f1tenth_system/transport_drivers/asio_cmake_module) by extensions ['ignore', 'ignore_ament_install']
[1.128s] Level 1:colcon.colcon_core.package_identification:_identify(src/f1tenth_system/transport_drivers/asio_cmake_module) by extension 'ignore'
[1.128s] Level 1:colcon.colcon_core.package_identification:_identify(src/f1tenth_system/transport_drivers/asio_cmake_module) by extension 'ignore_ament_install'
[1.128s] Level 1:colcon.colcon_core.package_identification:_identify(src/f1tenth_system/transport_drivers/asio_cmake_module) by extensions ['colcon_pkg']
[1.128s] Level 1:colcon.colcon_core.package_identification:_identify(src/f1tenth_system/transport_drivers/asio_cmake_module) by extension 'colcon_pkg'
[1.129s] Level 1:colcon.colcon_core.package_identification:_identify(src/f1tenth_system/transport_drivers/asio_cmake_module) by extensions ['colcon_meta']
[1.129s] Level 1:colcon.colcon_core.package_identification:_identify(src/f1tenth_system/transport_drivers/asio_cmake_module) by extension 'colcon_meta'
[1.129s] Level 1:colcon.colcon_core.package_identification:_identify(src/f1tenth_system/transport_drivers/asio_cmake_module) by extensions ['ros']
[1.129s] Level 1:colcon.colcon_core.package_identification:_identify(src/f1tenth_system/transport_drivers/asio_cmake_module) by extension 'ros'
[1.131s] DEBUG:colcon.colcon_core.package_identification:Package 'src/f1tenth_system/transport_drivers/asio_cmake_module' with type 'ros.ament_cmake' and name 'asio_cmake_module'
[1.131s] Level 1:colcon.colcon_core.package_identification:_identify(src/f1tenth_system/transport_drivers/io_context) by extensions ['ignore', 'ignore_ament_install']
[1.132s] Level 1:colcon.colcon_core.package_identification:_identify(src/f1tenth_system/transport_drivers/io_context) by extension 'ignore'
[1.132s] Level 1:colcon.colcon_core.package_identification:_identify(src/f1tenth_system/transport_drivers/io_context) by extension 'ignore_ament_install'
[1.132s] Level 1:colcon.colcon_core.package_identification:_identify(src/f1tenth_system/transport_drivers/io_context) by extensions ['colcon_pkg']
[1.132s] Level 1:colcon.colcon_core.package_identification:_identify(src/f1tenth_system/transport_drivers/io_context) by extension 'colcon_pkg'
[1.133s] Level 1:colcon.colcon_core.package_identification:_identify(src/f1tenth_system/transport_drivers/io_context) by extensions ['colcon_meta']
[1.133s] Level 1:colcon.colcon_core.package_identification:_identify(src/f1tenth_system/transport_drivers/io_context) by extension 'colcon_meta'
[1.133s] Level 1:colcon.colcon_core.package_identification:_identify(src/f1tenth_system/transport_drivers/io_context) by extensions ['ros']
[1.133s] Level 1:colcon.colcon_core.package_identification:_identify(src/f1tenth_system/transport_drivers/io_context) by extension 'ros'
[1.135s] DEBUG:colcon.colcon_core.package_identification:Package 'src/f1tenth_system/transport_drivers/io_context' with type 'ros.ament_cmake' and name 'io_context'
[1.136s] Level 1:colcon.colcon_core.package_identification:_identify(src/f1tenth_system/transport_drivers/serial_driver) by extensions ['ignore', 'ignore_ament_install']
[1.136s] Level 1:colcon.colcon_core.package_identification:_identify(src/f1tenth_system/transport_drivers/serial_driver) by extension 'ignore'
[1.136s] Level 1:colcon.colcon_core.package_identification:_identify(src/f1tenth_system/transport_drivers/serial_driver) by extension 'ignore_ament_install'
[1.137s] Level 1:colcon.colcon_core.package_identification:_identify(src/f1tenth_system/transport_drivers/serial_driver) by extensions ['colcon_pkg']
[1.137s] Level 1:colcon.colcon_core.package_identification:_identify(src/f1tenth_system/transport_drivers/serial_driver) by extension 'colcon_pkg'
[1.137s] Level 1:colcon.colcon_core.package_identification:_identify(src/f1tenth_system/transport_drivers/serial_driver) by extensions ['colcon_meta']
[1.137s] Level 1:colcon.colcon_core.package_identification:_identify(src/f1tenth_system/transport_drivers/serial_driver) by extension 'colcon_meta'
[1.138s] Level 1:colcon.colcon_core.package_identification:_identify(src/f1tenth_system/transport_drivers/serial_driver) by extensions ['ros']
[1.138s] Level 1:colcon.colcon_core.package_identification:_identify(src/f1tenth_system/transport_drivers/serial_driver) by extension 'ros'
[1.140s] DEBUG:colcon.colcon_core.package_identification:Package 'src/f1tenth_system/transport_drivers/serial_driver' with type 'ros.ament_cmake' and name 'serial_driver'
[1.141s] Level 1:colcon.colcon_core.package_identification:_identify(src/f1tenth_system/transport_drivers/udp_driver) by extensions ['ignore', 'ignore_ament_install']
[1.141s] Level 1:colcon.colcon_core.package_identification:_identify(src/f1tenth_system/transport_drivers/udp_driver) by extension 'ignore'
[1.142s] Level 1:colcon.colcon_core.package_identification:_identify(src/f1tenth_system/transport_drivers/udp_driver) by extension 'ignore_ament_install'
[1.142s] Level 1:colcon.colcon_core.package_identification:_identify(src/f1tenth_system/transport_drivers/udp_driver) by extensions ['colcon_pkg']
[1.142s] Level 1:colcon.colcon_core.package_identification:_identify(src/f1tenth_system/transport_drivers/udp_driver) by extension 'colcon_pkg'
[1.143s] Level 1:colcon.colcon_core.package_identification:_identify(src/f1tenth_system/transport_drivers/udp_driver) by extensions ['colcon_meta']
[1.143s] Level 1:colcon.colcon_core.package_identification:_identify(src/f1tenth_system/transport_drivers/udp_driver) by extension 'colcon_meta'
[1.143s] Level 1:colcon.colcon_core.package_identification:_identify(src/f1tenth_system/transport_drivers/udp_driver) by extensions ['ros']
[1.144s] Level 1:colcon.colcon_core.package_identification:_identify(src/f1tenth_system/transport_drivers/udp_driver) by extension 'ros'
[1.146s] DEBUG:colcon.colcon_core.package_identification:Package 'src/f1tenth_system/transport_drivers/udp_driver' with type 'ros.ament_cmake' and name 'udp_driver'
[1.147s] Level 1:colcon.colcon_core.package_identification:_identify(src/f1tenth_system/vesc) by extensions ['ignore', 'ignore_ament_install']
[1.147s] Level 1:colcon.colcon_core.package_identification:_identify(src/f1tenth_system/vesc) by extension 'ignore'
[1.147s] Level 1:colcon.colcon_core.package_identification:_identify(src/f1tenth_system/vesc) by extension 'ignore_ament_install'
[1.148s] Level 1:colcon.colcon_core.package_identification:_identify(src/f1tenth_system/vesc) by extensions ['colcon_pkg']
[1.148s] Level 1:colcon.colcon_core.package_identification:_identify(src/f1tenth_system/vesc) by extension 'colcon_pkg'
[1.148s] Level 1:colcon.colcon_core.package_identification:_identify(src/f1tenth_system/vesc) by extensions ['colcon_meta']
[1.148s] Level 1:colcon.colcon_core.package_identification:_identify(src/f1tenth_system/vesc) by extension 'colcon_meta'
[1.149s] Level 1:colcon.colcon_core.package_identification:_identify(src/f1tenth_system/vesc) by extensions ['ros']
[1.149s] Level 1:colcon.colcon_core.package_identification:_identify(src/f1tenth_system/vesc) by extension 'ros'
[1.149s] Level 1:colcon.colcon_core.package_identification:_identify(src/f1tenth_system/vesc) by extensions ['cmake', 'python']
[1.149s] Level 1:colcon.colcon_core.package_identification:_identify(src/f1tenth_system/vesc) by extension 'cmake'
[1.150s] Level 1:colcon.colcon_core.package_identification:_identify(src/f1tenth_system/vesc) by extension 'python'
[1.150s] Level 1:colcon.colcon_core.package_identification:_identify(src/f1tenth_system/vesc) by extensions ['python_setup_py']
[1.150s] Level 1:colcon.colcon_core.package_identification:_identify(src/f1tenth_system/vesc) by extension 'python_setup_py'
[1.151s] Level 1:colcon.colcon_core.package_identification:_identify(src/f1tenth_system/vesc/vesc) by extensions ['ignore', 'ignore_ament_install']
[1.151s] Level 1:colcon.colcon_core.package_identification:_identify(src/f1tenth_system/vesc/vesc) by extension 'ignore'
[1.151s] Level 1:colcon.colcon_core.package_identification:_identify(src/f1tenth_system/vesc/vesc) by extension 'ignore_ament_install'
[1.151s] Level 1:colcon.colcon_core.package_identification:_identify(src/f1tenth_system/vesc/vesc) by extensions ['colcon_pkg']
[1.152s] Level 1:colcon.colcon_core.package_identification:_identify(src/f1tenth_system/vesc/vesc) by extension 'colcon_pkg'
[1.152s] Level 1:colcon.colcon_core.package_identification:_identify(src/f1tenth_system/vesc/vesc) by extensions ['colcon_meta']
[1.152s] Level 1:colcon.colcon_core.package_identification:_identify(src/f1tenth_system/vesc/vesc) by extension 'colcon_meta'
[1.152s] Level 1:colcon.colcon_core.package_identification:_identify(src/f1tenth_system/vesc/vesc) by extensions ['ros']
[1.153s] Level 1:colcon.colcon_core.package_identification:_identify(src/f1tenth_system/vesc/vesc) by extension 'ros'
[1.153s] Level 1:colcon.colcon_core.package_identification:_identify(src/f1tenth_system/vesc/vesc) by extensions ['cmake', 'python']
[1.153s] Level 1:colcon.colcon_core.package_identification:_identify(src/f1tenth_system/vesc/vesc) by extension 'cmake'
[1.153s] Level 1:colcon.colcon_core.package_identification:_identify(src/f1tenth_system/vesc/vesc) by extension 'python'
[1.154s] Level 1:colcon.colcon_core.package_identification:_identify(src/f1tenth_system/vesc/vesc) by extensions ['python_setup_py']
[1.154s] Level 1:colcon.colcon_core.package_identification:_identify(src/f1tenth_system/vesc/vesc) by extension 'python_setup_py'
[1.154s] Level 1:colcon.colcon_core.package_identification:_identify(src/f1tenth_system/vesc/vesc/vesc) by extensions ['ignore', 'ignore_ament_install']
[1.155s] Level 1:colcon.colcon_core.package_identification:_identify(src/f1tenth_system/vesc/vesc/vesc) by extension 'ignore'
[1.155s] Level 1:colcon.colcon_core.package_identification:_identify(src/f1tenth_system/vesc/vesc/vesc) by extension 'ignore_ament_install'
[1.155s] Level 1:colcon.colcon_core.package_identification:_identify(src/f1tenth_system/vesc/vesc/vesc) by extensions ['colcon_pkg']
[1.155s] Level 1:colcon.colcon_core.package_identification:_identify(src/f1tenth_system/vesc/vesc/vesc) by extension 'colcon_pkg'
[1.156s] Level 1:colcon.colcon_core.package_identification:_identify(src/f1tenth_system/vesc/vesc/vesc) by extensions ['colcon_meta']
[1.156s] Level 1:colcon.colcon_core.package_identification:_identify(src/f1tenth_system/vesc/vesc/vesc) by extension 'colcon_meta'
[1.156s] Level 1:colcon.colcon_core.package_identification:_identify(src/f1tenth_system/vesc/vesc/vesc) by extensions ['ros']
[1.156s] Level 1:colcon.colcon_core.package_identification:_identify(src/f1tenth_system/vesc/vesc/vesc) by extension 'ros'
[1.158s] DEBUG:colcon.colcon_core.package_identification:Package 'src/f1tenth_system/vesc/vesc/vesc' with type 'ros.ament_cmake' and name 'vesc'
[1.159s] Level 1:colcon.colcon_core.package_identification:_identify(src/f1tenth_system/vesc/vesc/vesc_ackermann) by extensions ['ignore', 'ignore_ament_install']
[1.159s] Level 1:colcon.colcon_core.package_identification:_identify(src/f1tenth_system/vesc/vesc/vesc_ackermann) by extension 'ignore'
[1.159s] Level 1:colcon.colcon_core.package_identification:_identify(src/f1tenth_system/vesc/vesc/vesc_ackermann) by extension 'ignore_ament_install'
[1.160s] Level 1:colcon.colcon_core.package_identification:_identify(src/f1tenth_system/vesc/vesc/vesc_ackermann) by extensions ['colcon_pkg']
[1.160s] Level 1:colcon.colcon_core.package_identification:_identify(src/f1tenth_system/vesc/vesc/vesc_ackermann) by extension 'colcon_pkg'
[1.160s] Level 1:colcon.colcon_core.package_identification:_identify(src/f1tenth_system/vesc/vesc/vesc_ackermann) by extensions ['colcon_meta']
[1.160s] Level 1:colcon.colcon_core.package_identification:_identify(src/f1tenth_system/vesc/vesc/vesc_ackermann) by extension 'colcon_meta'
[1.161s] Level 1:colcon.colcon_core.package_identification:_identify(src/f1tenth_system/vesc/vesc/vesc_ackermann) by extensions ['ros']
[1.161s] Level 1:colcon.colcon_core.package_identification:_identify(src/f1tenth_system/vesc/vesc/vesc_ackermann) by extension 'ros'
[1.164s] DEBUG:colcon.colcon_core.package_identification:Package 'src/f1tenth_system/vesc/vesc/vesc_ackermann' with type 'ros.ament_cmake' and name 'vesc_ackermann'
[1.164s] Level 1:colcon.colcon_core.package_identification:_identify(src/f1tenth_system/vesc/vesc/vesc_driver) by extensions ['ignore', 'ignore_ament_install']
[1.164s] Level 1:colcon.colcon_core.package_identification:_identify(src/f1tenth_system/vesc/vesc/vesc_driver) by extension 'ignore'
[1.165s] Level 1:colcon.colcon_core.package_identification:_identify(src/f1tenth_system/vesc/vesc/vesc_driver) by extension 'ignore_ament_install'
[1.165s] Level 1:colcon.colcon_core.package_identification:_identify(src/f1tenth_system/vesc/vesc/vesc_driver) by extensions ['colcon_pkg']
[1.165s] Level 1:colcon.colcon_core.package_identification:_identify(src/f1tenth_system/vesc/vesc/vesc_driver) by extension 'colcon_pkg'
[1.166s] Level 1:colcon.colcon_core.package_identification:_identify(src/f1tenth_system/vesc/vesc/vesc_driver) by extensions ['colcon_meta']
[1.166s] Level 1:colcon.colcon_core.package_identification:_identify(src/f1tenth_system/vesc/vesc/vesc_driver) by extension 'colcon_meta'
[1.166s] Level 1:colcon.colcon_core.package_identification:_identify(src/f1tenth_system/vesc/vesc/vesc_driver) by extensions ['ros']
[1.166s] Level 1:colcon.colcon_core.package_identification:_identify(src/f1tenth_system/vesc/vesc/vesc_driver) by extension 'ros'
[1.169s] DEBUG:colcon.colcon_core.package_identification:Package 'src/f1tenth_system/vesc/vesc/vesc_driver' with type 'ros.ament_cmake' and name 'vesc_driver'
[1.169s] Level 1:colcon.colcon_core.package_identification:_identify(src/f1tenth_system/vesc/vesc/vesc_msgs) by extensions ['ignore', 'ignore_ament_install']
[1.170s] Level 1:colcon.colcon_core.package_identification:_identify(src/f1tenth_system/vesc/vesc/vesc_msgs) by extension 'ignore'
[1.170s] Level 1:colcon.colcon_core.package_identification:_identify(src/f1tenth_system/vesc/vesc/vesc_msgs) by extension 'ignore_ament_install'
[1.170s] Level 1:colcon.colcon_core.package_identification:_identify(src/f1tenth_system/vesc/vesc/vesc_msgs) by extensions ['colcon_pkg']
[1.170s] Level 1:colcon.colcon_core.package_identification:_identify(src/f1tenth_system/vesc/vesc/vesc_msgs) by extension 'colcon_pkg'
[1.171s] Level 1:colcon.colcon_core.package_identification:_identify(src/f1tenth_system/vesc/vesc/vesc_msgs) by extensions ['colcon_meta']
[1.171s] Level 1:colcon.colcon_core.package_identification:_identify(src/f1tenth_system/vesc/vesc/vesc_msgs) by extension 'colcon_meta'
[1.171s] Level 1:colcon.colcon_core.package_identification:_identify(src/f1tenth_system/vesc/vesc/vesc_msgs) by extensions ['ros']
[1.171s] Level 1:colcon.colcon_core.package_identification:_identify(src/f1tenth_system/vesc/vesc/vesc_msgs) by extension 'ros'
[1.174s] DEBUG:colcon.colcon_core.package_identification:Package 'src/f1tenth_system/vesc/vesc/vesc_msgs' with type 'ros.ament_cmake' and name 'vesc_msgs'
[1.174s] Level 1:colcon.colcon_core.package_identification:_identify(src/mpc_python) by extensions ['ignore', 'ignore_ament_install']
[1.174s] Level 1:colcon.colcon_core.package_identification:_identify(src/mpc_python) by extension 'ignore'
[1.175s] Level 1:colcon.colcon_core.package_identification:_identify(src/mpc_python) by extension 'ignore_ament_install'
[1.175s] Level 1:colcon.colcon_core.package_identification:_identify(src/mpc_python) by extensions ['colcon_pkg']
[1.175s] Level 1:colcon.colcon_core.package_identification:_identify(src/mpc_python) by extension 'colcon_pkg'
[1.176s] Level 1:colcon.colcon_core.package_identification:_identify(src/mpc_python) by extensions ['colcon_meta']
[1.176s] Level 1:colcon.colcon_core.package_identification:_identify(src/mpc_python) by extension 'colcon_meta'
[1.176s] Level 1:colcon.colcon_core.package_identification:_identify(src/mpc_python) by extensions ['ros']
[1.177s] Level 1:colcon.colcon_core.package_identification:_identify(src/mpc_python) by extension 'ros'
[1.179s] DEBUG:colcon.colcon_core.package_identification:Package 'src/mpc_python' with type 'ros.ament_python' and name 'mpc_python'
[1.179s] Level 1:colcon.colcon_core.package_identification:_identify(src/obstacle_publisher) by extensions ['ignore', 'ignore_ament_install']
[1.179s] Level 1:colcon.colcon_core.package_identification:_identify(src/obstacle_publisher) by extension 'ignore'
[1.180s] Level 1:colcon.colcon_core.package_identification:_identify(src/obstacle_publisher) by extension 'ignore_ament_install'
[1.180s] Level 1:colcon.colcon_core.package_identification:_identify(src/obstacle_publisher) by extensions ['colcon_pkg']
[1.180s] Level 1:colcon.colcon_core.package_identification:_identify(src/obstacle_publisher) by extension 'colcon_pkg'
[1.180s] Level 1:colcon.colcon_core.package_identification:_identify(src/obstacle_publisher) by extensions ['colcon_meta']
[1.181s] Level 1:colcon.colcon_core.package_identification:_identify(src/obstacle_publisher) by extension 'colcon_meta'
[1.181s] Level 1:colcon.colcon_core.package_identification:_identify(src/obstacle_publisher) by extensions ['ros']
[1.181s] Level 1:colcon.colcon_core.package_identification:_identify(src/obstacle_publisher) by extension 'ros'
[1.183s] DEBUG:colcon.colcon_core.package_identification:Package 'src/obstacle_publisher' with type 'ros.ament_cmake' and name 'obstacle_publisher'
[1.184s] Level 1:colcon.colcon_core.package_identification:_identify(src/pickup_description) by extensions ['ignore', 'ignore_ament_install']
[1.184s] Level 1:colcon.colcon_core.package_identification:_identify(src/pickup_description) by extension 'ignore'
[1.184s] Level 1:colcon.colcon_core.package_identification:_identify(src/pickup_description) by extension 'ignore_ament_install'
[1.185s] Level 1:colcon.colcon_core.package_identification:_identify(src/pickup_description) by extensions ['colcon_pkg']
[1.185s] Level 1:colcon.colcon_core.package_identification:_identify(src/pickup_description) by extension 'colcon_pkg'
[1.185s] Level 1:colcon.colcon_core.package_identification:_identify(src/pickup_description) by extensions ['colcon_meta']
[1.185s] Level 1:colcon.colcon_core.package_identification:_identify(src/pickup_description) by extension 'colcon_meta'
[1.186s] Level 1:colcon.colcon_core.package_identification:_identify(src/pickup_description) by extensions ['ros']
[1.186s] Level 1:colcon.colcon_core.package_identification:_identify(src/pickup_description) by extension 'ros'
[1.188s] DEBUG:colcon.colcon_core.package_identification:Package 'src/pickup_description' with type 'ros.ament_python' and name 'pickup_description'
[1.188s] Level 1:colcon.colcon_core.package_identification:_identify(src/spline_visualizer) by extensions ['ignore', 'ignore_ament_install']
[1.189s] Level 1:colcon.colcon_core.package_identification:_identify(src/spline_visualizer) by extension 'ignore'
[1.189s] Level 1:colcon.colcon_core.package_identification:_identify(src/spline_visualizer) by extension 'ignore_ament_install'
[1.189s] Level 1:colcon.colcon_core.package_identification:_identify(src/spline_visualizer) by extensions ['colcon_pkg']
[1.189s] Level 1:colcon.colcon_core.package_identification:_identify(src/spline_visualizer) by extension 'colcon_pkg'
[1.190s] Level 1:colcon.colcon_core.package_identification:_identify(src/spline_visualizer) by extensions ['colcon_meta']
[1.190s] Level 1:colcon.colcon_core.package_identification:_identify(src/spline_visualizer) by extension 'colcon_meta'
[1.190s] Level 1:colcon.colcon_core.package_identification:_identify(src/spline_visualizer) by extensions ['ros']
[1.190s] Level 1:colcon.colcon_core.package_identification:_identify(src/spline_visualizer) by extension 'ros'
[1.192s] DEBUG:colcon.colcon_core.package_identification:Package 'src/spline_visualizer' with type 'ros.ament_cmake' and name 'spline_visualizer'
[1.193s] Level 1:colcon.colcon_core.package_identification:_identify(view_frames) by extensions ['ignore', 'ignore_ament_install']
[1.193s] Level 1:colcon.colcon_core.package_identification:_identify(view_frames) by extension 'ignore'
[1.193s] Level 1:colcon.colcon_core.package_identification:_identify(view_frames) by extension 'ignore_ament_install'
[1.194s] Level 1:colcon.colcon_core.package_identification:_identify(view_frames) by extensions ['colcon_pkg']
[1.194s] Level 1:colcon.colcon_core.package_identification:_identify(view_frames) by extension 'colcon_pkg'
[1.194s] Level 1:colcon.colcon_core.package_identification:_identify(view_frames) by extensions ['colcon_meta']
[1.195s] Level 1:colcon.colcon_core.package_identification:_identify(view_frames) by extension 'colcon_meta'
[1.195s] Level 1:colcon.colcon_core.package_identification:_identify(view_frames) by extensions ['ros']
[1.195s] Level 1:colcon.colcon_core.package_identification:_identify(view_frames) by extension 'ros'
[1.195s] Level 1:colcon.colcon_core.package_identification:_identify(view_frames) by extensions ['cmake', 'python']
[1.196s] Level 1:colcon.colcon_core.package_identification:_identify(view_frames) by extension 'cmake'
[1.196s] Level 1:colcon.colcon_core.package_identification:_identify(view_frames) by extension 'python'
[1.196s] Level 1:colcon.colcon_core.package_identification:_identify(view_frames) by extensions ['python_setup_py']
[1.197s] Level 1:colcon.colcon_core.package_identification:_identify(view_frames) by extension 'python_setup_py'
[1.197s] Level 1:colcon.colcon_core.package_discovery:discover_packages(recursive) using defaults
[1.197s] Level 1:colcon.colcon_core.package_discovery:discover_packages(ignore) discover
[1.197s] Level 1:colcon.colcon_core.package_discovery:discover_packages(ignore) using defaults
[1.198s] Level 1:colcon.colcon_core.package_discovery:discover_packages(path) discover
[1.198s] Level 1:colcon.colcon_core.package_discovery:discover_packages(path) using defaults
[1.251s] INFO:colcon.colcon_core.package_selection:Skipping not selected package 'ackermann_mux' in 'src/f1tenth_system/ackermann_mux/ackermann_mux'
[1.252s] INFO:colcon.colcon_core.package_selection:Skipping not selected package 'asio_cmake_module' in 'src/f1tenth_system/transport_drivers/asio_cmake_module'
[1.252s] INFO:colcon.colcon_core.package_selection:Skipping not selected package 'lbfgspp' in 'src/LBFGSpp'
[1.252s] INFO:colcon.colcon_core.package_selection:Skipping not selected package 'mpc_python' in 'src/mpc_python'
[1.252s] INFO:colcon.colcon_core.package_selection:Skipping not selected package 'obstacle_publisher' in 'src/obstacle_publisher'
[1.252s] INFO:colcon.colcon_core.package_selection:Skipping not selected package 'osqp' in 'osqp'
[1.253s] INFO:colcon.colcon_core.package_selection:Skipping not selected package 'pickup_description' in 'src/pickup_description'
[1.253s] INFO:colcon.colcon_core.package_selection:Skipping not selected package 'spline_visualizer' in 'src/spline_visualizer'
[1.253s] INFO:colcon.colcon_core.package_selection:Skipping not selected package 'vesc_msgs' in 'src/f1tenth_system/vesc/vesc/vesc_msgs'
[1.253s] INFO:colcon.colcon_core.package_selection:Skipping not selected package 'io_context' in 'src/f1tenth_system/transport_drivers/io_context'
[1.253s] INFO:colcon.colcon_core.package_selection:Skipping not selected package 'osqp-eigen' in 'src/OsqpEigen'
[1.254s] INFO:colcon.colcon_core.package_selection:Skipping not selected package 'vesc_ackermann' in 'src/f1tenth_system/vesc/vesc/vesc_ackermann'
[1.254s] INFO:colcon.colcon_core.package_selection:Skipping not selected package 'serial_driver' in 'src/f1tenth_system/transport_drivers/serial_driver'
[1.254s] INFO:colcon.colcon_core.package_selection:Skipping not selected package 'udp_driver' in 'src/f1tenth_system/transport_drivers/udp_driver'
[1.254s] INFO:colcon.colcon_core.package_selection:Skipping not selected package 'vesc_driver' in 'src/f1tenth_system/vesc/vesc/vesc_driver'
[1.254s] INFO:colcon.colcon_core.package_selection:Skipping not selected package 'vesc' in 'src/f1tenth_system/vesc/vesc/vesc'
[1.255s] INFO:colcon.colcon_core.package_selection:Skipping not selected package 'f1tenth_stack' in 'src/f1tenth_system/f1tenth_stack'
[1.256s] Level 1:colcon.colcon_core.package_discovery:discover_packages(prefix_path) check parameters
[1.256s] Level 1:colcon.colcon_core.package_discovery:discover_packages(prefix_path) discover
[1.262s] DEBUG:colcon.colcon_installed_package_information.package_discovery:Found 18 installed packages in /home/jetson/f1tenth/install
[1.266s] DEBUG:colcon.colcon_installed_package_information.package_discovery:Found 334 installed packages in /opt/ros/humble
[1.269s] Level 1:colcon.colcon_core.package_discovery:discover_packages(prefix_path) using defaults
[1.370s] Level 5:colcon.colcon_core.verb:set package 'dwa_follower' build argument 'cmake_args' from command line to 'None'
[1.370s] Level 5:colcon.colcon_core.verb:set package 'dwa_follower' build argument 'cmake_target' from command line to 'None'
[1.370s] Level 5:colcon.colcon_core.verb:set package 'dwa_follower' build argument 'cmake_target_skip_unavailable' from command line to 'False'
[1.371s] Level 5:colcon.colcon_core.verb:set package 'dwa_follower' build argument 'cmake_clean_cache' from command line to 'False'
[1.371s] Level 5:colcon.colcon_core.verb:set package 'dwa_follower' build argument 'cmake_clean_first' from command line to 'False'
[1.371s] Level 5:colcon.colcon_core.verb:set package 'dwa_follower' build argument 'cmake_force_configure' from command line to 'False'
[1.371s] Level 5:colcon.colcon_core.verb:set package 'dwa_follower' build argument 'ament_cmake_args' from command line to 'None'
[1.372s] Level 5:colcon.colcon_core.verb:set package 'dwa_follower' build argument 'catkin_cmake_args' from command line to 'None'
[1.372s] Level 5:colcon.colcon_core.verb:set package 'dwa_follower' build argument 'catkin_skip_building_tests' from command line to 'False'
[1.372s] DEBUG:colcon.colcon_core.verb:Building package 'dwa_follower' with the following arguments: {'ament_cmake_args': None, 'build_base': '/home/jetson/f1tenth/build/dwa_follower', 'catkin_cmake_args': None, 'catkin_skip_building_tests': False, 'cmake_args': None, 'cmake_clean_cache': False, 'cmake_clean_first': False, 'cmake_force_configure': False, 'cmake_target': None, 'cmake_target_skip_unavailable': False, 'install_base': '/home/jetson/f1tenth/install/dwa_follower', 'merge_install': False, 'path': '/home/jetson/f1tenth/src/dwa_follower', 'symlink_install': False, 'test_result_base': None}
[1.373s] INFO:colcon.colcon_core.executor:Executing jobs using 'parallel' executor
[1.376s] DEBUG:colcon.colcon_parallel_executor.executor.parallel:run_until_complete
[1.377s] INFO:colcon.colcon_ros.task.ament_cmake.build:Building ROS package in '/home/jetson/f1tenth/src/dwa_follower' with build type 'ament_cmake'
[1.377s] INFO:colcon.colcon_cmake.task.cmake.build:Building CMake package in '/home/jetson/f1tenth/src/dwa_follower'
[1.385s] INFO:colcon.colcon_core.plugin_system:Skipping extension 'colcon_core.shell.bat': Not used on non-Windows systems
[1.386s] INFO:colcon.colcon_core.shell:Skip shell extension 'powershell' for command environment: Not usable outside of PowerShell
[1.386s] DEBUG:colcon.colcon_core.shell:Skip shell extension 'dsv' for command environment
[1.413s] DEBUG:colcon.colcon_core.event_handler.log_command:Invoking command in '/home/jetson/f1tenth/build/dwa_follower': CMAKE_PREFIX_PATH=${CMAKE_PREFIX_PATH}:/home/jetson/f1tenth/install/f1tenth_stack:/home/jetson/f1tenth/install/pickup_description:/home/jetson/f1tenth/install/mpc_python:/opt/ros/humble /usr/bin/cmake --build /home/jetson/f1tenth/build/dwa_follower -- -j6 -l6
[51.273s] DEBUG:colcon.colcon_core.event_handler.log_command:Invoked command in '/home/jetson/f1tenth/build/dwa_follower' returned '0': CMAKE_PREFIX_PATH=${CMAKE_PREFIX_PATH}:/home/jetson/f1tenth/install/f1tenth_stack:/home/jetson/f1tenth/install/pickup_description:/home/jetson/f1tenth/install/mpc_python:/opt/ros/humble /usr/bin/cmake --build /home/jetson/f1tenth/build/dwa_follower -- -j6 -l6
[51.298s] DEBUG:colcon.colcon_core.event_handler.log_command:Invoking command in '/home/jetson/f1tenth/build/dwa_follower': CMAKE_PREFIX_PATH=${CMAKE_PREFIX_PATH}:/home/jetson/f1tenth/install/f1tenth_stack:/home/jetson/f1tenth/install/pickup_description:/home/jetson/f1tenth/install/mpc_python:/opt/ros/humble /usr/bin/cmake --install /home/jetson/f1tenth/build/dwa_follower
[51.368s] Level 1:colcon.colcon_core.environment:create_environment_scripts_only(dwa_follower)
[51.372s] DEBUG:colcon.colcon_core.event_handler.log_command:Invoked command in '/home/jetson/f1tenth/build/dwa_follower' returned '0': CMAKE_PREFIX_PATH=${CMAKE_PREFIX_PATH}:/home/jetson/f1tenth/install/f1tenth_stack:/home/jetson/f1tenth/install/pickup_description:/home/jetson/f1tenth/install/mpc_python:/opt/ros/humble /usr/bin/cmake --install /home/jetson/f1tenth/build/dwa_follower
[51.377s] Level 1:colcon.colcon_core.environment:checking '/home/jetson/f1tenth/install/dwa_follower' for CMake module files
[51.385s] Level 1:colcon.colcon_core.environment:checking '/home/jetson/f1tenth/install/dwa_follower' for CMake config files
[51.386s] Level 1:colcon.colcon_core.shell:create_environment_hook('dwa_follower', 'cmake_prefix_path')
[51.387s] INFO:colcon.colcon_core.shell:Creating environment hook '/home/jetson/f1tenth/install/dwa_follower/share/dwa_follower/hook/cmake_prefix_path.ps1'
[51.391s] INFO:colcon.colcon_core.shell:Creating environment descriptor '/home/jetson/f1tenth/install/dwa_follower/share/dwa_follower/hook/cmake_prefix_path.dsv'
[51.394s] INFO:colcon.colcon_core.shell:Creating environment hook '/home/jetson/f1tenth/install/dwa_follower/share/dwa_follower/hook/cmake_prefix_path.sh'
[51.397s] Level 1:colcon.colcon_core.environment:checking '/home/jetson/f1tenth/install/dwa_follower/lib'
[51.397s] Level 1:colcon.colcon_core.environment:checking '/home/jetson/f1tenth/install/dwa_follower/bin'
[51.398s] Level 1:colcon.colcon_core.environment:checking '/home/jetson/f1tenth/install/dwa_follower/lib/pkgconfig/dwa_follower.pc'
[51.399s] Level 1:colcon.colcon_core.environment:checking '/home/jetson/f1tenth/install/dwa_follower/lib/python3.10/site-packages'
[51.399s] Level 1:colcon.colcon_core.environment:checking '/home/jetson/f1tenth/install/dwa_follower/bin'
[51.400s] INFO:colcon.colcon_core.shell:Creating package script '/home/jetson/f1tenth/install/dwa_follower/share/dwa_follower/package.ps1'
[51.404s] INFO:colcon.colcon_core.shell:Creating package descriptor '/home/jetson/f1tenth/install/dwa_follower/share/dwa_follower/package.dsv'
[51.406s] INFO:colcon.colcon_core.shell:Creating package script '/home/jetson/f1tenth/install/dwa_follower/share/dwa_follower/package.sh'
[51.414s] INFO:colcon.colcon_core.shell:Creating package script '/home/jetson/f1tenth/install/dwa_follower/share/dwa_follower/package.bash'
[51.416s] INFO:colcon.colcon_core.shell:Creating package script '/home/jetson/f1tenth/install/dwa_follower/share/dwa_follower/package.zsh'
[51.417s] Level 1:colcon.colcon_core.environment:create_file_with_runtime_dependencies(/home/jetson/f1tenth/install/dwa_follower/share/colcon-core/packages/dwa_follower)
[51.419s] Level 1:colcon.colcon_core.environment:create_environment_scripts_only(dwa_follower)
[51.420s] Level 1:colcon.colcon_core.environment:checking '/home/jetson/f1tenth/install/dwa_follower' for CMake module files
[51.421s] Level 1:colcon.colcon_core.environment:checking '/home/jetson/f1tenth/install/dwa_follower' for CMake config files
[51.421s] Level 1:colcon.colcon_core.shell:create_environment_hook('dwa_follower', 'cmake_prefix_path')
[51.422s] INFO:colcon.colcon_core.shell:Creating environment hook '/home/jetson/f1tenth/install/dwa_follower/share/dwa_follower/hook/cmake_prefix_path.ps1'
[51.423s] INFO:colcon.colcon_core.shell:Creating environment descriptor '/home/jetson/f1tenth/install/dwa_follower/share/dwa_follower/hook/cmake_prefix_path.dsv'
[51.424s] INFO:colcon.colcon_core.shell:Creating environment hook '/home/jetson/f1tenth/install/dwa_follower/share/dwa_follower/hook/cmake_prefix_path.sh'
[51.425s] Level 1:colcon.colcon_core.environment:checking '/home/jetson/f1tenth/install/dwa_follower/lib'
[51.426s] Level 1:colcon.colcon_core.environment:checking '/home/jetson/f1tenth/install/dwa_follower/bin'
[51.426s] Level 1:colcon.colcon_core.environment:checking '/home/jetson/f1tenth/install/dwa_follower/lib/pkgconfig/dwa_follower.pc'
[51.426s] Level 1:colcon.colcon_core.environment:checking '/home/jetson/f1tenth/install/dwa_follower/lib/python3.10/site-packages'
[51.427s] Level 1:colcon.colcon_core.environment:checking '/home/jetson/f1tenth/install/dwa_follower/bin'
[51.428s] INFO:colcon.colcon_core.shell:Creating package script '/home/jetson/f1tenth/install/dwa_follower/share/dwa_follower/package.ps1'
[51.429s] INFO:colcon.colcon_core.shell:Creating package descriptor '/home/jetson/f1tenth/install/dwa_follower/share/dwa_follower/package.dsv'
[51.430s] INFO:colcon.colcon_core.shell:Creating package script '/home/jetson/f1tenth/install/dwa_follower/share/dwa_follower/package.sh'
[51.431s] INFO:colcon.colcon_core.shell:Creating package script '/home/jetson/f1tenth/install/dwa_follower/share/dwa_follower/package.bash'
[51.433s] INFO:colcon.colcon_core.shell:Creating package script '/home/jetson/f1tenth/install/dwa_follower/share/dwa_follower/package.zsh'
[51.434s] Level 1:colcon.colcon_core.environment:create_file_with_runtime_dependencies(/home/jetson/f1tenth/install/dwa_follower/share/colcon-core/packages/dwa_follower)
[51.435s] DEBUG:colcon.colcon_parallel_executor.executor.parallel:closing loop
[51.437s] DEBUG:colcon.colcon_parallel_executor.executor.parallel:loop closed
[51.437s] DEBUG:colcon.colcon_parallel_executor.executor.parallel:run_until_complete finished with '0'
[51.437s] DEBUG:colcon.colcon_core.event_reactor:joining thread
[51.454s] INFO:colcon.colcon_core.plugin_system:Skipping extension 'colcon_notification.desktop_notification.terminal_notifier': Not used on non-Darwin systems
[51.455s] INFO:colcon.colcon_core.plugin_system:Skipping extension 'colcon_notification.desktop_notification.win32': Not used on non-Windows systems
[51.455s] INFO:colcon.colcon_notification.desktop_notification:Sending desktop notification using 'notify2'
[51.493s] DEBUG:colcon.colcon_notification.desktop_notification.notify2:Failed to initialize notify2: org.freedesktop.DBus.Error.Spawn.ChildExited: Process org.freedesktop.Notifications exited with status 1
[51.494s] DEBUG:colcon.colcon_core.event_reactor:joined thread
[51.494s] INFO:colcon.colcon_core.shell:Creating prefix script '/home/jetson/f1tenth/install/local_setup.ps1'
[51.497s] INFO:colcon.colcon_core.shell:Creating prefix util module '/home/jetson/f1tenth/install/_local_setup_util_ps1.py'
[51.505s] INFO:colcon.colcon_core.shell:Creating prefix chain script '/home/jetson/f1tenth/install/setup.ps1'
[51.516s] INFO:colcon.colcon_core.shell:Creating prefix script '/home/jetson/f1tenth/install/local_setup.sh'
[51.519s] INFO:colcon.colcon_core.shell:Creating prefix util module '/home/jetson/f1tenth/install/_local_setup_util_sh.py'
[51.522s] INFO:colcon.colcon_core.shell:Creating prefix chain script '/home/jetson/f1tenth/install/setup.sh'
[51.530s] INFO:colcon.colcon_core.shell:Creating prefix script '/home/jetson/f1tenth/install/local_setup.bash'
[51.533s] INFO:colcon.colcon_core.shell:Creating prefix chain script '/home/jetson/f1tenth/install/setup.bash'
[51.540s] INFO:colcon.colcon_core.shell:Creating prefix script '/home/jetson/f1tenth/install/local_setup.zsh'
[51.546s] INFO:colcon.colcon_core.shell:Creating prefix chain script '/home/jetson/f1tenth/install/setup.zsh'
