[0.031s] Invoking command in '/home/jetson/f1tenth/build/dwa_follower': CMAKE_PREFIX_PATH=${CMAKE_PREFIX_PATH}:/home/jetson/f1tenth/install/f1tenth_stack:/home/jetson/f1tenth/install/pickup_description:/home/jetson/f1tenth/install/mpc_python:/opt/ros/humble /usr/bin/cmake --build /home/jetson/f1tenth/build/dwa_follower -- -j6 -l6
[0.176s] [ 33%] Built target dwa_spline_follower
[0.186s] [ 50%] [32mBuilding CXX object CMakeFiles/dwa_follower_node.dir/src/dwa_follower.cpp.o[0m
[0.202s] [ 66%] [32mBuilding CXX object CMakeFiles/dwa_global_follower.dir/src/dwa_global_follower.cpp.o[0m
[8.010s] [01m[K/home/jetson/f1tenth/src/dwa_follower/src/dwa_global_follower.cpp:[m[K In member function ‘[01m[Kstd::pair<double, double> DwaGlobalFollower::getLocalGoal() const[m[K’:
[8.010s] [01m[K/home/jetson/f1tenth/src/dwa_follower/src/dwa_global_follower.cpp:268:61:[m[K [01;36m[Knote: [m[Kparameter passing for argument of type ‘[01m[Kstd::pair<double, double>[m[K’ when C++17 is enabled changed to match C++14 ]8;;https://gcc.gnu.org/gcc-10/changes.html#empty_basein GCC 10.1]8;;
[8.010s]   268 | std::pair<double, double> DwaGlobalFollower::getLocalGoal() [01;36m[Kconst[m[K {
[8.011s]       |                                                             [01;36m[K^~~~~[m[K
[41.664s] [ 83%] [32m[1mLinking CXX executable dwa_follower_node[0m
[43.788s] [ 83%] Built target dwa_follower_node
[47.279s] [100%] [32m[1mLinking CXX executable dwa_global_follower[0m
[49.862s] [100%] Built target dwa_global_follower
[49.891s] Invoked command in '/home/jetson/f1tenth/build/dwa_follower' returned '0': CMAKE_PREFIX_PATH=${CMAKE_PREFIX_PATH}:/home/jetson/f1tenth/install/f1tenth_stack:/home/jetson/f1tenth/install/pickup_description:/home/jetson/f1tenth/install/mpc_python:/opt/ros/humble /usr/bin/cmake --build /home/jetson/f1tenth/build/dwa_follower -- -j6 -l6
[49.916s] Invoking command in '/home/jetson/f1tenth/build/dwa_follower': CMAKE_PREFIX_PATH=${CMAKE_PREFIX_PATH}:/home/jetson/f1tenth/install/f1tenth_stack:/home/jetson/f1tenth/install/pickup_description:/home/jetson/f1tenth/install/mpc_python:/opt/ros/humble /usr/bin/cmake --install /home/jetson/f1tenth/build/dwa_follower
[49.936s] -- Install configuration: ""
[49.937s] -- Execute custom install script
[49.938s] -- Up-to-date symlink: /home/jetson/f1tenth/install/dwa_follower/lib/dwa_follower/dwa_follower_node
[49.941s] -- Up-to-date symlink: /home/jetson/f1tenth/install/dwa_follower/lib/dwa_follower/dwa_spline_follower
[49.941s] -- Up-to-date symlink: /home/jetson/f1tenth/install/dwa_follower/lib/dwa_follower/dwa_global_follower
[49.942s] -- Up-to-date symlink: /home/jetson/f1tenth/install/dwa_follower/share/ament_index/resource_index/package_run_dependencies/dwa_follower
[49.942s] -- Up-to-date symlink: /home/jetson/f1tenth/install/dwa_follower/share/ament_index/resource_index/parent_prefix_path/dwa_follower
[49.942s] -- Up-to-date symlink: /home/jetson/f1tenth/install/dwa_follower/share/dwa_follower/environment/ament_prefix_path.sh
[49.942s] -- Up-to-date symlink: /home/jetson/f1tenth/install/dwa_follower/share/dwa_follower/environment/ament_prefix_path.dsv
[49.943s] -- Up-to-date symlink: /home/jetson/f1tenth/install/dwa_follower/share/dwa_follower/environment/path.sh
[49.943s] -- Up-to-date symlink: /home/jetson/f1tenth/install/dwa_follower/share/dwa_follower/environment/path.dsv
[49.943s] -- Up-to-date symlink: /home/jetson/f1tenth/install/dwa_follower/share/dwa_follower/local_setup.bash
[49.943s] -- Up-to-date symlink: /home/jetson/f1tenth/install/dwa_follower/share/dwa_follower/local_setup.sh
[49.944s] -- Up-to-date symlink: /home/jetson/f1tenth/install/dwa_follower/share/dwa_follower/local_setup.zsh
[49.944s] -- Up-to-date symlink: /home/jetson/f1tenth/install/dwa_follower/share/dwa_follower/local_setup.dsv
[49.944s] -- Symlinking: /home/jetson/f1tenth/install/dwa_follower/share/dwa_follower/package.dsv
[49.980s] -- Up-to-date symlink: /home/jetson/f1tenth/install/dwa_follower/share/ament_index/resource_index/packages/dwa_follower
[49.981s] -- Up-to-date symlink: /home/jetson/f1tenth/install/dwa_follower/share/dwa_follower/cmake/dwa_followerConfig.cmake
[49.981s] -- Up-to-date symlink: /home/jetson/f1tenth/install/dwa_follower/share/dwa_follower/cmake/dwa_followerConfig-version.cmake
[49.983s] -- Up-to-date symlink: /home/jetson/f1tenth/install/dwa_follower/share/dwa_follower/package.xml
[49.990s] Invoked command in '/home/jetson/f1tenth/build/dwa_follower' returned '0': CMAKE_PREFIX_PATH=${CMAKE_PREFIX_PATH}:/home/jetson/f1tenth/install/f1tenth_stack:/home/jetson/f1tenth/install/pickup_description:/home/jetson/f1tenth/install/mpc_python:/opt/ros/humble /usr/bin/cmake --install /home/jetson/f1tenth/build/dwa_follower
