-- The C compiler identification is GNU 11.4.0
-- The CXX compiler identification is GNU 11.4.0
-- Detecting C compiler ABI info
-- Detecting C compiler ABI info - done
-- Check for working C compiler: /usr/bin/cc - skipped
-- Detecting C compile features
-- Detecting C compile features - done
-- Detecting CXX compiler ABI info
-- Detecting CXX compiler ABI info - done
-- Check for working CXX compiler: /usr/bin/c++ - skipped
-- Detecting CXX compile features
-- Detecting CXX compile features - done
-- Debug mode: 
-- We are on a Linux system
-- Embedded mode: OFF
-- Algebra backend: builtin
-- Solver profiling: ON
-- Solver interrupt: ON
-- Using double precision floating-point
-- Using long integers
-- Code generation: ON
-- Derivative support: ON
-- Fetching/configuring QDLDL solver
--   Using double precision floats
--   Long integers (64bit) are ON
--   Static library build is OFF
--   Shared library build is OFF
--   Demo executable build is OFF
--   Not building demo executable
--   Unit testing suite build is OFF
-- Build static library: ON
-- Build shared library: ON
-- Build demo executable: ON
-- Configuring done
-- Generating done
-- Build files have been written to: /home/jetson/f1tenth/build/osqp
[  1%] [34m[1mCopying algebra_libs.c[0m
[  2%] [34m[1mCopying algebra_impl.h[0m
[  3%] [34m[1mCopying codegen makefile[0m
[  5%] [34m[1mCopying algebra_matrix.h[0m
[  5%] [34m[1mCopying auxil.c[0m
[  6%] [32mBuilding C object _deps/qdldl-build/CMakeFiles/qdldlobject.dir/src/qdldl.c.o[0m
[  8%] [34m[1mCopying vector.c[0m
[  8%] Built target copy_codegen_makefile
[  9%] [34m[1mCopying matrix.c[0m
[ 10%] [34m[1mCopying algebra_vector.h[0m
[ 11%] [34m[1mCopying error.c[0m
[ 12%] [34m[1mCopying csc_math.h[0m
[ 13%] [34m[1mCopying osqp_api.c[0m
[ 15%] [34m[1mCopying csc_math.c[0m
[ 16%] [34m[1mCopying scaling.c[0m
[ 17%] [34m[1mCopying auxil.h[0m
[ 18%] [34m[1mCopying csc_utils.h[0m
[ 19%] [34m[1mCopying util.c[0m
[ 20%] [34m[1mCopying csc_utils.c[0m
[ 22%] [34m[1mCopying error.h[0m
[ 23%] [34m[1mCopying glob_opts.h[0m
[ 24%] [34m[1mCopying kkt.h[0m
[ 25%] [34m[1mCopying kkt.c[0m
[ 25%] Built target copy_codegen_srcs
[ 26%] [34m[1mCopying lin_alg.h[0m
[ 27%] [34m[1mCopying qdldl_interface.h[0m
[ 29%] [34m[1mCopying printing.h[0m
[ 30%] [34m[1mCopying profilers.h[0m
[ 31%] [34m[1mCopying qdldl_interface.c[0m
[ 32%] [34m[1mCopying scaling.h[0m
[ 33%] [34m[1mCopying qdldl.c[0m
[ 33%] Built target qdldlobject
[ 34%] [34m[1mCopying qdldl.h[0m
[ 36%] [34m[1mCopying timing.h[0m
[ 37%] [34m[1mCopying qdldl_version.h[0m
[ 38%] [34m[1mCopying types.h[0m
[ 39%] [34m[1mCopying qdldl_types.h[0m
[ 40%] [34m[1mCopying util.h[0m
[ 41%] [34m[1mCopying version.h[0m
[ 43%] [34m[1mCopying osqp.h[0m
[ 44%] [34m[1mCopying osqp_api_constants.h[0m
[ 45%] [34m[1mCopying osqp_api_types.h[0m
[ 46%] [34m[1mCopying osqp_api_functions.h[0m
[ 45%] Built target copy_codegen_linalg
[ 47%] [34m[1mCopying osqp_export_define.h[0m
[ 47%] Built target copy_codegen_incs
[ 48%] [32mBuilding C object CMakeFiles/OSQPLIB.dir/src/error.c.o[0m
[ 50%] [32mBuilding C object CMakeFiles/OSQPLIB.dir/src/auxil.c.o[0m
[ 51%] [32mBuilding C object CMakeFiles/OSQPLIB.dir/src/polish.c.o[0m
[ 52%] [32mBuilding C object CMakeFiles/OSQPLIB.dir/src/scaling.c.o[0m
[ 53%] [32mBuilding C object CMakeFiles/OSQPLIB.dir/src/util.c.o[0m
[ 53%] Built target copy_codegen_files
[ 54%] [32mBuilding C object CMakeFiles/OSQPLIB.dir/src/derivative.c.o[0m
[ 55%] [32mBuilding C object CMakeFiles/OSQPLIB.dir/src/interrupt_unix.c.o[0m
[ 56%] [32mBuilding C object CMakeFiles/OSQPLIB.dir/src/timing_linux.c.o[0m
[ 58%] [32mBuilding C object CMakeFiles/OSQPLIB.dir/src/codegen.c.o[0m
[ 59%] [32mBuilding C object CMakeFiles/OSQPLIB.dir/algebra/_common/csc_math.c.o[0m
[ 60%] [32mBuilding C object CMakeFiles/OSQPLIB.dir/algebra/_common/csc_utils.c.o[0m
[ 61%] [32mBuilding C object CMakeFiles/OSQPLIB.dir/algebra/builtin/algebra_libs.c.o[0m
[ 62%] [32mBuilding C object CMakeFiles/OSQPLIB.dir/algebra/builtin/vector.c.o[0m
[ 63%] [32mBuilding C object CMakeFiles/OSQPLIB.dir/algebra/builtin/matrix.c.o[0m
[ 65%] [32mBuilding C object CMakeFiles/OSQPLIB.dir/algebra/_common/lin_sys/qdldl/amd/src/SuiteSparse_config.c.o[0m
[ 66%] [32mBuilding C object CMakeFiles/OSQPLIB.dir/algebra/_common/lin_sys/qdldl/amd/src/amd_1.c.o[0m
[ 67%] [32mBuilding C object CMakeFiles/OSQPLIB.dir/algebra/_common/lin_sys/qdldl/amd/src/amd_2.c.o[0m
[ 68%] [32mBuilding C object CMakeFiles/OSQPLIB.dir/algebra/_common/lin_sys/qdldl/amd/src/amd_aat.c.o[0m
[ 69%] [32mBuilding C object CMakeFiles/OSQPLIB.dir/algebra/_common/lin_sys/qdldl/amd/src/amd_control.c.o[0m
[ 70%] [32mBuilding C object CMakeFiles/OSQPLIB.dir/algebra/_common/lin_sys/qdldl/amd/src/amd_defaults.c.o[0m
[ 72%] [32mBuilding C object CMakeFiles/OSQPLIB.dir/algebra/_common/lin_sys/qdldl/amd/src/amd_info.c.o[0m
[ 73%] [32mBuilding C object CMakeFiles/OSQPLIB.dir/algebra/_common/lin_sys/qdldl/amd/src/amd_order.c.o[0m
[ 74%] [32mBuilding C object CMakeFiles/OSQPLIB.dir/algebra/_common/lin_sys/qdldl/amd/src/amd_post_tree.c.o[0m
[ 75%] [32mBuilding C object CMakeFiles/OSQPLIB.dir/algebra/_common/lin_sys/qdldl/amd/src/amd_postorder.c.o[0m
[ 76%] [32mBuilding C object CMakeFiles/OSQPLIB.dir/algebra/_common/lin_sys/qdldl/amd/src/amd_preprocess.c.o[0m
[ 77%] [32mBuilding C object CMakeFiles/OSQPLIB.dir/algebra/_common/lin_sys/qdldl/amd/src/amd_valid.c.o[0m
[ 79%] [32mBuilding C object CMakeFiles/OSQPLIB.dir/algebra/_common/kkt.c.o[0m
[ 80%] [32mBuilding C object CMakeFiles/OSQPLIB.dir/algebra/_common/lin_sys/qdldl/qdldl_interface.c.o[0m
[ 80%] Built target OSQPLIB
[ 81%] [32mBuilding C object CMakeFiles/osqpstatic.dir/src/osqp_api.c.o[0m
[ 82%] [32mBuilding C object CMakeFiles/osqp.dir/src/osqp_api.c.o[0m
[ 83%] [32m[1mLinking C static library out/libosqpstatic.a[0m
[ 83%] Built target osqpstatic
[ 84%] [32m[1mLinking C shared library out/libosqp.so[0m
[ 86%] [32mBuilding C object CMakeFiles/osqp_codegen_demo.dir/examples/osqp_codegen_demo.c.o[0m
[ 87%] [32mBuilding C object CMakeFiles/osqp_demo.dir/examples/problems/qpcblend.c.o[0m
[ 88%] [32mBuilding C object CMakeFiles/osqp_demo.dir/examples/problems/cvxqp2_s.c.o[0m
[ 89%] [32mBuilding C object CMakeFiles/osqp_demo.dir/examples/osqp_demo.c.o[0m
[ 90%] [32mBuilding C object CMakeFiles/osqp_simple_demo.dir/examples/osqp_simple_demo.c.o[0m
[ 90%] Built target osqp
[ 91%] [32mBuilding C object CMakeFiles/osqp_demo.dir/examples/problems/qptest.c.o[0m
[ 93%] [32mBuilding C object CMakeFiles/osqp_demo.dir/examples/problems/hs21.c.o[0m
[ 94%] [32m[1mLinking C executable out/osqp_codegen_demo[0m
[ 95%] [32m[1mLinking C executable out/osqp_simple_demo[0m
[ 96%] [32mBuilding C object CMakeFiles/osqp_demo.dir/examples/problems/hs35.c.o[0m
[ 97%] [32mBuilding C object CMakeFiles/osqp_demo.dir/examples/problems/primalc1.c.o[0m
[ 98%] [32mBuilding C object CMakeFiles/osqp_demo.dir/examples/problems/largeqp.c.o[0m
[ 98%] Built target osqp_codegen_demo
[ 98%] Built target osqp_simple_demo
[100%] [32m[1mLinking C executable out/osqp_demo[0m
[100%] Built target osqp_demo
-- Install configuration: ""
-- Installing: /home/jetson/f1tenth/install/osqp/include/qdldl/qdldl.h
-- Installing: /home/jetson/f1tenth/install/osqp/include/qdldl/qdldl_types.h
-- Installing: /home/jetson/f1tenth/install/osqp/include/qdldl/qdldl_version.h
-- Installing: /home/jetson/f1tenth/install/osqp/include/osqp/osqp.h
-- Installing: /home/jetson/f1tenth/install/osqp/include/osqp/osqp_api_constants.h
-- Installing: /home/jetson/f1tenth/install/osqp/include/osqp/osqp_api_functions.h
-- Installing: /home/jetson/f1tenth/install/osqp/include/osqp/osqp_api_types.h
-- Installing: /home/jetson/f1tenth/install/osqp/include/osqp/osqp_export_define.h
-- Installing: /home/jetson/f1tenth/install/osqp/include/osqp/osqp_configure.h
-- Installing: /home/jetson/f1tenth/install/osqp/lib/libosqpstatic.a
-- Installing: /home/jetson/f1tenth/install/osqp/lib/cmake/osqp/osqpstatic-targets.cmake
-- Installing: /home/jetson/f1tenth/install/osqp/lib/cmake/osqp/osqpstatic-targets-noconfig.cmake
-- Installing: /home/jetson/f1tenth/install/osqp/lib/libosqp.so
-- Installing: /home/jetson/f1tenth/install/osqp/lib/cmake/osqp/osqp-targets.cmake
-- Installing: /home/jetson/f1tenth/install/osqp/lib/cmake/osqp/osqp-targets-noconfig.cmake
-- Installing: /home/jetson/f1tenth/install/osqp/lib/cmake/osqp/osqp-config.cmake
-- Installing: /home/jetson/f1tenth/install/osqp/lib/cmake/osqp/osqp-config-version.cmake
-- Installing: /home/jetson/f1tenth/install/osqp/share/osqp/codegen_files
-- Installing: /home/jetson/f1tenth/install/osqp/share/osqp/codegen_files/inc
-- Installing: /home/jetson/f1tenth/install/osqp/share/osqp/codegen_files/inc/private
-- Installing: /home/jetson/f1tenth/install/osqp/share/osqp/codegen_files/inc/private/qdldl.h
-- Installing: /home/jetson/f1tenth/install/osqp/share/osqp/codegen_files/inc/private/error.h
-- Installing: /home/jetson/f1tenth/install/osqp/share/osqp/codegen_files/inc/private/algebra_matrix.h
-- Installing: /home/jetson/f1tenth/install/osqp/share/osqp/codegen_files/inc/private/printing.h
-- Installing: /home/jetson/f1tenth/install/osqp/share/osqp/codegen_files/inc/private/csc_math.h
-- Installing: /home/jetson/f1tenth/install/osqp/share/osqp/codegen_files/inc/private/csc_utils.h
-- Installing: /home/jetson/f1tenth/install/osqp/share/osqp/codegen_files/inc/private/glob_opts.h
-- Installing: /home/jetson/f1tenth/install/osqp/share/osqp/codegen_files/inc/private/qdldl_version.h
-- Installing: /home/jetson/f1tenth/install/osqp/share/osqp/codegen_files/inc/private/algebra_vector.h
-- Installing: /home/jetson/f1tenth/install/osqp/share/osqp/codegen_files/inc/private/timing.h
-- Installing: /home/jetson/f1tenth/install/osqp/share/osqp/codegen_files/inc/private/qdldl_interface.h
-- Installing: /home/jetson/f1tenth/install/osqp/share/osqp/codegen_files/inc/private/util.h
-- Installing: /home/jetson/f1tenth/install/osqp/share/osqp/codegen_files/inc/private/auxil.h
-- Installing: /home/jetson/f1tenth/install/osqp/share/osqp/codegen_files/inc/private/scaling.h
-- Installing: /home/jetson/f1tenth/install/osqp/share/osqp/codegen_files/inc/private/qdldl_types.h
-- Installing: /home/jetson/f1tenth/install/osqp/share/osqp/codegen_files/inc/private/profilers.h
-- Installing: /home/jetson/f1tenth/install/osqp/share/osqp/codegen_files/inc/private/version.h
-- Installing: /home/jetson/f1tenth/install/osqp/share/osqp/codegen_files/inc/private/kkt.h
-- Installing: /home/jetson/f1tenth/install/osqp/share/osqp/codegen_files/inc/private/types.h
-- Installing: /home/jetson/f1tenth/install/osqp/share/osqp/codegen_files/inc/private/lin_alg.h
-- Installing: /home/jetson/f1tenth/install/osqp/share/osqp/codegen_files/inc/private/algebra_impl.h
-- Installing: /home/jetson/f1tenth/install/osqp/share/osqp/codegen_files/inc/public
-- Installing: /home/jetson/f1tenth/install/osqp/share/osqp/codegen_files/inc/public/osqp_api_types.h
-- Installing: /home/jetson/f1tenth/install/osqp/share/osqp/codegen_files/inc/public/osqp_export_define.h
-- Installing: /home/jetson/f1tenth/install/osqp/share/osqp/codegen_files/inc/public/osqp_api_constants.h
-- Installing: /home/jetson/f1tenth/install/osqp/share/osqp/codegen_files/inc/public/osqp.h
-- Installing: /home/jetson/f1tenth/install/osqp/share/osqp/codegen_files/inc/public/osqp_api_functions.h
-- Installing: /home/jetson/f1tenth/install/osqp/share/osqp/codegen_files/Makefile
-- Installing: /home/jetson/f1tenth/install/osqp/share/osqp/codegen_files/src
-- Installing: /home/jetson/f1tenth/install/osqp/share/osqp/codegen_files/src/qdldl.c
-- Installing: /home/jetson/f1tenth/install/osqp/share/osqp/codegen_files/src/vector.c
-- Installing: /home/jetson/f1tenth/install/osqp/share/osqp/codegen_files/src/matrix.c
-- Installing: /home/jetson/f1tenth/install/osqp/share/osqp/codegen_files/src/util.c
-- Installing: /home/jetson/f1tenth/install/osqp/share/osqp/codegen_files/src/scaling.c
-- Installing: /home/jetson/f1tenth/install/osqp/share/osqp/codegen_files/src/auxil.c
-- Installing: /home/jetson/f1tenth/install/osqp/share/osqp/codegen_files/src/osqp_api.c
-- Installing: /home/jetson/f1tenth/install/osqp/share/osqp/codegen_files/src/qdldl_interface.c
-- Installing: /home/jetson/f1tenth/install/osqp/share/osqp/codegen_files/src/algebra_libs.c
-- Installing: /home/jetson/f1tenth/install/osqp/share/osqp/codegen_files/src/error.c
-- Installing: /home/jetson/f1tenth/install/osqp/share/osqp/codegen_files/src/csc_utils.c
-- Installing: /home/jetson/f1tenth/install/osqp/share/osqp/codegen_files/src/csc_math.c
-- Installing: /home/jetson/f1tenth/install/osqp/share/osqp/codegen_files/src/kkt.c
