running egg_info
creating build/pickup_description/pickup_description.egg-info
writing build/pickup_description/pickup_description.egg-info/PKG-INFO
writing dependency_links to build/pickup_description/pickup_description.egg-info/dependency_links.txt
writing entry points to build/pickup_description/pickup_description.egg-info/entry_points.txt
writing requirements to build/pickup_description/pickup_description.egg-info/requires.txt
writing top-level names to build/pickup_description/pickup_description.egg-info/top_level.txt
writing manifest file 'build/pickup_description/pickup_description.egg-info/SOURCES.txt'
reading manifest file 'build/pickup_description/pickup_description.egg-info/SOURCES.txt'
writing manifest file 'build/pickup_description/pickup_description.egg-info/SOURCES.txt'
running build
running build_py
creating /home/jetson/f1tenth/src/pickup_description/build/pickup_description/build
creating /home/jetson/f1tenth/src/pickup_description/build/pickup_description/build/lib
creating /home/jetson/f1tenth/src/pickup_description/build/pickup_description/build/lib/pickup_description
copying pickup_description/__init__.py -> /home/jetson/f1tenth/src/pickup_description/build/pickup_description/build/lib/pickup_description
copying pickup_description/mov_robot_model.py -> /home/jetson/f1tenth/src/pickup_description/build/pickup_description/build/lib/pickup_description
running install
running install_lib
creating /home/jetson/f1tenth/src/pickup_description/install/pickup_description/lib/python3.10/site-packages/pickup_description
copying /home/jetson/f1tenth/src/pickup_description/build/pickup_description/build/lib/pickup_description/__init__.py -> /home/jetson/f1tenth/src/pickup_description/install/pickup_description/lib/python3.10/site-packages/pickup_description
copying /home/jetson/f1tenth/src/pickup_description/build/pickup_description/build/lib/pickup_description/mov_robot_model.py -> /home/jetson/f1tenth/src/pickup_description/install/pickup_description/lib/python3.10/site-packages/pickup_description
byte-compiling /home/jetson/f1tenth/src/pickup_description/install/pickup_description/lib/python3.10/site-packages/pickup_description/__init__.py to __init__.cpython-310.pyc
byte-compiling /home/jetson/f1tenth/src/pickup_description/install/pickup_description/lib/python3.10/site-packages/pickup_description/mov_robot_model.py to mov_robot_model.cpython-310.pyc
running install_data
creating /home/jetson/f1tenth/src/pickup_description/install/pickup_description/share/ament_index
creating /home/jetson/f1tenth/src/pickup_description/install/pickup_description/share/ament_index/resource_index
creating /home/jetson/f1tenth/src/pickup_description/install/pickup_description/share/ament_index/resource_index/packages
copying resource/pickup_description -> /home/jetson/f1tenth/src/pickup_description/install/pickup_description/share/ament_index/resource_index/packages
copying package.xml -> /home/jetson/f1tenth/src/pickup_description/install/pickup_description/share/pickup_description
creating /home/jetson/f1tenth/src/pickup_description/install/pickup_description/share/pickup_description/launch
copying launch/map_only.launch.py -> /home/jetson/f1tenth/src/pickup_description/install/pickup_description/share/pickup_description/launch
copying launch/all.launch.py -> /home/jetson/f1tenth/src/pickup_description/install/pickup_description/share/pickup_description/launch
copying launch/robot.launch.py -> /home/jetson/f1tenth/src/pickup_description/install/pickup_description/share/pickup_description/launch
copying launch/display.launch.py -> /home/jetson/f1tenth/src/pickup_description/install/pickup_description/share/pickup_description/launch
creating /home/jetson/f1tenth/src/pickup_description/install/pickup_description/share/pickup_description/urdf
copying urdf/pickup.urdf -> /home/jetson/f1tenth/src/pickup_description/install/pickup_description/share/pickup_description/urdf
creating /home/jetson/f1tenth/src/pickup_description/install/pickup_description/share/pickup_description/maps
copying maps/map.yaml -> /home/jetson/f1tenth/src/pickup_description/install/pickup_description/share/pickup_description/maps
copying maps/map.pgm -> /home/jetson/f1tenth/src/pickup_description/install/pickup_description/share/pickup_description/maps
creating /home/jetson/f1tenth/src/pickup_description/install/pickup_description/share/pickup_description/config
running install_egg_info
Copying build/pickup_description/pickup_description.egg-info to /home/jetson/f1tenth/src/pickup_description/install/pickup_description/lib/python3.10/site-packages/pickup_description-0.0.0-py3.10.egg-info
running install_scripts
Installing mov_robot_model script to /home/jetson/f1tenth/src/pickup_description/install/pickup_description/lib/pickup_description
writing list of installed files to '/home/jetson/f1tenth/src/pickup_description/build/pickup_description/install.log'
