[0.043s] Invoking command in '/home/jetson/f1tenth/build/io_context': AMENT_PREFIX_PATH=/home/jetson/f1tenth/install/asio_cmake_module:${AMENT_PREFIX_PATH} CMAKE_PREFIX_PATH=/home/jetson/f1tenth/install/asio_cmake_module:/opt/ros/humble /usr/bin/cmake /home/jetson/f1tenth/src/f1tenth_system/transport_drivers/io_context -DAMENT_CMAKE_SYMLINK_INSTALL=1 -DCMAKE_INSTALL_PREFIX=/home/jetson/f1tenth/install/io_context
[0.391s] -- The C compiler identification is GNU 11.4.0
[0.656s] -- The CXX compiler identification is GNU 11.4.0
[0.683s] -- Detecting C compiler ABI info
[1.040s] -- Detecting C compiler ABI info - done
[1.067s] -- Check for working C compiler: /usr/bin/cc - skipped
[1.068s] -- Detecting C compile features
[1.068s] -- Detecting C compile features - done
[1.092s] -- Detecting CXX compiler ABI info
[1.687s] -- Detecting CXX compiler ABI info - done
[1.715s] -- Check for working CXX compiler: /usr/bin/c++ - skipped
[1.716s] -- Detecting CXX compile features
[1.716s] -- Detecting CXX compile features - done
[1.723s] -- Found ament_cmake_auto: 1.3.11 (/opt/ros/humble/share/ament_cmake_auto/cmake)
[3.085s] -- Found Python3: /usr/bin/python3 (found version "3.10.12") found components: Interpreter 
[3.590s] -- Override CMake install command with custom implementation using symlinks instead of copying resources
[4.890s] -- Found rosidl_generator_c: 3.1.6 (/opt/ros/humble/share/rosidl_generator_c/cmake)
[4.949s] -- Found rosidl_adapter: 3.1.6 (/opt/ros/humble/share/rosidl_adapter/cmake)
[5.091s] -- Found rosidl_generator_cpp: 3.1.6 (/opt/ros/humble/share/rosidl_generator_cpp/cmake)
[5.163s] -- Using all available rosidl_typesupport_c: rosidl_typesupport_fastrtps_c;rosidl_typesupport_introspection_c
[5.259s] -- Using all available rosidl_typesupport_cpp: rosidl_typesupport_fastrtps_cpp;rosidl_typesupport_introspection_cpp
[5.685s] -- Found rmw_implementation_cmake: 6.1.2 (/opt/ros/humble/share/rmw_implementation_cmake/cmake)
[5.722s] -- Found rmw_cyclonedds_cpp: 1.3.4 (/opt/ros/humble/share/rmw_cyclonedds_cpp/cmake)
[5.903s] -- Using RMW implementation 'rmw_cyclonedds_cpp' as default
[5.968s] -- Looking for pthread.h
[6.659s] -- Looking for pthread.h - found
[6.659s] -- Performing Test CMAKE_HAVE_LIBC_PTHREAD
[7.315s] -- Performing Test CMAKE_HAVE_LIBC_PTHREAD - Success
[7.317s] -- Found Threads: TRUE  
[7.679s] -- Found ASIO: /usr/include  
[7.694s] -- Found ament_lint_auto: 0.12.12 (/opt/ros/humble/share/ament_lint_auto/cmake)
[7.844s] -- Found gtest sources under '/opt/ros/humble/src/gtest_vendor': C++ tests using 'Google Test' will be built
[7.905s] -- Added test 'copyright' to check source files copyright and LICENSE
[7.909s] -- Added test 'cppcheck' to perform static code analysis on C / C++ code
[7.909s] -- Configured cppcheck include dirs: /home/jetson/f1tenth/src/f1tenth_system/transport_drivers/io_context/include
[7.909s] -- Configured cppcheck exclude dirs and/or files: 
[7.921s] -- Added test 'cpplint' to check C / C++ code against the Google style
[7.921s] -- Configured cpplint exclude dirs and/or files: 
[7.923s] -- Added test 'lint_cmake' to check CMake code style
[7.939s] -- Added test 'uncrustify' to check C / C++ code style
[7.939s] -- Configured uncrustify additional arguments: 
[7.940s] -- Added test 'xmllint' to check XML markup files
[7.965s] -- Configuring done
[8.065s] -- Generating done
[8.093s] -- Build files have been written to: /home/jetson/f1tenth/build/io_context
[8.210s] Invoked command in '/home/jetson/f1tenth/build/io_context' returned '0': AMENT_PREFIX_PATH=/home/jetson/f1tenth/install/asio_cmake_module:${AMENT_PREFIX_PATH} CMAKE_PREFIX_PATH=/home/jetson/f1tenth/install/asio_cmake_module:/opt/ros/humble /usr/bin/cmake /home/jetson/f1tenth/src/f1tenth_system/transport_drivers/io_context -DAMENT_CMAKE_SYMLINK_INSTALL=1 -DCMAKE_INSTALL_PREFIX=/home/jetson/f1tenth/install/io_context
[8.213s] Invoking command in '/home/jetson/f1tenth/build/io_context': AMENT_PREFIX_PATH=/home/jetson/f1tenth/install/asio_cmake_module:${AMENT_PREFIX_PATH} CMAKE_PREFIX_PATH=/home/jetson/f1tenth/install/asio_cmake_module:/opt/ros/humble /usr/bin/cmake --build /home/jetson/f1tenth/build/io_context -- -j6 -l6
[15.476s] [ 11%] [32mBuilding CXX object CMakeFiles/io_context.dir/src/msg_converters/std_msgs.cpp.o[0m
[15.476s] [ 22%] [32mBuilding CXX object gtest/CMakeFiles/gtest.dir/src/gtest-all.cc.o[0m
[15.476s] [ 33%] [32mBuilding CXX object CMakeFiles/io_context.dir/src/io_context.cpp.o[0m
[15.477s] [ 44%] [32mBuilding CXX object gtest/CMakeFiles/gtest_main.dir/src/gtest_main.cc.o[0m
[15.929s] [ 55%] [32m[1mLinking CXX static library libgtest_main.a[0m
[16.206s] [ 55%] Built target gtest_main
[26.585s] [ 66%] [32m[1mLinking CXX shared library libio_context.so[0m
[27.480s] [ 66%] Built target io_context
[33.078s] [ 77%] [32m[1mLinking CXX static library libgtest.a[0m
[33.442s] [ 77%] Built target gtest
[33.592s] [ 88%] [32mBuilding CXX object CMakeFiles/test_io_context.dir/test/test_io_context.cpp.o[0m
[44.921s] [100%] [32m[1mLinking CXX executable test_io_context[0m
[46.072s] [100%] Built target test_io_context
[46.136s] Invoked command in '/home/jetson/f1tenth/build/io_context' returned '0': AMENT_PREFIX_PATH=/home/jetson/f1tenth/install/asio_cmake_module:${AMENT_PREFIX_PATH} CMAKE_PREFIX_PATH=/home/jetson/f1tenth/install/asio_cmake_module:/opt/ros/humble /usr/bin/cmake --build /home/jetson/f1tenth/build/io_context -- -j6 -l6
[46.151s] Invoking command in '/home/jetson/f1tenth/build/io_context': AMENT_PREFIX_PATH=/home/jetson/f1tenth/install/asio_cmake_module:${AMENT_PREFIX_PATH} CMAKE_PREFIX_PATH=/home/jetson/f1tenth/install/asio_cmake_module:/opt/ros/humble /usr/bin/cmake --install /home/jetson/f1tenth/build/io_context
[46.522s] -- Install configuration: ""
[46.523s] -- Execute custom install script
[46.523s] -- Symlinking: /home/jetson/f1tenth/install/io_context/include/io_context/common.hpp
[46.523s] -- Symlinking: /home/jetson/f1tenth/install/io_context/include/io_context/io_context.hpp
[46.523s] -- Symlinking: /home/jetson/f1tenth/install/io_context/include/msg_converters/converters.hpp
[46.523s] -- Symlinking: /home/jetson/f1tenth/install/io_context/include/msg_converters/std_msgs.hpp
[46.524s] -- Symlinking: /home/jetson/f1tenth/install/io_context/include/msg_converters/udp_msgs.hpp
[46.524s] -- Symlinking: /home/jetson/f1tenth/install/io_context/share/io_context/environment/library_path.sh
[46.524s] -- Symlinking: /home/jetson/f1tenth/install/io_context/share/io_context/environment/library_path.dsv
[46.524s] -- Symlinking: /home/jetson/f1tenth/install/io_context/lib/libio_context.so
[46.570s] -- Symlinking: /home/jetson/f1tenth/install/io_context/share/ament_index/resource_index/package_run_dependencies/io_context
[46.622s] -- Symlinking: /home/jetson/f1tenth/install/io_context/share/ament_index/resource_index/parent_prefix_path/io_context
[46.679s] -- Symlinking: /home/jetson/f1tenth/install/io_context/share/io_context/environment/ament_prefix_path.sh
[46.719s] -- Symlinking: /home/jetson/f1tenth/install/io_context/share/io_context/environment/ament_prefix_path.dsv
[46.776s] -- Symlinking: /home/jetson/f1tenth/install/io_context/share/io_context/environment/path.sh
[46.836s] -- Symlinking: /home/jetson/f1tenth/install/io_context/share/io_context/environment/path.dsv
[46.893s] -- Symlinking: /home/jetson/f1tenth/install/io_context/share/io_context/local_setup.bash
[46.939s] -- Symlinking: /home/jetson/f1tenth/install/io_context/share/io_context/local_setup.sh
[46.992s] -- Symlinking: /home/jetson/f1tenth/install/io_context/share/io_context/local_setup.zsh
[47.043s] -- Symlinking: /home/jetson/f1tenth/install/io_context/share/io_context/local_setup.dsv
[47.104s] -- Symlinking: /home/jetson/f1tenth/install/io_context/share/io_context/package.dsv
[47.151s] -- Symlinking: /home/jetson/f1tenth/install/io_context/share/ament_index/resource_index/packages/io_context
[47.214s] -- Symlinking: /home/jetson/f1tenth/install/io_context/share/io_context/cmake/ament_cmake_export_dependencies-extras.cmake
[47.278s] -- Symlinking: /home/jetson/f1tenth/install/io_context/share/io_context/cmake/ament_cmake_export_include_directories-extras.cmake
[47.350s] -- Symlinking: /home/jetson/f1tenth/install/io_context/share/io_context/cmake/ament_cmake_export_libraries-extras.cmake
[47.429s] -- Symlinking: /home/jetson/f1tenth/install/io_context/share/io_context/cmake/io_context-extras.cmake
[47.493s] -- Symlinking: /home/jetson/f1tenth/install/io_context/share/io_context/cmake/io_contextConfig.cmake
[47.547s] -- Symlinking: /home/jetson/f1tenth/install/io_context/share/io_context/cmake/io_contextConfig-version.cmake
[47.623s] -- Symlinking: /home/jetson/f1tenth/install/io_context/share/io_context/package.xml
[47.701s] Invoked command in '/home/jetson/f1tenth/build/io_context' returned '0': AMENT_PREFIX_PATH=/home/jetson/f1tenth/install/asio_cmake_module:${AMENT_PREFIX_PATH} CMAKE_PREFIX_PATH=/home/jetson/f1tenth/install/asio_cmake_module:/opt/ros/humble /usr/bin/cmake --install /home/jetson/f1tenth/build/io_context
