running develop
Removing /home/jetson/f1tenth/install/pickup_description/lib/python3.10/site-packages/pickup-description.egg-link (link to .)
running egg_info
writing ../../build/pickup_description/pickup_description.egg-info/PKG-INFO
writing dependency_links to ../../build/pickup_description/pickup_description.egg-info/dependency_links.txt
writing entry points to ../../build/pickup_description/pickup_description.egg-info/entry_points.txt
writing requirements to ../../build/pickup_description/pickup_description.egg-info/requires.txt
writing top-level names to ../../build/pickup_description/pickup_description.egg-info/top_level.txt
reading manifest file '../../build/pickup_description/pickup_description.egg-info/SOURCES.txt'
writing manifest file '../../build/pickup_description/pickup_description.egg-info/SOURCES.txt'
running build
running build_py
creating /home/jetson/f1tenth/build/pickup_description/build
creating /home/jetson/f1tenth/build/pickup_description/build/lib
creating /home/jetson/f1tenth/build/pickup_description/build/lib/pickup_description
copying pickup_description/marker_publisher.py -> /home/jetson/f1tenth/build/pickup_description/build/lib/pickup_description
copying pickup_description/rounded_rectangle_marker_publisher.py -> /home/jetson/f1tenth/build/pickup_description/build/lib/pickup_description
copying pickup_description/q_path_publisher.py -> /home/jetson/f1tenth/build/pickup_description/build/lib/pickup_description
copying pickup_description/__init__.py -> /home/jetson/f1tenth/build/pickup_description/build/lib/pickup_description
copying pickup_description/mov_robot_model.py -> /home/jetson/f1tenth/build/pickup_description/build/lib/pickup_description
running install
running install_lib
creating /home/jetson/f1tenth/install/pickup_description/lib/python3.10/site-packages/pickup_description
copying /home/jetson/f1tenth/build/pickup_description/build/lib/pickup_description/marker_publisher.py -> /home/jetson/f1tenth/install/pickup_description/lib/python3.10/site-packages/pickup_description
copying /home/jetson/f1tenth/build/pickup_description/build/lib/pickup_description/rounded_rectangle_marker_publisher.py -> /home/jetson/f1tenth/install/pickup_description/lib/python3.10/site-packages/pickup_description
copying /home/jetson/f1tenth/build/pickup_description/build/lib/pickup_description/q_path_publisher.py -> /home/jetson/f1tenth/install/pickup_description/lib/python3.10/site-packages/pickup_description
copying /home/jetson/f1tenth/build/pickup_description/build/lib/pickup_description/__init__.py -> /home/jetson/f1tenth/install/pickup_description/lib/python3.10/site-packages/pickup_description
copying /home/jetson/f1tenth/build/pickup_description/build/lib/pickup_description/mov_robot_model.py -> /home/jetson/f1tenth/install/pickup_description/lib/python3.10/site-packages/pickup_description
byte-compiling /home/jetson/f1tenth/install/pickup_description/lib/python3.10/site-packages/pickup_description/marker_publisher.py to marker_publisher.cpython-310.pyc
byte-compiling /home/jetson/f1tenth/install/pickup_description/lib/python3.10/site-packages/pickup_description/rounded_rectangle_marker_publisher.py to rounded_rectangle_marker_publisher.cpython-310.pyc
byte-compiling /home/jetson/f1tenth/install/pickup_description/lib/python3.10/site-packages/pickup_description/q_path_publisher.py to q_path_publisher.cpython-310.pyc
byte-compiling /home/jetson/f1tenth/install/pickup_description/lib/python3.10/site-packages/pickup_description/__init__.py to __init__.cpython-310.pyc
byte-compiling /home/jetson/f1tenth/install/pickup_description/lib/python3.10/site-packages/pickup_description/mov_robot_model.py to mov_robot_model.cpython-310.pyc
running install_data
copying resource/pickup_description -> /home/jetson/f1tenth/install/pickup_description/share/ament_index/resource_index/packages
copying package.xml -> /home/jetson/f1tenth/install/pickup_description/share/pickup_description
copying launch/map_only.launch.py -> /home/jetson/f1tenth/install/pickup_description/share/pickup_description/launch
copying launch/q_path.launch.py -> /home/jetson/f1tenth/install/pickup_description/share/pickup_description/launch
copying launch/all.launch.py -> /home/jetson/f1tenth/install/pickup_description/share/pickup_description/launch
copying launch/spline.launch.py -> /home/jetson/f1tenth/install/pickup_description/share/pickup_description/launch
copying launch/set_pose.launch.py -> /home/jetson/f1tenth/install/pickup_description/share/pickup_description/launch
copying launch/launch_rounded_rectangle.launch.py -> /home/jetson/f1tenth/install/pickup_description/share/pickup_description/launch
copying launch/robot.launch.py -> /home/jetson/f1tenth/install/pickup_description/share/pickup_description/launch
copying launch/display.launch.py -> /home/jetson/f1tenth/install/pickup_description/share/pickup_description/launch
copying urdf/pickup.urdf -> /home/jetson/f1tenth/install/pickup_description/share/pickup_description/urdf
copying maps/map.yaml -> /home/jetson/f1tenth/install/pickup_description/share/pickup_description/maps
copying maps/map_scaled.pgm -> /home/jetson/f1tenth/install/pickup_description/share/pickup_description/maps
copying maps/map_200.pgm -> /home/jetson/f1tenth/install/pickup_description/share/pickup_description/maps
copying maps/map_half.pgm -> /home/jetson/f1tenth/install/pickup_description/share/pickup_description/maps
copying maps/map.pgm -> /home/jetson/f1tenth/install/pickup_description/share/pickup_description/maps
copying config/splines.yaml -> /home/jetson/f1tenth/install/pickup_description/share/pickup_description/config
running install_egg_info
Copying ../../build/pickup_description/pickup_description.egg-info to /home/jetson/f1tenth/install/pickup_description/lib/python3.10/site-packages/pickup_description-0.0.0-py3.10.egg-info
running install_scripts
Installing marker_publisher script to /home/jetson/f1tenth/install/pickup_description/lib/pickup_description
Installing mov_robot_model script to /home/jetson/f1tenth/install/pickup_description/lib/pickup_description
Installing q_path_publisher script to /home/jetson/f1tenth/install/pickup_description/lib/pickup_description
Installing rounded_rectangle_marker_publisher script to /home/jetson/f1tenth/install/pickup_description/lib/pickup_description
writing list of installed files to '/home/jetson/f1tenth/build/pickup_description/install.log'
