[1.682s] Invoking command in '/home/jetson/f1tenth/build/pickup_description': PYTHONPATH=/home/jetson/f1tenth/build/pickup_description/prefix_override:/usr/lib/python3/dist-packages/colcon_core/task/python/colcon_distutils_commands:/home/jetson/f1tenth/install/pickup_description/lib/python3.10/site-packages:${PYTHONPATH} /usr/bin/python3 -W ignore:setup.py install is deprecated -W ignore:easy_install command is deprecated setup.py develop --uninstall --editable --build-directory /home/jetson/f1tenth/build/pickup_description/build
[2.520s] running develop
[3.062s] Removing /home/jetson/f1tenth/install/pickup_description/lib/python3.10/site-packages/pickup-description.egg-link (link to .)
[3.161s] Invoked command in '/home/jetson/f1tenth/build/pickup_description' returned '0': PYTHONPATH=/home/jetson/f1tenth/build/pickup_description/prefix_override:/usr/lib/python3/dist-packages/colcon_core/task/python/colcon_distutils_commands:/home/jetson/f1tenth/install/pickup_description/lib/python3.10/site-packages:${PYTHONPATH} /usr/bin/python3 -W ignore:setup.py install is deprecated -W ignore:easy_install command is deprecated setup.py develop --uninstall --editable --build-directory /home/jetson/f1tenth/build/pickup_description/build
[3.162s] Invoking command in '/home/jetson/f1tenth/src/pickup_description': PYTHONPATH=/home/jetson/f1tenth/build/pickup_description/prefix_override:/usr/lib/python3/dist-packages/colcon_core/task/python/colcon_distutils_commands:/home/jetson/f1tenth/install/pickup_description/lib/python3.10/site-packages:${PYTHONPATH} /usr/bin/python3 -W ignore:setup.py install is deprecated -W ignore:easy_install command is deprecated setup.py egg_info --egg-base ../../build/pickup_description build --build-base /home/jetson/f1tenth/build/pickup_description/build install --record /home/jetson/f1tenth/build/pickup_description/install.log --single-version-externally-managed install_data --force
[3.839s] running egg_info
[3.840s] writing ../../build/pickup_description/pickup_description.egg-info/PKG-INFO
[3.841s] writing dependency_links to ../../build/pickup_description/pickup_description.egg-info/dependency_links.txt
[3.842s] writing entry points to ../../build/pickup_description/pickup_description.egg-info/entry_points.txt
[3.842s] writing requirements to ../../build/pickup_description/pickup_description.egg-info/requires.txt
[3.843s] writing top-level names to ../../build/pickup_description/pickup_description.egg-info/top_level.txt
[3.847s] reading manifest file '../../build/pickup_description/pickup_description.egg-info/SOURCES.txt'
[3.849s] writing manifest file '../../build/pickup_description/pickup_description.egg-info/SOURCES.txt'
[3.850s] running build
[3.850s] running build_py
[3.851s] creating /home/jetson/f1tenth/build/pickup_description/build
[3.851s] creating /home/jetson/f1tenth/build/pickup_description/build/lib
[3.851s] creating /home/jetson/f1tenth/build/pickup_description/build/lib/pickup_description
[3.852s] copying pickup_description/marker_publisher.py -> /home/jetson/f1tenth/build/pickup_description/build/lib/pickup_description
[3.852s] copying pickup_description/rounded_rectangle_marker_publisher.py -> /home/jetson/f1tenth/build/pickup_description/build/lib/pickup_description
[3.852s] copying pickup_description/q_path_publisher.py -> /home/jetson/f1tenth/build/pickup_description/build/lib/pickup_description
[3.852s] copying pickup_description/__init__.py -> /home/jetson/f1tenth/build/pickup_description/build/lib/pickup_description
[3.853s] copying pickup_description/mov_robot_model.py -> /home/jetson/f1tenth/build/pickup_description/build/lib/pickup_description
[3.855s] running install
[3.857s] running install_lib
[3.860s] creating /home/jetson/f1tenth/install/pickup_description/lib/python3.10/site-packages/pickup_description
[3.860s] copying /home/jetson/f1tenth/build/pickup_description/build/lib/pickup_description/marker_publisher.py -> /home/jetson/f1tenth/install/pickup_description/lib/python3.10/site-packages/pickup_description
[3.860s] copying /home/jetson/f1tenth/build/pickup_description/build/lib/pickup_description/rounded_rectangle_marker_publisher.py -> /home/jetson/f1tenth/install/pickup_description/lib/python3.10/site-packages/pickup_description
[3.861s] copying /home/jetson/f1tenth/build/pickup_description/build/lib/pickup_description/q_path_publisher.py -> /home/jetson/f1tenth/install/pickup_description/lib/python3.10/site-packages/pickup_description
[3.861s] copying /home/jetson/f1tenth/build/pickup_description/build/lib/pickup_description/__init__.py -> /home/jetson/f1tenth/install/pickup_description/lib/python3.10/site-packages/pickup_description
[3.861s] copying /home/jetson/f1tenth/build/pickup_description/build/lib/pickup_description/mov_robot_model.py -> /home/jetson/f1tenth/install/pickup_description/lib/python3.10/site-packages/pickup_description
[3.863s] byte-compiling /home/jetson/f1tenth/install/pickup_description/lib/python3.10/site-packages/pickup_description/marker_publisher.py to marker_publisher.cpython-310.pyc
[3.867s] byte-compiling /home/jetson/f1tenth/install/pickup_description/lib/python3.10/site-packages/pickup_description/rounded_rectangle_marker_publisher.py to rounded_rectangle_marker_publisher.cpython-310.pyc
[3.868s] byte-compiling /home/jetson/f1tenth/install/pickup_description/lib/python3.10/site-packages/pickup_description/q_path_publisher.py to q_path_publisher.cpython-310.pyc
[3.871s] byte-compiling /home/jetson/f1tenth/install/pickup_description/lib/python3.10/site-packages/pickup_description/__init__.py to __init__.cpython-310.pyc
[3.871s] byte-compiling /home/jetson/f1tenth/install/pickup_description/lib/python3.10/site-packages/pickup_description/mov_robot_model.py to mov_robot_model.cpython-310.pyc
[3.874s] running install_data
[3.875s] copying resource/pickup_description -> /home/jetson/f1tenth/install/pickup_description/share/ament_index/resource_index/packages
[3.879s] copying package.xml -> /home/jetson/f1tenth/install/pickup_description/share/pickup_description
[3.880s] copying launch/map_only.launch.py -> /home/jetson/f1tenth/install/pickup_description/share/pickup_description/launch
[3.880s] copying launch/q_path.launch.py -> /home/jetson/f1tenth/install/pickup_description/share/pickup_description/launch
[3.880s] copying launch/all.launch.py -> /home/jetson/f1tenth/install/pickup_description/share/pickup_description/launch
[3.880s] copying launch/spline.launch.py -> /home/jetson/f1tenth/install/pickup_description/share/pickup_description/launch
[3.880s] copying launch/set_pose.launch.py -> /home/jetson/f1tenth/install/pickup_description/share/pickup_description/launch
[3.881s] copying launch/launch_rounded_rectangle.launch.py -> /home/jetson/f1tenth/install/pickup_description/share/pickup_description/launch
[3.881s] copying launch/robot.launch.py -> /home/jetson/f1tenth/install/pickup_description/share/pickup_description/launch
[3.882s] copying launch/display.launch.py -> /home/jetson/f1tenth/install/pickup_description/share/pickup_description/launch
[3.882s] copying urdf/pickup.urdf -> /home/jetson/f1tenth/install/pickup_description/share/pickup_description/urdf
[3.883s] copying maps/map.yaml -> /home/jetson/f1tenth/install/pickup_description/share/pickup_description/maps
[3.883s] copying maps/map_scaled.pgm -> /home/jetson/f1tenth/install/pickup_description/share/pickup_description/maps
[3.884s] copying maps/map_200.pgm -> /home/jetson/f1tenth/install/pickup_description/share/pickup_description/maps
[3.886s] copying maps/map_half.pgm -> /home/jetson/f1tenth/install/pickup_description/share/pickup_description/maps
[3.887s] copying maps/map.pgm -> /home/jetson/f1tenth/install/pickup_description/share/pickup_description/maps
[3.889s] copying config/splines.yaml -> /home/jetson/f1tenth/install/pickup_description/share/pickup_description/config
[3.890s] running install_egg_info
[3.896s] Copying ../../build/pickup_description/pickup_description.egg-info to /home/jetson/f1tenth/install/pickup_description/lib/python3.10/site-packages/pickup_description-0.0.0-py3.10.egg-info
[3.898s] running install_scripts
[3.949s] Installing marker_publisher script to /home/jetson/f1tenth/install/pickup_description/lib/pickup_description
[3.950s] Installing mov_robot_model script to /home/jetson/f1tenth/install/pickup_description/lib/pickup_description
[3.950s] Installing q_path_publisher script to /home/jetson/f1tenth/install/pickup_description/lib/pickup_description
[3.950s] Installing rounded_rectangle_marker_publisher script to /home/jetson/f1tenth/install/pickup_description/lib/pickup_description
[3.951s] writing list of installed files to '/home/jetson/f1tenth/build/pickup_description/install.log'
[4.046s] Invoked command in '/home/jetson/f1tenth/src/pickup_description' returned '0': PYTHONPATH=/home/jetson/f1tenth/build/pickup_description/prefix_override:/usr/lib/python3/dist-packages/colcon_core/task/python/colcon_distutils_commands:/home/jetson/f1tenth/install/pickup_description/lib/python3.10/site-packages:${PYTHONPATH} /usr/bin/python3 -W ignore:setup.py install is deprecated -W ignore:easy_install command is deprecated setup.py egg_info --egg-base ../../build/pickup_description build --build-base /home/jetson/f1tenth/build/pickup_description/build install --record /home/jetson/f1tenth/build/pickup_description/install.log --single-version-externally-managed install_data --force
