[0.019s] Invoking command in '/home/jetson/f1tenth/build/obstacle_publisher': /usr/bin/cmake /home/jetson/f1tenth/src/obstacle_publisher -DCMAKE_INSTALL_PREFIX=/home/jetson/f1tenth/install/obstacle_publisher
[0.075s] -- Found ament_cmake: 1.3.11 (/opt/ros/humble/share/ament_cmake/cmake)
[0.440s] Traceback (most recent call last):
[0.440s]   File "/opt/ros/humble/share/ament_cmake_core/cmake/package_templates/templates_2_cmake.py", line 21, in <module>
[0.441s]     from ament_package.templates import get_environment_hook_template_path
[0.441s] ModuleNotFoundError: No module named 'ament_package'
[0.479s] [31mCMake Error at /opt/ros/humble/share/ament_cmake_core/cmake/ament_cmake_package_templates-extras.cmake:41 (message):
[0.479s]   execute_process(/usr/bin/python3
[0.479s]   /opt/ros/humble/share/ament_cmake_core/cmake/package_templates/templates_2_cmake.py
[0.479s]   /home/jetson/f1tenth/build/obstacle_publisher/ament_cmake_package_templates/templates.cmake)
[0.480s]   returned error code 1
[0.480s] Call Stack (most recent call first):
[0.480s]   /opt/ros/humble/share/ament_cmake_core/cmake/ament_cmake_coreConfig.cmake:41 (include)
[0.480s]   /opt/ros/humble/share/ament_cmake/cmake/ament_cmake_export_dependencies-extras.cmake:15 (find_package)
[0.480s]   /opt/ros/humble/share/ament_cmake/cmake/ament_cmakeConfig.cmake:41 (include)
[0.480s]   CMakeLists.txt:9 (find_package)
[0.480s] 
[0.481s] [0m
[0.481s] -- Configuring incomplete, errors occurred!
[0.481s] See also "/home/jetson/f1tenth/build/obstacle_publisher/CMakeFiles/CMakeOutput.log".
[0.487s] Invoked command in '/home/jetson/f1tenth/build/obstacle_publisher' returned '1': /usr/bin/cmake /home/jetson/f1tenth/src/obstacle_publisher -DCMAKE_INSTALL_PREFIX=/home/jetson/f1tenth/install/obstacle_publisher
