[0.102s] Invoking command in '/home/jetson/f1tenth/build/vesc_ackermann': AMENT_PREFIX_PATH=/home/jetson/f1tenth/install/vesc_msgs:${AMENT_PREFIX_PATH} CMAKE_PREFIX_PATH=/home/jetson/f1tenth/install/vesc_msgs:/opt/ros/humble LD_LIBRARY_PATH=/home/jetson/f1tenth/install/vesc_msgs/lib:/usr/local/cuda-12.6/lib64:/opt/ros/humble/opt/rviz_ogre_vendor/lib:/opt/ros/humble/lib/aarch64-linux-gnu:/opt/ros/humble/lib:/usr/local/cuda-12.6/lib64:/usr/local/cuda-12.6/lib64 PYTHONPATH=/home/jetson/f1tenth/install/vesc_msgs/local/lib/python3.10/dist-packages:${PYTHONPATH} /usr/bin/cmake /home/jetson/f1tenth/src/f1tenth_system/vesc/vesc/vesc_ackermann -DAMENT_CMAKE_SYMLINK_INSTALL=1 -DCMAKE_INSTALL_PREFIX=/home/jetson/f1tenth/install/vesc_ackermann
[1.045s] -- The C compiler identification is GNU 11.4.0
[1.045s] -- The CXX compiler identification is GNU 11.4.0
[1.045s] -- Detecting C compiler ABI info
[1.319s] -- Detecting C compiler ABI info - done
[1.342s] -- Check for working C compiler: /usr/bin/cc - skipped
[1.345s] -- Detecting C compile features
[1.348s] -- Detecting C compile features - done
[1.369s] -- Detecting CXX compiler ABI info
[1.871s] -- Detecting CXX compiler ABI info - done
[1.920s] -- Check for working CXX compiler: /usr/bin/c++ - skipped
[1.920s] -- Detecting CXX compile features
[1.921s] -- Detecting CXX compile features - done
[1.946s] -- Found ament_cmake_auto: 1.3.11 (/opt/ros/humble/share/ament_cmake_auto/cmake)
[2.598s] -- Found Python3: /usr/bin/python3 (found version "3.10.12") found components: Interpreter 
[3.041s] -- Override CMake install command with custom implementation using symlinks instead of copying resources
[3.858s] -- Found rosidl_generator_c: 3.1.6 (/opt/ros/humble/share/rosidl_generator_c/cmake)
[3.882s] -- Found rosidl_adapter: 3.1.6 (/opt/ros/humble/share/rosidl_adapter/cmake)
[3.929s] -- Found rosidl_generator_cpp: 3.1.6 (/opt/ros/humble/share/rosidl_generator_cpp/cmake)
[4.030s] -- Using all available rosidl_typesupport_c: rosidl_typesupport_fastrtps_c;rosidl_typesupport_introspection_c
[4.149s] -- Using all available rosidl_typesupport_cpp: rosidl_typesupport_fastrtps_cpp;rosidl_typesupport_introspection_cpp
[4.954s] -- Found rmw_implementation_cmake: 6.1.2 (/opt/ros/humble/share/rmw_implementation_cmake/cmake)
[4.974s] -- Found rmw_cyclonedds_cpp: 1.3.4 (/opt/ros/humble/share/rmw_cyclonedds_cpp/cmake)
[5.103s] -- Using RMW implementation 'rmw_cyclonedds_cpp' as default
[5.157s] -- Looking for pthread.h
[5.595s] -- Looking for pthread.h - found
[5.597s] -- Performing Test CMAKE_HAVE_LIBC_PTHREAD
[6.045s] -- Performing Test CMAKE_HAVE_LIBC_PTHREAD - Success
[6.045s] -- Found Threads: TRUE  
[6.903s] -- Found ament_lint_auto: 0.12.12 (/opt/ros/humble/share/ament_lint_auto/cmake)
[6.971s] -- Added test 'copyright' to check source files copyright and LICENSE
[6.977s] -- Added test 'cppcheck' to perform static code analysis on C / C++ code
[6.978s] -- Configured cppcheck include dirs: /home/jetson/f1tenth/src/f1tenth_system/vesc/vesc/vesc_ackermann/include
[6.978s] -- Configured cppcheck exclude dirs and/or files: 
[6.980s] -- Added test 'cpplint' to check C / C++ code against the Google style
[6.980s] -- Configured cpplint exclude dirs and/or files: 
[6.985s] -- Added test 'lint_cmake' to check CMake code style
[6.988s] -- Added test 'uncrustify' to check C / C++ code style
[6.989s] -- Configured uncrustify additional arguments: 
[6.989s] -- Added test 'xmllint' to check XML markup files
[7.000s] -- Configuring done
[7.069s] -- Generating done
[7.108s] -- Build files have been written to: /home/jetson/f1tenth/build/vesc_ackermann
[7.169s] Invoked command in '/home/jetson/f1tenth/build/vesc_ackermann' returned '0': AMENT_PREFIX_PATH=/home/jetson/f1tenth/install/vesc_msgs:${AMENT_PREFIX_PATH} CMAKE_PREFIX_PATH=/home/jetson/f1tenth/install/vesc_msgs:/opt/ros/humble LD_LIBRARY_PATH=/home/jetson/f1tenth/install/vesc_msgs/lib:/usr/local/cuda-12.6/lib64:/opt/ros/humble/opt/rviz_ogre_vendor/lib:/opt/ros/humble/lib/aarch64-linux-gnu:/opt/ros/humble/lib:/usr/local/cuda-12.6/lib64:/usr/local/cuda-12.6/lib64 PYTHONPATH=/home/jetson/f1tenth/install/vesc_msgs/local/lib/python3.10/dist-packages:${PYTHONPATH} /usr/bin/cmake /home/jetson/f1tenth/src/f1tenth_system/vesc/vesc/vesc_ackermann -DAMENT_CMAKE_SYMLINK_INSTALL=1 -DCMAKE_INSTALL_PREFIX=/home/jetson/f1tenth/install/vesc_ackermann
[7.178s] Invoking command in '/home/jetson/f1tenth/build/vesc_ackermann': AMENT_PREFIX_PATH=/home/jetson/f1tenth/install/vesc_msgs:${AMENT_PREFIX_PATH} CMAKE_PREFIX_PATH=/home/jetson/f1tenth/install/vesc_msgs:/opt/ros/humble LD_LIBRARY_PATH=/home/jetson/f1tenth/install/vesc_msgs/lib:/usr/local/cuda-12.6/lib64:/opt/ros/humble/opt/rviz_ogre_vendor/lib:/opt/ros/humble/lib/aarch64-linux-gnu:/opt/ros/humble/lib:/usr/local/cuda-12.6/lib64:/usr/local/cuda-12.6/lib64 PYTHONPATH=/home/jetson/f1tenth/install/vesc_msgs/local/lib/python3.10/dist-packages:${PYTHONPATH} /usr/bin/cmake --build /home/jetson/f1tenth/build/vesc_ackermann -- -j6 -l6
[7.451s] [ 14%] [32mBuilding CXX object CMakeFiles/vesc_ackermann.dir/src/ackermann_to_vesc.cpp.o[0m
[38.133s] [ 28%] [32mBuilding CXX object CMakeFiles/vesc_ackermann.dir/src/vesc_to_odom.cpp.o[0m
[69.835s] [ 42%] [32m[1mLinking CXX shared library libvesc_ackermann.so[0m
[72.284s] [ 42%] Built target vesc_ackermann
[72.328s] [ 57%] [32mBuilding CXX object CMakeFiles/vesc_to_odom_node.dir/rclcpp_components/node_main_vesc_to_odom_node.cpp.o[0m
[80.523s] [ 71%] [32m[1mLinking CXX executable vesc_to_odom_node[0m
[80.816s] [ 71%] Built target vesc_to_odom_node
[80.858s] [ 85%] [32mBuilding CXX object CMakeFiles/ackermann_to_vesc_node.dir/rclcpp_components/node_main_ackermann_to_vesc_node.cpp.o[0m
[89.005s] [100%] [32m[1mLinking CXX executable ackermann_to_vesc_node[0m
[89.290s] [100%] Built target ackermann_to_vesc_node
[89.316s] Invoked command in '/home/jetson/f1tenth/build/vesc_ackermann' returned '0': AMENT_PREFIX_PATH=/home/jetson/f1tenth/install/vesc_msgs:${AMENT_PREFIX_PATH} CMAKE_PREFIX_PATH=/home/jetson/f1tenth/install/vesc_msgs:/opt/ros/humble LD_LIBRARY_PATH=/home/jetson/f1tenth/install/vesc_msgs/lib:/usr/local/cuda-12.6/lib64:/opt/ros/humble/opt/rviz_ogre_vendor/lib:/opt/ros/humble/lib/aarch64-linux-gnu:/opt/ros/humble/lib:/usr/local/cuda-12.6/lib64:/usr/local/cuda-12.6/lib64 PYTHONPATH=/home/jetson/f1tenth/install/vesc_msgs/local/lib/python3.10/dist-packages:${PYTHONPATH} /usr/bin/cmake --build /home/jetson/f1tenth/build/vesc_ackermann -- -j6 -l6
[89.319s] Invoking command in '/home/jetson/f1tenth/build/vesc_ackermann': AMENT_PREFIX_PATH=/home/jetson/f1tenth/install/vesc_msgs:${AMENT_PREFIX_PATH} CMAKE_PREFIX_PATH=/home/jetson/f1tenth/install/vesc_msgs:/opt/ros/humble LD_LIBRARY_PATH=/home/jetson/f1tenth/install/vesc_msgs/lib:/usr/local/cuda-12.6/lib64:/opt/ros/humble/opt/rviz_ogre_vendor/lib:/opt/ros/humble/lib/aarch64-linux-gnu:/opt/ros/humble/lib:/usr/local/cuda-12.6/lib64:/usr/local/cuda-12.6/lib64 PYTHONPATH=/home/jetson/f1tenth/install/vesc_msgs/local/lib/python3.10/dist-packages:${PYTHONPATH} /usr/bin/cmake --install /home/jetson/f1tenth/build/vesc_ackermann
[89.335s] -- Install configuration: ""
[89.337s] -- Execute custom install script
[89.337s] -- Symlinking: /home/jetson/f1tenth/install/vesc_ackermann/lib/vesc_ackermann/ackermann_to_vesc_node
[89.358s] -- Symlinking: /home/jetson/f1tenth/install/vesc_ackermann/lib/vesc_ackermann/vesc_to_odom_node
[89.377s] -- Symlinking: /home/jetson/f1tenth/install/vesc_ackermann/include/vesc_ackermann/ackermann_to_vesc.hpp
[89.395s] -- Symlinking: /home/jetson/f1tenth/install/vesc_ackermann/include/vesc_ackermann/vesc_to_odom.hpp
[89.413s] -- Symlinking: /home/jetson/f1tenth/install/vesc_ackermann/share/vesc_ackermann/environment/library_path.sh
[89.432s] -- Symlinking: /home/jetson/f1tenth/install/vesc_ackermann/share/vesc_ackermann/environment/library_path.dsv
[89.451s] -- Symlinking: /home/jetson/f1tenth/install/vesc_ackermann/lib/libvesc_ackermann.so
[89.470s] -- Symlinking: /home/jetson/f1tenth/install/vesc_ackermann/share/vesc_ackermann/launch/ackermann_to_vesc_node.launch.xml
[89.488s] -- Symlinking: /home/jetson/f1tenth/install/vesc_ackermann/share/vesc_ackermann/launch/vesc_to_odom_node.launch.xml
[89.506s] -- Symlinking: /home/jetson/f1tenth/install/vesc_ackermann/share/ament_index/resource_index/package_run_dependencies/vesc_ackermann
[89.526s] -- Symlinking: /home/jetson/f1tenth/install/vesc_ackermann/share/ament_index/resource_index/parent_prefix_path/vesc_ackermann
[89.544s] -- Symlinking: /home/jetson/f1tenth/install/vesc_ackermann/share/vesc_ackermann/environment/ament_prefix_path.sh
[89.563s] -- Symlinking: /home/jetson/f1tenth/install/vesc_ackermann/share/vesc_ackermann/environment/ament_prefix_path.dsv
[89.581s] -- Symlinking: /home/jetson/f1tenth/install/vesc_ackermann/share/vesc_ackermann/environment/path.sh
[89.599s] -- Symlinking: /home/jetson/f1tenth/install/vesc_ackermann/share/vesc_ackermann/environment/path.dsv
[89.619s] -- Symlinking: /home/jetson/f1tenth/install/vesc_ackermann/share/vesc_ackermann/local_setup.bash
[89.637s] -- Symlinking: /home/jetson/f1tenth/install/vesc_ackermann/share/vesc_ackermann/local_setup.sh
[89.656s] -- Symlinking: /home/jetson/f1tenth/install/vesc_ackermann/share/vesc_ackermann/local_setup.zsh
[89.675s] -- Symlinking: /home/jetson/f1tenth/install/vesc_ackermann/share/vesc_ackermann/local_setup.dsv
[89.693s] -- Symlinking: /home/jetson/f1tenth/install/vesc_ackermann/share/vesc_ackermann/package.dsv
[89.715s] -- Symlinking: /home/jetson/f1tenth/install/vesc_ackermann/share/ament_index/resource_index/packages/vesc_ackermann
[89.732s] -- Symlinking: /home/jetson/f1tenth/install/vesc_ackermann/share/ament_index/resource_index/rclcpp_components/vesc_ackermann
[89.752s] -- Symlinking: /home/jetson/f1tenth/install/vesc_ackermann/share/vesc_ackermann/cmake/ament_cmake_export_dependencies-extras.cmake
[89.771s] -- Symlinking: /home/jetson/f1tenth/install/vesc_ackermann/share/vesc_ackermann/cmake/ament_cmake_export_include_directories-extras.cmake
[89.789s] -- Symlinking: /home/jetson/f1tenth/install/vesc_ackermann/share/vesc_ackermann/cmake/ament_cmake_export_libraries-extras.cmake
[89.808s] -- Symlinking: /home/jetson/f1tenth/install/vesc_ackermann/share/vesc_ackermann/cmake/vesc_ackermannConfig.cmake
[89.826s] -- Symlinking: /home/jetson/f1tenth/install/vesc_ackermann/share/vesc_ackermann/cmake/vesc_ackermannConfig-version.cmake
[89.846s] -- Symlinking: /home/jetson/f1tenth/install/vesc_ackermann/share/vesc_ackermann/package.xml
[89.868s] Invoked command in '/home/jetson/f1tenth/build/vesc_ackermann' returned '0': AMENT_PREFIX_PATH=/home/jetson/f1tenth/install/vesc_msgs:${AMENT_PREFIX_PATH} CMAKE_PREFIX_PATH=/home/jetson/f1tenth/install/vesc_msgs:/opt/ros/humble LD_LIBRARY_PATH=/home/jetson/f1tenth/install/vesc_msgs/lib:/usr/local/cuda-12.6/lib64:/opt/ros/humble/opt/rviz_ogre_vendor/lib:/opt/ros/humble/lib/aarch64-linux-gnu:/opt/ros/humble/lib:/usr/local/cuda-12.6/lib64:/usr/local/cuda-12.6/lib64 PYTHONPATH=/home/jetson/f1tenth/install/vesc_msgs/local/lib/python3.10/dist-packages:${PYTHONPATH} /usr/bin/cmake --install /home/jetson/f1tenth/build/vesc_ackermann
