[0.267s] DEBUG:colcon:Command line arguments: ['/usr/bin/colcon', 'build', '--packages-select', 'dwa_follower']
[0.267s] DEBUG:colcon:Parsed command line arguments: Namespace(log_base=None, log_level=None, verb_name='build', build_base='build', install_base='install', merge_install=False, symlink_install=False, test_result_base=None, continue_on_error=False, executor='parallel', parallel_workers=6, event_handlers=None, ignore_user_meta=False, metas=['./colcon.meta'], base_paths=['.'], packages_ignore=None, packages_ignore_regex=None, paths=None, packages_up_to=None, packages_up_to_regex=None, packages_above=None, packages_above_and_dependencies=None, packages_above_depth=None, packages_select_by_dep=None, packages_skip_by_dep=None, packages_skip_up_to=None, packages_select_build_failed=False, packages_skip_build_finished=False, packages_select_test_failures=False, packages_skip_test_passed=False, packages_select=['dwa_follower'], packages_skip=None, packages_select_regex=None, packages_skip_regex=None, packages_start=None, packages_end=None, allow_overriding=[], cmake_args=None, cmake_target=None, cmake_target_skip_unavailable=False, cmake_clean_cache=False, cmake_clean_first=False, cmake_force_configure=False, ament_cmake_args=None, catkin_cmake_args=None, catkin_skip_building_tests=False, mixin_files=None, mixin=None, verb_parser=<colcon_mixin.mixin.mixin_argument.MixinArgumentDecorator object at 0xffffabe7eec0>, verb_extension=<colcon_core.verb.build.BuildVerb object at 0xffffabe7e0b0>, main=<bound method BuildVerb.main of <colcon_core.verb.build.BuildVerb object at 0xffffabe7e0b0>>, mixin_verb=('build',))
[0.818s] Level 1:colcon.colcon_core.package_discovery:discover_packages(colcon_meta) check parameters
[0.818s] Level 1:colcon.colcon_core.package_discovery:discover_packages(recursive) check parameters
[0.818s] Level 1:colcon.colcon_core.package_discovery:discover_packages(ignore) check parameters
[0.818s] Level 1:colcon.colcon_core.package_discovery:discover_packages(path) check parameters
[0.818s] Level 1:colcon.colcon_core.package_discovery:discover_packages(colcon_meta) discover
[0.819s] Level 1:colcon.colcon_core.package_discovery:discover_packages(recursive) discover
[0.819s] INFO:colcon.colcon_core.package_discovery:Crawling recursively for packages in '/home/jetson/f1tenth'
[0.819s] Level 1:colcon.colcon_core.package_identification:_identify(.) by extensions ['ignore', 'ignore_ament_install']
[0.819s] Level 1:colcon.colcon_core.package_identification:_identify(.) by extension 'ignore'
[0.820s] Level 1:colcon.colcon_core.package_identification:_identify(.) by extension 'ignore_ament_install'
[0.820s] Level 1:colcon.colcon_core.package_identification:_identify(.) by extensions ['colcon_pkg']
[0.820s] Level 1:colcon.colcon_core.package_identification:_identify(.) by extension 'colcon_pkg'
[0.820s] Level 1:colcon.colcon_core.package_identification:_identify(.) by extensions ['colcon_meta']
[0.820s] Level 1:colcon.colcon_core.package_identification:_identify(.) by extension 'colcon_meta'
[0.820s] Level 1:colcon.colcon_core.package_identification:_identify(.) by extensions ['ros']
[0.820s] Level 1:colcon.colcon_core.package_identification:_identify(.) by extension 'ros'
[0.850s] Level 1:colcon.colcon_core.package_identification:_identify(.) by extensions ['cmake', 'python']
[0.850s] Level 1:colcon.colcon_core.package_identification:_identify(.) by extension 'cmake'
[0.850s] Level 1:colcon.colcon_core.package_identification:_identify(.) by extension 'python'
[0.850s] Level 1:colcon.colcon_core.package_identification:_identify(.) by extensions ['python_setup_py']
[0.851s] Level 1:colcon.colcon_core.package_identification:_identify(.) by extension 'python_setup_py'
[0.851s] Level 1:colcon.colcon_core.package_identification:_identify(build) by extensions ['ignore', 'ignore_ament_install']
[0.851s] Level 1:colcon.colcon_core.package_identification:_identify(build) by extension 'ignore'
[0.851s] Level 1:colcon.colcon_core.package_identification:_identify(build) ignored
[0.852s] Level 1:colcon.colcon_core.package_identification:_identify(install) by extensions ['ignore', 'ignore_ament_install']
[0.852s] Level 1:colcon.colcon_core.package_identification:_identify(install) by extension 'ignore'
[0.852s] Level 1:colcon.colcon_core.package_identification:_identify(install) ignored
[0.853s] Level 1:colcon.colcon_core.package_identification:_identify(log) by extensions ['ignore', 'ignore_ament_install']
[0.853s] Level 1:colcon.colcon_core.package_identification:_identify(log) by extension 'ignore'
[0.853s] Level 1:colcon.colcon_core.package_identification:_identify(log) ignored
[0.854s] Level 1:colcon.colcon_core.package_identification:_identify(osqp) by extensions ['ignore', 'ignore_ament_install']
[0.854s] Level 1:colcon.colcon_core.package_identification:_identify(osqp) by extension 'ignore'
[0.854s] Level 1:colcon.colcon_core.package_identification:_identify(osqp) by extension 'ignore_ament_install'
[0.854s] Level 1:colcon.colcon_core.package_identification:_identify(osqp) by extensions ['colcon_pkg']
[0.854s] Level 1:colcon.colcon_core.package_identification:_identify(osqp) by extension 'colcon_pkg'
[0.854s] Level 1:colcon.colcon_core.package_identification:_identify(osqp) by extensions ['colcon_meta']
[0.854s] Level 1:colcon.colcon_core.package_identification:_identify(osqp) by extension 'colcon_meta'
[0.855s] Level 1:colcon.colcon_core.package_identification:_identify(osqp) by extensions ['ros']
[0.855s] Level 1:colcon.colcon_core.package_identification:_identify(osqp) by extension 'ros'
[0.855s] Level 1:colcon.colcon_core.package_identification:_identify(osqp) by extensions ['cmake', 'python']
[0.855s] Level 1:colcon.colcon_core.package_identification:_identify(osqp) by extension 'cmake'
[0.914s] Level 1:colcon.colcon_core.package_identification:_identify(osqp) by extension 'python'
[0.915s] DEBUG:colcon.colcon_core.package_identification:Package 'osqp' with type 'cmake' and name 'osqp'
[0.915s] Level 1:colcon.colcon_core.package_identification:_identify(src) by extensions ['ignore', 'ignore_ament_install']
[0.915s] Level 1:colcon.colcon_core.package_identification:_identify(src) by extension 'ignore'
[0.915s] Level 1:colcon.colcon_core.package_identification:_identify(src) by extension 'ignore_ament_install'
[0.916s] Level 1:colcon.colcon_core.package_identification:_identify(src) by extensions ['colcon_pkg']
[0.916s] Level 1:colcon.colcon_core.package_identification:_identify(src) by extension 'colcon_pkg'
[0.916s] Level 1:colcon.colcon_core.package_identification:_identify(src) by extensions ['colcon_meta']
[0.916s] Level 1:colcon.colcon_core.package_identification:_identify(src) by extension 'colcon_meta'
[0.916s] Level 1:colcon.colcon_core.package_identification:_identify(src) by extensions ['ros']
[0.916s] Level 1:colcon.colcon_core.package_identification:_identify(src) by extension 'ros'
[0.916s] Level 1:colcon.colcon_core.package_identification:_identify(src) by extensions ['cmake', 'python']
[0.916s] Level 1:colcon.colcon_core.package_identification:_identify(src) by extension 'cmake'
[0.917s] Level 1:colcon.colcon_core.package_identification:_identify(src) by extension 'python'
[0.917s] Level 1:colcon.colcon_core.package_identification:_identify(src) by extensions ['python_setup_py']
[0.917s] Level 1:colcon.colcon_core.package_identification:_identify(src) by extension 'python_setup_py'
[0.917s] Level 1:colcon.colcon_core.package_identification:_identify(src/LBFGSpp) by extensions ['ignore', 'ignore_ament_install']
[0.918s] Level 1:colcon.colcon_core.package_identification:_identify(src/LBFGSpp) by extension 'ignore'
[0.918s] Level 1:colcon.colcon_core.package_identification:_identify(src/LBFGSpp) by extension 'ignore_ament_install'
[0.918s] Level 1:colcon.colcon_core.package_identification:_identify(src/LBFGSpp) by extensions ['colcon_pkg']
[0.918s] Level 1:colcon.colcon_core.package_identification:_identify(src/LBFGSpp) by extension 'colcon_pkg'
[0.918s] Level 1:colcon.colcon_core.package_identification:_identify(src/LBFGSpp) by extensions ['colcon_meta']
[0.918s] Level 1:colcon.colcon_core.package_identification:_identify(src/LBFGSpp) by extension 'colcon_meta'
[0.918s] Level 1:colcon.colcon_core.package_identification:_identify(src/LBFGSpp) by extensions ['ros']
[0.918s] Level 1:colcon.colcon_core.package_identification:_identify(src/LBFGSpp) by extension 'ros'
[0.919s] Level 1:colcon.colcon_core.package_identification:_identify(src/LBFGSpp) by extensions ['cmake', 'python']
[0.919s] Level 1:colcon.colcon_core.package_identification:_identify(src/LBFGSpp) by extension 'cmake'
[0.921s] Level 1:colcon.colcon_core.package_identification:_identify(src/LBFGSpp) by extension 'python'
[0.921s] DEBUG:colcon.colcon_core.package_identification:Package 'src/LBFGSpp' with type 'cmake' and name 'lbfgspp'
[0.921s] Level 1:colcon.colcon_core.package_identification:_identify(src/OsqpEigen) by extensions ['ignore', 'ignore_ament_install']
[0.922s] Level 1:colcon.colcon_core.package_identification:_identify(src/OsqpEigen) by extension 'ignore'
[0.922s] Level 1:colcon.colcon_core.package_identification:_identify(src/OsqpEigen) by extension 'ignore_ament_install'
[0.922s] Level 1:colcon.colcon_core.package_identification:_identify(src/OsqpEigen) by extensions ['colcon_pkg']
[0.922s] Level 1:colcon.colcon_core.package_identification:_identify(src/OsqpEigen) by extension 'colcon_pkg'
[0.922s] Level 1:colcon.colcon_core.package_identification:_identify(src/OsqpEigen) by extensions ['colcon_meta']
[0.922s] Level 1:colcon.colcon_core.package_identification:_identify(src/OsqpEigen) by extension 'colcon_meta'
[0.922s] Level 1:colcon.colcon_core.package_identification:_identify(src/OsqpEigen) by extensions ['ros']
[0.923s] Level 1:colcon.colcon_core.package_identification:_identify(src/OsqpEigen) by extension 'ros'
[0.936s] DEBUG:colcon.colcon_core.package_identification:Package 'src/OsqpEigen' with type 'ros.cmake' and name 'osqp-eigen'
[0.937s] Level 1:colcon.colcon_core.package_identification:_identify(src/dwa_follower) by extensions ['ignore', 'ignore_ament_install']
[0.937s] Level 1:colcon.colcon_core.package_identification:_identify(src/dwa_follower) by extension 'ignore'
[0.937s] Level 1:colcon.colcon_core.package_identification:_identify(src/dwa_follower) by extension 'ignore_ament_install'
[0.938s] Level 1:colcon.colcon_core.package_identification:_identify(src/dwa_follower) by extensions ['colcon_pkg']
[0.938s] Level 1:colcon.colcon_core.package_identification:_identify(src/dwa_follower) by extension 'colcon_pkg'
[0.938s] Level 1:colcon.colcon_core.package_identification:_identify(src/dwa_follower) by extensions ['colcon_meta']
[0.938s] Level 1:colcon.colcon_core.package_identification:_identify(src/dwa_follower) by extension 'colcon_meta'
[0.938s] Level 1:colcon.colcon_core.package_identification:_identify(src/dwa_follower) by extensions ['ros']
[0.938s] Level 1:colcon.colcon_core.package_identification:_identify(src/dwa_follower) by extension 'ros'
[0.941s] DEBUG:colcon.colcon_core.package_identification:Package 'src/dwa_follower' with type 'ros.ament_cmake' and name 'dwa_follower'
[0.941s] Level 1:colcon.colcon_core.package_identification:_identify(src/f1tenth_system) by extensions ['ignore', 'ignore_ament_install']
[0.942s] Level 1:colcon.colcon_core.package_identification:_identify(src/f1tenth_system) by extension 'ignore'
[0.942s] Level 1:colcon.colcon_core.package_identification:_identify(src/f1tenth_system) by extension 'ignore_ament_install'
[0.942s] Level 1:colcon.colcon_core.package_identification:_identify(src/f1tenth_system) by extensions ['colcon_pkg']
[0.942s] Level 1:colcon.colcon_core.package_identification:_identify(src/f1tenth_system) by extension 'colcon_pkg'
[0.942s] Level 1:colcon.colcon_core.package_identification:_identify(src/f1tenth_system) by extensions ['colcon_meta']
[0.942s] Level 1:colcon.colcon_core.package_identification:_identify(src/f1tenth_system) by extension 'colcon_meta'
[0.943s] Level 1:colcon.colcon_core.package_identification:_identify(src/f1tenth_system) by extensions ['ros']
[0.943s] Level 1:colcon.colcon_core.package_identification:_identify(src/f1tenth_system) by extension 'ros'
[0.943s] Level 1:colcon.colcon_core.package_identification:_identify(src/f1tenth_system) by extensions ['cmake', 'python']
[0.943s] Level 1:colcon.colcon_core.package_identification:_identify(src/f1tenth_system) by extension 'cmake'
[0.943s] Level 1:colcon.colcon_core.package_identification:_identify(src/f1tenth_system) by extension 'python'
[0.944s] Level 1:colcon.colcon_core.package_identification:_identify(src/f1tenth_system) by extensions ['python_setup_py']
[0.944s] Level 1:colcon.colcon_core.package_identification:_identify(src/f1tenth_system) by extension 'python_setup_py'
[0.944s] Level 1:colcon.colcon_core.package_identification:_identify(src/f1tenth_system/ackermann_mux) by extensions ['ignore', 'ignore_ament_install']
[0.944s] Level 1:colcon.colcon_core.package_identification:_identify(src/f1tenth_system/ackermann_mux) by extension 'ignore'
[0.944s] Level 1:colcon.colcon_core.package_identification:_identify(src/f1tenth_system/ackermann_mux) by extension 'ignore_ament_install'
[0.944s] Level 1:colcon.colcon_core.package_identification:_identify(src/f1tenth_system/ackermann_mux) by extensions ['colcon_pkg']
[0.944s] Level 1:colcon.colcon_core.package_identification:_identify(src/f1tenth_system/ackermann_mux) by extension 'colcon_pkg'
[0.945s] Level 1:colcon.colcon_core.package_identification:_identify(src/f1tenth_system/ackermann_mux) by extensions ['colcon_meta']
[0.945s] Level 1:colcon.colcon_core.package_identification:_identify(src/f1tenth_system/ackermann_mux) by extension 'colcon_meta'
[0.945s] Level 1:colcon.colcon_core.package_identification:_identify(src/f1tenth_system/ackermann_mux) by extensions ['ros']
[0.945s] Level 1:colcon.colcon_core.package_identification:_identify(src/f1tenth_system/ackermann_mux) by extension 'ros'
[0.945s] Level 1:colcon.colcon_core.package_identification:_identify(src/f1tenth_system/ackermann_mux) by extensions ['cmake', 'python']
[0.945s] Level 1:colcon.colcon_core.package_identification:_identify(src/f1tenth_system/ackermann_mux) by extension 'cmake'
[0.945s] Level 1:colcon.colcon_core.package_identification:_identify(src/f1tenth_system/ackermann_mux) by extension 'python'
[0.945s] Level 1:colcon.colcon_core.package_identification:_identify(src/f1tenth_system/ackermann_mux) by extensions ['python_setup_py']
[0.945s] Level 1:colcon.colcon_core.package_identification:_identify(src/f1tenth_system/ackermann_mux) by extension 'python_setup_py'
[0.946s] Level 1:colcon.colcon_core.package_identification:_identify(src/f1tenth_system/ackermann_mux/ackermann_mux) by extensions ['ignore', 'ignore_ament_install']
[0.946s] Level 1:colcon.colcon_core.package_identification:_identify(src/f1tenth_system/ackermann_mux/ackermann_mux) by extension 'ignore'
[0.946s] Level 1:colcon.colcon_core.package_identification:_identify(src/f1tenth_system/ackermann_mux/ackermann_mux) by extension 'ignore_ament_install'
[0.946s] Level 1:colcon.colcon_core.package_identification:_identify(src/f1tenth_system/ackermann_mux/ackermann_mux) by extensions ['colcon_pkg']
[0.946s] Level 1:colcon.colcon_core.package_identification:_identify(src/f1tenth_system/ackermann_mux/ackermann_mux) by extension 'colcon_pkg'
[0.946s] Level 1:colcon.colcon_core.package_identification:_identify(src/f1tenth_system/ackermann_mux/ackermann_mux) by extensions ['colcon_meta']
[0.946s] Level 1:colcon.colcon_core.package_identification:_identify(src/f1tenth_system/ackermann_mux/ackermann_mux) by extension 'colcon_meta'
[0.947s] Level 1:colcon.colcon_core.package_identification:_identify(src/f1tenth_system/ackermann_mux/ackermann_mux) by extensions ['ros']
[0.947s] Level 1:colcon.colcon_core.package_identification:_identify(src/f1tenth_system/ackermann_mux/ackermann_mux) by extension 'ros'
[0.949s] DEBUG:colcon.colcon_core.package_identification:Package 'src/f1tenth_system/ackermann_mux/ackermann_mux' with type 'ros.ament_cmake' and name 'ackermann_mux'
[0.950s] Level 1:colcon.colcon_core.package_identification:_identify(src/f1tenth_system/f1tenth_stack) by extensions ['ignore', 'ignore_ament_install']
[0.950s] Level 1:colcon.colcon_core.package_identification:_identify(src/f1tenth_system/f1tenth_stack) by extension 'ignore'
[0.950s] Level 1:colcon.colcon_core.package_identification:_identify(src/f1tenth_system/f1tenth_stack) by extension 'ignore_ament_install'
[0.950s] Level 1:colcon.colcon_core.package_identification:_identify(src/f1tenth_system/f1tenth_stack) by extensions ['colcon_pkg']
[0.950s] Level 1:colcon.colcon_core.package_identification:_identify(src/f1tenth_system/f1tenth_stack) by extension 'colcon_pkg'
[0.951s] Level 1:colcon.colcon_core.package_identification:_identify(src/f1tenth_system/f1tenth_stack) by extensions ['colcon_meta']
[0.951s] Level 1:colcon.colcon_core.package_identification:_identify(src/f1tenth_system/f1tenth_stack) by extension 'colcon_meta'
[0.951s] Level 1:colcon.colcon_core.package_identification:_identify(src/f1tenth_system/f1tenth_stack) by extensions ['ros']
[0.951s] Level 1:colcon.colcon_core.package_identification:_identify(src/f1tenth_system/f1tenth_stack) by extension 'ros'
[0.956s] DEBUG:colcon.colcon_core.package_identification:Package 'src/f1tenth_system/f1tenth_stack' with type 'ros.ament_python' and name 'f1tenth_stack'
[0.957s] Level 1:colcon.colcon_core.package_identification:_identify(src/f1tenth_system/scripts) by extensions ['ignore', 'ignore_ament_install']
[0.957s] Level 1:colcon.colcon_core.package_identification:_identify(src/f1tenth_system/scripts) by extension 'ignore'
[0.957s] Level 1:colcon.colcon_core.package_identification:_identify(src/f1tenth_system/scripts) by extension 'ignore_ament_install'
[0.957s] Level 1:colcon.colcon_core.package_identification:_identify(src/f1tenth_system/scripts) by extensions ['colcon_pkg']
[0.958s] Level 1:colcon.colcon_core.package_identification:_identify(src/f1tenth_system/scripts) by extension 'colcon_pkg'
[0.958s] Level 1:colcon.colcon_core.package_identification:_identify(src/f1tenth_system/scripts) by extensions ['colcon_meta']
[0.958s] Level 1:colcon.colcon_core.package_identification:_identify(src/f1tenth_system/scripts) by extension 'colcon_meta'
[0.958s] Level 1:colcon.colcon_core.package_identification:_identify(src/f1tenth_system/scripts) by extensions ['ros']
[0.958s] Level 1:colcon.colcon_core.package_identification:_identify(src/f1tenth_system/scripts) by extension 'ros'
[0.958s] Level 1:colcon.colcon_core.package_identification:_identify(src/f1tenth_system/scripts) by extensions ['cmake', 'python']
[0.958s] Level 1:colcon.colcon_core.package_identification:_identify(src/f1tenth_system/scripts) by extension 'cmake'
[0.959s] Level 1:colcon.colcon_core.package_identification:_identify(src/f1tenth_system/scripts) by extension 'python'
[0.959s] Level 1:colcon.colcon_core.package_identification:_identify(src/f1tenth_system/scripts) by extensions ['python_setup_py']
[0.959s] Level 1:colcon.colcon_core.package_identification:_identify(src/f1tenth_system/scripts) by extension 'python_setup_py'
[0.959s] Level 1:colcon.colcon_core.package_identification:_identify(src/f1tenth_system/teleop_tools) by extensions ['ignore', 'ignore_ament_install']
[0.959s] Level 1:colcon.colcon_core.package_identification:_identify(src/f1tenth_system/teleop_tools) by extension 'ignore'
[0.960s] Level 1:colcon.colcon_core.package_identification:_identify(src/f1tenth_system/teleop_tools) by extension 'ignore_ament_install'
[0.960s] Level 1:colcon.colcon_core.package_identification:_identify(src/f1tenth_system/teleop_tools) by extensions ['colcon_pkg']
[0.960s] Level 1:colcon.colcon_core.package_identification:_identify(src/f1tenth_system/teleop_tools) by extension 'colcon_pkg'
[0.960s] Level 1:colcon.colcon_core.package_identification:_identify(src/f1tenth_system/teleop_tools) by extensions ['colcon_meta']
[0.960s] Level 1:colcon.colcon_core.package_identification:_identify(src/f1tenth_system/teleop_tools) by extension 'colcon_meta'
[0.960s] Level 1:colcon.colcon_core.package_identification:_identify(src/f1tenth_system/teleop_tools) by extensions ['ros']
[0.960s] Level 1:colcon.colcon_core.package_identification:_identify(src/f1tenth_system/teleop_tools) by extension 'ros'
[0.961s] Level 1:colcon.colcon_core.package_identification:_identify(src/f1tenth_system/teleop_tools) by extensions ['cmake', 'python']
[0.961s] Level 1:colcon.colcon_core.package_identification:_identify(src/f1tenth_system/teleop_tools) by extension 'cmake'
[0.961s] Level 1:colcon.colcon_core.package_identification:_identify(src/f1tenth_system/teleop_tools) by extension 'python'
[0.961s] Level 1:colcon.colcon_core.package_identification:_identify(src/f1tenth_system/teleop_tools) by extensions ['python_setup_py']
[0.961s] Level 1:colcon.colcon_core.package_identification:_identify(src/f1tenth_system/teleop_tools) by extension 'python_setup_py'
[0.961s] Level 1:colcon.colcon_core.package_identification:_identify(src/f1tenth_system/transport_drivers) by extensions ['ignore', 'ignore_ament_install']
[0.962s] Level 1:colcon.colcon_core.package_identification:_identify(src/f1tenth_system/transport_drivers) by extension 'ignore'
[0.962s] Level 1:colcon.colcon_core.package_identification:_identify(src/f1tenth_system/transport_drivers) by extension 'ignore_ament_install'
[0.962s] Level 1:colcon.colcon_core.package_identification:_identify(src/f1tenth_system/transport_drivers) by extensions ['colcon_pkg']
[0.962s] Level 1:colcon.colcon_core.package_identification:_identify(src/f1tenth_system/transport_drivers) by extension 'colcon_pkg'
[0.962s] Level 1:colcon.colcon_core.package_identification:_identify(src/f1tenth_system/transport_drivers) by extensions ['colcon_meta']
[0.962s] Level 1:colcon.colcon_core.package_identification:_identify(src/f1tenth_system/transport_drivers) by extension 'colcon_meta'
[0.962s] Level 1:colcon.colcon_core.package_identification:_identify(src/f1tenth_system/transport_drivers) by extensions ['ros']
[0.962s] Level 1:colcon.colcon_core.package_identification:_identify(src/f1tenth_system/transport_drivers) by extension 'ros'
[0.963s] Level 1:colcon.colcon_core.package_identification:_identify(src/f1tenth_system/transport_drivers) by extensions ['cmake', 'python']
[0.963s] Level 1:colcon.colcon_core.package_identification:_identify(src/f1tenth_system/transport_drivers) by extension 'cmake'
[0.963s] Level 1:colcon.colcon_core.package_identification:_identify(src/f1tenth_system/transport_drivers) by extension 'python'
[0.963s] Level 1:colcon.colcon_core.package_identification:_identify(src/f1tenth_system/transport_drivers) by extensions ['python_setup_py']
[0.963s] Level 1:colcon.colcon_core.package_identification:_identify(src/f1tenth_system/transport_drivers) by extension 'python_setup_py'
[0.964s] Level 1:colcon.colcon_core.package_identification:_identify(src/f1tenth_system/transport_drivers/asio_cmake_module) by extensions ['ignore', 'ignore_ament_install']
[0.964s] Level 1:colcon.colcon_core.package_identification:_identify(src/f1tenth_system/transport_drivers/asio_cmake_module) by extension 'ignore'
[0.964s] Level 1:colcon.colcon_core.package_identification:_identify(src/f1tenth_system/transport_drivers/asio_cmake_module) by extension 'ignore_ament_install'
[0.964s] Level 1:colcon.colcon_core.package_identification:_identify(src/f1tenth_system/transport_drivers/asio_cmake_module) by extensions ['colcon_pkg']
[0.964s] Level 1:colcon.colcon_core.package_identification:_identify(src/f1tenth_system/transport_drivers/asio_cmake_module) by extension 'colcon_pkg'
[0.964s] Level 1:colcon.colcon_core.package_identification:_identify(src/f1tenth_system/transport_drivers/asio_cmake_module) by extensions ['colcon_meta']
[0.964s] Level 1:colcon.colcon_core.package_identification:_identify(src/f1tenth_system/transport_drivers/asio_cmake_module) by extension 'colcon_meta'
[0.965s] Level 1:colcon.colcon_core.package_identification:_identify(src/f1tenth_system/transport_drivers/asio_cmake_module) by extensions ['ros']
[0.965s] Level 1:colcon.colcon_core.package_identification:_identify(src/f1tenth_system/transport_drivers/asio_cmake_module) by extension 'ros'
[0.966s] DEBUG:colcon.colcon_core.package_identification:Package 'src/f1tenth_system/transport_drivers/asio_cmake_module' with type 'ros.ament_cmake' and name 'asio_cmake_module'
[0.967s] Level 1:colcon.colcon_core.package_identification:_identify(src/f1tenth_system/transport_drivers/io_context) by extensions ['ignore', 'ignore_ament_install']
[0.967s] Level 1:colcon.colcon_core.package_identification:_identify(src/f1tenth_system/transport_drivers/io_context) by extension 'ignore'
[0.967s] Level 1:colcon.colcon_core.package_identification:_identify(src/f1tenth_system/transport_drivers/io_context) by extension 'ignore_ament_install'
[0.968s] Level 1:colcon.colcon_core.package_identification:_identify(src/f1tenth_system/transport_drivers/io_context) by extensions ['colcon_pkg']
[0.968s] Level 1:colcon.colcon_core.package_identification:_identify(src/f1tenth_system/transport_drivers/io_context) by extension 'colcon_pkg'
[0.968s] Level 1:colcon.colcon_core.package_identification:_identify(src/f1tenth_system/transport_drivers/io_context) by extensions ['colcon_meta']
[0.968s] Level 1:colcon.colcon_core.package_identification:_identify(src/f1tenth_system/transport_drivers/io_context) by extension 'colcon_meta'
[0.968s] Level 1:colcon.colcon_core.package_identification:_identify(src/f1tenth_system/transport_drivers/io_context) by extensions ['ros']
[0.968s] Level 1:colcon.colcon_core.package_identification:_identify(src/f1tenth_system/transport_drivers/io_context) by extension 'ros'
[0.971s] DEBUG:colcon.colcon_core.package_identification:Package 'src/f1tenth_system/transport_drivers/io_context' with type 'ros.ament_cmake' and name 'io_context'
[0.971s] Level 1:colcon.colcon_core.package_identification:_identify(src/f1tenth_system/transport_drivers/serial_driver) by extensions ['ignore', 'ignore_ament_install']
[0.972s] Level 1:colcon.colcon_core.package_identification:_identify(src/f1tenth_system/transport_drivers/serial_driver) by extension 'ignore'
[0.972s] Level 1:colcon.colcon_core.package_identification:_identify(src/f1tenth_system/transport_drivers/serial_driver) by extension 'ignore_ament_install'
[0.972s] Level 1:colcon.colcon_core.package_identification:_identify(src/f1tenth_system/transport_drivers/serial_driver) by extensions ['colcon_pkg']
[0.972s] Level 1:colcon.colcon_core.package_identification:_identify(src/f1tenth_system/transport_drivers/serial_driver) by extension 'colcon_pkg'
[0.972s] Level 1:colcon.colcon_core.package_identification:_identify(src/f1tenth_system/transport_drivers/serial_driver) by extensions ['colcon_meta']
[0.972s] Level 1:colcon.colcon_core.package_identification:_identify(src/f1tenth_system/transport_drivers/serial_driver) by extension 'colcon_meta'
[0.973s] Level 1:colcon.colcon_core.package_identification:_identify(src/f1tenth_system/transport_drivers/serial_driver) by extensions ['ros']
[0.973s] Level 1:colcon.colcon_core.package_identification:_identify(src/f1tenth_system/transport_drivers/serial_driver) by extension 'ros'
[0.975s] DEBUG:colcon.colcon_core.package_identification:Package 'src/f1tenth_system/transport_drivers/serial_driver' with type 'ros.ament_cmake' and name 'serial_driver'
[0.976s] Level 1:colcon.colcon_core.package_identification:_identify(src/f1tenth_system/transport_drivers/udp_driver) by extensions ['ignore', 'ignore_ament_install']
[0.976s] Level 1:colcon.colcon_core.package_identification:_identify(src/f1tenth_system/transport_drivers/udp_driver) by extension 'ignore'
[0.976s] Level 1:colcon.colcon_core.package_identification:_identify(src/f1tenth_system/transport_drivers/udp_driver) by extension 'ignore_ament_install'
[0.977s] Level 1:colcon.colcon_core.package_identification:_identify(src/f1tenth_system/transport_drivers/udp_driver) by extensions ['colcon_pkg']
[0.977s] Level 1:colcon.colcon_core.package_identification:_identify(src/f1tenth_system/transport_drivers/udp_driver) by extension 'colcon_pkg'
[0.977s] Level 1:colcon.colcon_core.package_identification:_identify(src/f1tenth_system/transport_drivers/udp_driver) by extensions ['colcon_meta']
[0.977s] Level 1:colcon.colcon_core.package_identification:_identify(src/f1tenth_system/transport_drivers/udp_driver) by extension 'colcon_meta'
[0.977s] Level 1:colcon.colcon_core.package_identification:_identify(src/f1tenth_system/transport_drivers/udp_driver) by extensions ['ros']
[0.977s] Level 1:colcon.colcon_core.package_identification:_identify(src/f1tenth_system/transport_drivers/udp_driver) by extension 'ros'
[1.017s] DEBUG:colcon.colcon_core.package_identification:Package 'src/f1tenth_system/transport_drivers/udp_driver' with type 'ros.ament_cmake' and name 'udp_driver'
[1.018s] Level 1:colcon.colcon_core.package_identification:_identify(src/f1tenth_system/vesc) by extensions ['ignore', 'ignore_ament_install']
[1.018s] Level 1:colcon.colcon_core.package_identification:_identify(src/f1tenth_system/vesc) by extension 'ignore'
[1.018s] Level 1:colcon.colcon_core.package_identification:_identify(src/f1tenth_system/vesc) by extension 'ignore_ament_install'
[1.018s] Level 1:colcon.colcon_core.package_identification:_identify(src/f1tenth_system/vesc) by extensions ['colcon_pkg']
[1.018s] Level 1:colcon.colcon_core.package_identification:_identify(src/f1tenth_system/vesc) by extension 'colcon_pkg'
[1.019s] Level 1:colcon.colcon_core.package_identification:_identify(src/f1tenth_system/vesc) by extensions ['colcon_meta']
[1.019s] Level 1:colcon.colcon_core.package_identification:_identify(src/f1tenth_system/vesc) by extension 'colcon_meta'
[1.019s] Level 1:colcon.colcon_core.package_identification:_identify(src/f1tenth_system/vesc) by extensions ['ros']
[1.019s] Level 1:colcon.colcon_core.package_identification:_identify(src/f1tenth_system/vesc) by extension 'ros'
[1.019s] Level 1:colcon.colcon_core.package_identification:_identify(src/f1tenth_system/vesc) by extensions ['cmake', 'python']
[1.019s] Level 1:colcon.colcon_core.package_identification:_identify(src/f1tenth_system/vesc) by extension 'cmake'
[1.019s] Level 1:colcon.colcon_core.package_identification:_identify(src/f1tenth_system/vesc) by extension 'python'
[1.020s] Level 1:colcon.colcon_core.package_identification:_identify(src/f1tenth_system/vesc) by extensions ['python_setup_py']
[1.020s] Level 1:colcon.colcon_core.package_identification:_identify(src/f1tenth_system/vesc) by extension 'python_setup_py'
[1.020s] Level 1:colcon.colcon_core.package_identification:_identify(src/f1tenth_system/vesc/vesc) by extensions ['ignore', 'ignore_ament_install']
[1.020s] Level 1:colcon.colcon_core.package_identification:_identify(src/f1tenth_system/vesc/vesc) by extension 'ignore'
[1.020s] Level 1:colcon.colcon_core.package_identification:_identify(src/f1tenth_system/vesc/vesc) by extension 'ignore_ament_install'
[1.020s] Level 1:colcon.colcon_core.package_identification:_identify(src/f1tenth_system/vesc/vesc) by extensions ['colcon_pkg']
[1.021s] Level 1:colcon.colcon_core.package_identification:_identify(src/f1tenth_system/vesc/vesc) by extension 'colcon_pkg'
[1.021s] Level 1:colcon.colcon_core.package_identification:_identify(src/f1tenth_system/vesc/vesc) by extensions ['colcon_meta']
[1.021s] Level 1:colcon.colcon_core.package_identification:_identify(src/f1tenth_system/vesc/vesc) by extension 'colcon_meta'
[1.021s] Level 1:colcon.colcon_core.package_identification:_identify(src/f1tenth_system/vesc/vesc) by extensions ['ros']
[1.021s] Level 1:colcon.colcon_core.package_identification:_identify(src/f1tenth_system/vesc/vesc) by extension 'ros'
[1.021s] Level 1:colcon.colcon_core.package_identification:_identify(src/f1tenth_system/vesc/vesc) by extensions ['cmake', 'python']
[1.021s] Level 1:colcon.colcon_core.package_identification:_identify(src/f1tenth_system/vesc/vesc) by extension 'cmake'
[1.022s] Level 1:colcon.colcon_core.package_identification:_identify(src/f1tenth_system/vesc/vesc) by extension 'python'
[1.022s] Level 1:colcon.colcon_core.package_identification:_identify(src/f1tenth_system/vesc/vesc) by extensions ['python_setup_py']
[1.022s] Level 1:colcon.colcon_core.package_identification:_identify(src/f1tenth_system/vesc/vesc) by extension 'python_setup_py'
[1.022s] Level 1:colcon.colcon_core.package_identification:_identify(src/f1tenth_system/vesc/vesc/vesc) by extensions ['ignore', 'ignore_ament_install']
[1.022s] Level 1:colcon.colcon_core.package_identification:_identify(src/f1tenth_system/vesc/vesc/vesc) by extension 'ignore'
[1.023s] Level 1:colcon.colcon_core.package_identification:_identify(src/f1tenth_system/vesc/vesc/vesc) by extension 'ignore_ament_install'
[1.023s] Level 1:colcon.colcon_core.package_identification:_identify(src/f1tenth_system/vesc/vesc/vesc) by extensions ['colcon_pkg']
[1.023s] Level 1:colcon.colcon_core.package_identification:_identify(src/f1tenth_system/vesc/vesc/vesc) by extension 'colcon_pkg'
[1.023s] Level 1:colcon.colcon_core.package_identification:_identify(src/f1tenth_system/vesc/vesc/vesc) by extensions ['colcon_meta']
[1.023s] Level 1:colcon.colcon_core.package_identification:_identify(src/f1tenth_system/vesc/vesc/vesc) by extension 'colcon_meta'
[1.023s] Level 1:colcon.colcon_core.package_identification:_identify(src/f1tenth_system/vesc/vesc/vesc) by extensions ['ros']
[1.023s] Level 1:colcon.colcon_core.package_identification:_identify(src/f1tenth_system/vesc/vesc/vesc) by extension 'ros'
[1.025s] DEBUG:colcon.colcon_core.package_identification:Package 'src/f1tenth_system/vesc/vesc/vesc' with type 'ros.ament_cmake' and name 'vesc'
[1.026s] Level 1:colcon.colcon_core.package_identification:_identify(src/f1tenth_system/vesc/vesc/vesc_ackermann) by extensions ['ignore', 'ignore_ament_install']
[1.026s] Level 1:colcon.colcon_core.package_identification:_identify(src/f1tenth_system/vesc/vesc/vesc_ackermann) by extension 'ignore'
[1.026s] Level 1:colcon.colcon_core.package_identification:_identify(src/f1tenth_system/vesc/vesc/vesc_ackermann) by extension 'ignore_ament_install'
[1.026s] Level 1:colcon.colcon_core.package_identification:_identify(src/f1tenth_system/vesc/vesc/vesc_ackermann) by extensions ['colcon_pkg']
[1.027s] Level 1:colcon.colcon_core.package_identification:_identify(src/f1tenth_system/vesc/vesc/vesc_ackermann) by extension 'colcon_pkg'
[1.027s] Level 1:colcon.colcon_core.package_identification:_identify(src/f1tenth_system/vesc/vesc/vesc_ackermann) by extensions ['colcon_meta']
[1.027s] Level 1:colcon.colcon_core.package_identification:_identify(src/f1tenth_system/vesc/vesc/vesc_ackermann) by extension 'colcon_meta'
[1.027s] Level 1:colcon.colcon_core.package_identification:_identify(src/f1tenth_system/vesc/vesc/vesc_ackermann) by extensions ['ros']
[1.027s] Level 1:colcon.colcon_core.package_identification:_identify(src/f1tenth_system/vesc/vesc/vesc_ackermann) by extension 'ros'
[1.030s] DEBUG:colcon.colcon_core.package_identification:Package 'src/f1tenth_system/vesc/vesc/vesc_ackermann' with type 'ros.ament_cmake' and name 'vesc_ackermann'
[1.031s] Level 1:colcon.colcon_core.package_identification:_identify(src/f1tenth_system/vesc/vesc/vesc_driver) by extensions ['ignore', 'ignore_ament_install']
[1.032s] Level 1:colcon.colcon_core.package_identification:_identify(src/f1tenth_system/vesc/vesc/vesc_driver) by extension 'ignore'
[1.032s] Level 1:colcon.colcon_core.package_identification:_identify(src/f1tenth_system/vesc/vesc/vesc_driver) by extension 'ignore_ament_install'
[1.032s] Level 1:colcon.colcon_core.package_identification:_identify(src/f1tenth_system/vesc/vesc/vesc_driver) by extensions ['colcon_pkg']
[1.032s] Level 1:colcon.colcon_core.package_identification:_identify(src/f1tenth_system/vesc/vesc/vesc_driver) by extension 'colcon_pkg'
[1.032s] Level 1:colcon.colcon_core.package_identification:_identify(src/f1tenth_system/vesc/vesc/vesc_driver) by extensions ['colcon_meta']
[1.033s] Level 1:colcon.colcon_core.package_identification:_identify(src/f1tenth_system/vesc/vesc/vesc_driver) by extension 'colcon_meta'
[1.033s] Level 1:colcon.colcon_core.package_identification:_identify(src/f1tenth_system/vesc/vesc/vesc_driver) by extensions ['ros']
[1.033s] Level 1:colcon.colcon_core.package_identification:_identify(src/f1tenth_system/vesc/vesc/vesc_driver) by extension 'ros'
[1.037s] DEBUG:colcon.colcon_core.package_identification:Package 'src/f1tenth_system/vesc/vesc/vesc_driver' with type 'ros.ament_cmake' and name 'vesc_driver'
[1.037s] Level 1:colcon.colcon_core.package_identification:_identify(src/f1tenth_system/vesc/vesc/vesc_msgs) by extensions ['ignore', 'ignore_ament_install']
[1.037s] Level 1:colcon.colcon_core.package_identification:_identify(src/f1tenth_system/vesc/vesc/vesc_msgs) by extension 'ignore'
[1.038s] Level 1:colcon.colcon_core.package_identification:_identify(src/f1tenth_system/vesc/vesc/vesc_msgs) by extension 'ignore_ament_install'
[1.038s] Level 1:colcon.colcon_core.package_identification:_identify(src/f1tenth_system/vesc/vesc/vesc_msgs) by extensions ['colcon_pkg']
[1.038s] Level 1:colcon.colcon_core.package_identification:_identify(src/f1tenth_system/vesc/vesc/vesc_msgs) by extension 'colcon_pkg'
[1.038s] Level 1:colcon.colcon_core.package_identification:_identify(src/f1tenth_system/vesc/vesc/vesc_msgs) by extensions ['colcon_meta']
[1.038s] Level 1:colcon.colcon_core.package_identification:_identify(src/f1tenth_system/vesc/vesc/vesc_msgs) by extension 'colcon_meta'
[1.038s] Level 1:colcon.colcon_core.package_identification:_identify(src/f1tenth_system/vesc/vesc/vesc_msgs) by extensions ['ros']
[1.038s] Level 1:colcon.colcon_core.package_identification:_identify(src/f1tenth_system/vesc/vesc/vesc_msgs) by extension 'ros'
[1.042s] DEBUG:colcon.colcon_core.package_identification:Package 'src/f1tenth_system/vesc/vesc/vesc_msgs' with type 'ros.ament_cmake' and name 'vesc_msgs'
[1.042s] Level 1:colcon.colcon_core.package_identification:_identify(src/mpc_python) by extensions ['ignore', 'ignore_ament_install']
[1.042s] Level 1:colcon.colcon_core.package_identification:_identify(src/mpc_python) by extension 'ignore'
[1.043s] Level 1:colcon.colcon_core.package_identification:_identify(src/mpc_python) by extension 'ignore_ament_install'
[1.043s] Level 1:colcon.colcon_core.package_identification:_identify(src/mpc_python) by extensions ['colcon_pkg']
[1.043s] Level 1:colcon.colcon_core.package_identification:_identify(src/mpc_python) by extension 'colcon_pkg'
[1.044s] Level 1:colcon.colcon_core.package_identification:_identify(src/mpc_python) by extensions ['colcon_meta']
[1.044s] Level 1:colcon.colcon_core.package_identification:_identify(src/mpc_python) by extension 'colcon_meta'
[1.044s] Level 1:colcon.colcon_core.package_identification:_identify(src/mpc_python) by extensions ['ros']
[1.044s] Level 1:colcon.colcon_core.package_identification:_identify(src/mpc_python) by extension 'ros'
[1.047s] DEBUG:colcon.colcon_core.package_identification:Package 'src/mpc_python' with type 'ros.ament_python' and name 'mpc_python'
[1.047s] Level 1:colcon.colcon_core.package_identification:_identify(src/obstacle_publisher) by extensions ['ignore', 'ignore_ament_install']
[1.048s] Level 1:colcon.colcon_core.package_identification:_identify(src/obstacle_publisher) by extension 'ignore'
[1.048s] Level 1:colcon.colcon_core.package_identification:_identify(src/obstacle_publisher) by extension 'ignore_ament_install'
[1.048s] Level 1:colcon.colcon_core.package_identification:_identify(src/obstacle_publisher) by extensions ['colcon_pkg']
[1.048s] Level 1:colcon.colcon_core.package_identification:_identify(src/obstacle_publisher) by extension 'colcon_pkg'
[1.048s] Level 1:colcon.colcon_core.package_identification:_identify(src/obstacle_publisher) by extensions ['colcon_meta']
[1.048s] Level 1:colcon.colcon_core.package_identification:_identify(src/obstacle_publisher) by extension 'colcon_meta'
[1.049s] Level 1:colcon.colcon_core.package_identification:_identify(src/obstacle_publisher) by extensions ['ros']
[1.049s] Level 1:colcon.colcon_core.package_identification:_identify(src/obstacle_publisher) by extension 'ros'
[1.051s] DEBUG:colcon.colcon_core.package_identification:Package 'src/obstacle_publisher' with type 'ros.ament_cmake' and name 'obstacle_publisher'
[1.051s] Level 1:colcon.colcon_core.package_identification:_identify(src/pickup_description) by extensions ['ignore', 'ignore_ament_install']
[1.051s] Level 1:colcon.colcon_core.package_identification:_identify(src/pickup_description) by extension 'ignore'
[1.052s] Level 1:colcon.colcon_core.package_identification:_identify(src/pickup_description) by extension 'ignore_ament_install'
[1.052s] Level 1:colcon.colcon_core.package_identification:_identify(src/pickup_description) by extensions ['colcon_pkg']
[1.052s] Level 1:colcon.colcon_core.package_identification:_identify(src/pickup_description) by extension 'colcon_pkg'
[1.052s] Level 1:colcon.colcon_core.package_identification:_identify(src/pickup_description) by extensions ['colcon_meta']
[1.052s] Level 1:colcon.colcon_core.package_identification:_identify(src/pickup_description) by extension 'colcon_meta'
[1.052s] Level 1:colcon.colcon_core.package_identification:_identify(src/pickup_description) by extensions ['ros']
[1.052s] Level 1:colcon.colcon_core.package_identification:_identify(src/pickup_description) by extension 'ros'
[1.055s] DEBUG:colcon.colcon_core.package_identification:Package 'src/pickup_description' with type 'ros.ament_python' and name 'pickup_description'
[1.055s] Level 1:colcon.colcon_core.package_identification:_identify(src/spline_visualizer) by extensions ['ignore', 'ignore_ament_install']
[1.055s] Level 1:colcon.colcon_core.package_identification:_identify(src/spline_visualizer) by extension 'ignore'
[1.055s] Level 1:colcon.colcon_core.package_identification:_identify(src/spline_visualizer) by extension 'ignore_ament_install'
[1.055s] Level 1:colcon.colcon_core.package_identification:_identify(src/spline_visualizer) by extensions ['colcon_pkg']
[1.056s] Level 1:colcon.colcon_core.package_identification:_identify(src/spline_visualizer) by extension 'colcon_pkg'
[1.056s] Level 1:colcon.colcon_core.package_identification:_identify(src/spline_visualizer) by extensions ['colcon_meta']
[1.056s] Level 1:colcon.colcon_core.package_identification:_identify(src/spline_visualizer) by extension 'colcon_meta'
[1.056s] Level 1:colcon.colcon_core.package_identification:_identify(src/spline_visualizer) by extensions ['ros']
[1.056s] Level 1:colcon.colcon_core.package_identification:_identify(src/spline_visualizer) by extension 'ros'
[1.058s] DEBUG:colcon.colcon_core.package_identification:Package 'src/spline_visualizer' with type 'ros.ament_cmake' and name 'spline_visualizer'
[1.058s] Level 1:colcon.colcon_core.package_identification:_identify(view_frames) by extensions ['ignore', 'ignore_ament_install']
[1.059s] Level 1:colcon.colcon_core.package_identification:_identify(view_frames) by extension 'ignore'
[1.059s] Level 1:colcon.colcon_core.package_identification:_identify(view_frames) by extension 'ignore_ament_install'
[1.059s] Level 1:colcon.colcon_core.package_identification:_identify(view_frames) by extensions ['colcon_pkg']
[1.059s] Level 1:colcon.colcon_core.package_identification:_identify(view_frames) by extension 'colcon_pkg'
[1.059s] Level 1:colcon.colcon_core.package_identification:_identify(view_frames) by extensions ['colcon_meta']
[1.060s] Level 1:colcon.colcon_core.package_identification:_identify(view_frames) by extension 'colcon_meta'
[1.060s] Level 1:colcon.colcon_core.package_identification:_identify(view_frames) by extensions ['ros']
[1.060s] Level 1:colcon.colcon_core.package_identification:_identify(view_frames) by extension 'ros'
[1.060s] Level 1:colcon.colcon_core.package_identification:_identify(view_frames) by extensions ['cmake', 'python']
[1.060s] Level 1:colcon.colcon_core.package_identification:_identify(view_frames) by extension 'cmake'
[1.060s] Level 1:colcon.colcon_core.package_identification:_identify(view_frames) by extension 'python'
[1.061s] Level 1:colcon.colcon_core.package_identification:_identify(view_frames) by extensions ['python_setup_py']
[1.061s] Level 1:colcon.colcon_core.package_identification:_identify(view_frames) by extension 'python_setup_py'
[1.061s] Level 1:colcon.colcon_core.package_discovery:discover_packages(recursive) using defaults
[1.061s] Level 1:colcon.colcon_core.package_discovery:discover_packages(ignore) discover
[1.061s] Level 1:colcon.colcon_core.package_discovery:discover_packages(ignore) using defaults
[1.061s] Level 1:colcon.colcon_core.package_discovery:discover_packages(path) discover
[1.061s] Level 1:colcon.colcon_core.package_discovery:discover_packages(path) using defaults
[1.125s] INFO:colcon.colcon_core.package_selection:Skipping not selected package 'ackermann_mux' in 'src/f1tenth_system/ackermann_mux/ackermann_mux'
[1.125s] INFO:colcon.colcon_core.package_selection:Skipping not selected package 'asio_cmake_module' in 'src/f1tenth_system/transport_drivers/asio_cmake_module'
[1.125s] INFO:colcon.colcon_core.package_selection:Skipping not selected package 'lbfgspp' in 'src/LBFGSpp'
[1.125s] INFO:colcon.colcon_core.package_selection:Skipping not selected package 'mpc_python' in 'src/mpc_python'
[1.126s] INFO:colcon.colcon_core.package_selection:Skipping not selected package 'obstacle_publisher' in 'src/obstacle_publisher'
[1.126s] INFO:colcon.colcon_core.package_selection:Skipping not selected package 'osqp' in 'osqp'
[1.126s] INFO:colcon.colcon_core.package_selection:Skipping not selected package 'pickup_description' in 'src/pickup_description'
[1.126s] INFO:colcon.colcon_core.package_selection:Skipping not selected package 'spline_visualizer' in 'src/spline_visualizer'
[1.126s] INFO:colcon.colcon_core.package_selection:Skipping not selected package 'vesc_msgs' in 'src/f1tenth_system/vesc/vesc/vesc_msgs'
[1.126s] INFO:colcon.colcon_core.package_selection:Skipping not selected package 'io_context' in 'src/f1tenth_system/transport_drivers/io_context'
[1.126s] INFO:colcon.colcon_core.package_selection:Skipping not selected package 'osqp-eigen' in 'src/OsqpEigen'
[1.126s] INFO:colcon.colcon_core.package_selection:Skipping not selected package 'vesc_ackermann' in 'src/f1tenth_system/vesc/vesc/vesc_ackermann'
[1.126s] INFO:colcon.colcon_core.package_selection:Skipping not selected package 'serial_driver' in 'src/f1tenth_system/transport_drivers/serial_driver'
[1.126s] INFO:colcon.colcon_core.package_selection:Skipping not selected package 'udp_driver' in 'src/f1tenth_system/transport_drivers/udp_driver'
[1.126s] INFO:colcon.colcon_core.package_selection:Skipping not selected package 'vesc_driver' in 'src/f1tenth_system/vesc/vesc/vesc_driver'
[1.126s] INFO:colcon.colcon_core.package_selection:Skipping not selected package 'vesc' in 'src/f1tenth_system/vesc/vesc/vesc'
[1.126s] INFO:colcon.colcon_core.package_selection:Skipping not selected package 'f1tenth_stack' in 'src/f1tenth_system/f1tenth_stack'
[1.127s] Level 1:colcon.colcon_core.package_discovery:discover_packages(prefix_path) check parameters
[1.128s] Level 1:colcon.colcon_core.package_discovery:discover_packages(prefix_path) discover
[1.133s] DEBUG:colcon.colcon_installed_package_information.package_discovery:Found 3 installed packages in /home/jetson/install
[1.137s] DEBUG:colcon.colcon_installed_package_information.package_discovery:Found 334 installed packages in /opt/ros/humble
[1.143s] Level 1:colcon.colcon_core.package_discovery:discover_packages(prefix_path) using defaults
[1.260s] Level 5:colcon.colcon_core.verb:set package 'dwa_follower' build argument 'cmake_args' from command line to 'None'
[1.260s] Level 5:colcon.colcon_core.verb:set package 'dwa_follower' build argument 'cmake_target' from command line to 'None'
[1.260s] Level 5:colcon.colcon_core.verb:set package 'dwa_follower' build argument 'cmake_target_skip_unavailable' from command line to 'False'
[1.260s] Level 5:colcon.colcon_core.verb:set package 'dwa_follower' build argument 'cmake_clean_cache' from command line to 'False'
[1.260s] Level 5:colcon.colcon_core.verb:set package 'dwa_follower' build argument 'cmake_clean_first' from command line to 'False'
[1.261s] Level 5:colcon.colcon_core.verb:set package 'dwa_follower' build argument 'cmake_force_configure' from command line to 'False'
[1.261s] Level 5:colcon.colcon_core.verb:set package 'dwa_follower' build argument 'ament_cmake_args' from command line to 'None'
[1.261s] Level 5:colcon.colcon_core.verb:set package 'dwa_follower' build argument 'catkin_cmake_args' from command line to 'None'
[1.261s] Level 5:colcon.colcon_core.verb:set package 'dwa_follower' build argument 'catkin_skip_building_tests' from command line to 'False'
[1.261s] DEBUG:colcon.colcon_core.verb:Building package 'dwa_follower' with the following arguments: {'ament_cmake_args': None, 'build_base': '/home/jetson/f1tenth/build/dwa_follower', 'catkin_cmake_args': None, 'catkin_skip_building_tests': False, 'cmake_args': None, 'cmake_clean_cache': False, 'cmake_clean_first': False, 'cmake_force_configure': False, 'cmake_target': None, 'cmake_target_skip_unavailable': False, 'install_base': '/home/jetson/f1tenth/install/dwa_follower', 'merge_install': False, 'path': '/home/jetson/f1tenth/src/dwa_follower', 'symlink_install': False, 'test_result_base': None}
[1.262s] INFO:colcon.colcon_core.executor:Executing jobs using 'parallel' executor
[1.265s] DEBUG:colcon.colcon_parallel_executor.executor.parallel:run_until_complete
[1.267s] INFO:colcon.colcon_ros.task.ament_cmake.build:Building ROS package in '/home/jetson/f1tenth/src/dwa_follower' with build type 'ament_cmake'
[1.269s] INFO:colcon.colcon_cmake.task.cmake.build:Building CMake package in '/home/jetson/f1tenth/src/dwa_follower'
[1.277s] INFO:colcon.colcon_core.plugin_system:Skipping extension 'colcon_core.shell.bat': Not used on non-Windows systems
[1.278s] INFO:colcon.colcon_core.shell:Skip shell extension 'powershell' for command environment: Not usable outside of PowerShell
[1.278s] DEBUG:colcon.colcon_core.shell:Skip shell extension 'dsv' for command environment
[1.296s] DEBUG:colcon.colcon_core.event_handler.log_command:Invoking command in '/home/jetson/f1tenth/build/dwa_follower': CMAKE_PREFIX_PATH=/home/jetson/install/pickup_description:/home/jetson/install/mpc_python:/opt/ros/humble /usr/bin/cmake --build /home/jetson/f1tenth/build/dwa_follower -- -j6 -l6
[25.981s] DEBUG:colcon.colcon_core.event_handler.log_command:Invoked command in '/home/jetson/f1tenth/build/dwa_follower' returned '2': CMAKE_PREFIX_PATH=/home/jetson/install/pickup_description:/home/jetson/install/mpc_python:/opt/ros/humble /usr/bin/cmake --build /home/jetson/f1tenth/build/dwa_follower -- -j6 -l6
[25.985s] Level 1:colcon.colcon_core.environment:create_environment_scripts_only(dwa_follower)
[25.992s] Level 1:colcon.colcon_core.environment:checking '/home/jetson/f1tenth/install/dwa_follower' for CMake module files
[25.993s] Level 1:colcon.colcon_core.environment:checking '/home/jetson/f1tenth/install/dwa_follower' for CMake config files
[25.993s] Level 1:colcon.colcon_core.shell:create_environment_hook('dwa_follower', 'cmake_prefix_path')
[25.994s] INFO:colcon.colcon_core.shell:Creating environment hook '/home/jetson/f1tenth/install/dwa_follower/share/dwa_follower/hook/cmake_prefix_path.ps1'
[25.998s] INFO:colcon.colcon_core.shell:Creating environment descriptor '/home/jetson/f1tenth/install/dwa_follower/share/dwa_follower/hook/cmake_prefix_path.dsv'
[26.000s] INFO:colcon.colcon_core.shell:Creating environment hook '/home/jetson/f1tenth/install/dwa_follower/share/dwa_follower/hook/cmake_prefix_path.sh'
[26.003s] Level 1:colcon.colcon_core.environment:checking '/home/jetson/f1tenth/install/dwa_follower/lib'
[26.004s] Level 1:colcon.colcon_core.environment:checking '/home/jetson/f1tenth/install/dwa_follower/bin'
[26.006s] Level 1:colcon.colcon_core.environment:checking '/home/jetson/f1tenth/install/dwa_follower/lib/pkgconfig/dwa_follower.pc'
[26.007s] Level 1:colcon.colcon_core.environment:checking '/home/jetson/f1tenth/install/dwa_follower/lib/python3.10/site-packages'
[26.007s] Level 1:colcon.colcon_core.environment:checking '/home/jetson/f1tenth/install/dwa_follower/bin'
[26.008s] INFO:colcon.colcon_core.shell:Creating package script '/home/jetson/f1tenth/install/dwa_follower/share/dwa_follower/package.ps1'
[26.011s] INFO:colcon.colcon_core.shell:Creating package descriptor '/home/jetson/f1tenth/install/dwa_follower/share/dwa_follower/package.dsv'
[26.013s] INFO:colcon.colcon_core.shell:Creating package script '/home/jetson/f1tenth/install/dwa_follower/share/dwa_follower/package.sh'
[26.016s] INFO:colcon.colcon_core.shell:Creating package script '/home/jetson/f1tenth/install/dwa_follower/share/dwa_follower/package.bash'
[26.018s] INFO:colcon.colcon_core.shell:Creating package script '/home/jetson/f1tenth/install/dwa_follower/share/dwa_follower/package.zsh'
[26.020s] Level 1:colcon.colcon_core.environment:create_file_with_runtime_dependencies(/home/jetson/f1tenth/install/dwa_follower/share/colcon-core/packages/dwa_follower)
[26.031s] DEBUG:colcon.colcon_parallel_executor.executor.parallel:closing loop
[26.032s] DEBUG:colcon.colcon_parallel_executor.executor.parallel:loop closed
[26.032s] DEBUG:colcon.colcon_parallel_executor.executor.parallel:run_until_complete finished with '2'
[26.032s] DEBUG:colcon.colcon_core.event_reactor:joining thread
[26.049s] INFO:colcon.colcon_core.plugin_system:Skipping extension 'colcon_notification.desktop_notification.terminal_notifier': Not used on non-Darwin systems
[26.049s] INFO:colcon.colcon_core.plugin_system:Skipping extension 'colcon_notification.desktop_notification.win32': Not used on non-Windows systems
[26.050s] INFO:colcon.colcon_notification.desktop_notification:Sending desktop notification using 'notify2'
[26.084s] DEBUG:colcon.colcon_notification.desktop_notification.notify2:Failed to initialize notify2: org.freedesktop.DBus.Error.Spawn.ChildExited: Process org.freedesktop.Notifications exited with status 1
[26.084s] DEBUG:colcon.colcon_core.event_reactor:joined thread
[26.085s] INFO:colcon.colcon_core.shell:Creating prefix script '/home/jetson/f1tenth/install/local_setup.ps1'
[26.088s] INFO:colcon.colcon_core.shell:Creating prefix util module '/home/jetson/f1tenth/install/_local_setup_util_ps1.py'
[26.091s] INFO:colcon.colcon_core.shell:Creating prefix chain script '/home/jetson/f1tenth/install/setup.ps1'
[26.093s] INFO:colcon.colcon_core.shell:Creating prefix script '/home/jetson/f1tenth/install/local_setup.sh'
[26.095s] INFO:colcon.colcon_core.shell:Creating prefix util module '/home/jetson/f1tenth/install/_local_setup_util_sh.py'
[26.096s] INFO:colcon.colcon_core.shell:Creating prefix chain script '/home/jetson/f1tenth/install/setup.sh'
[26.100s] INFO:colcon.colcon_core.shell:Creating prefix script '/home/jetson/f1tenth/install/local_setup.bash'
[26.101s] INFO:colcon.colcon_core.shell:Creating prefix chain script '/home/jetson/f1tenth/install/setup.bash'
[26.104s] INFO:colcon.colcon_core.shell:Creating prefix script '/home/jetson/f1tenth/install/local_setup.zsh'
[26.105s] INFO:colcon.colcon_core.shell:Creating prefix chain script '/home/jetson/f1tenth/install/setup.zsh'
