[0.063s] Invoking command in '/home/jetson/f1tenth/build/lbfgspp': /usr/bin/cmake /home/jetson/f1tenth/src/LBFGSpp -DCMAKE_INSTALL_PREFIX=/home/jetson/f1tenth/install/lbfgspp
[1.571s] -- The CXX compiler identification is GNU 11.4.0
[1.571s] -- Detecting CXX compiler ABI info
[1.574s] -- Detecting CXX compiler ABI info - done
[1.574s] -- Check for working CXX compiler: /usr/bin/c++ - skipped
[1.575s] -- Detecting CXX compile features
[1.575s] -- Detecting CXX compile features - done
[1.575s] -- Performing Test WALL_SUPPORTED
[1.575s] -- Performing Test WALL_SUPPORTED - Success
[1.575s] -- Configuring done
[1.575s] -- Generating done
[1.576s] -- Build files have been written to: /home/jetson/f1tenth/build/lbfgspp
[1.576s] [0m-- Eigen3 version: 3.4.0[0m
[1.579s] Invoked command in '/home/jetson/f1tenth/build/lbfgspp' returned '0': /usr/bin/cmake /home/jetson/f1tenth/src/LBFGSpp -DCMAKE_INSTALL_PREFIX=/home/jetson/f1tenth/install/lbfgspp
[1.583s] Invoking command in '/home/jetson/f1tenth/build/lbfgspp': /usr/bin/cmake --build /home/jetson/f1tenth/build/lbfgspp -- -j6 -l6
[1.700s] [ 10%] [32mBuilding CXX object examples/CMakeFiles/example-rosenbrock-bracketing.dir/example-rosenbrock-bracketing.cpp.o[0m
[1.731s] [ 20%] [32mBuilding CXX object examples/CMakeFiles/example-quadratic.dir/example-quadratic.cpp.o[0m
[1.750s] [ 30%] [32mBuilding CXX object examples/CMakeFiles/example-rosenbrock-box.dir/example-rosenbrock-box.cpp.o[0m
[1.753s] [ 40%] [32mBuilding CXX object examples/CMakeFiles/example-rosenbrock-comparison.dir/example-rosenbrock-comparison.cpp.o[0m
[1.754s] [ 50%] [32mBuilding CXX object examples/CMakeFiles/example-rosenbrock.dir/example-rosenbrock.cpp.o[0m
[8.851s] [01m[K/home/jetson/f1tenth/src/LBFGSpp/examples/example-rosenbrock-bracketing.cpp:[m[K In function ‘[01m[Kint main()[m[K’:
[8.851s] [01m[K/home/jetson/f1tenth/src/LBFGSpp/examples/example-rosenbrock-bracketing.cpp:44:17:[m[K [01;35m[Kwarning: [m[Kunused variable ‘[01m[Kniter[m[K’ [[01;35m[K-Wunused-variable[m[K]
[8.851s]    44 |             int [01;35m[Kniter[m[K = solver.minimize(fun, x, fx);
[8.851s]       |                 [01;35m[K^~~~~[m[K
[27.839s] [ 60%] [32m[1mLinking CXX executable example-quadratic[0m
[28.200s] [ 70%] [32m[1mLinking CXX executable example-rosenbrock-bracketing[0m
[28.537s] [ 70%] Built target example-quadratic
[28.908s] [ 70%] Built target example-rosenbrock-bracketing
[36.038s] [ 80%] [32m[1mLinking CXX executable example-rosenbrock-comparison[0m
[36.485s] [ 80%] Built target example-rosenbrock-comparison
[55.954s] [ 90%] [32m[1mLinking CXX executable example-rosenbrock-box[0m
[56.475s] [ 90%] Built target example-rosenbrock-box
[65.603s] [100%] [32m[1mLinking CXX executable example-rosenbrock[0m
[66.077s] [100%] Built target example-rosenbrock
[66.141s] Invoked command in '/home/jetson/f1tenth/build/lbfgspp' returned '0': /usr/bin/cmake --build /home/jetson/f1tenth/build/lbfgspp -- -j6 -l6
[66.159s] Invoking command in '/home/jetson/f1tenth/build/lbfgspp': /usr/bin/cmake --install /home/jetson/f1tenth/build/lbfgspp
[73.593s] -- Install configuration: "Release"
[73.593s] -- Installing: /home/jetson/f1tenth/install/lbfgspp/include
[73.593s] -- Installing: /home/jetson/f1tenth/install/lbfgspp/include/LBFGS.h
[73.594s] -- Installing: /home/jetson/f1tenth/install/lbfgspp/include/LBFGSB.h
[73.594s] -- Installing: /home/jetson/f1tenth/install/lbfgspp/include/LBFGSpp
[73.594s] -- Installing: /home/jetson/f1tenth/install/lbfgspp/include/LBFGSpp/LineSearchBracketing.h
[73.594s] -- Installing: /home/jetson/f1tenth/install/lbfgspp/include/LBFGSpp/LineSearchMoreThuente.h
[73.594s] -- Installing: /home/jetson/f1tenth/install/lbfgspp/include/LBFGSpp/BFGSMat.h
[73.594s] -- Installing: /home/jetson/f1tenth/install/lbfgspp/include/LBFGSpp/BKLDLT.h
[73.594s] -- Installing: /home/jetson/f1tenth/install/lbfgspp/include/LBFGSpp/LineSearchBacktracking.h
[73.595s] -- Installing: /home/jetson/f1tenth/install/lbfgspp/include/LBFGSpp/Cauchy.h
[73.595s] -- Installing: /home/jetson/f1tenth/install/lbfgspp/include/LBFGSpp/LineSearchNocedalWright.h
[73.595s] -- Installing: /home/jetson/f1tenth/install/lbfgspp/include/LBFGSpp/Param.h
[73.595s] -- Installing: /home/jetson/f1tenth/install/lbfgspp/include/LBFGSpp/SubspaceMin.h
[73.595s] -- Installing: /home/jetson/f1tenth/install/lbfgspp/lib/cmake/lbfgspp/lbfgspp-targets.cmake
[73.595s] -- Installing: /home/jetson/f1tenth/install/lbfgspp/lib/cmake/lbfgspp/lbfgspp-config.cmake
[73.595s] -- Installing: /home/jetson/f1tenth/install/lbfgspp/lib/cmake/lbfgspp/lbfgspp-config-version.cmake
[73.625s] Invoked command in '/home/jetson/f1tenth/build/lbfgspp' returned '0': /usr/bin/cmake --install /home/jetson/f1tenth/build/lbfgspp
