[0.029s] Invoking command in '/home/jetson/f1tenth/build/dwa_follower': CMAKE_PREFIX_PATH=${CMAKE_PREFIX_PATH}:/home/jetson/f1tenth/install/f1tenth_stack:/home/jetson/f1tenth/install/pickup_description:/home/jetson/f1tenth/install/mpc_python:/opt/ros/humble /usr/bin/cmake --build /home/jetson/f1tenth/build/dwa_follower -- -j6 -l6
[0.138s] [35m[1mConsolidate compiler generated dependencies of target dwa_follower_node[0m
[0.162s] [ 33%] Built target dwa_global_follower
[0.163s] [ 66%] Built target dwa_spline_follower
[0.182s] [ 83%] [32mBuilding CXX object CMakeFiles/dwa_follower_node.dir/src/dwa_follower.cpp.o[0m
[40.766s] [100%] [32m[1mLinking CXX executable dwa_follower_node[0m
[43.032s] [100%] Built target dwa_follower_node
[43.063s] Invoked command in '/home/jetson/f1tenth/build/dwa_follower' returned '0': CMAKE_PREFIX_PATH=${CMAKE_PREFIX_PATH}:/home/jetson/f1tenth/install/f1tenth_stack:/home/jetson/f1tenth/install/pickup_description:/home/jetson/f1tenth/install/mpc_python:/opt/ros/humble /usr/bin/cmake --build /home/jetson/f1tenth/build/dwa_follower -- -j6 -l6
[43.089s] Invoking command in '/home/jetson/f1tenth/build/dwa_follower': CMAKE_PREFIX_PATH=${CMAKE_PREFIX_PATH}:/home/jetson/f1tenth/install/f1tenth_stack:/home/jetson/f1tenth/install/pickup_description:/home/jetson/f1tenth/install/mpc_python:/opt/ros/humble /usr/bin/cmake --install /home/jetson/f1tenth/build/dwa_follower
[43.106s] -- Install configuration: ""
[43.107s] -- Execute custom install script
[43.108s] -- Up-to-date symlink: /home/jetson/f1tenth/install/dwa_follower/lib/dwa_follower/dwa_follower_node
[43.108s] -- Up-to-date symlink: /home/jetson/f1tenth/install/dwa_follower/lib/dwa_follower/dwa_spline_follower
[43.108s] -- Up-to-date symlink: /home/jetson/f1tenth/install/dwa_follower/lib/dwa_follower/dwa_global_follower
[43.109s] -- Up-to-date symlink: /home/jetson/f1tenth/install/dwa_follower/share/ament_index/resource_index/package_run_dependencies/dwa_follower
[43.109s] -- Up-to-date symlink: /home/jetson/f1tenth/install/dwa_follower/share/ament_index/resource_index/parent_prefix_path/dwa_follower
[43.109s] -- Up-to-date symlink: /home/jetson/f1tenth/install/dwa_follower/share/dwa_follower/environment/ament_prefix_path.sh
[43.110s] -- Up-to-date symlink: /home/jetson/f1tenth/install/dwa_follower/share/dwa_follower/environment/ament_prefix_path.dsv
[43.110s] -- Up-to-date symlink: /home/jetson/f1tenth/install/dwa_follower/share/dwa_follower/environment/path.sh
[43.110s] -- Up-to-date symlink: /home/jetson/f1tenth/install/dwa_follower/share/dwa_follower/environment/path.dsv
[43.111s] -- Up-to-date symlink: /home/jetson/f1tenth/install/dwa_follower/share/dwa_follower/local_setup.bash
[43.111s] -- Up-to-date symlink: /home/jetson/f1tenth/install/dwa_follower/share/dwa_follower/local_setup.sh
[43.111s] -- Up-to-date symlink: /home/jetson/f1tenth/install/dwa_follower/share/dwa_follower/local_setup.zsh
[43.111s] -- Up-to-date symlink: /home/jetson/f1tenth/install/dwa_follower/share/dwa_follower/local_setup.dsv
[43.112s] -- Symlinking: /home/jetson/f1tenth/install/dwa_follower/share/dwa_follower/package.dsv
[43.132s] -- Up-to-date symlink: /home/jetson/f1tenth/install/dwa_follower/share/ament_index/resource_index/packages/dwa_follower
[43.132s] -- Up-to-date symlink: /home/jetson/f1tenth/install/dwa_follower/share/dwa_follower/cmake/dwa_followerConfig.cmake
[43.133s] -- Up-to-date symlink: /home/jetson/f1tenth/install/dwa_follower/share/dwa_follower/cmake/dwa_followerConfig-version.cmake
[43.133s] -- Up-to-date symlink: /home/jetson/f1tenth/install/dwa_follower/share/dwa_follower/package.xml
[43.137s] Invoked command in '/home/jetson/f1tenth/build/dwa_follower' returned '0': CMAKE_PREFIX_PATH=${CMAKE_PREFIX_PATH}:/home/jetson/f1tenth/install/f1tenth_stack:/home/jetson/f1tenth/install/pickup_description:/home/jetson/f1tenth/install/mpc_python:/opt/ros/humble /usr/bin/cmake --install /home/jetson/f1tenth/build/dwa_follower
