[0.039s] Invoking command in '/home/jetson/f1tenth/build/obstacle_publisher': /usr/bin/cmake --build /home/jetson/f1tenth/build/obstacle_publisher -- -j6 -l6
[0.140s] [35m[1mConsolidate compiler generated dependencies of target obstacle_publisher_node[0m
[0.176s] [100%] Built target obstacle_publisher_node
[0.201s] Invoked command in '/home/jetson/f1tenth/build/obstacle_publisher' returned '0': /usr/bin/cmake --build /home/jetson/f1tenth/build/obstacle_publisher -- -j6 -l6
[0.222s] Invoking command in '/home/jetson/f1tenth/build/obstacle_publisher': /usr/bin/cmake --install /home/jetson/f1tenth/build/obstacle_publisher
[0.239s] -- Install configuration: ""
[0.241s] -- Execute custom install script
[0.242s] -- Up-to-date symlink: /home/jetson/f1tenth/install/obstacle_publisher/lib/obstacle_publisher/obstacle_publisher_node
[0.243s] -- Up-to-date symlink: /home/jetson/f1tenth/install/obstacle_publisher/share/ament_index/resource_index/package_run_dependencies/obstacle_publisher
[0.243s] -- Up-to-date symlink: /home/jetson/f1tenth/install/obstacle_publisher/share/ament_index/resource_index/parent_prefix_path/obstacle_publisher
[0.244s] -- Up-to-date symlink: /home/jetson/f1tenth/install/obstacle_publisher/share/obstacle_publisher/environment/ament_prefix_path.sh
[0.244s] -- Up-to-date symlink: /home/jetson/f1tenth/install/obstacle_publisher/share/obstacle_publisher/environment/ament_prefix_path.dsv
[0.244s] -- Up-to-date symlink: /home/jetson/f1tenth/install/obstacle_publisher/share/obstacle_publisher/environment/path.sh
[0.246s] -- Up-to-date symlink: /home/jetson/f1tenth/install/obstacle_publisher/share/obstacle_publisher/environment/path.dsv
[0.246s] -- Up-to-date symlink: /home/jetson/f1tenth/install/obstacle_publisher/share/obstacle_publisher/local_setup.bash
[0.246s] -- Up-to-date symlink: /home/jetson/f1tenth/install/obstacle_publisher/share/obstacle_publisher/local_setup.sh
[0.248s] -- Up-to-date symlink: /home/jetson/f1tenth/install/obstacle_publisher/share/obstacle_publisher/local_setup.zsh
[0.248s] -- Up-to-date symlink: /home/jetson/f1tenth/install/obstacle_publisher/share/obstacle_publisher/local_setup.dsv
[0.249s] -- Symlinking: /home/jetson/f1tenth/install/obstacle_publisher/share/obstacle_publisher/package.dsv
[0.265s] -- Up-to-date symlink: /home/jetson/f1tenth/install/obstacle_publisher/share/ament_index/resource_index/packages/obstacle_publisher
[0.267s] -- Up-to-date symlink: /home/jetson/f1tenth/install/obstacle_publisher/share/obstacle_publisher/cmake/obstacle_publisherConfig.cmake
[0.268s] -- Up-to-date symlink: /home/jetson/f1tenth/install/obstacle_publisher/share/obstacle_publisher/cmake/obstacle_publisherConfig-version.cmake
[0.268s] -- Up-to-date symlink: /home/jetson/f1tenth/install/obstacle_publisher/share/obstacle_publisher/package.xml
[0.273s] Invoked command in '/home/jetson/f1tenth/build/obstacle_publisher' returned '0': /usr/bin/cmake --install /home/jetson/f1tenth/build/obstacle_publisher
