[0.290s] DEBUG:colcon:Command line arguments: ['/usr/bin/colcon', 'build', '--packages-select', 'obstacle_publisher']
[0.290s] DEBUG:colcon:Parsed command line arguments: Namespace(log_base=None, log_level=None, verb_name='build', build_base='build', install_base='install', merge_install=False, symlink_install=False, test_result_base=None, continue_on_error=False, executor='parallel', parallel_workers=6, event_handlers=None, ignore_user_meta=False, metas=['./colcon.meta'], base_paths=['.'], packages_ignore=None, packages_ignore_regex=None, paths=None, packages_up_to=None, packages_up_to_regex=None, packages_above=None, packages_above_and_dependencies=None, packages_above_depth=None, packages_select_by_dep=None, packages_skip_by_dep=None, packages_skip_up_to=None, packages_select_build_failed=False, packages_skip_build_finished=False, packages_select_test_failures=False, packages_skip_test_passed=False, packages_select=['obstacle_publisher'], packages_skip=None, packages_select_regex=None, packages_skip_regex=None, packages_start=None, packages_end=None, allow_overriding=[], cmake_args=None, cmake_target=None, cmake_target_skip_unavailable=False, cmake_clean_cache=False, cmake_clean_first=False, cmake_force_configure=False, ament_cmake_args=None, catkin_cmake_args=None, catkin_skip_building_tests=False, mixin_files=None, mixin=None, verb_parser=<colcon_mixin.mixin.mixin_argument.MixinArgumentDecorator object at 0xffff90149450>, verb_extension=<colcon_core.verb.build.BuildVerb object at 0xffff90148640>, main=<bound method BuildVerb.main of <colcon_core.verb.build.BuildVerb object at 0xffff90148640>>, mixin_verb=('build',))
[0.651s] Level 1:colcon.colcon_core.package_discovery:discover_packages(colcon_meta) check parameters
[0.651s] Level 1:colcon.colcon_core.package_discovery:discover_packages(recursive) check parameters
[0.651s] Level 1:colcon.colcon_core.package_discovery:discover_packages(ignore) check parameters
[0.651s] Level 1:colcon.colcon_core.package_discovery:discover_packages(path) check parameters
[0.652s] Level 1:colcon.colcon_core.package_discovery:discover_packages(colcon_meta) discover
[0.652s] Level 1:colcon.colcon_core.package_discovery:discover_packages(recursive) discover
[0.652s] INFO:colcon.colcon_core.package_discovery:Crawling recursively for packages in '/home/jetson/f1tenth'
[0.652s] Level 1:colcon.colcon_core.package_identification:_identify(.) by extensions ['ignore', 'ignore_ament_install']
[0.652s] Level 1:colcon.colcon_core.package_identification:_identify(.) by extension 'ignore'
[0.653s] Level 1:colcon.colcon_core.package_identification:_identify(.) by extension 'ignore_ament_install'
[0.653s] Level 1:colcon.colcon_core.package_identification:_identify(.) by extensions ['colcon_pkg']
[0.653s] Level 1:colcon.colcon_core.package_identification:_identify(.) by extension 'colcon_pkg'
[0.653s] Level 1:colcon.colcon_core.package_identification:_identify(.) by extensions ['colcon_meta']
[0.653s] Level 1:colcon.colcon_core.package_identification:_identify(.) by extension 'colcon_meta'
[0.653s] Level 1:colcon.colcon_core.package_identification:_identify(.) by extensions ['ros']
[0.653s] Level 1:colcon.colcon_core.package_identification:_identify(.) by extension 'ros'
[0.678s] Level 1:colcon.colcon_core.package_identification:_identify(.) by extensions ['cmake', 'python']
[0.679s] Level 1:colcon.colcon_core.package_identification:_identify(.) by extension 'cmake'
[0.679s] Level 1:colcon.colcon_core.package_identification:_identify(.) by extension 'python'
[0.679s] Level 1:colcon.colcon_core.package_identification:_identify(.) by extensions ['python_setup_py']
[0.679s] Level 1:colcon.colcon_core.package_identification:_identify(.) by extension 'python_setup_py'
[0.679s] Level 1:colcon.colcon_core.package_identification:_identify(build) by extensions ['ignore', 'ignore_ament_install']
[0.680s] Level 1:colcon.colcon_core.package_identification:_identify(build) by extension 'ignore'
[0.680s] Level 1:colcon.colcon_core.package_identification:_identify(build) ignored
[0.680s] Level 1:colcon.colcon_core.package_identification:_identify(install) by extensions ['ignore', 'ignore_ament_install']
[0.680s] Level 1:colcon.colcon_core.package_identification:_identify(install) by extension 'ignore'
[0.680s] Level 1:colcon.colcon_core.package_identification:_identify(install) ignored
[0.681s] Level 1:colcon.colcon_core.package_identification:_identify(log) by extensions ['ignore', 'ignore_ament_install']
[0.681s] Level 1:colcon.colcon_core.package_identification:_identify(log) by extension 'ignore'
[0.681s] Level 1:colcon.colcon_core.package_identification:_identify(log) ignored
[0.681s] Level 1:colcon.colcon_core.package_identification:_identify(osqp) by extensions ['ignore', 'ignore_ament_install']
[0.681s] Level 1:colcon.colcon_core.package_identification:_identify(osqp) by extension 'ignore'
[0.681s] Level 1:colcon.colcon_core.package_identification:_identify(osqp) by extension 'ignore_ament_install'
[0.682s] Level 1:colcon.colcon_core.package_identification:_identify(osqp) by extensions ['colcon_pkg']
[0.682s] Level 1:colcon.colcon_core.package_identification:_identify(osqp) by extension 'colcon_pkg'
[0.682s] Level 1:colcon.colcon_core.package_identification:_identify(osqp) by extensions ['colcon_meta']
[0.682s] Level 1:colcon.colcon_core.package_identification:_identify(osqp) by extension 'colcon_meta'
[0.682s] Level 1:colcon.colcon_core.package_identification:_identify(osqp) by extensions ['ros']
[0.682s] Level 1:colcon.colcon_core.package_identification:_identify(osqp) by extension 'ros'
[0.682s] Level 1:colcon.colcon_core.package_identification:_identify(osqp) by extensions ['cmake', 'python']
[0.682s] Level 1:colcon.colcon_core.package_identification:_identify(osqp) by extension 'cmake'
[0.735s] Level 1:colcon.colcon_core.package_identification:_identify(osqp) by extension 'python'
[0.736s] DEBUG:colcon.colcon_core.package_identification:Package 'osqp' with type 'cmake' and name 'osqp'
[0.736s] Level 1:colcon.colcon_core.package_identification:_identify(src) by extensions ['ignore', 'ignore_ament_install']
[0.736s] Level 1:colcon.colcon_core.package_identification:_identify(src) by extension 'ignore'
[0.736s] Level 1:colcon.colcon_core.package_identification:_identify(src) by extension 'ignore_ament_install'
[0.736s] Level 1:colcon.colcon_core.package_identification:_identify(src) by extensions ['colcon_pkg']
[0.737s] Level 1:colcon.colcon_core.package_identification:_identify(src) by extension 'colcon_pkg'
[0.737s] Level 1:colcon.colcon_core.package_identification:_identify(src) by extensions ['colcon_meta']
[0.737s] Level 1:colcon.colcon_core.package_identification:_identify(src) by extension 'colcon_meta'
[0.737s] Level 1:colcon.colcon_core.package_identification:_identify(src) by extensions ['ros']
[0.737s] Level 1:colcon.colcon_core.package_identification:_identify(src) by extension 'ros'
[0.737s] Level 1:colcon.colcon_core.package_identification:_identify(src) by extensions ['cmake', 'python']
[0.737s] Level 1:colcon.colcon_core.package_identification:_identify(src) by extension 'cmake'
[0.737s] Level 1:colcon.colcon_core.package_identification:_identify(src) by extension 'python'
[0.738s] Level 1:colcon.colcon_core.package_identification:_identify(src) by extensions ['python_setup_py']
[0.738s] Level 1:colcon.colcon_core.package_identification:_identify(src) by extension 'python_setup_py'
[0.738s] Level 1:colcon.colcon_core.package_identification:_identify(src/LBFGSpp) by extensions ['ignore', 'ignore_ament_install']
[0.738s] Level 1:colcon.colcon_core.package_identification:_identify(src/LBFGSpp) by extension 'ignore'
[0.738s] Level 1:colcon.colcon_core.package_identification:_identify(src/LBFGSpp) by extension 'ignore_ament_install'
[0.738s] Level 1:colcon.colcon_core.package_identification:_identify(src/LBFGSpp) by extensions ['colcon_pkg']
[0.738s] Level 1:colcon.colcon_core.package_identification:_identify(src/LBFGSpp) by extension 'colcon_pkg'
[0.739s] Level 1:colcon.colcon_core.package_identification:_identify(src/LBFGSpp) by extensions ['colcon_meta']
[0.739s] Level 1:colcon.colcon_core.package_identification:_identify(src/LBFGSpp) by extension 'colcon_meta'
[0.739s] Level 1:colcon.colcon_core.package_identification:_identify(src/LBFGSpp) by extensions ['ros']
[0.739s] Level 1:colcon.colcon_core.package_identification:_identify(src/LBFGSpp) by extension 'ros'
[0.739s] Level 1:colcon.colcon_core.package_identification:_identify(src/LBFGSpp) by extensions ['cmake', 'python']
[0.739s] Level 1:colcon.colcon_core.package_identification:_identify(src/LBFGSpp) by extension 'cmake'
[0.741s] Level 1:colcon.colcon_core.package_identification:_identify(src/LBFGSpp) by extension 'python'
[0.741s] DEBUG:colcon.colcon_core.package_identification:Package 'src/LBFGSpp' with type 'cmake' and name 'lbfgspp'
[0.741s] Level 1:colcon.colcon_core.package_identification:_identify(src/OsqpEigen) by extensions ['ignore', 'ignore_ament_install']
[0.741s] Level 1:colcon.colcon_core.package_identification:_identify(src/OsqpEigen) by extension 'ignore'
[0.741s] Level 1:colcon.colcon_core.package_identification:_identify(src/OsqpEigen) by extension 'ignore_ament_install'
[0.741s] Level 1:colcon.colcon_core.package_identification:_identify(src/OsqpEigen) by extensions ['colcon_pkg']
[0.741s] Level 1:colcon.colcon_core.package_identification:_identify(src/OsqpEigen) by extension 'colcon_pkg'
[0.742s] Level 1:colcon.colcon_core.package_identification:_identify(src/OsqpEigen) by extensions ['colcon_meta']
[0.742s] Level 1:colcon.colcon_core.package_identification:_identify(src/OsqpEigen) by extension 'colcon_meta'
[0.742s] Level 1:colcon.colcon_core.package_identification:_identify(src/OsqpEigen) by extensions ['ros']
[0.742s] Level 1:colcon.colcon_core.package_identification:_identify(src/OsqpEigen) by extension 'ros'
[0.751s] DEBUG:colcon.colcon_core.package_identification:Package 'src/OsqpEigen' with type 'ros.cmake' and name 'osqp-eigen'
[0.751s] Level 1:colcon.colcon_core.package_identification:_identify(src/dwa_follower) by extensions ['ignore', 'ignore_ament_install']
[0.752s] Level 1:colcon.colcon_core.package_identification:_identify(src/dwa_follower) by extension 'ignore'
[0.752s] Level 1:colcon.colcon_core.package_identification:_identify(src/dwa_follower) by extension 'ignore_ament_install'
[0.752s] Level 1:colcon.colcon_core.package_identification:_identify(src/dwa_follower) by extensions ['colcon_pkg']
[0.752s] Level 1:colcon.colcon_core.package_identification:_identify(src/dwa_follower) by extension 'colcon_pkg'
[0.752s] Level 1:colcon.colcon_core.package_identification:_identify(src/dwa_follower) by extensions ['colcon_meta']
[0.752s] Level 1:colcon.colcon_core.package_identification:_identify(src/dwa_follower) by extension 'colcon_meta'
[0.752s] Level 1:colcon.colcon_core.package_identification:_identify(src/dwa_follower) by extensions ['ros']
[0.752s] Level 1:colcon.colcon_core.package_identification:_identify(src/dwa_follower) by extension 'ros'
[0.755s] DEBUG:colcon.colcon_core.package_identification:Package 'src/dwa_follower' with type 'ros.ament_cmake' and name 'dwa_follower'
[0.755s] Level 1:colcon.colcon_core.package_identification:_identify(src/f1tenth_system) by extensions ['ignore', 'ignore_ament_install']
[0.755s] Level 1:colcon.colcon_core.package_identification:_identify(src/f1tenth_system) by extension 'ignore'
[0.755s] Level 1:colcon.colcon_core.package_identification:_identify(src/f1tenth_system) by extension 'ignore_ament_install'
[0.755s] Level 1:colcon.colcon_core.package_identification:_identify(src/f1tenth_system) by extensions ['colcon_pkg']
[0.756s] Level 1:colcon.colcon_core.package_identification:_identify(src/f1tenth_system) by extension 'colcon_pkg'
[0.756s] Level 1:colcon.colcon_core.package_identification:_identify(src/f1tenth_system) by extensions ['colcon_meta']
[0.756s] Level 1:colcon.colcon_core.package_identification:_identify(src/f1tenth_system) by extension 'colcon_meta'
[0.756s] Level 1:colcon.colcon_core.package_identification:_identify(src/f1tenth_system) by extensions ['ros']
[0.756s] Level 1:colcon.colcon_core.package_identification:_identify(src/f1tenth_system) by extension 'ros'
[0.756s] Level 1:colcon.colcon_core.package_identification:_identify(src/f1tenth_system) by extensions ['cmake', 'python']
[0.756s] Level 1:colcon.colcon_core.package_identification:_identify(src/f1tenth_system) by extension 'cmake'
[0.756s] Level 1:colcon.colcon_core.package_identification:_identify(src/f1tenth_system) by extension 'python'
[0.756s] Level 1:colcon.colcon_core.package_identification:_identify(src/f1tenth_system) by extensions ['python_setup_py']
[0.756s] Level 1:colcon.colcon_core.package_identification:_identify(src/f1tenth_system) by extension 'python_setup_py'
[0.757s] Level 1:colcon.colcon_core.package_identification:_identify(src/f1tenth_system/ackermann_mux) by extensions ['ignore', 'ignore_ament_install']
[0.757s] Level 1:colcon.colcon_core.package_identification:_identify(src/f1tenth_system/ackermann_mux) by extension 'ignore'
[0.757s] Level 1:colcon.colcon_core.package_identification:_identify(src/f1tenth_system/ackermann_mux) by extension 'ignore_ament_install'
[0.757s] Level 1:colcon.colcon_core.package_identification:_identify(src/f1tenth_system/ackermann_mux) by extensions ['colcon_pkg']
[0.757s] Level 1:colcon.colcon_core.package_identification:_identify(src/f1tenth_system/ackermann_mux) by extension 'colcon_pkg'
[0.757s] Level 1:colcon.colcon_core.package_identification:_identify(src/f1tenth_system/ackermann_mux) by extensions ['colcon_meta']
[0.757s] Level 1:colcon.colcon_core.package_identification:_identify(src/f1tenth_system/ackermann_mux) by extension 'colcon_meta'
[0.757s] Level 1:colcon.colcon_core.package_identification:_identify(src/f1tenth_system/ackermann_mux) by extensions ['ros']
[0.758s] Level 1:colcon.colcon_core.package_identification:_identify(src/f1tenth_system/ackermann_mux) by extension 'ros'
[0.758s] Level 1:colcon.colcon_core.package_identification:_identify(src/f1tenth_system/ackermann_mux) by extensions ['cmake', 'python']
[0.758s] Level 1:colcon.colcon_core.package_identification:_identify(src/f1tenth_system/ackermann_mux) by extension 'cmake'
[0.758s] Level 1:colcon.colcon_core.package_identification:_identify(src/f1tenth_system/ackermann_mux) by extension 'python'
[0.758s] Level 1:colcon.colcon_core.package_identification:_identify(src/f1tenth_system/ackermann_mux) by extensions ['python_setup_py']
[0.758s] Level 1:colcon.colcon_core.package_identification:_identify(src/f1tenth_system/ackermann_mux) by extension 'python_setup_py'
[0.758s] Level 1:colcon.colcon_core.package_identification:_identify(src/f1tenth_system/ackermann_mux/ackermann_mux) by extensions ['ignore', 'ignore_ament_install']
[0.759s] Level 1:colcon.colcon_core.package_identification:_identify(src/f1tenth_system/ackermann_mux/ackermann_mux) by extension 'ignore'
[0.759s] Level 1:colcon.colcon_core.package_identification:_identify(src/f1tenth_system/ackermann_mux/ackermann_mux) by extension 'ignore_ament_install'
[0.759s] Level 1:colcon.colcon_core.package_identification:_identify(src/f1tenth_system/ackermann_mux/ackermann_mux) by extensions ['colcon_pkg']
[0.759s] Level 1:colcon.colcon_core.package_identification:_identify(src/f1tenth_system/ackermann_mux/ackermann_mux) by extension 'colcon_pkg'
[0.759s] Level 1:colcon.colcon_core.package_identification:_identify(src/f1tenth_system/ackermann_mux/ackermann_mux) by extensions ['colcon_meta']
[0.759s] Level 1:colcon.colcon_core.package_identification:_identify(src/f1tenth_system/ackermann_mux/ackermann_mux) by extension 'colcon_meta'
[0.759s] Level 1:colcon.colcon_core.package_identification:_identify(src/f1tenth_system/ackermann_mux/ackermann_mux) by extensions ['ros']
[0.759s] Level 1:colcon.colcon_core.package_identification:_identify(src/f1tenth_system/ackermann_mux/ackermann_mux) by extension 'ros'
[0.761s] DEBUG:colcon.colcon_core.package_identification:Package 'src/f1tenth_system/ackermann_mux/ackermann_mux' with type 'ros.ament_cmake' and name 'ackermann_mux'
[0.762s] Level 1:colcon.colcon_core.package_identification:_identify(src/f1tenth_system/f1tenth_stack) by extensions ['ignore', 'ignore_ament_install']
[0.762s] Level 1:colcon.colcon_core.package_identification:_identify(src/f1tenth_system/f1tenth_stack) by extension 'ignore'
[0.762s] Level 1:colcon.colcon_core.package_identification:_identify(src/f1tenth_system/f1tenth_stack) by extension 'ignore_ament_install'
[0.762s] Level 1:colcon.colcon_core.package_identification:_identify(src/f1tenth_system/f1tenth_stack) by extensions ['colcon_pkg']
[0.762s] Level 1:colcon.colcon_core.package_identification:_identify(src/f1tenth_system/f1tenth_stack) by extension 'colcon_pkg'
[0.762s] Level 1:colcon.colcon_core.package_identification:_identify(src/f1tenth_system/f1tenth_stack) by extensions ['colcon_meta']
[0.763s] Level 1:colcon.colcon_core.package_identification:_identify(src/f1tenth_system/f1tenth_stack) by extension 'colcon_meta'
[0.763s] Level 1:colcon.colcon_core.package_identification:_identify(src/f1tenth_system/f1tenth_stack) by extensions ['ros']
[0.763s] Level 1:colcon.colcon_core.package_identification:_identify(src/f1tenth_system/f1tenth_stack) by extension 'ros'
[0.765s] DEBUG:colcon.colcon_core.package_identification:Package 'src/f1tenth_system/f1tenth_stack' with type 'ros.ament_python' and name 'f1tenth_stack'
[0.765s] Level 1:colcon.colcon_core.package_identification:_identify(src/f1tenth_system/scripts) by extensions ['ignore', 'ignore_ament_install']
[0.765s] Level 1:colcon.colcon_core.package_identification:_identify(src/f1tenth_system/scripts) by extension 'ignore'
[0.765s] Level 1:colcon.colcon_core.package_identification:_identify(src/f1tenth_system/scripts) by extension 'ignore_ament_install'
[0.766s] Level 1:colcon.colcon_core.package_identification:_identify(src/f1tenth_system/scripts) by extensions ['colcon_pkg']
[0.766s] Level 1:colcon.colcon_core.package_identification:_identify(src/f1tenth_system/scripts) by extension 'colcon_pkg'
[0.766s] Level 1:colcon.colcon_core.package_identification:_identify(src/f1tenth_system/scripts) by extensions ['colcon_meta']
[0.766s] Level 1:colcon.colcon_core.package_identification:_identify(src/f1tenth_system/scripts) by extension 'colcon_meta'
[0.766s] Level 1:colcon.colcon_core.package_identification:_identify(src/f1tenth_system/scripts) by extensions ['ros']
[0.766s] Level 1:colcon.colcon_core.package_identification:_identify(src/f1tenth_system/scripts) by extension 'ros'
[0.766s] Level 1:colcon.colcon_core.package_identification:_identify(src/f1tenth_system/scripts) by extensions ['cmake', 'python']
[0.766s] Level 1:colcon.colcon_core.package_identification:_identify(src/f1tenth_system/scripts) by extension 'cmake'
[0.766s] Level 1:colcon.colcon_core.package_identification:_identify(src/f1tenth_system/scripts) by extension 'python'
[0.767s] Level 1:colcon.colcon_core.package_identification:_identify(src/f1tenth_system/scripts) by extensions ['python_setup_py']
[0.767s] Level 1:colcon.colcon_core.package_identification:_identify(src/f1tenth_system/scripts) by extension 'python_setup_py'
[0.767s] Level 1:colcon.colcon_core.package_identification:_identify(src/f1tenth_system/teleop_tools) by extensions ['ignore', 'ignore_ament_install']
[0.767s] Level 1:colcon.colcon_core.package_identification:_identify(src/f1tenth_system/teleop_tools) by extension 'ignore'
[0.767s] Level 1:colcon.colcon_core.package_identification:_identify(src/f1tenth_system/teleop_tools) by extension 'ignore_ament_install'
[0.767s] Level 1:colcon.colcon_core.package_identification:_identify(src/f1tenth_system/teleop_tools) by extensions ['colcon_pkg']
[0.767s] Level 1:colcon.colcon_core.package_identification:_identify(src/f1tenth_system/teleop_tools) by extension 'colcon_pkg'
[0.768s] Level 1:colcon.colcon_core.package_identification:_identify(src/f1tenth_system/teleop_tools) by extensions ['colcon_meta']
[0.768s] Level 1:colcon.colcon_core.package_identification:_identify(src/f1tenth_system/teleop_tools) by extension 'colcon_meta'
[0.768s] Level 1:colcon.colcon_core.package_identification:_identify(src/f1tenth_system/teleop_tools) by extensions ['ros']
[0.768s] Level 1:colcon.colcon_core.package_identification:_identify(src/f1tenth_system/teleop_tools) by extension 'ros'
[0.768s] Level 1:colcon.colcon_core.package_identification:_identify(src/f1tenth_system/teleop_tools) by extensions ['cmake', 'python']
[0.768s] Level 1:colcon.colcon_core.package_identification:_identify(src/f1tenth_system/teleop_tools) by extension 'cmake'
[0.768s] Level 1:colcon.colcon_core.package_identification:_identify(src/f1tenth_system/teleop_tools) by extension 'python'
[0.768s] Level 1:colcon.colcon_core.package_identification:_identify(src/f1tenth_system/teleop_tools) by extensions ['python_setup_py']
[0.768s] Level 1:colcon.colcon_core.package_identification:_identify(src/f1tenth_system/teleop_tools) by extension 'python_setup_py'
[0.769s] Level 1:colcon.colcon_core.package_identification:_identify(src/f1tenth_system/transport_drivers) by extensions ['ignore', 'ignore_ament_install']
[0.769s] Level 1:colcon.colcon_core.package_identification:_identify(src/f1tenth_system/transport_drivers) by extension 'ignore'
[0.769s] Level 1:colcon.colcon_core.package_identification:_identify(src/f1tenth_system/transport_drivers) by extension 'ignore_ament_install'
[0.769s] Level 1:colcon.colcon_core.package_identification:_identify(src/f1tenth_system/transport_drivers) by extensions ['colcon_pkg']
[0.769s] Level 1:colcon.colcon_core.package_identification:_identify(src/f1tenth_system/transport_drivers) by extension 'colcon_pkg'
[0.769s] Level 1:colcon.colcon_core.package_identification:_identify(src/f1tenth_system/transport_drivers) by extensions ['colcon_meta']
[0.769s] Level 1:colcon.colcon_core.package_identification:_identify(src/f1tenth_system/transport_drivers) by extension 'colcon_meta'
[0.770s] Level 1:colcon.colcon_core.package_identification:_identify(src/f1tenth_system/transport_drivers) by extensions ['ros']
[0.770s] Level 1:colcon.colcon_core.package_identification:_identify(src/f1tenth_system/transport_drivers) by extension 'ros'
[0.770s] Level 1:colcon.colcon_core.package_identification:_identify(src/f1tenth_system/transport_drivers) by extensions ['cmake', 'python']
[0.770s] Level 1:colcon.colcon_core.package_identification:_identify(src/f1tenth_system/transport_drivers) by extension 'cmake'
[0.770s] Level 1:colcon.colcon_core.package_identification:_identify(src/f1tenth_system/transport_drivers) by extension 'python'
[0.770s] Level 1:colcon.colcon_core.package_identification:_identify(src/f1tenth_system/transport_drivers) by extensions ['python_setup_py']
[0.770s] Level 1:colcon.colcon_core.package_identification:_identify(src/f1tenth_system/transport_drivers) by extension 'python_setup_py'
[0.770s] Level 1:colcon.colcon_core.package_identification:_identify(src/f1tenth_system/transport_drivers/asio_cmake_module) by extensions ['ignore', 'ignore_ament_install']
[0.771s] Level 1:colcon.colcon_core.package_identification:_identify(src/f1tenth_system/transport_drivers/asio_cmake_module) by extension 'ignore'
[0.771s] Level 1:colcon.colcon_core.package_identification:_identify(src/f1tenth_system/transport_drivers/asio_cmake_module) by extension 'ignore_ament_install'
[0.771s] Level 1:colcon.colcon_core.package_identification:_identify(src/f1tenth_system/transport_drivers/asio_cmake_module) by extensions ['colcon_pkg']
[0.771s] Level 1:colcon.colcon_core.package_identification:_identify(src/f1tenth_system/transport_drivers/asio_cmake_module) by extension 'colcon_pkg'
[0.771s] Level 1:colcon.colcon_core.package_identification:_identify(src/f1tenth_system/transport_drivers/asio_cmake_module) by extensions ['colcon_meta']
[0.771s] Level 1:colcon.colcon_core.package_identification:_identify(src/f1tenth_system/transport_drivers/asio_cmake_module) by extension 'colcon_meta'
[0.771s] Level 1:colcon.colcon_core.package_identification:_identify(src/f1tenth_system/transport_drivers/asio_cmake_module) by extensions ['ros']
[0.771s] Level 1:colcon.colcon_core.package_identification:_identify(src/f1tenth_system/transport_drivers/asio_cmake_module) by extension 'ros'
[0.773s] DEBUG:colcon.colcon_core.package_identification:Package 'src/f1tenth_system/transport_drivers/asio_cmake_module' with type 'ros.ament_cmake' and name 'asio_cmake_module'
[0.773s] Level 1:colcon.colcon_core.package_identification:_identify(src/f1tenth_system/transport_drivers/io_context) by extensions ['ignore', 'ignore_ament_install']
[0.773s] Level 1:colcon.colcon_core.package_identification:_identify(src/f1tenth_system/transport_drivers/io_context) by extension 'ignore'
[0.773s] Level 1:colcon.colcon_core.package_identification:_identify(src/f1tenth_system/transport_drivers/io_context) by extension 'ignore_ament_install'
[0.774s] Level 1:colcon.colcon_core.package_identification:_identify(src/f1tenth_system/transport_drivers/io_context) by extensions ['colcon_pkg']
[0.774s] Level 1:colcon.colcon_core.package_identification:_identify(src/f1tenth_system/transport_drivers/io_context) by extension 'colcon_pkg'
[0.774s] Level 1:colcon.colcon_core.package_identification:_identify(src/f1tenth_system/transport_drivers/io_context) by extensions ['colcon_meta']
[0.774s] Level 1:colcon.colcon_core.package_identification:_identify(src/f1tenth_system/transport_drivers/io_context) by extension 'colcon_meta'
[0.774s] Level 1:colcon.colcon_core.package_identification:_identify(src/f1tenth_system/transport_drivers/io_context) by extensions ['ros']
[0.774s] Level 1:colcon.colcon_core.package_identification:_identify(src/f1tenth_system/transport_drivers/io_context) by extension 'ros'
[0.776s] DEBUG:colcon.colcon_core.package_identification:Package 'src/f1tenth_system/transport_drivers/io_context' with type 'ros.ament_cmake' and name 'io_context'
[0.776s] Level 1:colcon.colcon_core.package_identification:_identify(src/f1tenth_system/transport_drivers/serial_driver) by extensions ['ignore', 'ignore_ament_install']
[0.776s] Level 1:colcon.colcon_core.package_identification:_identify(src/f1tenth_system/transport_drivers/serial_driver) by extension 'ignore'
[0.776s] Level 1:colcon.colcon_core.package_identification:_identify(src/f1tenth_system/transport_drivers/serial_driver) by extension 'ignore_ament_install'
[0.777s] Level 1:colcon.colcon_core.package_identification:_identify(src/f1tenth_system/transport_drivers/serial_driver) by extensions ['colcon_pkg']
[0.777s] Level 1:colcon.colcon_core.package_identification:_identify(src/f1tenth_system/transport_drivers/serial_driver) by extension 'colcon_pkg'
[0.777s] Level 1:colcon.colcon_core.package_identification:_identify(src/f1tenth_system/transport_drivers/serial_driver) by extensions ['colcon_meta']
[0.777s] Level 1:colcon.colcon_core.package_identification:_identify(src/f1tenth_system/transport_drivers/serial_driver) by extension 'colcon_meta'
[0.777s] Level 1:colcon.colcon_core.package_identification:_identify(src/f1tenth_system/transport_drivers/serial_driver) by extensions ['ros']
[0.777s] Level 1:colcon.colcon_core.package_identification:_identify(src/f1tenth_system/transport_drivers/serial_driver) by extension 'ros'
[0.779s] DEBUG:colcon.colcon_core.package_identification:Package 'src/f1tenth_system/transport_drivers/serial_driver' with type 'ros.ament_cmake' and name 'serial_driver'
[0.779s] Level 1:colcon.colcon_core.package_identification:_identify(src/f1tenth_system/transport_drivers/udp_driver) by extensions ['ignore', 'ignore_ament_install']
[0.779s] Level 1:colcon.colcon_core.package_identification:_identify(src/f1tenth_system/transport_drivers/udp_driver) by extension 'ignore'
[0.780s] Level 1:colcon.colcon_core.package_identification:_identify(src/f1tenth_system/transport_drivers/udp_driver) by extension 'ignore_ament_install'
[0.780s] Level 1:colcon.colcon_core.package_identification:_identify(src/f1tenth_system/transport_drivers/udp_driver) by extensions ['colcon_pkg']
[0.780s] Level 1:colcon.colcon_core.package_identification:_identify(src/f1tenth_system/transport_drivers/udp_driver) by extension 'colcon_pkg'
[0.780s] Level 1:colcon.colcon_core.package_identification:_identify(src/f1tenth_system/transport_drivers/udp_driver) by extensions ['colcon_meta']
[0.780s] Level 1:colcon.colcon_core.package_identification:_identify(src/f1tenth_system/transport_drivers/udp_driver) by extension 'colcon_meta'
[0.780s] Level 1:colcon.colcon_core.package_identification:_identify(src/f1tenth_system/transport_drivers/udp_driver) by extensions ['ros']
[0.780s] Level 1:colcon.colcon_core.package_identification:_identify(src/f1tenth_system/transport_drivers/udp_driver) by extension 'ros'
[0.783s] DEBUG:colcon.colcon_core.package_identification:Package 'src/f1tenth_system/transport_drivers/udp_driver' with type 'ros.ament_cmake' and name 'udp_driver'
[0.783s] Level 1:colcon.colcon_core.package_identification:_identify(src/f1tenth_system/vesc) by extensions ['ignore', 'ignore_ament_install']
[0.783s] Level 1:colcon.colcon_core.package_identification:_identify(src/f1tenth_system/vesc) by extension 'ignore'
[0.783s] Level 1:colcon.colcon_core.package_identification:_identify(src/f1tenth_system/vesc) by extension 'ignore_ament_install'
[0.784s] Level 1:colcon.colcon_core.package_identification:_identify(src/f1tenth_system/vesc) by extensions ['colcon_pkg']
[0.784s] Level 1:colcon.colcon_core.package_identification:_identify(src/f1tenth_system/vesc) by extension 'colcon_pkg'
[0.784s] Level 1:colcon.colcon_core.package_identification:_identify(src/f1tenth_system/vesc) by extensions ['colcon_meta']
[0.784s] Level 1:colcon.colcon_core.package_identification:_identify(src/f1tenth_system/vesc) by extension 'colcon_meta'
[0.784s] Level 1:colcon.colcon_core.package_identification:_identify(src/f1tenth_system/vesc) by extensions ['ros']
[0.784s] Level 1:colcon.colcon_core.package_identification:_identify(src/f1tenth_system/vesc) by extension 'ros'
[0.784s] Level 1:colcon.colcon_core.package_identification:_identify(src/f1tenth_system/vesc) by extensions ['cmake', 'python']
[0.784s] Level 1:colcon.colcon_core.package_identification:_identify(src/f1tenth_system/vesc) by extension 'cmake'
[0.784s] Level 1:colcon.colcon_core.package_identification:_identify(src/f1tenth_system/vesc) by extension 'python'
[0.784s] Level 1:colcon.colcon_core.package_identification:_identify(src/f1tenth_system/vesc) by extensions ['python_setup_py']
[0.785s] Level 1:colcon.colcon_core.package_identification:_identify(src/f1tenth_system/vesc) by extension 'python_setup_py'
[0.785s] Level 1:colcon.colcon_core.package_identification:_identify(src/f1tenth_system/vesc/vesc) by extensions ['ignore', 'ignore_ament_install']
[0.785s] Level 1:colcon.colcon_core.package_identification:_identify(src/f1tenth_system/vesc/vesc) by extension 'ignore'
[0.785s] Level 1:colcon.colcon_core.package_identification:_identify(src/f1tenth_system/vesc/vesc) by extension 'ignore_ament_install'
[0.785s] Level 1:colcon.colcon_core.package_identification:_identify(src/f1tenth_system/vesc/vesc) by extensions ['colcon_pkg']
[0.785s] Level 1:colcon.colcon_core.package_identification:_identify(src/f1tenth_system/vesc/vesc) by extension 'colcon_pkg'
[0.785s] Level 1:colcon.colcon_core.package_identification:_identify(src/f1tenth_system/vesc/vesc) by extensions ['colcon_meta']
[0.785s] Level 1:colcon.colcon_core.package_identification:_identify(src/f1tenth_system/vesc/vesc) by extension 'colcon_meta'
[0.786s] Level 1:colcon.colcon_core.package_identification:_identify(src/f1tenth_system/vesc/vesc) by extensions ['ros']
[0.786s] Level 1:colcon.colcon_core.package_identification:_identify(src/f1tenth_system/vesc/vesc) by extension 'ros'
[0.786s] Level 1:colcon.colcon_core.package_identification:_identify(src/f1tenth_system/vesc/vesc) by extensions ['cmake', 'python']
[0.786s] Level 1:colcon.colcon_core.package_identification:_identify(src/f1tenth_system/vesc/vesc) by extension 'cmake'
[0.786s] Level 1:colcon.colcon_core.package_identification:_identify(src/f1tenth_system/vesc/vesc) by extension 'python'
[0.786s] Level 1:colcon.colcon_core.package_identification:_identify(src/f1tenth_system/vesc/vesc) by extensions ['python_setup_py']
[0.786s] Level 1:colcon.colcon_core.package_identification:_identify(src/f1tenth_system/vesc/vesc) by extension 'python_setup_py'
[0.786s] Level 1:colcon.colcon_core.package_identification:_identify(src/f1tenth_system/vesc/vesc/vesc) by extensions ['ignore', 'ignore_ament_install']
[0.787s] Level 1:colcon.colcon_core.package_identification:_identify(src/f1tenth_system/vesc/vesc/vesc) by extension 'ignore'
[0.787s] Level 1:colcon.colcon_core.package_identification:_identify(src/f1tenth_system/vesc/vesc/vesc) by extension 'ignore_ament_install'
[0.787s] Level 1:colcon.colcon_core.package_identification:_identify(src/f1tenth_system/vesc/vesc/vesc) by extensions ['colcon_pkg']
[0.787s] Level 1:colcon.colcon_core.package_identification:_identify(src/f1tenth_system/vesc/vesc/vesc) by extension 'colcon_pkg'
[0.787s] Level 1:colcon.colcon_core.package_identification:_identify(src/f1tenth_system/vesc/vesc/vesc) by extensions ['colcon_meta']
[0.787s] Level 1:colcon.colcon_core.package_identification:_identify(src/f1tenth_system/vesc/vesc/vesc) by extension 'colcon_meta'
[0.787s] Level 1:colcon.colcon_core.package_identification:_identify(src/f1tenth_system/vesc/vesc/vesc) by extensions ['ros']
[0.787s] Level 1:colcon.colcon_core.package_identification:_identify(src/f1tenth_system/vesc/vesc/vesc) by extension 'ros'
[0.789s] DEBUG:colcon.colcon_core.package_identification:Package 'src/f1tenth_system/vesc/vesc/vesc' with type 'ros.ament_cmake' and name 'vesc'
[0.789s] Level 1:colcon.colcon_core.package_identification:_identify(src/f1tenth_system/vesc/vesc/vesc_ackermann) by extensions ['ignore', 'ignore_ament_install']
[0.789s] Level 1:colcon.colcon_core.package_identification:_identify(src/f1tenth_system/vesc/vesc/vesc_ackermann) by extension 'ignore'
[0.789s] Level 1:colcon.colcon_core.package_identification:_identify(src/f1tenth_system/vesc/vesc/vesc_ackermann) by extension 'ignore_ament_install'
[0.789s] Level 1:colcon.colcon_core.package_identification:_identify(src/f1tenth_system/vesc/vesc/vesc_ackermann) by extensions ['colcon_pkg']
[0.789s] Level 1:colcon.colcon_core.package_identification:_identify(src/f1tenth_system/vesc/vesc/vesc_ackermann) by extension 'colcon_pkg'
[0.790s] Level 1:colcon.colcon_core.package_identification:_identify(src/f1tenth_system/vesc/vesc/vesc_ackermann) by extensions ['colcon_meta']
[0.790s] Level 1:colcon.colcon_core.package_identification:_identify(src/f1tenth_system/vesc/vesc/vesc_ackermann) by extension 'colcon_meta'
[0.790s] Level 1:colcon.colcon_core.package_identification:_identify(src/f1tenth_system/vesc/vesc/vesc_ackermann) by extensions ['ros']
[0.790s] Level 1:colcon.colcon_core.package_identification:_identify(src/f1tenth_system/vesc/vesc/vesc_ackermann) by extension 'ros'
[0.792s] DEBUG:colcon.colcon_core.package_identification:Package 'src/f1tenth_system/vesc/vesc/vesc_ackermann' with type 'ros.ament_cmake' and name 'vesc_ackermann'
[0.792s] Level 1:colcon.colcon_core.package_identification:_identify(src/f1tenth_system/vesc/vesc/vesc_driver) by extensions ['ignore', 'ignore_ament_install']
[0.792s] Level 1:colcon.colcon_core.package_identification:_identify(src/f1tenth_system/vesc/vesc/vesc_driver) by extension 'ignore'
[0.793s] Level 1:colcon.colcon_core.package_identification:_identify(src/f1tenth_system/vesc/vesc/vesc_driver) by extension 'ignore_ament_install'
[0.793s] Level 1:colcon.colcon_core.package_identification:_identify(src/f1tenth_system/vesc/vesc/vesc_driver) by extensions ['colcon_pkg']
[0.793s] Level 1:colcon.colcon_core.package_identification:_identify(src/f1tenth_system/vesc/vesc/vesc_driver) by extension 'colcon_pkg'
[0.793s] Level 1:colcon.colcon_core.package_identification:_identify(src/f1tenth_system/vesc/vesc/vesc_driver) by extensions ['colcon_meta']
[0.793s] Level 1:colcon.colcon_core.package_identification:_identify(src/f1tenth_system/vesc/vesc/vesc_driver) by extension 'colcon_meta'
[0.793s] Level 1:colcon.colcon_core.package_identification:_identify(src/f1tenth_system/vesc/vesc/vesc_driver) by extensions ['ros']
[0.793s] Level 1:colcon.colcon_core.package_identification:_identify(src/f1tenth_system/vesc/vesc/vesc_driver) by extension 'ros'
[0.796s] DEBUG:colcon.colcon_core.package_identification:Package 'src/f1tenth_system/vesc/vesc/vesc_driver' with type 'ros.ament_cmake' and name 'vesc_driver'
[0.796s] Level 1:colcon.colcon_core.package_identification:_identify(src/f1tenth_system/vesc/vesc/vesc_msgs) by extensions ['ignore', 'ignore_ament_install']
[0.796s] Level 1:colcon.colcon_core.package_identification:_identify(src/f1tenth_system/vesc/vesc/vesc_msgs) by extension 'ignore'
[0.796s] Level 1:colcon.colcon_core.package_identification:_identify(src/f1tenth_system/vesc/vesc/vesc_msgs) by extension 'ignore_ament_install'
[0.796s] Level 1:colcon.colcon_core.package_identification:_identify(src/f1tenth_system/vesc/vesc/vesc_msgs) by extensions ['colcon_pkg']
[0.796s] Level 1:colcon.colcon_core.package_identification:_identify(src/f1tenth_system/vesc/vesc/vesc_msgs) by extension 'colcon_pkg'
[0.796s] Level 1:colcon.colcon_core.package_identification:_identify(src/f1tenth_system/vesc/vesc/vesc_msgs) by extensions ['colcon_meta']
[0.797s] Level 1:colcon.colcon_core.package_identification:_identify(src/f1tenth_system/vesc/vesc/vesc_msgs) by extension 'colcon_meta'
[0.797s] Level 1:colcon.colcon_core.package_identification:_identify(src/f1tenth_system/vesc/vesc/vesc_msgs) by extensions ['ros']
[0.797s] Level 1:colcon.colcon_core.package_identification:_identify(src/f1tenth_system/vesc/vesc/vesc_msgs) by extension 'ros'
[0.798s] DEBUG:colcon.colcon_core.package_identification:Package 'src/f1tenth_system/vesc/vesc/vesc_msgs' with type 'ros.ament_cmake' and name 'vesc_msgs'
[0.799s] Level 1:colcon.colcon_core.package_identification:_identify(src/mpc_python) by extensions ['ignore', 'ignore_ament_install']
[0.799s] Level 1:colcon.colcon_core.package_identification:_identify(src/mpc_python) by extension 'ignore'
[0.799s] Level 1:colcon.colcon_core.package_identification:_identify(src/mpc_python) by extension 'ignore_ament_install'
[0.799s] Level 1:colcon.colcon_core.package_identification:_identify(src/mpc_python) by extensions ['colcon_pkg']
[0.799s] Level 1:colcon.colcon_core.package_identification:_identify(src/mpc_python) by extension 'colcon_pkg'
[0.799s] Level 1:colcon.colcon_core.package_identification:_identify(src/mpc_python) by extensions ['colcon_meta']
[0.799s] Level 1:colcon.colcon_core.package_identification:_identify(src/mpc_python) by extension 'colcon_meta'
[0.799s] Level 1:colcon.colcon_core.package_identification:_identify(src/mpc_python) by extensions ['ros']
[0.800s] Level 1:colcon.colcon_core.package_identification:_identify(src/mpc_python) by extension 'ros'
[0.801s] DEBUG:colcon.colcon_core.package_identification:Package 'src/mpc_python' with type 'ros.ament_python' and name 'mpc_python'
[0.801s] Level 1:colcon.colcon_core.package_identification:_identify(src/obstacle_publisher) by extensions ['ignore', 'ignore_ament_install']
[0.802s] Level 1:colcon.colcon_core.package_identification:_identify(src/obstacle_publisher) by extension 'ignore'
[0.802s] Level 1:colcon.colcon_core.package_identification:_identify(src/obstacle_publisher) by extension 'ignore_ament_install'
[0.802s] Level 1:colcon.colcon_core.package_identification:_identify(src/obstacle_publisher) by extensions ['colcon_pkg']
[0.802s] Level 1:colcon.colcon_core.package_identification:_identify(src/obstacle_publisher) by extension 'colcon_pkg'
[0.802s] Level 1:colcon.colcon_core.package_identification:_identify(src/obstacle_publisher) by extensions ['colcon_meta']
[0.802s] Level 1:colcon.colcon_core.package_identification:_identify(src/obstacle_publisher) by extension 'colcon_meta'
[0.802s] Level 1:colcon.colcon_core.package_identification:_identify(src/obstacle_publisher) by extensions ['ros']
[0.802s] Level 1:colcon.colcon_core.package_identification:_identify(src/obstacle_publisher) by extension 'ros'
[0.804s] DEBUG:colcon.colcon_core.package_identification:Package 'src/obstacle_publisher' with type 'ros.ament_cmake' and name 'obstacle_publisher'
[0.804s] Level 1:colcon.colcon_core.package_identification:_identify(src/pickup_description) by extensions ['ignore', 'ignore_ament_install']
[0.804s] Level 1:colcon.colcon_core.package_identification:_identify(src/pickup_description) by extension 'ignore'
[0.804s] Level 1:colcon.colcon_core.package_identification:_identify(src/pickup_description) by extension 'ignore_ament_install'
[0.804s] Level 1:colcon.colcon_core.package_identification:_identify(src/pickup_description) by extensions ['colcon_pkg']
[0.804s] Level 1:colcon.colcon_core.package_identification:_identify(src/pickup_description) by extension 'colcon_pkg'
[0.805s] Level 1:colcon.colcon_core.package_identification:_identify(src/pickup_description) by extensions ['colcon_meta']
[0.805s] Level 1:colcon.colcon_core.package_identification:_identify(src/pickup_description) by extension 'colcon_meta'
[0.805s] Level 1:colcon.colcon_core.package_identification:_identify(src/pickup_description) by extensions ['ros']
[0.805s] Level 1:colcon.colcon_core.package_identification:_identify(src/pickup_description) by extension 'ros'
[0.806s] DEBUG:colcon.colcon_core.package_identification:Package 'src/pickup_description' with type 'ros.ament_python' and name 'pickup_description'
[0.807s] Level 1:colcon.colcon_core.package_identification:_identify(src/spline_visualizer) by extensions ['ignore', 'ignore_ament_install']
[0.807s] Level 1:colcon.colcon_core.package_identification:_identify(src/spline_visualizer) by extension 'ignore'
[0.807s] Level 1:colcon.colcon_core.package_identification:_identify(src/spline_visualizer) by extension 'ignore_ament_install'
[0.807s] Level 1:colcon.colcon_core.package_identification:_identify(src/spline_visualizer) by extensions ['colcon_pkg']
[0.807s] Level 1:colcon.colcon_core.package_identification:_identify(src/spline_visualizer) by extension 'colcon_pkg'
[0.807s] Level 1:colcon.colcon_core.package_identification:_identify(src/spline_visualizer) by extensions ['colcon_meta']
[0.808s] Level 1:colcon.colcon_core.package_identification:_identify(src/spline_visualizer) by extension 'colcon_meta'
[0.808s] Level 1:colcon.colcon_core.package_identification:_identify(src/spline_visualizer) by extensions ['ros']
[0.808s] Level 1:colcon.colcon_core.package_identification:_identify(src/spline_visualizer) by extension 'ros'
[0.810s] DEBUG:colcon.colcon_core.package_identification:Package 'src/spline_visualizer' with type 'ros.ament_cmake' and name 'spline_visualizer'
[0.810s] Level 1:colcon.colcon_core.package_identification:_identify(view_frames) by extensions ['ignore', 'ignore_ament_install']
[0.810s] Level 1:colcon.colcon_core.package_identification:_identify(view_frames) by extension 'ignore'
[0.810s] Level 1:colcon.colcon_core.package_identification:_identify(view_frames) by extension 'ignore_ament_install'
[0.811s] Level 1:colcon.colcon_core.package_identification:_identify(view_frames) by extensions ['colcon_pkg']
[0.811s] Level 1:colcon.colcon_core.package_identification:_identify(view_frames) by extension 'colcon_pkg'
[0.811s] Level 1:colcon.colcon_core.package_identification:_identify(view_frames) by extensions ['colcon_meta']
[0.811s] Level 1:colcon.colcon_core.package_identification:_identify(view_frames) by extension 'colcon_meta'
[0.811s] Level 1:colcon.colcon_core.package_identification:_identify(view_frames) by extensions ['ros']
[0.811s] Level 1:colcon.colcon_core.package_identification:_identify(view_frames) by extension 'ros'
[0.811s] Level 1:colcon.colcon_core.package_identification:_identify(view_frames) by extensions ['cmake', 'python']
[0.811s] Level 1:colcon.colcon_core.package_identification:_identify(view_frames) by extension 'cmake'
[0.811s] Level 1:colcon.colcon_core.package_identification:_identify(view_frames) by extension 'python'
[0.812s] Level 1:colcon.colcon_core.package_identification:_identify(view_frames) by extensions ['python_setup_py']
[0.812s] Level 1:colcon.colcon_core.package_identification:_identify(view_frames) by extension 'python_setup_py'
[0.812s] Level 1:colcon.colcon_core.package_discovery:discover_packages(recursive) using defaults
[0.812s] Level 1:colcon.colcon_core.package_discovery:discover_packages(ignore) discover
[0.812s] Level 1:colcon.colcon_core.package_discovery:discover_packages(ignore) using defaults
[0.812s] Level 1:colcon.colcon_core.package_discovery:discover_packages(path) discover
[0.812s] Level 1:colcon.colcon_core.package_discovery:discover_packages(path) using defaults
[0.865s] INFO:colcon.colcon_core.package_selection:Skipping not selected package 'ackermann_mux' in 'src/f1tenth_system/ackermann_mux/ackermann_mux'
[0.866s] INFO:colcon.colcon_core.package_selection:Skipping not selected package 'asio_cmake_module' in 'src/f1tenth_system/transport_drivers/asio_cmake_module'
[0.866s] INFO:colcon.colcon_core.package_selection:Skipping not selected package 'dwa_follower' in 'src/dwa_follower'
[0.866s] INFO:colcon.colcon_core.package_selection:Skipping not selected package 'lbfgspp' in 'src/LBFGSpp'
[0.866s] INFO:colcon.colcon_core.package_selection:Skipping not selected package 'mpc_python' in 'src/mpc_python'
[0.866s] INFO:colcon.colcon_core.package_selection:Skipping not selected package 'osqp' in 'osqp'
[0.866s] INFO:colcon.colcon_core.package_selection:Skipping not selected package 'pickup_description' in 'src/pickup_description'
[0.866s] INFO:colcon.colcon_core.package_selection:Skipping not selected package 'spline_visualizer' in 'src/spline_visualizer'
[0.866s] INFO:colcon.colcon_core.package_selection:Skipping not selected package 'vesc_msgs' in 'src/f1tenth_system/vesc/vesc/vesc_msgs'
[0.866s] INFO:colcon.colcon_core.package_selection:Skipping not selected package 'io_context' in 'src/f1tenth_system/transport_drivers/io_context'
[0.866s] INFO:colcon.colcon_core.package_selection:Skipping not selected package 'osqp-eigen' in 'src/OsqpEigen'
[0.866s] INFO:colcon.colcon_core.package_selection:Skipping not selected package 'vesc_ackermann' in 'src/f1tenth_system/vesc/vesc/vesc_ackermann'
[0.866s] INFO:colcon.colcon_core.package_selection:Skipping not selected package 'serial_driver' in 'src/f1tenth_system/transport_drivers/serial_driver'
[0.866s] INFO:colcon.colcon_core.package_selection:Skipping not selected package 'udp_driver' in 'src/f1tenth_system/transport_drivers/udp_driver'
[0.866s] INFO:colcon.colcon_core.package_selection:Skipping not selected package 'vesc_driver' in 'src/f1tenth_system/vesc/vesc/vesc_driver'
[0.866s] INFO:colcon.colcon_core.package_selection:Skipping not selected package 'vesc' in 'src/f1tenth_system/vesc/vesc/vesc'
[0.867s] INFO:colcon.colcon_core.package_selection:Skipping not selected package 'f1tenth_stack' in 'src/f1tenth_system/f1tenth_stack'
[0.868s] Level 1:colcon.colcon_core.package_discovery:discover_packages(prefix_path) check parameters
[0.868s] Level 1:colcon.colcon_core.package_discovery:discover_packages(prefix_path) discover
[0.870s] Level 1:colcon.colcon_core.package_discovery:discover_packages(prefix_path) using defaults
[0.873s] Level 5:colcon.colcon_core.verb:set package 'obstacle_publisher' build argument 'cmake_args' from command line to 'None'
[0.873s] Level 5:colcon.colcon_core.verb:set package 'obstacle_publisher' build argument 'cmake_target' from command line to 'None'
[0.873s] Level 5:colcon.colcon_core.verb:set package 'obstacle_publisher' build argument 'cmake_target_skip_unavailable' from command line to 'False'
[0.873s] Level 5:colcon.colcon_core.verb:set package 'obstacle_publisher' build argument 'cmake_clean_cache' from command line to 'False'
[0.873s] Level 5:colcon.colcon_core.verb:set package 'obstacle_publisher' build argument 'cmake_clean_first' from command line to 'False'
[0.873s] Level 5:colcon.colcon_core.verb:set package 'obstacle_publisher' build argument 'cmake_force_configure' from command line to 'False'
[0.873s] Level 5:colcon.colcon_core.verb:set package 'obstacle_publisher' build argument 'ament_cmake_args' from command line to 'None'
[0.873s] Level 5:colcon.colcon_core.verb:set package 'obstacle_publisher' build argument 'catkin_cmake_args' from command line to 'None'
[0.874s] Level 5:colcon.colcon_core.verb:set package 'obstacle_publisher' build argument 'catkin_skip_building_tests' from command line to 'False'
[0.874s] DEBUG:colcon.colcon_core.verb:Building package 'obstacle_publisher' with the following arguments: {'ament_cmake_args': None, 'build_base': '/home/jetson/f1tenth/build/obstacle_publisher', 'catkin_cmake_args': None, 'catkin_skip_building_tests': False, 'cmake_args': None, 'cmake_clean_cache': False, 'cmake_clean_first': False, 'cmake_force_configure': False, 'cmake_target': None, 'cmake_target_skip_unavailable': False, 'install_base': '/home/jetson/f1tenth/install/obstacle_publisher', 'merge_install': False, 'path': '/home/jetson/f1tenth/src/obstacle_publisher', 'symlink_install': False, 'test_result_base': None}
[0.874s] INFO:colcon.colcon_core.executor:Executing jobs using 'parallel' executor
[0.876s] DEBUG:colcon.colcon_parallel_executor.executor.parallel:run_until_complete
[0.877s] INFO:colcon.colcon_ros.task.ament_cmake.build:Building ROS package in '/home/jetson/f1tenth/src/obstacle_publisher' with build type 'ament_cmake'
[0.908s] INFO:colcon.colcon_cmake.task.cmake.build:Building CMake package in '/home/jetson/f1tenth/src/obstacle_publisher'
[0.914s] INFO:colcon.colcon_core.plugin_system:Skipping extension 'colcon_core.shell.bat': Not used on non-Windows systems
[0.915s] INFO:colcon.colcon_core.shell:Skip shell extension 'powershell' for command environment: Not usable outside of PowerShell
[0.915s] DEBUG:colcon.colcon_core.shell:Skip shell extension 'dsv' for command environment
[0.929s] DEBUG:colcon.colcon_core.event_handler.log_command:Invoking command in '/home/jetson/f1tenth/build/obstacle_publisher': /usr/bin/cmake /home/jetson/f1tenth/src/obstacle_publisher -DCMAKE_INSTALL_PREFIX=/home/jetson/f1tenth/install/obstacle_publisher
[1.397s] DEBUG:colcon.colcon_core.event_handler.log_command:Invoked command in '/home/jetson/f1tenth/build/obstacle_publisher' returned '1': /usr/bin/cmake /home/jetson/f1tenth/src/obstacle_publisher -DCMAKE_INSTALL_PREFIX=/home/jetson/f1tenth/install/obstacle_publisher
[1.402s] Level 1:colcon.colcon_core.environment:create_environment_scripts_only(obstacle_publisher)
[1.409s] Level 1:colcon.colcon_core.environment:checking '/home/jetson/f1tenth/install/obstacle_publisher' for CMake module files
[1.415s] Level 1:colcon.colcon_core.environment:checking '/home/jetson/f1tenth/install/obstacle_publisher' for CMake config files
[1.418s] Level 1:colcon.colcon_core.shell:create_environment_hook('obstacle_publisher', 'cmake_prefix_path')
[1.419s] INFO:colcon.colcon_core.shell:Creating environment hook '/home/jetson/f1tenth/install/obstacle_publisher/share/obstacle_publisher/hook/cmake_prefix_path.ps1'
[1.421s] INFO:colcon.colcon_core.shell:Creating environment descriptor '/home/jetson/f1tenth/install/obstacle_publisher/share/obstacle_publisher/hook/cmake_prefix_path.dsv'
[1.422s] INFO:colcon.colcon_core.shell:Creating environment hook '/home/jetson/f1tenth/install/obstacle_publisher/share/obstacle_publisher/hook/cmake_prefix_path.sh'
[1.424s] Level 1:colcon.colcon_core.environment:checking '/home/jetson/f1tenth/install/obstacle_publisher/lib'
[1.425s] Level 1:colcon.colcon_core.environment:checking '/home/jetson/f1tenth/install/obstacle_publisher/bin'
[1.425s] Level 1:colcon.colcon_core.environment:checking '/home/jetson/f1tenth/install/obstacle_publisher/lib/pkgconfig/obstacle_publisher.pc'
[1.429s] Level 1:colcon.colcon_core.environment:checking '/home/jetson/f1tenth/install/obstacle_publisher/lib/python3.10/site-packages'
[1.430s] Level 1:colcon.colcon_core.environment:checking '/home/jetson/f1tenth/install/obstacle_publisher/bin'
[1.430s] INFO:colcon.colcon_core.shell:Creating package script '/home/jetson/f1tenth/install/obstacle_publisher/share/obstacle_publisher/package.ps1'
[1.440s] INFO:colcon.colcon_core.shell:Creating package descriptor '/home/jetson/f1tenth/install/obstacle_publisher/share/obstacle_publisher/package.dsv'
[1.441s] INFO:colcon.colcon_core.shell:Creating package script '/home/jetson/f1tenth/install/obstacle_publisher/share/obstacle_publisher/package.sh'
[1.443s] INFO:colcon.colcon_core.shell:Creating package script '/home/jetson/f1tenth/install/obstacle_publisher/share/obstacle_publisher/package.bash'
[1.445s] INFO:colcon.colcon_core.shell:Creating package script '/home/jetson/f1tenth/install/obstacle_publisher/share/obstacle_publisher/package.zsh'
[1.446s] Level 1:colcon.colcon_core.environment:create_file_with_runtime_dependencies(/home/jetson/f1tenth/install/obstacle_publisher/share/colcon-core/packages/obstacle_publisher)
[1.457s] DEBUG:colcon.colcon_parallel_executor.executor.parallel:closing loop
[1.458s] DEBUG:colcon.colcon_parallel_executor.executor.parallel:loop closed
[1.458s] DEBUG:colcon.colcon_parallel_executor.executor.parallel:run_until_complete finished with '1'
[1.458s] DEBUG:colcon.colcon_core.event_reactor:joining thread
[1.474s] INFO:colcon.colcon_core.plugin_system:Skipping extension 'colcon_notification.desktop_notification.terminal_notifier': Not used on non-Darwin systems
[1.475s] INFO:colcon.colcon_core.plugin_system:Skipping extension 'colcon_notification.desktop_notification.win32': Not used on non-Windows systems
[1.475s] INFO:colcon.colcon_notification.desktop_notification:Sending desktop notification using 'notify2'
[1.506s] DEBUG:colcon.colcon_notification.desktop_notification.notify2:Failed to initialize notify2: org.freedesktop.DBus.Error.Spawn.ChildExited: Process org.freedesktop.Notifications exited with status 1
[1.506s] DEBUG:colcon.colcon_core.event_reactor:joined thread
[1.507s] INFO:colcon.colcon_core.shell:Creating prefix script '/home/jetson/f1tenth/install/local_setup.ps1'
[1.509s] INFO:colcon.colcon_core.shell:Creating prefix util module '/home/jetson/f1tenth/install/_local_setup_util_ps1.py'
[1.513s] INFO:colcon.colcon_core.shell:Creating prefix chain script '/home/jetson/f1tenth/install/setup.ps1'
[1.515s] INFO:colcon.colcon_core.shell:Creating prefix script '/home/jetson/f1tenth/install/local_setup.sh'
[1.516s] INFO:colcon.colcon_core.shell:Creating prefix util module '/home/jetson/f1tenth/install/_local_setup_util_sh.py'
[1.518s] INFO:colcon.colcon_core.shell:Creating prefix chain script '/home/jetson/f1tenth/install/setup.sh'
[1.520s] INFO:colcon.colcon_core.shell:Creating prefix script '/home/jetson/f1tenth/install/local_setup.bash'
[1.521s] INFO:colcon.colcon_core.shell:Creating prefix chain script '/home/jetson/f1tenth/install/setup.bash'
[1.522s] INFO:colcon.colcon_core.shell:Creating prefix script '/home/jetson/f1tenth/install/local_setup.zsh'
[1.523s] INFO:colcon.colcon_core.shell:Creating prefix chain script '/home/jetson/f1tenth/install/setup.zsh'
