[0.058s] Invoking command in '/home/jetson/f1tenth/build/obstacle_publisher': CMAKE_PREFIX_PATH=/opt/ros/humble /usr/bin/cmake /home/jetson/f1tenth/src/obstacle_publisher -DAMENT_CMAKE_SYMLINK_INSTALL=1 -DCMAKE_INSTALL_PREFIX=/home/jetson/f1tenth/install/obstacle_publisher
[5.745s] -- The C compiler identification is GNU 11.4.0
[5.746s] -- The CXX compiler identification is GNU 11.4.0
[5.747s] -- Detecting C compiler ABI info
[5.748s] -- Detecting C compiler ABI info - done
[5.749s] -- Check for working C compiler: /usr/bin/cc - skipped
[5.760s] -- Detecting C compile features
[5.760s] -- Detecting C compile features - done
[5.761s] -- Detecting CXX compiler ABI info
[5.761s] -- Detecting CXX compiler ABI info - done
[5.761s] -- Check for working CXX compiler: /usr/bin/c++ - skipped
[5.761s] -- Detecting CXX compile features
[5.761s] -- Detecting CXX compile features - done
[5.761s] -- Found ament_cmake: 1.3.11 (/opt/ros/humble/share/ament_cmake/cmake)
[5.761s] -- Found Python3: /usr/bin/python3 (found version "3.10.12") found components: Interpreter 
[5.762s] -- Override CMake install command with custom implementation using symlinks instead of copying resources
[5.762s] -- Found rclcpp: 16.0.12 (/opt/ros/humble/share/rclcpp/cmake)
[5.762s] -- Found rosidl_generator_c: 3.1.6 (/opt/ros/humble/share/rosidl_generator_c/cmake)
[5.762s] -- Found rosidl_adapter: 3.1.6 (/opt/ros/humble/share/rosidl_adapter/cmake)
[5.762s] -- Found rosidl_generator_cpp: 3.1.6 (/opt/ros/humble/share/rosidl_generator_cpp/cmake)
[5.762s] -- Using all available rosidl_typesupport_c: rosidl_typesupport_fastrtps_c;rosidl_typesupport_introspection_c
[5.762s] -- Using all available rosidl_typesupport_cpp: rosidl_typesupport_fastrtps_cpp;rosidl_typesupport_introspection_cpp
[5.762s] -- Found rmw_implementation_cmake: 6.1.2 (/opt/ros/humble/share/rmw_implementation_cmake/cmake)
[5.763s] -- Found rmw_cyclonedds_cpp: 1.3.4 (/opt/ros/humble/share/rmw_cyclonedds_cpp/cmake)
[5.763s] -- Using RMW implementation 'rmw_cyclonedds_cpp' as default
[5.763s] -- Looking for pthread.h
[5.763s] -- Looking for pthread.h - found
[5.763s] -- Performing Test CMAKE_HAVE_LIBC_PTHREAD
[5.763s] -- Performing Test CMAKE_HAVE_LIBC_PTHREAD - Success
[5.763s] -- Found Threads: TRUE  
[5.763s] -- Found geometry_msgs: 4.8.0 (/opt/ros/humble/share/geometry_msgs/cmake)
[5.764s] -- Found visualization_msgs: 4.8.0 (/opt/ros/humble/share/visualization_msgs/cmake)
[5.764s] -- Found ament_lint_auto: 0.12.12 (/opt/ros/humble/share/ament_lint_auto/cmake)
[5.764s] -- Added test 'cppcheck' to perform static code analysis on C / C++ code
[5.764s] -- Configured cppcheck include dirs: 
[5.765s] -- Configured cppcheck exclude dirs and/or files: 
[5.765s] -- Added test 'flake8' to check Python code syntax and style conventions
[5.765s] -- Added test 'lint_cmake' to check CMake code style
[5.765s] -- Added test 'pep257' to check Python code against some of the docstring style conventions in PEP 257
[5.765s] -- Added test 'uncrustify' to check C / C++ code style
[5.765s] -- Configured uncrustify additional arguments: 
[5.765s] -- Added test 'xmllint' to check XML markup files
[5.766s] -- Configuring done
[5.776s] -- Generating done
[5.782s] -- Build files have been written to: /home/jetson/f1tenth/build/obstacle_publisher
[5.830s] Invoked command in '/home/jetson/f1tenth/build/obstacle_publisher' returned '0': CMAKE_PREFIX_PATH=/opt/ros/humble /usr/bin/cmake /home/jetson/f1tenth/src/obstacle_publisher -DAMENT_CMAKE_SYMLINK_INSTALL=1 -DCMAKE_INSTALL_PREFIX=/home/jetson/f1tenth/install/obstacle_publisher
[5.849s] Invoking command in '/home/jetson/f1tenth/build/obstacle_publisher': CMAKE_PREFIX_PATH=/opt/ros/humble /usr/bin/cmake --build /home/jetson/f1tenth/build/obstacle_publisher -- -j6 -l6
[14.337s] [ 50%] [32mBuilding CXX object CMakeFiles/obstacle_publisher_node.dir/src/obstacle_publisher.cpp.o[0m
[16.746s] [01m[K/home/jetson/f1tenth/src/obstacle_publisher/src/obstacle_publisher.cpp:[m[K In constructor ‘[01m[KObstaclePublisher::ObstaclePublisher()[m[K’:
[16.747s] [01m[K/home/jetson/f1tenth/src/obstacle_publisher/src/obstacle_publisher.cpp:16:49:[m[K [01;35m[Kwarning: [m[Kconverting to ‘[01m[Kconst ParameterDescriptor[m[K’ {aka ‘[01m[Kconst rcl_interfaces::msg::ParameterDescriptor_<std::allocator<void> >[m[K’} from initializer list would use explicit constructor ‘[01m[Krcl_interfaces::msg::ParameterDescriptor_<ContainerAllocator>::ParameterDescriptor_(rosidl_runtime_cpp::MessageInitialization) [with ContainerAllocator = std::allocator<void>][m[K’
[16.747s]    16 |     [01;35m[Kthis->declare_parameter<std::vector<double>>("positions", {})[m[K;
[16.747s]       |     [01;35m[K~~~~~~~~~~~~~~~~~~~~~~~~~~~~~~~~~~~~~~~~~~~~^~~~~~~~~~~~~~~~~[m[K
[16.748s] [01m[K/home/jetson/f1tenth/src/obstacle_publisher/src/obstacle_publisher.cpp:16:49:[m[K [01;36m[Knote: [m[Kin C++11 and above a default constructor can be explicit
[16.755s] [01m[K/home/jetson/f1tenth/src/obstacle_publisher/src/obstacle_publisher.cpp:17:49:[m[K [01;35m[Kwarning: [m[Kconverting to ‘[01m[Kconst ParameterDescriptor[m[K’ {aka ‘[01m[Kconst rcl_interfaces::msg::ParameterDescriptor_<std::allocator<void> >[m[K’} from initializer list would use explicit constructor ‘[01m[Krcl_interfaces::msg::ParameterDescriptor_<ContainerAllocator>::ParameterDescriptor_(rosidl_runtime_cpp::MessageInitialization) [with ContainerAllocator = std::allocator<void>][m[K’
[16.756s]    17 |     [01;35m[Kthis->declare_parameter<std::vector<double>>("goal", {})[m[K;
[16.757s]       |     [01;35m[K~~~~~~~~~~~~~~~~~~~~~~~~~~~~~~~~~~~~~~~~~~~~^~~~~~~~~~~~[m[K
[16.757s] [01m[K/home/jetson/f1tenth/src/obstacle_publisher/src/obstacle_publisher.cpp:17:49:[m[K [01;36m[Knote: [m[Kin C++11 and above a default constructor can be explicit
[39.609s] [100%] [32m[1mLinking CXX executable obstacle_publisher_node[0m
[40.927s] [100%] Built target obstacle_publisher_node
[40.960s] Invoked command in '/home/jetson/f1tenth/build/obstacle_publisher' returned '0': CMAKE_PREFIX_PATH=/opt/ros/humble /usr/bin/cmake --build /home/jetson/f1tenth/build/obstacle_publisher -- -j6 -l6
[40.961s] Invoking command in '/home/jetson/f1tenth/build/obstacle_publisher': CMAKE_PREFIX_PATH=/opt/ros/humble /usr/bin/cmake --install /home/jetson/f1tenth/build/obstacle_publisher
[43.949s] -- Install configuration: ""
[43.949s] -- Execute custom install script
[43.949s] -- Symlinking: /home/jetson/f1tenth/install/obstacle_publisher/lib/obstacle_publisher/obstacle_publisher_node
[43.949s] -- Symlinking: /home/jetson/f1tenth/install/obstacle_publisher/share/ament_index/resource_index/package_run_dependencies/obstacle_publisher
[43.949s] -- Symlinking: /home/jetson/f1tenth/install/obstacle_publisher/share/ament_index/resource_index/parent_prefix_path/obstacle_publisher
[43.949s] -- Symlinking: /home/jetson/f1tenth/install/obstacle_publisher/share/obstacle_publisher/environment/ament_prefix_path.sh
[43.950s] -- Symlinking: /home/jetson/f1tenth/install/obstacle_publisher/share/obstacle_publisher/environment/ament_prefix_path.dsv
[43.950s] -- Symlinking: /home/jetson/f1tenth/install/obstacle_publisher/share/obstacle_publisher/environment/path.sh
[43.950s] -- Symlinking: /home/jetson/f1tenth/install/obstacle_publisher/share/obstacle_publisher/environment/path.dsv
[43.950s] -- Symlinking: /home/jetson/f1tenth/install/obstacle_publisher/share/obstacle_publisher/local_setup.bash
[43.951s] -- Symlinking: /home/jetson/f1tenth/install/obstacle_publisher/share/obstacle_publisher/local_setup.sh
[43.951s] -- Symlinking: /home/jetson/f1tenth/install/obstacle_publisher/share/obstacle_publisher/local_setup.zsh
[43.951s] -- Symlinking: /home/jetson/f1tenth/install/obstacle_publisher/share/obstacle_publisher/local_setup.dsv
[43.951s] -- Symlinking: /home/jetson/f1tenth/install/obstacle_publisher/share/obstacle_publisher/package.dsv
[43.951s] -- Symlinking: /home/jetson/f1tenth/install/obstacle_publisher/share/ament_index/resource_index/packages/obstacle_publisher
[43.951s] -- Symlinking: /home/jetson/f1tenth/install/obstacle_publisher/share/obstacle_publisher/cmake/obstacle_publisherConfig.cmake
[43.951s] -- Symlinking: /home/jetson/f1tenth/install/obstacle_publisher/share/obstacle_publisher/cmake/obstacle_publisherConfig-version.cmake
[43.952s] -- Symlinking: /home/jetson/f1tenth/install/obstacle_publisher/share/obstacle_publisher/package.xml
[43.958s] Invoked command in '/home/jetson/f1tenth/build/obstacle_publisher' returned '0': CMAKE_PREFIX_PATH=/opt/ros/humble /usr/bin/cmake --install /home/jetson/f1tenth/build/obstacle_publisher
