[0.046s] Invoking command in '/home/jetson/f1tenth/build/dwa_follower': CMAKE_PREFIX_PATH=/opt/ros/humble /usr/bin/cmake /home/jetson/f1tenth/src/dwa_follower -DAMENT_CMAKE_SYMLINK_INSTALL=1 -DCMAKE_INSTALL_PREFIX=/home/jetson/f1tenth/install/dwa_follower
[0.181s] -- The C compiler identification is GNU 11.4.0
[0.329s] -- The CXX compiler identification is GNU 11.4.0
[0.344s] -- Detecting C compiler ABI info
[0.507s] -- Detecting C compiler ABI info - done
[0.522s] -- Check for working C compiler: /usr/bin/cc - skipped
[0.524s] -- Detecting C compile features
[0.526s] -- Detecting C compile features - done
[0.534s] -- Detecting CXX compiler ABI info
[0.737s] -- Detecting CXX compiler ABI info - done
[0.753s] -- Check for working CXX compiler: /usr/bin/c++ - skipped
[0.753s] -- Detecting CXX compile features
[0.755s] -- Detecting CXX compile features - done
[0.761s] -- Found ament_cmake: 1.3.11 (/opt/ros/humble/share/ament_cmake/cmake)
[1.155s] -- Found Python3: /usr/bin/python3 (found version "3.10.12") found components: Interpreter 
[1.327s] -- Override CMake install command with custom implementation using symlinks instead of copying resources
[1.387s] -- Found rclcpp: 16.0.12 (/opt/ros/humble/share/rclcpp/cmake)
[1.479s] -- Found rosidl_generator_c: 3.1.6 (/opt/ros/humble/share/rosidl_generator_c/cmake)
[1.489s] -- Found rosidl_adapter: 3.1.6 (/opt/ros/humble/share/rosidl_adapter/cmake)
[1.508s] -- Found rosidl_generator_cpp: 3.1.6 (/opt/ros/humble/share/rosidl_generator_cpp/cmake)
[1.534s] -- Using all available rosidl_typesupport_c: rosidl_typesupport_fastrtps_c;rosidl_typesupport_introspection_c
[1.568s] -- Using all available rosidl_typesupport_cpp: rosidl_typesupport_fastrtps_cpp;rosidl_typesupport_introspection_cpp
[1.660s] -- Found rmw_implementation_cmake: 6.1.2 (/opt/ros/humble/share/rmw_implementation_cmake/cmake)
[1.666s] -- Found rmw_cyclonedds_cpp: 1.3.4 (/opt/ros/humble/share/rmw_cyclonedds_cpp/cmake)
[1.716s] -- Using RMW implementation 'rmw_cyclonedds_cpp' as default
[1.734s] -- Looking for pthread.h
[2.077s] -- Looking for pthread.h - found
[2.077s] -- Performing Test CMAKE_HAVE_LIBC_PTHREAD
[2.550s] -- Performing Test CMAKE_HAVE_LIBC_PTHREAD - Success
[2.552s] -- Found Threads: TRUE  
[2.726s] -- Found nav_msgs: 4.8.0 (/opt/ros/humble/share/nav_msgs/cmake)
[2.798s] -- Found visualization_msgs: 4.8.0 (/opt/ros/humble/share/visualization_msgs/cmake)
[2.896s] -- Found tf2: 0.25.12 (/opt/ros/humble/share/tf2/cmake)
[2.917s] -- Found tf2_ros: 0.25.12 (/opt/ros/humble/share/tf2_ros/cmake)
[3.138s] -- Found tf2_geometry_msgs: 0.25.12 (/opt/ros/humble/share/tf2_geometry_msgs/cmake)
[3.192s] -- Found eigen3_cmake_module: 0.1.1 (/opt/ros/humble/share/eigen3_cmake_module/cmake)
[3.204s] -- Found Eigen3: TRUE (found version "3.4.0") 
[3.205s] -- Ensuring Eigen3 include directory is part of orocos-kdl CMake target
[3.246s] -- Found ament_lint_auto: 0.12.12 (/opt/ros/humble/share/ament_lint_auto/cmake)
[3.443s] -- Added test 'cppcheck' to perform static code analysis on C / C++ code
[3.444s] -- Configured cppcheck include dirs: 
[3.444s] -- Configured cppcheck exclude dirs and/or files: 
[3.445s] -- Added test 'lint_cmake' to check CMake code style
[3.447s] -- Added test 'uncrustify' to check C / C++ code style
[3.447s] -- Configured uncrustify additional arguments: 
[3.448s] -- Added test 'xmllint' to check XML markup files
[3.451s] -- Configuring done
[3.552s] -- Generating done
[3.572s] -- Build files have been written to: /home/jetson/f1tenth/build/dwa_follower
[3.625s] Invoked command in '/home/jetson/f1tenth/build/dwa_follower' returned '0': CMAKE_PREFIX_PATH=/opt/ros/humble /usr/bin/cmake /home/jetson/f1tenth/src/dwa_follower -DAMENT_CMAKE_SYMLINK_INSTALL=1 -DCMAKE_INSTALL_PREFIX=/home/jetson/f1tenth/install/dwa_follower
[3.631s] Invoking command in '/home/jetson/f1tenth/build/dwa_follower': CMAKE_PREFIX_PATH=/opt/ros/humble /usr/bin/cmake --build /home/jetson/f1tenth/build/dwa_follower -- -j6 -l6
[3.878s] [ 16%] [32mBuilding CXX object CMakeFiles/dwa_follower_node.dir/src/dwa_follower.cpp.o[0m
[3.889s] [ 33%] [32mBuilding CXX object CMakeFiles/dwa_spline_follower.dir/src/dwa_spline_follower.cpp.o[0m
[3.940s] [ 50%] [32mBuilding CXX object CMakeFiles/dwa_global_follower.dir/src/dwa_global_follower.cpp.o[0m
[32.307s] [01m[K/home/jetson/f1tenth/src/dwa_follower/src/dwa_spline_follower.cpp:[m[K In member function ‘[01m[Kstd::pair<Pt, Pt> DwaSplineFollower::getTargetPoints() const[m[K’:
[32.308s] [01m[K/home/jetson/f1tenth/src/dwa_follower/src/dwa_spline_follower.cpp:144:44:[m[K [01;36m[Knote: [m[Kparameter passing for argument of type ‘[01m[Kstd::pair<Pt, Pt>[m[K’ when C++17 is enabled changed to match C++14 in GCC 10.1
[32.308s]   144 |   std::pair<Pt,Pt> getTargetPoints() const [01;36m[K{[m[K
[32.308s]       |                                            [01;36m[K^[m[K
[81.108s] [ 66%] [32m[1mLinking CXX executable dwa_global_follower[0m
[82.581s] [ 83%] [32m[1mLinking CXX executable dwa_spline_follower[0m
[84.370s] [ 83%] Built target dwa_global_follower
[85.996s] [ 83%] Built target dwa_spline_follower
[89.653s] [100%] [32m[1mLinking CXX executable dwa_follower_node[0m
[92.124s] [100%] Built target dwa_follower_node
[92.165s] Invoked command in '/home/jetson/f1tenth/build/dwa_follower' returned '0': CMAKE_PREFIX_PATH=/opt/ros/humble /usr/bin/cmake --build /home/jetson/f1tenth/build/dwa_follower -- -j6 -l6
[92.171s] Invoking command in '/home/jetson/f1tenth/build/dwa_follower': CMAKE_PREFIX_PATH=/opt/ros/humble /usr/bin/cmake --install /home/jetson/f1tenth/build/dwa_follower
[92.194s] -- Install configuration: ""
[92.195s] -- Execute custom install script
[92.196s] -- Symlinking: /home/jetson/f1tenth/install/dwa_follower/lib/dwa_follower/dwa_follower_node
[92.224s] -- Symlinking: /home/jetson/f1tenth/install/dwa_follower/lib/dwa_follower/dwa_spline_follower
[92.244s] -- Symlinking: /home/jetson/f1tenth/install/dwa_follower/lib/dwa_follower/dwa_global_follower
[92.281s] -- Symlinking: /home/jetson/f1tenth/install/dwa_follower/share/ament_index/resource_index/package_run_dependencies/dwa_follower
[92.301s] -- Symlinking: /home/jetson/f1tenth/install/dwa_follower/share/ament_index/resource_index/parent_prefix_path/dwa_follower
[92.322s] -- Symlinking: /home/jetson/f1tenth/install/dwa_follower/share/dwa_follower/environment/ament_prefix_path.sh
[92.343s] -- Symlinking: /home/jetson/f1tenth/install/dwa_follower/share/dwa_follower/environment/ament_prefix_path.dsv
[92.363s] -- Symlinking: /home/jetson/f1tenth/install/dwa_follower/share/dwa_follower/environment/path.sh
[92.383s] -- Symlinking: /home/jetson/f1tenth/install/dwa_follower/share/dwa_follower/environment/path.dsv
[92.406s] -- Symlinking: /home/jetson/f1tenth/install/dwa_follower/share/dwa_follower/local_setup.bash
[92.433s] -- Symlinking: /home/jetson/f1tenth/install/dwa_follower/share/dwa_follower/local_setup.sh
[92.456s] -- Symlinking: /home/jetson/f1tenth/install/dwa_follower/share/dwa_follower/local_setup.zsh
[92.482s] -- Symlinking: /home/jetson/f1tenth/install/dwa_follower/share/dwa_follower/local_setup.dsv
[92.506s] -- Symlinking: /home/jetson/f1tenth/install/dwa_follower/share/dwa_follower/package.dsv
[92.530s] -- Symlinking: /home/jetson/f1tenth/install/dwa_follower/share/ament_index/resource_index/packages/dwa_follower
[92.555s] -- Symlinking: /home/jetson/f1tenth/install/dwa_follower/share/dwa_follower/cmake/dwa_followerConfig.cmake
[92.579s] -- Symlinking: /home/jetson/f1tenth/install/dwa_follower/share/dwa_follower/cmake/dwa_followerConfig-version.cmake
[92.601s] -- Symlinking: /home/jetson/f1tenth/install/dwa_follower/share/dwa_follower/package.xml
[92.637s] Invoked command in '/home/jetson/f1tenth/build/dwa_follower' returned '0': CMAKE_PREFIX_PATH=/opt/ros/humble /usr/bin/cmake --install /home/jetson/f1tenth/build/dwa_follower
