[0.047s] Invoking command in '/home/jetson/f1tenth/build/ackermann_mux': CMAKE_PREFIX_PATH=/opt/ros/humble /usr/bin/cmake /home/jetson/f1tenth/src/f1tenth_system/ackermann_mux/ackermann_mux -DAMENT_CMAKE_SYMLINK_INSTALL=1 -DCMAKE_INSTALL_PREFIX=/home/jetson/f1tenth/install/ackermann_mux
[0.172s] -- The C compiler identification is GNU 11.4.0
[0.318s] -- The CXX compiler identification is GNU 11.4.0
[0.337s] -- Detecting C compiler ABI info
[0.499s] -- Detecting C compiler ABI info - done
[0.517s] -- Check for working C compiler: /usr/bin/cc - skipped
[0.519s] -- Detecting C compile features
[0.522s] -- Detecting C compile features - done
[0.531s] -- Detecting CXX compiler ABI info
[0.774s] -- Detecting CXX compiler ABI info - done
[0.792s] -- Check for working CXX compiler: /usr/bin/c++ - skipped
[0.792s] -- Detecting CXX compile features
[0.794s] -- Detecting CXX compile features - done
[0.800s] -- Found ament_cmake: 1.3.11 (/opt/ros/humble/share/ament_cmake/cmake)
[1.205s] -- Found Python3: /usr/bin/python3 (found version "3.10.12") found components: Interpreter 
[1.394s] -- Override CMake install command with custom implementation using symlinks instead of copying resources
[1.457s] -- Found rclcpp: 16.0.12 (/opt/ros/humble/share/rclcpp/cmake)
[1.546s] -- Found rosidl_generator_c: 3.1.6 (/opt/ros/humble/share/rosidl_generator_c/cmake)
[1.556s] -- Found rosidl_adapter: 3.1.6 (/opt/ros/humble/share/rosidl_adapter/cmake)
[1.573s] -- Found rosidl_generator_cpp: 3.1.6 (/opt/ros/humble/share/rosidl_generator_cpp/cmake)
[1.599s] -- Using all available rosidl_typesupport_c: rosidl_typesupport_fastrtps_c;rosidl_typesupport_introspection_c
[1.635s] -- Using all available rosidl_typesupport_cpp: rosidl_typesupport_fastrtps_cpp;rosidl_typesupport_introspection_cpp
[1.731s] -- Found rmw_implementation_cmake: 6.1.2 (/opt/ros/humble/share/rmw_implementation_cmake/cmake)
[1.737s] -- Found rmw_cyclonedds_cpp: 1.3.4 (/opt/ros/humble/share/rmw_cyclonedds_cpp/cmake)
[1.811s] -- Using RMW implementation 'rmw_cyclonedds_cpp' as default
[1.856s] -- Looking for pthread.h
[2.254s] -- Looking for pthread.h - found
[2.255s] -- Performing Test CMAKE_HAVE_LIBC_PTHREAD
[2.688s] -- Performing Test CMAKE_HAVE_LIBC_PTHREAD - Success
[2.690s] -- Found Threads: TRUE  
[2.969s] -- Found ackermann_msgs: 2.0.2 (/opt/ros/humble/share/ackermann_msgs/cmake)
[3.032s] -- Found diagnostic_updater: 4.0.3 (/opt/ros/humble/share/diagnostic_updater/cmake)
[3.149s] -- Found ament_lint_auto: 0.12.12 (/opt/ros/humble/share/ament_lint_auto/cmake)
[3.555s] -- Found python_cmake_module: 0.10.0 (/opt/ros/humble/share/python_cmake_module/cmake)
[3.675s] -- Found PythonInterp: /usr/bin/python3 (found suitable version "3.10.12", minimum required is "3.6") 
[3.705s] -- Found PythonLibs: /usr/lib/aarch64-linux-gnu/libpython3.10.so (found suitable version "3.10.12", minimum required is "3.5") 
[3.706s] -- Using PYTHON_EXECUTABLE: /usr/bin/python3
[3.706s] -- Using PYTHON_INCLUDE_DIRS: /usr/include/python3.10
[3.707s] -- Using PYTHON_LIBRARIES: /usr/lib/aarch64-linux-gnu/libpython3.10.so
[3.806s] -- Found PythonExtra: .so  
[3.910s] -- Added test 'xmllint' to check XML markup files
[3.912s] -- Added test 'copyright' to check source files copyright and LICENSE
[3.922s] -- Added test 'cppcheck' to perform static code analysis on C / C++ code
[3.923s] -- Configured cppcheck include dirs: /home/jetson/f1tenth/src/f1tenth_system/ackermann_mux/ackermann_mux/include
[3.923s] -- Configured cppcheck exclude dirs and/or files: 
[3.953s] -- Added test 'cpplint' to check C / C++ code against the Google style
[3.953s] -- Configured cpplint exclude dirs and/or files: 
[3.958s] -- Added test 'flake8' to check Python code syntax and style conventions
[3.967s] -- Added test 'lint_cmake' to check CMake code style
[3.971s] -- Added test 'pep257' to check Python code against some of the docstring style conventions in PEP 257
[3.988s] -- Added test 'uncrustify' to check C / C++ code style
[3.994s] -- Configured uncrustify additional arguments: 
[4.013s] -- Configuring done
[4.074s] -- Generating done
[4.104s] -- Build files have been written to: /home/jetson/f1tenth/build/ackermann_mux
[4.186s] Invoked command in '/home/jetson/f1tenth/build/ackermann_mux' returned '0': CMAKE_PREFIX_PATH=/opt/ros/humble /usr/bin/cmake /home/jetson/f1tenth/src/f1tenth_system/ackermann_mux/ackermann_mux -DAMENT_CMAKE_SYMLINK_INSTALL=1 -DCMAKE_INSTALL_PREFIX=/home/jetson/f1tenth/install/ackermann_mux
[4.187s] Invoking command in '/home/jetson/f1tenth/build/ackermann_mux': CMAKE_PREFIX_PATH=/opt/ros/humble /usr/bin/cmake --build /home/jetson/f1tenth/build/ackermann_mux -- -j6 -l6
[5.102s] [ 25%] [32mBuilding CXX object CMakeFiles/ackermann_mux.dir/src/ackermann_mux_node.cpp.o[0m
[5.102s] [ 50%] [32mBuilding CXX object CMakeFiles/ackermann_mux.dir/src/ackermann_mux_diagnostics.cpp.o[0m
[5.102s] [ 75%] [32mBuilding CXX object CMakeFiles/ackermann_mux.dir/src/ackermann_mux.cpp.o[0m
[70.902s] [100%] [32m[1mLinking CXX executable ackermann_mux[0m
[73.558s] [100%] Built target ackermann_mux
[73.612s] Invoked command in '/home/jetson/f1tenth/build/ackermann_mux' returned '0': CMAKE_PREFIX_PATH=/opt/ros/humble /usr/bin/cmake --build /home/jetson/f1tenth/build/ackermann_mux -- -j6 -l6
[73.631s] Invoking command in '/home/jetson/f1tenth/build/ackermann_mux': CMAKE_PREFIX_PATH=/opt/ros/humble /usr/bin/cmake --install /home/jetson/f1tenth/build/ackermann_mux
[73.666s] -- Install configuration: ""
[73.666s] -- Execute custom install script
[73.666s] -- Symlinking: /home/jetson/f1tenth/install/ackermann_mux/lib/ackermann_mux/ackermann_mux
[73.719s] -- Symlinking: /home/jetson/f1tenth/install/ackermann_mux/share/ackermann_mux/launch/ackermann_mux_launch.py
[73.771s] -- Symlinking: /home/jetson/f1tenth/install/ackermann_mux/share/ackermann_mux/config/ackermann_mux_locks.yaml
[73.815s] -- Symlinking: /home/jetson/f1tenth/install/ackermann_mux/share/ackermann_mux/config/ackermann_mux_topics.yaml
[73.866s] -- Symlinking: /home/jetson/f1tenth/install/ackermann_mux/share/ackermann_mux/config/joystick.yaml
[73.930s] -- Symlinking: /home/jetson/f1tenth/install/ackermann_mux/include/ackermann_mux/ackermann_mux.hpp
[73.986s] -- Symlinking: /home/jetson/f1tenth/install/ackermann_mux/include/ackermann_mux/ackermann_mux_diagnostics.hpp
[74.025s] -- Symlinking: /home/jetson/f1tenth/install/ackermann_mux/include/ackermann_mux/ackermann_mux_diagnostics_status.hpp
[74.045s] -- Symlinking: /home/jetson/f1tenth/install/ackermann_mux/include/ackermann_mux/params_helpers.hpp
[74.065s] -- Symlinking: /home/jetson/f1tenth/install/ackermann_mux/include/ackermann_mux/topic_handle.hpp
[74.087s] -- Symlinking: /home/jetson/f1tenth/install/ackermann_mux/include/ackermann_mux/utils.hpp
[74.110s] -- Symlinking: /home/jetson/f1tenth/install/ackermann_mux/share/ament_index/resource_index/package_run_dependencies/ackermann_mux
[74.131s] -- Symlinking: /home/jetson/f1tenth/install/ackermann_mux/share/ament_index/resource_index/parent_prefix_path/ackermann_mux
[74.151s] -- Symlinking: /home/jetson/f1tenth/install/ackermann_mux/share/ackermann_mux/environment/ament_prefix_path.sh
[74.174s] -- Symlinking: /home/jetson/f1tenth/install/ackermann_mux/share/ackermann_mux/environment/ament_prefix_path.dsv
[74.222s] -- Symlinking: /home/jetson/f1tenth/install/ackermann_mux/share/ackermann_mux/environment/path.sh
[74.284s] -- Symlinking: /home/jetson/f1tenth/install/ackermann_mux/share/ackermann_mux/environment/path.dsv
[74.326s] -- Symlinking: /home/jetson/f1tenth/install/ackermann_mux/share/ackermann_mux/local_setup.bash
[74.377s] -- Symlinking: /home/jetson/f1tenth/install/ackermann_mux/share/ackermann_mux/local_setup.sh
[74.427s] -- Symlinking: /home/jetson/f1tenth/install/ackermann_mux/share/ackermann_mux/local_setup.zsh
[74.460s] -- Symlinking: /home/jetson/f1tenth/install/ackermann_mux/share/ackermann_mux/local_setup.dsv
[74.505s] -- Symlinking: /home/jetson/f1tenth/install/ackermann_mux/share/ackermann_mux/package.dsv
[74.555s] -- Symlinking: /home/jetson/f1tenth/install/ackermann_mux/share/ament_index/resource_index/packages/ackermann_mux
[74.609s] -- Symlinking: /home/jetson/f1tenth/install/ackermann_mux/share/ackermann_mux/cmake/ament_cmake_export_include_directories-extras.cmake
[74.651s] -- Symlinking: /home/jetson/f1tenth/install/ackermann_mux/share/ackermann_mux/cmake/ament_cmake_export_dependencies-extras.cmake
[74.701s] -- Symlinking: /home/jetson/f1tenth/install/ackermann_mux/share/ackermann_mux/cmake/ackermann_muxConfig.cmake
[74.748s] -- Symlinking: /home/jetson/f1tenth/install/ackermann_mux/share/ackermann_mux/cmake/ackermann_muxConfig-version.cmake
[74.808s] -- Symlinking: /home/jetson/f1tenth/install/ackermann_mux/share/ackermann_mux/package.xml
[75.032s] Invoked command in '/home/jetson/f1tenth/build/ackermann_mux' returned '0': CMAKE_PREFIX_PATH=/opt/ros/humble /usr/bin/cmake --install /home/jetson/f1tenth/build/ackermann_mux
