[0.036s] Invoking command in '/home/jetson/f1tenth/build/obstacle_publisher': /usr/bin/cmake --build /home/jetson/f1tenth/build/obstacle_publisher -- -j6 -l6
[0.202s] [100%] Built target obstacle_publisher_node
[0.226s] Invoked command in '/home/jetson/f1tenth/build/obstacle_publisher' returned '0': /usr/bin/cmake --build /home/jetson/f1tenth/build/obstacle_publisher -- -j6 -l6
[0.247s] Invoking command in '/home/jetson/f1tenth/build/obstacle_publisher': /usr/bin/cmake --install /home/jetson/f1tenth/build/obstacle_publisher
[0.266s] -- Install configuration: ""
[0.270s] -- Execute custom install script
[0.273s] -- Up-to-date symlink: /home/jetson/f1tenth/install/obstacle_publisher/lib/obstacle_publisher/obstacle_publisher_node
[0.275s] -- Up-to-date symlink: /home/jetson/f1tenth/install/obstacle_publisher/share/ament_index/resource_index/package_run_dependencies/obstacle_publisher
[0.276s] -- Up-to-date symlink: /home/jetson/f1tenth/install/obstacle_publisher/share/ament_index/resource_index/parent_prefix_path/obstacle_publisher
[0.276s] -- Up-to-date symlink: /home/jetson/f1tenth/install/obstacle_publisher/share/obstacle_publisher/environment/ament_prefix_path.sh
[0.277s] -- Up-to-date symlink: /home/jetson/f1tenth/install/obstacle_publisher/share/obstacle_publisher/environment/ament_prefix_path.dsv
[0.278s] -- Up-to-date symlink: /home/jetson/f1tenth/install/obstacle_publisher/share/obstacle_publisher/environment/path.sh
[0.279s] -- Up-to-date symlink: /home/jetson/f1tenth/install/obstacle_publisher/share/obstacle_publisher/environment/path.dsv
[0.281s] -- Up-to-date symlink: /home/jetson/f1tenth/install/obstacle_publisher/share/obstacle_publisher/local_setup.bash
[0.281s] -- Up-to-date symlink: /home/jetson/f1tenth/install/obstacle_publisher/share/obstacle_publisher/local_setup.sh
[0.281s] -- Up-to-date symlink: /home/jetson/f1tenth/install/obstacle_publisher/share/obstacle_publisher/local_setup.zsh
[0.282s] -- Up-to-date symlink: /home/jetson/f1tenth/install/obstacle_publisher/share/obstacle_publisher/local_setup.dsv
[0.282s] -- Symlinking: /home/jetson/f1tenth/install/obstacle_publisher/share/obstacle_publisher/package.dsv
[0.305s] -- Up-to-date symlink: /home/jetson/f1tenth/install/obstacle_publisher/share/ament_index/resource_index/packages/obstacle_publisher
[0.305s] -- Up-to-date symlink: /home/jetson/f1tenth/install/obstacle_publisher/share/obstacle_publisher/cmake/obstacle_publisherConfig.cmake
[0.306s] -- Up-to-date symlink: /home/jetson/f1tenth/install/obstacle_publisher/share/obstacle_publisher/cmake/obstacle_publisherConfig-version.cmake
[0.306s] -- Up-to-date symlink: /home/jetson/f1tenth/install/obstacle_publisher/share/obstacle_publisher/package.xml
[0.314s] Invoked command in '/home/jetson/f1tenth/build/obstacle_publisher' returned '0': /usr/bin/cmake --install /home/jetson/f1tenth/build/obstacle_publisher
