[0.285s] DEBUG:colcon:Command line arguments: ['/usr/bin/colcon', 'build', '--packages-select', 'obstacle_publisher']
[0.285s] DEBUG:colcon:Parsed command line arguments: Namespace(log_base=None, log_level=None, verb_name='build', build_base='build', install_base='install', merge_install=False, symlink_install=False, test_result_base=None, continue_on_error=False, executor='parallel', parallel_workers=6, event_handlers=None, ignore_user_meta=False, metas=['./colcon.meta'], base_paths=['.'], packages_ignore=None, packages_ignore_regex=None, paths=None, packages_up_to=None, packages_up_to_regex=None, packages_above=None, packages_above_and_dependencies=None, packages_above_depth=None, packages_select_by_dep=None, packages_skip_by_dep=None, packages_skip_up_to=None, packages_select_build_failed=False, packages_skip_build_finished=False, packages_select_test_failures=False, packages_skip_test_passed=False, packages_select=['obstacle_publisher'], packages_skip=None, packages_select_regex=None, packages_skip_regex=None, packages_start=None, packages_end=None, allow_overriding=[], cmake_args=None, cmake_target=None, cmake_target_skip_unavailable=False, cmake_clean_cache=False, cmake_clean_first=False, cmake_force_configure=False, ament_cmake_args=None, catkin_cmake_args=None, catkin_skip_building_tests=False, mixin_files=None, mixin=None, verb_parser=<colcon_mixin.mixin.mixin_argument.MixinArgumentDecorator object at 0xffffb12db7c0>, verb_extension=<colcon_core.verb.build.BuildVerb object at 0xffffb12da920>, main=<bound method BuildVerb.main of <colcon_core.verb.build.BuildVerb object at 0xffffb12da920>>, mixin_verb=('build',))
[0.732s] Level 1:colcon.colcon_core.package_discovery:discover_packages(colcon_meta) check parameters
[0.732s] Level 1:colcon.colcon_core.package_discovery:discover_packages(recursive) check parameters
[0.732s] Level 1:colcon.colcon_core.package_discovery:discover_packages(ignore) check parameters
[0.732s] Level 1:colcon.colcon_core.package_discovery:discover_packages(path) check parameters
[0.732s] Level 1:colcon.colcon_core.package_discovery:discover_packages(colcon_meta) discover
[0.732s] Level 1:colcon.colcon_core.package_discovery:discover_packages(recursive) discover
[0.732s] INFO:colcon.colcon_core.package_discovery:Crawling recursively for packages in '/home/jetson/f1tenth'
[0.733s] Level 1:colcon.colcon_core.package_identification:_identify(.) by extensions ['ignore', 'ignore_ament_install']
[0.733s] Level 1:colcon.colcon_core.package_identification:_identify(.) by extension 'ignore'
[0.733s] Level 1:colcon.colcon_core.package_identification:_identify(.) by extension 'ignore_ament_install'
[0.733s] Level 1:colcon.colcon_core.package_identification:_identify(.) by extensions ['colcon_pkg']
[0.733s] Level 1:colcon.colcon_core.package_identification:_identify(.) by extension 'colcon_pkg'
[0.733s] Level 1:colcon.colcon_core.package_identification:_identify(.) by extensions ['colcon_meta']
[0.734s] Level 1:colcon.colcon_core.package_identification:_identify(.) by extension 'colcon_meta'
[0.734s] Level 1:colcon.colcon_core.package_identification:_identify(.) by extensions ['ros']
[0.734s] Level 1:colcon.colcon_core.package_identification:_identify(.) by extension 'ros'
[0.760s] Level 1:colcon.colcon_core.package_identification:_identify(.) by extensions ['cmake', 'python']
[0.760s] Level 1:colcon.colcon_core.package_identification:_identify(.) by extension 'cmake'
[0.760s] Level 1:colcon.colcon_core.package_identification:_identify(.) by extension 'python'
[0.761s] Level 1:colcon.colcon_core.package_identification:_identify(.) by extensions ['python_setup_py']
[0.761s] Level 1:colcon.colcon_core.package_identification:_identify(.) by extension 'python_setup_py'
[0.761s] Level 1:colcon.colcon_core.package_identification:_identify(build) by extensions ['ignore', 'ignore_ament_install']
[0.761s] Level 1:colcon.colcon_core.package_identification:_identify(build) by extension 'ignore'
[0.761s] Level 1:colcon.colcon_core.package_identification:_identify(build) ignored
[0.762s] Level 1:colcon.colcon_core.package_identification:_identify(install) by extensions ['ignore', 'ignore_ament_install']
[0.762s] Level 1:colcon.colcon_core.package_identification:_identify(install) by extension 'ignore'
[0.762s] Level 1:colcon.colcon_core.package_identification:_identify(install) ignored
[0.763s] Level 1:colcon.colcon_core.package_identification:_identify(log) by extensions ['ignore', 'ignore_ament_install']
[0.763s] Level 1:colcon.colcon_core.package_identification:_identify(log) by extension 'ignore'
[0.763s] Level 1:colcon.colcon_core.package_identification:_identify(log) ignored
[0.763s] Level 1:colcon.colcon_core.package_identification:_identify(osqp) by extensions ['ignore', 'ignore_ament_install']
[0.763s] Level 1:colcon.colcon_core.package_identification:_identify(osqp) by extension 'ignore'
[0.764s] Level 1:colcon.colcon_core.package_identification:_identify(osqp) by extension 'ignore_ament_install'
[0.764s] Level 1:colcon.colcon_core.package_identification:_identify(osqp) by extensions ['colcon_pkg']
[0.764s] Level 1:colcon.colcon_core.package_identification:_identify(osqp) by extension 'colcon_pkg'
[0.764s] Level 1:colcon.colcon_core.package_identification:_identify(osqp) by extensions ['colcon_meta']
[0.764s] Level 1:colcon.colcon_core.package_identification:_identify(osqp) by extension 'colcon_meta'
[0.764s] Level 1:colcon.colcon_core.package_identification:_identify(osqp) by extensions ['ros']
[0.764s] Level 1:colcon.colcon_core.package_identification:_identify(osqp) by extension 'ros'
[0.764s] Level 1:colcon.colcon_core.package_identification:_identify(osqp) by extensions ['cmake', 'python']
[0.764s] Level 1:colcon.colcon_core.package_identification:_identify(osqp) by extension 'cmake'
[0.815s] Level 1:colcon.colcon_core.package_identification:_identify(osqp) by extension 'python'
[0.815s] DEBUG:colcon.colcon_core.package_identification:Package 'osqp' with type 'cmake' and name 'osqp'
[0.816s] Level 1:colcon.colcon_core.package_identification:_identify(src) by extensions ['ignore', 'ignore_ament_install']
[0.816s] Level 1:colcon.colcon_core.package_identification:_identify(src) by extension 'ignore'
[0.816s] Level 1:colcon.colcon_core.package_identification:_identify(src) by extension 'ignore_ament_install'
[0.816s] Level 1:colcon.colcon_core.package_identification:_identify(src) by extensions ['colcon_pkg']
[0.816s] Level 1:colcon.colcon_core.package_identification:_identify(src) by extension 'colcon_pkg'
[0.816s] Level 1:colcon.colcon_core.package_identification:_identify(src) by extensions ['colcon_meta']
[0.816s] Level 1:colcon.colcon_core.package_identification:_identify(src) by extension 'colcon_meta'
[0.816s] Level 1:colcon.colcon_core.package_identification:_identify(src) by extensions ['ros']
[0.817s] Level 1:colcon.colcon_core.package_identification:_identify(src) by extension 'ros'
[0.817s] Level 1:colcon.colcon_core.package_identification:_identify(src) by extensions ['cmake', 'python']
[0.817s] Level 1:colcon.colcon_core.package_identification:_identify(src) by extension 'cmake'
[0.817s] Level 1:colcon.colcon_core.package_identification:_identify(src) by extension 'python'
[0.817s] Level 1:colcon.colcon_core.package_identification:_identify(src) by extensions ['python_setup_py']
[0.817s] Level 1:colcon.colcon_core.package_identification:_identify(src) by extension 'python_setup_py'
[0.817s] Level 1:colcon.colcon_core.package_identification:_identify(src/LBFGSpp) by extensions ['ignore', 'ignore_ament_install']
[0.818s] Level 1:colcon.colcon_core.package_identification:_identify(src/LBFGSpp) by extension 'ignore'
[0.818s] Level 1:colcon.colcon_core.package_identification:_identify(src/LBFGSpp) by extension 'ignore_ament_install'
[0.818s] Level 1:colcon.colcon_core.package_identification:_identify(src/LBFGSpp) by extensions ['colcon_pkg']
[0.818s] Level 1:colcon.colcon_core.package_identification:_identify(src/LBFGSpp) by extension 'colcon_pkg'
[0.818s] Level 1:colcon.colcon_core.package_identification:_identify(src/LBFGSpp) by extensions ['colcon_meta']
[0.818s] Level 1:colcon.colcon_core.package_identification:_identify(src/LBFGSpp) by extension 'colcon_meta'
[0.818s] Level 1:colcon.colcon_core.package_identification:_identify(src/LBFGSpp) by extensions ['ros']
[0.818s] Level 1:colcon.colcon_core.package_identification:_identify(src/LBFGSpp) by extension 'ros'
[0.818s] Level 1:colcon.colcon_core.package_identification:_identify(src/LBFGSpp) by extensions ['cmake', 'python']
[0.818s] Level 1:colcon.colcon_core.package_identification:_identify(src/LBFGSpp) by extension 'cmake'
[0.820s] Level 1:colcon.colcon_core.package_identification:_identify(src/LBFGSpp) by extension 'python'
[0.820s] DEBUG:colcon.colcon_core.package_identification:Package 'src/LBFGSpp' with type 'cmake' and name 'lbfgspp'
[0.820s] Level 1:colcon.colcon_core.package_identification:_identify(src/OsqpEigen) by extensions ['ignore', 'ignore_ament_install']
[0.820s] Level 1:colcon.colcon_core.package_identification:_identify(src/OsqpEigen) by extension 'ignore'
[0.821s] Level 1:colcon.colcon_core.package_identification:_identify(src/OsqpEigen) by extension 'ignore_ament_install'
[0.821s] Level 1:colcon.colcon_core.package_identification:_identify(src/OsqpEigen) by extensions ['colcon_pkg']
[0.821s] Level 1:colcon.colcon_core.package_identification:_identify(src/OsqpEigen) by extension 'colcon_pkg'
[0.821s] Level 1:colcon.colcon_core.package_identification:_identify(src/OsqpEigen) by extensions ['colcon_meta']
[0.821s] Level 1:colcon.colcon_core.package_identification:_identify(src/OsqpEigen) by extension 'colcon_meta'
[0.821s] Level 1:colcon.colcon_core.package_identification:_identify(src/OsqpEigen) by extensions ['ros']
[0.821s] Level 1:colcon.colcon_core.package_identification:_identify(src/OsqpEigen) by extension 'ros'
[0.833s] DEBUG:colcon.colcon_core.package_identification:Package 'src/OsqpEigen' with type 'ros.cmake' and name 'osqp-eigen'
[0.834s] Level 1:colcon.colcon_core.package_identification:_identify(src/dwa_follower) by extensions ['ignore', 'ignore_ament_install']
[0.834s] Level 1:colcon.colcon_core.package_identification:_identify(src/dwa_follower) by extension 'ignore'
[0.834s] Level 1:colcon.colcon_core.package_identification:_identify(src/dwa_follower) by extension 'ignore_ament_install'
[0.834s] Level 1:colcon.colcon_core.package_identification:_identify(src/dwa_follower) by extensions ['colcon_pkg']
[0.834s] Level 1:colcon.colcon_core.package_identification:_identify(src/dwa_follower) by extension 'colcon_pkg'
[0.834s] Level 1:colcon.colcon_core.package_identification:_identify(src/dwa_follower) by extensions ['colcon_meta']
[0.835s] Level 1:colcon.colcon_core.package_identification:_identify(src/dwa_follower) by extension 'colcon_meta'
[0.835s] Level 1:colcon.colcon_core.package_identification:_identify(src/dwa_follower) by extensions ['ros']
[0.835s] Level 1:colcon.colcon_core.package_identification:_identify(src/dwa_follower) by extension 'ros'
[0.837s] DEBUG:colcon.colcon_core.package_identification:Package 'src/dwa_follower' with type 'ros.ament_cmake' and name 'dwa_follower'
[0.837s] Level 1:colcon.colcon_core.package_identification:_identify(src/f1tenth_system) by extensions ['ignore', 'ignore_ament_install']
[0.838s] Level 1:colcon.colcon_core.package_identification:_identify(src/f1tenth_system) by extension 'ignore'
[0.838s] Level 1:colcon.colcon_core.package_identification:_identify(src/f1tenth_system) by extension 'ignore_ament_install'
[0.838s] Level 1:colcon.colcon_core.package_identification:_identify(src/f1tenth_system) by extensions ['colcon_pkg']
[0.838s] Level 1:colcon.colcon_core.package_identification:_identify(src/f1tenth_system) by extension 'colcon_pkg'
[0.838s] Level 1:colcon.colcon_core.package_identification:_identify(src/f1tenth_system) by extensions ['colcon_meta']
[0.838s] Level 1:colcon.colcon_core.package_identification:_identify(src/f1tenth_system) by extension 'colcon_meta'
[0.838s] Level 1:colcon.colcon_core.package_identification:_identify(src/f1tenth_system) by extensions ['ros']
[0.838s] Level 1:colcon.colcon_core.package_identification:_identify(src/f1tenth_system) by extension 'ros'
[0.839s] Level 1:colcon.colcon_core.package_identification:_identify(src/f1tenth_system) by extensions ['cmake', 'python']
[0.839s] Level 1:colcon.colcon_core.package_identification:_identify(src/f1tenth_system) by extension 'cmake'
[0.839s] Level 1:colcon.colcon_core.package_identification:_identify(src/f1tenth_system) by extension 'python'
[0.839s] Level 1:colcon.colcon_core.package_identification:_identify(src/f1tenth_system) by extensions ['python_setup_py']
[0.839s] Level 1:colcon.colcon_core.package_identification:_identify(src/f1tenth_system) by extension 'python_setup_py'
[0.839s] Level 1:colcon.colcon_core.package_identification:_identify(src/f1tenth_system/ackermann_mux) by extensions ['ignore', 'ignore_ament_install']
[0.839s] Level 1:colcon.colcon_core.package_identification:_identify(src/f1tenth_system/ackermann_mux) by extension 'ignore'
[0.840s] Level 1:colcon.colcon_core.package_identification:_identify(src/f1tenth_system/ackermann_mux) by extension 'ignore_ament_install'
[0.840s] Level 1:colcon.colcon_core.package_identification:_identify(src/f1tenth_system/ackermann_mux) by extensions ['colcon_pkg']
[0.840s] Level 1:colcon.colcon_core.package_identification:_identify(src/f1tenth_system/ackermann_mux) by extension 'colcon_pkg'
[0.840s] Level 1:colcon.colcon_core.package_identification:_identify(src/f1tenth_system/ackermann_mux) by extensions ['colcon_meta']
[0.840s] Level 1:colcon.colcon_core.package_identification:_identify(src/f1tenth_system/ackermann_mux) by extension 'colcon_meta'
[0.840s] Level 1:colcon.colcon_core.package_identification:_identify(src/f1tenth_system/ackermann_mux) by extensions ['ros']
[0.840s] Level 1:colcon.colcon_core.package_identification:_identify(src/f1tenth_system/ackermann_mux) by extension 'ros'
[0.840s] Level 1:colcon.colcon_core.package_identification:_identify(src/f1tenth_system/ackermann_mux) by extensions ['cmake', 'python']
[0.840s] Level 1:colcon.colcon_core.package_identification:_identify(src/f1tenth_system/ackermann_mux) by extension 'cmake'
[0.841s] Level 1:colcon.colcon_core.package_identification:_identify(src/f1tenth_system/ackermann_mux) by extension 'python'
[0.841s] Level 1:colcon.colcon_core.package_identification:_identify(src/f1tenth_system/ackermann_mux) by extensions ['python_setup_py']
[0.841s] Level 1:colcon.colcon_core.package_identification:_identify(src/f1tenth_system/ackermann_mux) by extension 'python_setup_py'
[0.841s] Level 1:colcon.colcon_core.package_identification:_identify(src/f1tenth_system/ackermann_mux/ackermann_mux) by extensions ['ignore', 'ignore_ament_install']
[0.841s] Level 1:colcon.colcon_core.package_identification:_identify(src/f1tenth_system/ackermann_mux/ackermann_mux) by extension 'ignore'
[0.841s] Level 1:colcon.colcon_core.package_identification:_identify(src/f1tenth_system/ackermann_mux/ackermann_mux) by extension 'ignore_ament_install'
[0.841s] Level 1:colcon.colcon_core.package_identification:_identify(src/f1tenth_system/ackermann_mux/ackermann_mux) by extensions ['colcon_pkg']
[0.841s] Level 1:colcon.colcon_core.package_identification:_identify(src/f1tenth_system/ackermann_mux/ackermann_mux) by extension 'colcon_pkg'
[0.842s] Level 1:colcon.colcon_core.package_identification:_identify(src/f1tenth_system/ackermann_mux/ackermann_mux) by extensions ['colcon_meta']
[0.842s] Level 1:colcon.colcon_core.package_identification:_identify(src/f1tenth_system/ackermann_mux/ackermann_mux) by extension 'colcon_meta'
[0.842s] Level 1:colcon.colcon_core.package_identification:_identify(src/f1tenth_system/ackermann_mux/ackermann_mux) by extensions ['ros']
[0.842s] Level 1:colcon.colcon_core.package_identification:_identify(src/f1tenth_system/ackermann_mux/ackermann_mux) by extension 'ros'
[0.872s] DEBUG:colcon.colcon_core.package_identification:Package 'src/f1tenth_system/ackermann_mux/ackermann_mux' with type 'ros.ament_cmake' and name 'ackermann_mux'
[0.872s] Level 1:colcon.colcon_core.package_identification:_identify(src/f1tenth_system/f1tenth_stack) by extensions ['ignore', 'ignore_ament_install']
[0.873s] Level 1:colcon.colcon_core.package_identification:_identify(src/f1tenth_system/f1tenth_stack) by extension 'ignore'
[0.873s] Level 1:colcon.colcon_core.package_identification:_identify(src/f1tenth_system/f1tenth_stack) by extension 'ignore_ament_install'
[0.873s] Level 1:colcon.colcon_core.package_identification:_identify(src/f1tenth_system/f1tenth_stack) by extensions ['colcon_pkg']
[0.873s] Level 1:colcon.colcon_core.package_identification:_identify(src/f1tenth_system/f1tenth_stack) by extension 'colcon_pkg'
[0.873s] Level 1:colcon.colcon_core.package_identification:_identify(src/f1tenth_system/f1tenth_stack) by extensions ['colcon_meta']
[0.873s] Level 1:colcon.colcon_core.package_identification:_identify(src/f1tenth_system/f1tenth_stack) by extension 'colcon_meta'
[0.874s] Level 1:colcon.colcon_core.package_identification:_identify(src/f1tenth_system/f1tenth_stack) by extensions ['ros']
[0.874s] Level 1:colcon.colcon_core.package_identification:_identify(src/f1tenth_system/f1tenth_stack) by extension 'ros'
[0.876s] DEBUG:colcon.colcon_core.package_identification:Package 'src/f1tenth_system/f1tenth_stack' with type 'ros.ament_python' and name 'f1tenth_stack'
[0.877s] Level 1:colcon.colcon_core.package_identification:_identify(src/f1tenth_system/scripts) by extensions ['ignore', 'ignore_ament_install']
[0.877s] Level 1:colcon.colcon_core.package_identification:_identify(src/f1tenth_system/scripts) by extension 'ignore'
[0.877s] Level 1:colcon.colcon_core.package_identification:_identify(src/f1tenth_system/scripts) by extension 'ignore_ament_install'
[0.877s] Level 1:colcon.colcon_core.package_identification:_identify(src/f1tenth_system/scripts) by extensions ['colcon_pkg']
[0.877s] Level 1:colcon.colcon_core.package_identification:_identify(src/f1tenth_system/scripts) by extension 'colcon_pkg'
[0.877s] Level 1:colcon.colcon_core.package_identification:_identify(src/f1tenth_system/scripts) by extensions ['colcon_meta']
[0.878s] Level 1:colcon.colcon_core.package_identification:_identify(src/f1tenth_system/scripts) by extension 'colcon_meta'
[0.878s] Level 1:colcon.colcon_core.package_identification:_identify(src/f1tenth_system/scripts) by extensions ['ros']
[0.878s] Level 1:colcon.colcon_core.package_identification:_identify(src/f1tenth_system/scripts) by extension 'ros'
[0.878s] Level 1:colcon.colcon_core.package_identification:_identify(src/f1tenth_system/scripts) by extensions ['cmake', 'python']
[0.878s] Level 1:colcon.colcon_core.package_identification:_identify(src/f1tenth_system/scripts) by extension 'cmake'
[0.878s] Level 1:colcon.colcon_core.package_identification:_identify(src/f1tenth_system/scripts) by extension 'python'
[0.878s] Level 1:colcon.colcon_core.package_identification:_identify(src/f1tenth_system/scripts) by extensions ['python_setup_py']
[0.878s] Level 1:colcon.colcon_core.package_identification:_identify(src/f1tenth_system/scripts) by extension 'python_setup_py'
[0.879s] Level 1:colcon.colcon_core.package_identification:_identify(src/f1tenth_system/teleop_tools) by extensions ['ignore', 'ignore_ament_install']
[0.879s] Level 1:colcon.colcon_core.package_identification:_identify(src/f1tenth_system/teleop_tools) by extension 'ignore'
[0.879s] Level 1:colcon.colcon_core.package_identification:_identify(src/f1tenth_system/teleop_tools) by extension 'ignore_ament_install'
[0.879s] Level 1:colcon.colcon_core.package_identification:_identify(src/f1tenth_system/teleop_tools) by extensions ['colcon_pkg']
[0.879s] Level 1:colcon.colcon_core.package_identification:_identify(src/f1tenth_system/teleop_tools) by extension 'colcon_pkg'
[0.879s] Level 1:colcon.colcon_core.package_identification:_identify(src/f1tenth_system/teleop_tools) by extensions ['colcon_meta']
[0.879s] Level 1:colcon.colcon_core.package_identification:_identify(src/f1tenth_system/teleop_tools) by extension 'colcon_meta'
[0.880s] Level 1:colcon.colcon_core.package_identification:_identify(src/f1tenth_system/teleop_tools) by extensions ['ros']
[0.880s] Level 1:colcon.colcon_core.package_identification:_identify(src/f1tenth_system/teleop_tools) by extension 'ros'
[0.880s] Level 1:colcon.colcon_core.package_identification:_identify(src/f1tenth_system/teleop_tools) by extensions ['cmake', 'python']
[0.880s] Level 1:colcon.colcon_core.package_identification:_identify(src/f1tenth_system/teleop_tools) by extension 'cmake'
[0.880s] Level 1:colcon.colcon_core.package_identification:_identify(src/f1tenth_system/teleop_tools) by extension 'python'
[0.880s] Level 1:colcon.colcon_core.package_identification:_identify(src/f1tenth_system/teleop_tools) by extensions ['python_setup_py']
[0.880s] Level 1:colcon.colcon_core.package_identification:_identify(src/f1tenth_system/teleop_tools) by extension 'python_setup_py'
[0.881s] Level 1:colcon.colcon_core.package_identification:_identify(src/f1tenth_system/transport_drivers) by extensions ['ignore', 'ignore_ament_install']
[0.881s] Level 1:colcon.colcon_core.package_identification:_identify(src/f1tenth_system/transport_drivers) by extension 'ignore'
[0.881s] Level 1:colcon.colcon_core.package_identification:_identify(src/f1tenth_system/transport_drivers) by extension 'ignore_ament_install'
[0.881s] Level 1:colcon.colcon_core.package_identification:_identify(src/f1tenth_system/transport_drivers) by extensions ['colcon_pkg']
[0.881s] Level 1:colcon.colcon_core.package_identification:_identify(src/f1tenth_system/transport_drivers) by extension 'colcon_pkg'
[0.881s] Level 1:colcon.colcon_core.package_identification:_identify(src/f1tenth_system/transport_drivers) by extensions ['colcon_meta']
[0.881s] Level 1:colcon.colcon_core.package_identification:_identify(src/f1tenth_system/transport_drivers) by extension 'colcon_meta'
[0.881s] Level 1:colcon.colcon_core.package_identification:_identify(src/f1tenth_system/transport_drivers) by extensions ['ros']
[0.881s] Level 1:colcon.colcon_core.package_identification:_identify(src/f1tenth_system/transport_drivers) by extension 'ros'
[0.882s] Level 1:colcon.colcon_core.package_identification:_identify(src/f1tenth_system/transport_drivers) by extensions ['cmake', 'python']
[0.882s] Level 1:colcon.colcon_core.package_identification:_identify(src/f1tenth_system/transport_drivers) by extension 'cmake'
[0.882s] Level 1:colcon.colcon_core.package_identification:_identify(src/f1tenth_system/transport_drivers) by extension 'python'
[0.882s] Level 1:colcon.colcon_core.package_identification:_identify(src/f1tenth_system/transport_drivers) by extensions ['python_setup_py']
[0.882s] Level 1:colcon.colcon_core.package_identification:_identify(src/f1tenth_system/transport_drivers) by extension 'python_setup_py'
[0.882s] Level 1:colcon.colcon_core.package_identification:_identify(src/f1tenth_system/transport_drivers/asio_cmake_module) by extensions ['ignore', 'ignore_ament_install']
[0.882s] Level 1:colcon.colcon_core.package_identification:_identify(src/f1tenth_system/transport_drivers/asio_cmake_module) by extension 'ignore'
[0.883s] Level 1:colcon.colcon_core.package_identification:_identify(src/f1tenth_system/transport_drivers/asio_cmake_module) by extension 'ignore_ament_install'
[0.883s] Level 1:colcon.colcon_core.package_identification:_identify(src/f1tenth_system/transport_drivers/asio_cmake_module) by extensions ['colcon_pkg']
[0.883s] Level 1:colcon.colcon_core.package_identification:_identify(src/f1tenth_system/transport_drivers/asio_cmake_module) by extension 'colcon_pkg'
[0.883s] Level 1:colcon.colcon_core.package_identification:_identify(src/f1tenth_system/transport_drivers/asio_cmake_module) by extensions ['colcon_meta']
[0.883s] Level 1:colcon.colcon_core.package_identification:_identify(src/f1tenth_system/transport_drivers/asio_cmake_module) by extension 'colcon_meta'
[0.883s] Level 1:colcon.colcon_core.package_identification:_identify(src/f1tenth_system/transport_drivers/asio_cmake_module) by extensions ['ros']
[0.883s] Level 1:colcon.colcon_core.package_identification:_identify(src/f1tenth_system/transport_drivers/asio_cmake_module) by extension 'ros'
[0.885s] DEBUG:colcon.colcon_core.package_identification:Package 'src/f1tenth_system/transport_drivers/asio_cmake_module' with type 'ros.ament_cmake' and name 'asio_cmake_module'
[0.885s] Level 1:colcon.colcon_core.package_identification:_identify(src/f1tenth_system/transport_drivers/io_context) by extensions ['ignore', 'ignore_ament_install']
[0.885s] Level 1:colcon.colcon_core.package_identification:_identify(src/f1tenth_system/transport_drivers/io_context) by extension 'ignore'
[0.885s] Level 1:colcon.colcon_core.package_identification:_identify(src/f1tenth_system/transport_drivers/io_context) by extension 'ignore_ament_install'
[0.886s] Level 1:colcon.colcon_core.package_identification:_identify(src/f1tenth_system/transport_drivers/io_context) by extensions ['colcon_pkg']
[0.886s] Level 1:colcon.colcon_core.package_identification:_identify(src/f1tenth_system/transport_drivers/io_context) by extension 'colcon_pkg'
[0.886s] Level 1:colcon.colcon_core.package_identification:_identify(src/f1tenth_system/transport_drivers/io_context) by extensions ['colcon_meta']
[0.886s] Level 1:colcon.colcon_core.package_identification:_identify(src/f1tenth_system/transport_drivers/io_context) by extension 'colcon_meta'
[0.886s] Level 1:colcon.colcon_core.package_identification:_identify(src/f1tenth_system/transport_drivers/io_context) by extensions ['ros']
[0.886s] Level 1:colcon.colcon_core.package_identification:_identify(src/f1tenth_system/transport_drivers/io_context) by extension 'ros'
[0.888s] DEBUG:colcon.colcon_core.package_identification:Package 'src/f1tenth_system/transport_drivers/io_context' with type 'ros.ament_cmake' and name 'io_context'
[0.889s] Level 1:colcon.colcon_core.package_identification:_identify(src/f1tenth_system/transport_drivers/serial_driver) by extensions ['ignore', 'ignore_ament_install']
[0.889s] Level 1:colcon.colcon_core.package_identification:_identify(src/f1tenth_system/transport_drivers/serial_driver) by extension 'ignore'
[0.889s] Level 1:colcon.colcon_core.package_identification:_identify(src/f1tenth_system/transport_drivers/serial_driver) by extension 'ignore_ament_install'
[0.889s] Level 1:colcon.colcon_core.package_identification:_identify(src/f1tenth_system/transport_drivers/serial_driver) by extensions ['colcon_pkg']
[0.889s] Level 1:colcon.colcon_core.package_identification:_identify(src/f1tenth_system/transport_drivers/serial_driver) by extension 'colcon_pkg'
[0.890s] Level 1:colcon.colcon_core.package_identification:_identify(src/f1tenth_system/transport_drivers/serial_driver) by extensions ['colcon_meta']
[0.890s] Level 1:colcon.colcon_core.package_identification:_identify(src/f1tenth_system/transport_drivers/serial_driver) by extension 'colcon_meta'
[0.890s] Level 1:colcon.colcon_core.package_identification:_identify(src/f1tenth_system/transport_drivers/serial_driver) by extensions ['ros']
[0.890s] Level 1:colcon.colcon_core.package_identification:_identify(src/f1tenth_system/transport_drivers/serial_driver) by extension 'ros'
[0.892s] DEBUG:colcon.colcon_core.package_identification:Package 'src/f1tenth_system/transport_drivers/serial_driver' with type 'ros.ament_cmake' and name 'serial_driver'
[0.893s] Level 1:colcon.colcon_core.package_identification:_identify(src/f1tenth_system/transport_drivers/udp_driver) by extensions ['ignore', 'ignore_ament_install']
[0.893s] Level 1:colcon.colcon_core.package_identification:_identify(src/f1tenth_system/transport_drivers/udp_driver) by extension 'ignore'
[0.893s] Level 1:colcon.colcon_core.package_identification:_identify(src/f1tenth_system/transport_drivers/udp_driver) by extension 'ignore_ament_install'
[0.893s] Level 1:colcon.colcon_core.package_identification:_identify(src/f1tenth_system/transport_drivers/udp_driver) by extensions ['colcon_pkg']
[0.893s] Level 1:colcon.colcon_core.package_identification:_identify(src/f1tenth_system/transport_drivers/udp_driver) by extension 'colcon_pkg'
[0.893s] Level 1:colcon.colcon_core.package_identification:_identify(src/f1tenth_system/transport_drivers/udp_driver) by extensions ['colcon_meta']
[0.893s] Level 1:colcon.colcon_core.package_identification:_identify(src/f1tenth_system/transport_drivers/udp_driver) by extension 'colcon_meta'
[0.893s] Level 1:colcon.colcon_core.package_identification:_identify(src/f1tenth_system/transport_drivers/udp_driver) by extensions ['ros']
[0.894s] Level 1:colcon.colcon_core.package_identification:_identify(src/f1tenth_system/transport_drivers/udp_driver) by extension 'ros'
[0.896s] DEBUG:colcon.colcon_core.package_identification:Package 'src/f1tenth_system/transport_drivers/udp_driver' with type 'ros.ament_cmake' and name 'udp_driver'
[0.896s] Level 1:colcon.colcon_core.package_identification:_identify(src/f1tenth_system/vesc) by extensions ['ignore', 'ignore_ament_install']
[0.897s] Level 1:colcon.colcon_core.package_identification:_identify(src/f1tenth_system/vesc) by extension 'ignore'
[0.897s] Level 1:colcon.colcon_core.package_identification:_identify(src/f1tenth_system/vesc) by extension 'ignore_ament_install'
[0.897s] Level 1:colcon.colcon_core.package_identification:_identify(src/f1tenth_system/vesc) by extensions ['colcon_pkg']
[0.897s] Level 1:colcon.colcon_core.package_identification:_identify(src/f1tenth_system/vesc) by extension 'colcon_pkg'
[0.897s] Level 1:colcon.colcon_core.package_identification:_identify(src/f1tenth_system/vesc) by extensions ['colcon_meta']
[0.897s] Level 1:colcon.colcon_core.package_identification:_identify(src/f1tenth_system/vesc) by extension 'colcon_meta'
[0.897s] Level 1:colcon.colcon_core.package_identification:_identify(src/f1tenth_system/vesc) by extensions ['ros']
[0.897s] Level 1:colcon.colcon_core.package_identification:_identify(src/f1tenth_system/vesc) by extension 'ros'
[0.898s] Level 1:colcon.colcon_core.package_identification:_identify(src/f1tenth_system/vesc) by extensions ['cmake', 'python']
[0.898s] Level 1:colcon.colcon_core.package_identification:_identify(src/f1tenth_system/vesc) by extension 'cmake'
[0.898s] Level 1:colcon.colcon_core.package_identification:_identify(src/f1tenth_system/vesc) by extension 'python'
[0.898s] Level 1:colcon.colcon_core.package_identification:_identify(src/f1tenth_system/vesc) by extensions ['python_setup_py']
[0.898s] Level 1:colcon.colcon_core.package_identification:_identify(src/f1tenth_system/vesc) by extension 'python_setup_py'
[0.898s] Level 1:colcon.colcon_core.package_identification:_identify(src/f1tenth_system/vesc/vesc) by extensions ['ignore', 'ignore_ament_install']
[0.899s] Level 1:colcon.colcon_core.package_identification:_identify(src/f1tenth_system/vesc/vesc) by extension 'ignore'
[0.899s] Level 1:colcon.colcon_core.package_identification:_identify(src/f1tenth_system/vesc/vesc) by extension 'ignore_ament_install'
[0.899s] Level 1:colcon.colcon_core.package_identification:_identify(src/f1tenth_system/vesc/vesc) by extensions ['colcon_pkg']
[0.899s] Level 1:colcon.colcon_core.package_identification:_identify(src/f1tenth_system/vesc/vesc) by extension 'colcon_pkg'
[0.899s] Level 1:colcon.colcon_core.package_identification:_identify(src/f1tenth_system/vesc/vesc) by extensions ['colcon_meta']
[0.899s] Level 1:colcon.colcon_core.package_identification:_identify(src/f1tenth_system/vesc/vesc) by extension 'colcon_meta'
[0.899s] Level 1:colcon.colcon_core.package_identification:_identify(src/f1tenth_system/vesc/vesc) by extensions ['ros']
[0.899s] Level 1:colcon.colcon_core.package_identification:_identify(src/f1tenth_system/vesc/vesc) by extension 'ros'
[0.900s] Level 1:colcon.colcon_core.package_identification:_identify(src/f1tenth_system/vesc/vesc) by extensions ['cmake', 'python']
[0.900s] Level 1:colcon.colcon_core.package_identification:_identify(src/f1tenth_system/vesc/vesc) by extension 'cmake'
[0.900s] Level 1:colcon.colcon_core.package_identification:_identify(src/f1tenth_system/vesc/vesc) by extension 'python'
[0.900s] Level 1:colcon.colcon_core.package_identification:_identify(src/f1tenth_system/vesc/vesc) by extensions ['python_setup_py']
[0.900s] Level 1:colcon.colcon_core.package_identification:_identify(src/f1tenth_system/vesc/vesc) by extension 'python_setup_py'
[0.900s] Level 1:colcon.colcon_core.package_identification:_identify(src/f1tenth_system/vesc/vesc/vesc) by extensions ['ignore', 'ignore_ament_install']
[0.900s] Level 1:colcon.colcon_core.package_identification:_identify(src/f1tenth_system/vesc/vesc/vesc) by extension 'ignore'
[0.900s] Level 1:colcon.colcon_core.package_identification:_identify(src/f1tenth_system/vesc/vesc/vesc) by extension 'ignore_ament_install'
[0.901s] Level 1:colcon.colcon_core.package_identification:_identify(src/f1tenth_system/vesc/vesc/vesc) by extensions ['colcon_pkg']
[0.901s] Level 1:colcon.colcon_core.package_identification:_identify(src/f1tenth_system/vesc/vesc/vesc) by extension 'colcon_pkg'
[0.901s] Level 1:colcon.colcon_core.package_identification:_identify(src/f1tenth_system/vesc/vesc/vesc) by extensions ['colcon_meta']
[0.901s] Level 1:colcon.colcon_core.package_identification:_identify(src/f1tenth_system/vesc/vesc/vesc) by extension 'colcon_meta'
[0.901s] Level 1:colcon.colcon_core.package_identification:_identify(src/f1tenth_system/vesc/vesc/vesc) by extensions ['ros']
[0.901s] Level 1:colcon.colcon_core.package_identification:_identify(src/f1tenth_system/vesc/vesc/vesc) by extension 'ros'
[0.903s] DEBUG:colcon.colcon_core.package_identification:Package 'src/f1tenth_system/vesc/vesc/vesc' with type 'ros.ament_cmake' and name 'vesc'
[0.903s] Level 1:colcon.colcon_core.package_identification:_identify(src/f1tenth_system/vesc/vesc/vesc_ackermann) by extensions ['ignore', 'ignore_ament_install']
[0.903s] Level 1:colcon.colcon_core.package_identification:_identify(src/f1tenth_system/vesc/vesc/vesc_ackermann) by extension 'ignore'
[0.903s] Level 1:colcon.colcon_core.package_identification:_identify(src/f1tenth_system/vesc/vesc/vesc_ackermann) by extension 'ignore_ament_install'
[0.903s] Level 1:colcon.colcon_core.package_identification:_identify(src/f1tenth_system/vesc/vesc/vesc_ackermann) by extensions ['colcon_pkg']
[0.903s] Level 1:colcon.colcon_core.package_identification:_identify(src/f1tenth_system/vesc/vesc/vesc_ackermann) by extension 'colcon_pkg'
[0.904s] Level 1:colcon.colcon_core.package_identification:_identify(src/f1tenth_system/vesc/vesc/vesc_ackermann) by extensions ['colcon_meta']
[0.904s] Level 1:colcon.colcon_core.package_identification:_identify(src/f1tenth_system/vesc/vesc/vesc_ackermann) by extension 'colcon_meta'
[0.904s] Level 1:colcon.colcon_core.package_identification:_identify(src/f1tenth_system/vesc/vesc/vesc_ackermann) by extensions ['ros']
[0.904s] Level 1:colcon.colcon_core.package_identification:_identify(src/f1tenth_system/vesc/vesc/vesc_ackermann) by extension 'ros'
[0.907s] DEBUG:colcon.colcon_core.package_identification:Package 'src/f1tenth_system/vesc/vesc/vesc_ackermann' with type 'ros.ament_cmake' and name 'vesc_ackermann'
[0.907s] Level 1:colcon.colcon_core.package_identification:_identify(src/f1tenth_system/vesc/vesc/vesc_driver) by extensions ['ignore', 'ignore_ament_install']
[0.907s] Level 1:colcon.colcon_core.package_identification:_identify(src/f1tenth_system/vesc/vesc/vesc_driver) by extension 'ignore'
[0.907s] Level 1:colcon.colcon_core.package_identification:_identify(src/f1tenth_system/vesc/vesc/vesc_driver) by extension 'ignore_ament_install'
[0.908s] Level 1:colcon.colcon_core.package_identification:_identify(src/f1tenth_system/vesc/vesc/vesc_driver) by extensions ['colcon_pkg']
[0.908s] Level 1:colcon.colcon_core.package_identification:_identify(src/f1tenth_system/vesc/vesc/vesc_driver) by extension 'colcon_pkg'
[0.908s] Level 1:colcon.colcon_core.package_identification:_identify(src/f1tenth_system/vesc/vesc/vesc_driver) by extensions ['colcon_meta']
[0.908s] Level 1:colcon.colcon_core.package_identification:_identify(src/f1tenth_system/vesc/vesc/vesc_driver) by extension 'colcon_meta'
[0.908s] Level 1:colcon.colcon_core.package_identification:_identify(src/f1tenth_system/vesc/vesc/vesc_driver) by extensions ['ros']
[0.908s] Level 1:colcon.colcon_core.package_identification:_identify(src/f1tenth_system/vesc/vesc/vesc_driver) by extension 'ros'
[0.911s] DEBUG:colcon.colcon_core.package_identification:Package 'src/f1tenth_system/vesc/vesc/vesc_driver' with type 'ros.ament_cmake' and name 'vesc_driver'
[0.911s] Level 1:colcon.colcon_core.package_identification:_identify(src/f1tenth_system/vesc/vesc/vesc_msgs) by extensions ['ignore', 'ignore_ament_install']
[0.911s] Level 1:colcon.colcon_core.package_identification:_identify(src/f1tenth_system/vesc/vesc/vesc_msgs) by extension 'ignore'
[0.911s] Level 1:colcon.colcon_core.package_identification:_identify(src/f1tenth_system/vesc/vesc/vesc_msgs) by extension 'ignore_ament_install'
[0.911s] Level 1:colcon.colcon_core.package_identification:_identify(src/f1tenth_system/vesc/vesc/vesc_msgs) by extensions ['colcon_pkg']
[0.912s] Level 1:colcon.colcon_core.package_identification:_identify(src/f1tenth_system/vesc/vesc/vesc_msgs) by extension 'colcon_pkg'
[0.912s] Level 1:colcon.colcon_core.package_identification:_identify(src/f1tenth_system/vesc/vesc/vesc_msgs) by extensions ['colcon_meta']
[0.912s] Level 1:colcon.colcon_core.package_identification:_identify(src/f1tenth_system/vesc/vesc/vesc_msgs) by extension 'colcon_meta'
[0.912s] Level 1:colcon.colcon_core.package_identification:_identify(src/f1tenth_system/vesc/vesc/vesc_msgs) by extensions ['ros']
[0.912s] Level 1:colcon.colcon_core.package_identification:_identify(src/f1tenth_system/vesc/vesc/vesc_msgs) by extension 'ros'
[0.914s] DEBUG:colcon.colcon_core.package_identification:Package 'src/f1tenth_system/vesc/vesc/vesc_msgs' with type 'ros.ament_cmake' and name 'vesc_msgs'
[0.914s] Level 1:colcon.colcon_core.package_identification:_identify(src/mpc_python) by extensions ['ignore', 'ignore_ament_install']
[0.914s] Level 1:colcon.colcon_core.package_identification:_identify(src/mpc_python) by extension 'ignore'
[0.915s] Level 1:colcon.colcon_core.package_identification:_identify(src/mpc_python) by extension 'ignore_ament_install'
[0.915s] Level 1:colcon.colcon_core.package_identification:_identify(src/mpc_python) by extensions ['colcon_pkg']
[0.915s] Level 1:colcon.colcon_core.package_identification:_identify(src/mpc_python) by extension 'colcon_pkg'
[0.915s] Level 1:colcon.colcon_core.package_identification:_identify(src/mpc_python) by extensions ['colcon_meta']
[0.915s] Level 1:colcon.colcon_core.package_identification:_identify(src/mpc_python) by extension 'colcon_meta'
[0.915s] Level 1:colcon.colcon_core.package_identification:_identify(src/mpc_python) by extensions ['ros']
[0.915s] Level 1:colcon.colcon_core.package_identification:_identify(src/mpc_python) by extension 'ros'
[0.917s] DEBUG:colcon.colcon_core.package_identification:Package 'src/mpc_python' with type 'ros.ament_python' and name 'mpc_python'
[0.917s] Level 1:colcon.colcon_core.package_identification:_identify(src/obstacle_publisher) by extensions ['ignore', 'ignore_ament_install']
[0.917s] Level 1:colcon.colcon_core.package_identification:_identify(src/obstacle_publisher) by extension 'ignore'
[0.917s] Level 1:colcon.colcon_core.package_identification:_identify(src/obstacle_publisher) by extension 'ignore_ament_install'
[0.918s] Level 1:colcon.colcon_core.package_identification:_identify(src/obstacle_publisher) by extensions ['colcon_pkg']
[0.918s] Level 1:colcon.colcon_core.package_identification:_identify(src/obstacle_publisher) by extension 'colcon_pkg'
[0.918s] Level 1:colcon.colcon_core.package_identification:_identify(src/obstacle_publisher) by extensions ['colcon_meta']
[0.918s] Level 1:colcon.colcon_core.package_identification:_identify(src/obstacle_publisher) by extension 'colcon_meta'
[0.918s] Level 1:colcon.colcon_core.package_identification:_identify(src/obstacle_publisher) by extensions ['ros']
[0.918s] Level 1:colcon.colcon_core.package_identification:_identify(src/obstacle_publisher) by extension 'ros'
[0.920s] DEBUG:colcon.colcon_core.package_identification:Package 'src/obstacle_publisher' with type 'ros.ament_cmake' and name 'obstacle_publisher'
[0.920s] Level 1:colcon.colcon_core.package_identification:_identify(src/pickup_description) by extensions ['ignore', 'ignore_ament_install']
[0.920s] Level 1:colcon.colcon_core.package_identification:_identify(src/pickup_description) by extension 'ignore'
[0.920s] Level 1:colcon.colcon_core.package_identification:_identify(src/pickup_description) by extension 'ignore_ament_install'
[0.921s] Level 1:colcon.colcon_core.package_identification:_identify(src/pickup_description) by extensions ['colcon_pkg']
[0.921s] Level 1:colcon.colcon_core.package_identification:_identify(src/pickup_description) by extension 'colcon_pkg'
[0.921s] Level 1:colcon.colcon_core.package_identification:_identify(src/pickup_description) by extensions ['colcon_meta']
[0.921s] Level 1:colcon.colcon_core.package_identification:_identify(src/pickup_description) by extension 'colcon_meta'
[0.921s] Level 1:colcon.colcon_core.package_identification:_identify(src/pickup_description) by extensions ['ros']
[0.921s] Level 1:colcon.colcon_core.package_identification:_identify(src/pickup_description) by extension 'ros'
[0.923s] DEBUG:colcon.colcon_core.package_identification:Package 'src/pickup_description' with type 'ros.ament_python' and name 'pickup_description'
[0.923s] Level 1:colcon.colcon_core.package_identification:_identify(src/spline_visualizer) by extensions ['ignore', 'ignore_ament_install']
[0.923s] Level 1:colcon.colcon_core.package_identification:_identify(src/spline_visualizer) by extension 'ignore'
[0.924s] Level 1:colcon.colcon_core.package_identification:_identify(src/spline_visualizer) by extension 'ignore_ament_install'
[0.924s] Level 1:colcon.colcon_core.package_identification:_identify(src/spline_visualizer) by extensions ['colcon_pkg']
[0.924s] Level 1:colcon.colcon_core.package_identification:_identify(src/spline_visualizer) by extension 'colcon_pkg'
[0.924s] Level 1:colcon.colcon_core.package_identification:_identify(src/spline_visualizer) by extensions ['colcon_meta']
[0.924s] Level 1:colcon.colcon_core.package_identification:_identify(src/spline_visualizer) by extension 'colcon_meta'
[0.924s] Level 1:colcon.colcon_core.package_identification:_identify(src/spline_visualizer) by extensions ['ros']
[0.924s] Level 1:colcon.colcon_core.package_identification:_identify(src/spline_visualizer) by extension 'ros'
[0.926s] DEBUG:colcon.colcon_core.package_identification:Package 'src/spline_visualizer' with type 'ros.ament_cmake' and name 'spline_visualizer'
[0.926s] Level 1:colcon.colcon_core.package_identification:_identify(view_frames) by extensions ['ignore', 'ignore_ament_install']
[0.926s] Level 1:colcon.colcon_core.package_identification:_identify(view_frames) by extension 'ignore'
[0.926s] Level 1:colcon.colcon_core.package_identification:_identify(view_frames) by extension 'ignore_ament_install'
[0.926s] Level 1:colcon.colcon_core.package_identification:_identify(view_frames) by extensions ['colcon_pkg']
[0.927s] Level 1:colcon.colcon_core.package_identification:_identify(view_frames) by extension 'colcon_pkg'
[0.927s] Level 1:colcon.colcon_core.package_identification:_identify(view_frames) by extensions ['colcon_meta']
[0.927s] Level 1:colcon.colcon_core.package_identification:_identify(view_frames) by extension 'colcon_meta'
[0.927s] Level 1:colcon.colcon_core.package_identification:_identify(view_frames) by extensions ['ros']
[0.927s] Level 1:colcon.colcon_core.package_identification:_identify(view_frames) by extension 'ros'
[0.927s] Level 1:colcon.colcon_core.package_identification:_identify(view_frames) by extensions ['cmake', 'python']
[0.927s] Level 1:colcon.colcon_core.package_identification:_identify(view_frames) by extension 'cmake'
[0.927s] Level 1:colcon.colcon_core.package_identification:_identify(view_frames) by extension 'python'
[0.927s] Level 1:colcon.colcon_core.package_identification:_identify(view_frames) by extensions ['python_setup_py']
[0.927s] Level 1:colcon.colcon_core.package_identification:_identify(view_frames) by extension 'python_setup_py'
[0.928s] Level 1:colcon.colcon_core.package_discovery:discover_packages(recursive) using defaults
[0.928s] Level 1:colcon.colcon_core.package_discovery:discover_packages(ignore) discover
[0.928s] Level 1:colcon.colcon_core.package_discovery:discover_packages(ignore) using defaults
[0.928s] Level 1:colcon.colcon_core.package_discovery:discover_packages(path) discover
[0.928s] Level 1:colcon.colcon_core.package_discovery:discover_packages(path) using defaults
[0.985s] INFO:colcon.colcon_core.package_selection:Skipping not selected package 'ackermann_mux' in 'src/f1tenth_system/ackermann_mux/ackermann_mux'
[0.985s] INFO:colcon.colcon_core.package_selection:Skipping not selected package 'asio_cmake_module' in 'src/f1tenth_system/transport_drivers/asio_cmake_module'
[0.985s] INFO:colcon.colcon_core.package_selection:Skipping not selected package 'dwa_follower' in 'src/dwa_follower'
[0.985s] INFO:colcon.colcon_core.package_selection:Skipping not selected package 'lbfgspp' in 'src/LBFGSpp'
[0.985s] INFO:colcon.colcon_core.package_selection:Skipping not selected package 'mpc_python' in 'src/mpc_python'
[0.986s] INFO:colcon.colcon_core.package_selection:Skipping not selected package 'osqp' in 'osqp'
[0.986s] INFO:colcon.colcon_core.package_selection:Skipping not selected package 'pickup_description' in 'src/pickup_description'
[0.986s] INFO:colcon.colcon_core.package_selection:Skipping not selected package 'spline_visualizer' in 'src/spline_visualizer'
[0.986s] INFO:colcon.colcon_core.package_selection:Skipping not selected package 'vesc_msgs' in 'src/f1tenth_system/vesc/vesc/vesc_msgs'
[0.986s] INFO:colcon.colcon_core.package_selection:Skipping not selected package 'io_context' in 'src/f1tenth_system/transport_drivers/io_context'
[0.986s] INFO:colcon.colcon_core.package_selection:Skipping not selected package 'osqp-eigen' in 'src/OsqpEigen'
[0.986s] INFO:colcon.colcon_core.package_selection:Skipping not selected package 'vesc_ackermann' in 'src/f1tenth_system/vesc/vesc/vesc_ackermann'
[0.986s] INFO:colcon.colcon_core.package_selection:Skipping not selected package 'serial_driver' in 'src/f1tenth_system/transport_drivers/serial_driver'
[0.986s] INFO:colcon.colcon_core.package_selection:Skipping not selected package 'udp_driver' in 'src/f1tenth_system/transport_drivers/udp_driver'
[0.986s] INFO:colcon.colcon_core.package_selection:Skipping not selected package 'vesc_driver' in 'src/f1tenth_system/vesc/vesc/vesc_driver'
[0.986s] INFO:colcon.colcon_core.package_selection:Skipping not selected package 'vesc' in 'src/f1tenth_system/vesc/vesc/vesc'
[0.986s] INFO:colcon.colcon_core.package_selection:Skipping not selected package 'f1tenth_stack' in 'src/f1tenth_system/f1tenth_stack'
[0.987s] Level 1:colcon.colcon_core.package_discovery:discover_packages(prefix_path) check parameters
[0.987s] Level 1:colcon.colcon_core.package_discovery:discover_packages(prefix_path) discover
[0.993s] DEBUG:colcon.colcon_installed_package_information.package_discovery:Found 18 installed packages in /home/jetson/f1tenth/install
[0.997s] DEBUG:colcon.colcon_installed_package_information.package_discovery:Found 334 installed packages in /opt/ros/humble
[1.001s] Level 1:colcon.colcon_core.package_discovery:discover_packages(prefix_path) using defaults
[1.101s] Level 5:colcon.colcon_core.verb:set package 'obstacle_publisher' build argument 'cmake_args' from command line to 'None'
[1.101s] Level 5:colcon.colcon_core.verb:set package 'obstacle_publisher' build argument 'cmake_target' from command line to 'None'
[1.101s] Level 5:colcon.colcon_core.verb:set package 'obstacle_publisher' build argument 'cmake_target_skip_unavailable' from command line to 'False'
[1.101s] Level 5:colcon.colcon_core.verb:set package 'obstacle_publisher' build argument 'cmake_clean_cache' from command line to 'False'
[1.101s] Level 5:colcon.colcon_core.verb:set package 'obstacle_publisher' build argument 'cmake_clean_first' from command line to 'False'
[1.101s] Level 5:colcon.colcon_core.verb:set package 'obstacle_publisher' build argument 'cmake_force_configure' from command line to 'False'
[1.101s] Level 5:colcon.colcon_core.verb:set package 'obstacle_publisher' build argument 'ament_cmake_args' from command line to 'None'
[1.102s] Level 5:colcon.colcon_core.verb:set package 'obstacle_publisher' build argument 'catkin_cmake_args' from command line to 'None'
[1.102s] Level 5:colcon.colcon_core.verb:set package 'obstacle_publisher' build argument 'catkin_skip_building_tests' from command line to 'False'
[1.102s] DEBUG:colcon.colcon_core.verb:Building package 'obstacle_publisher' with the following arguments: {'ament_cmake_args': None, 'build_base': '/home/jetson/f1tenth/build/obstacle_publisher', 'catkin_cmake_args': None, 'catkin_skip_building_tests': False, 'cmake_args': None, 'cmake_clean_cache': False, 'cmake_clean_first': False, 'cmake_force_configure': False, 'cmake_target': None, 'cmake_target_skip_unavailable': False, 'install_base': '/home/jetson/f1tenth/install/obstacle_publisher', 'merge_install': False, 'path': '/home/jetson/f1tenth/src/obstacle_publisher', 'symlink_install': False, 'test_result_base': None}
[1.102s] INFO:colcon.colcon_core.executor:Executing jobs using 'parallel' executor
[1.105s] DEBUG:colcon.colcon_parallel_executor.executor.parallel:run_until_complete
[1.105s] INFO:colcon.colcon_ros.task.ament_cmake.build:Building ROS package in '/home/jetson/f1tenth/src/obstacle_publisher' with build type 'ament_cmake'
[1.106s] INFO:colcon.colcon_cmake.task.cmake.build:Building CMake package in '/home/jetson/f1tenth/src/obstacle_publisher'
[1.114s] INFO:colcon.colcon_core.plugin_system:Skipping extension 'colcon_core.shell.bat': Not used on non-Windows systems
[1.115s] INFO:colcon.colcon_core.shell:Skip shell extension 'powershell' for command environment: Not usable outside of PowerShell
[1.115s] DEBUG:colcon.colcon_core.shell:Skip shell extension 'dsv' for command environment
[1.137s] DEBUG:colcon.colcon_core.event_handler.log_command:Invoking command in '/home/jetson/f1tenth/build/obstacle_publisher': CMAKE_PREFIX_PATH=${CMAKE_PREFIX_PATH}:/opt/ros/humble:/home/jetson/f1tenth/install/f1tenth_stack:/home/jetson/f1tenth/install/pickup_description:/home/jetson/f1tenth/install/mpc_python /usr/bin/cmake /home/jetson/f1tenth/src/obstacle_publisher -DCMAKE_INSTALL_PREFIX=/home/jetson/f1tenth/install/obstacle_publisher
[2.316s] DEBUG:colcon.colcon_core.event_handler.log_command:Invoked command in '/home/jetson/f1tenth/build/obstacle_publisher' returned '0': CMAKE_PREFIX_PATH=${CMAKE_PREFIX_PATH}:/opt/ros/humble:/home/jetson/f1tenth/install/f1tenth_stack:/home/jetson/f1tenth/install/pickup_description:/home/jetson/f1tenth/install/mpc_python /usr/bin/cmake /home/jetson/f1tenth/src/obstacle_publisher -DCMAKE_INSTALL_PREFIX=/home/jetson/f1tenth/install/obstacle_publisher
[2.317s] DEBUG:colcon.colcon_core.event_handler.log_command:Invoking command in '/home/jetson/f1tenth/build/obstacle_publisher': CMAKE_PREFIX_PATH=${CMAKE_PREFIX_PATH}:/opt/ros/humble:/home/jetson/f1tenth/install/f1tenth_stack:/home/jetson/f1tenth/install/pickup_description:/home/jetson/f1tenth/install/mpc_python /usr/bin/cmake --build /home/jetson/f1tenth/build/obstacle_publisher -- -j6 -l6
[26.818s] DEBUG:colcon.colcon_core.event_handler.log_command:Invoked command in '/home/jetson/f1tenth/build/obstacle_publisher' returned '0': CMAKE_PREFIX_PATH=${CMAKE_PREFIX_PATH}:/opt/ros/humble:/home/jetson/f1tenth/install/f1tenth_stack:/home/jetson/f1tenth/install/pickup_description:/home/jetson/f1tenth/install/mpc_python /usr/bin/cmake --build /home/jetson/f1tenth/build/obstacle_publisher -- -j6 -l6
[26.842s] DEBUG:colcon.colcon_core.event_handler.log_command:Invoking command in '/home/jetson/f1tenth/build/obstacle_publisher': CMAKE_PREFIX_PATH=${CMAKE_PREFIX_PATH}:/opt/ros/humble:/home/jetson/f1tenth/install/f1tenth_stack:/home/jetson/f1tenth/install/pickup_description:/home/jetson/f1tenth/install/mpc_python /usr/bin/cmake --install /home/jetson/f1tenth/build/obstacle_publisher
[26.893s] Level 1:colcon.colcon_core.environment:create_environment_scripts_only(obstacle_publisher)
[26.895s] DEBUG:colcon.colcon_core.event_handler.log_command:Invoked command in '/home/jetson/f1tenth/build/obstacle_publisher' returned '0': CMAKE_PREFIX_PATH=${CMAKE_PREFIX_PATH}:/opt/ros/humble:/home/jetson/f1tenth/install/f1tenth_stack:/home/jetson/f1tenth/install/pickup_description:/home/jetson/f1tenth/install/mpc_python /usr/bin/cmake --install /home/jetson/f1tenth/build/obstacle_publisher
[26.906s] Level 1:colcon.colcon_core.environment:checking '/home/jetson/f1tenth/install/obstacle_publisher' for CMake module files
[26.908s] Level 1:colcon.colcon_core.environment:checking '/home/jetson/f1tenth/install/obstacle_publisher' for CMake config files
[26.910s] Level 1:colcon.colcon_core.shell:create_environment_hook('obstacle_publisher', 'cmake_prefix_path')
[26.910s] INFO:colcon.colcon_core.shell:Creating environment hook '/home/jetson/f1tenth/install/obstacle_publisher/share/obstacle_publisher/hook/cmake_prefix_path.ps1'
[26.913s] INFO:colcon.colcon_core.shell:Creating environment descriptor '/home/jetson/f1tenth/install/obstacle_publisher/share/obstacle_publisher/hook/cmake_prefix_path.dsv'
[26.914s] INFO:colcon.colcon_core.shell:Creating environment hook '/home/jetson/f1tenth/install/obstacle_publisher/share/obstacle_publisher/hook/cmake_prefix_path.sh'
[26.918s] Level 1:colcon.colcon_core.environment:checking '/home/jetson/f1tenth/install/obstacle_publisher/lib'
[26.918s] Level 1:colcon.colcon_core.environment:checking '/home/jetson/f1tenth/install/obstacle_publisher/bin'
[26.918s] Level 1:colcon.colcon_core.environment:checking '/home/jetson/f1tenth/install/obstacle_publisher/lib/pkgconfig/obstacle_publisher.pc'
[26.919s] Level 1:colcon.colcon_core.environment:checking '/home/jetson/f1tenth/install/obstacle_publisher/lib/python3.10/site-packages'
[26.920s] Level 1:colcon.colcon_core.environment:checking '/home/jetson/f1tenth/install/obstacle_publisher/bin'
[26.921s] INFO:colcon.colcon_core.shell:Creating package script '/home/jetson/f1tenth/install/obstacle_publisher/share/obstacle_publisher/package.ps1'
[26.924s] INFO:colcon.colcon_core.shell:Creating package descriptor '/home/jetson/f1tenth/install/obstacle_publisher/share/obstacle_publisher/package.dsv'
[26.926s] INFO:colcon.colcon_core.shell:Creating package script '/home/jetson/f1tenth/install/obstacle_publisher/share/obstacle_publisher/package.sh'
[26.928s] INFO:colcon.colcon_core.shell:Creating package script '/home/jetson/f1tenth/install/obstacle_publisher/share/obstacle_publisher/package.bash'
[26.931s] INFO:colcon.colcon_core.shell:Creating package script '/home/jetson/f1tenth/install/obstacle_publisher/share/obstacle_publisher/package.zsh'
[26.934s] Level 1:colcon.colcon_core.environment:create_file_with_runtime_dependencies(/home/jetson/f1tenth/install/obstacle_publisher/share/colcon-core/packages/obstacle_publisher)
[26.936s] Level 1:colcon.colcon_core.environment:create_environment_scripts_only(obstacle_publisher)
[26.937s] Level 1:colcon.colcon_core.environment:checking '/home/jetson/f1tenth/install/obstacle_publisher' for CMake module files
[26.939s] Level 1:colcon.colcon_core.environment:checking '/home/jetson/f1tenth/install/obstacle_publisher' for CMake config files
[26.940s] Level 1:colcon.colcon_core.shell:create_environment_hook('obstacle_publisher', 'cmake_prefix_path')
[26.940s] INFO:colcon.colcon_core.shell:Creating environment hook '/home/jetson/f1tenth/install/obstacle_publisher/share/obstacle_publisher/hook/cmake_prefix_path.ps1'
[26.942s] INFO:colcon.colcon_core.shell:Creating environment descriptor '/home/jetson/f1tenth/install/obstacle_publisher/share/obstacle_publisher/hook/cmake_prefix_path.dsv'
[26.943s] INFO:colcon.colcon_core.shell:Creating environment hook '/home/jetson/f1tenth/install/obstacle_publisher/share/obstacle_publisher/hook/cmake_prefix_path.sh'
[26.945s] Level 1:colcon.colcon_core.environment:checking '/home/jetson/f1tenth/install/obstacle_publisher/lib'
[26.945s] Level 1:colcon.colcon_core.environment:checking '/home/jetson/f1tenth/install/obstacle_publisher/bin'
[26.945s] Level 1:colcon.colcon_core.environment:checking '/home/jetson/f1tenth/install/obstacle_publisher/lib/pkgconfig/obstacle_publisher.pc'
[26.946s] Level 1:colcon.colcon_core.environment:checking '/home/jetson/f1tenth/install/obstacle_publisher/lib/python3.10/site-packages'
[26.947s] Level 1:colcon.colcon_core.environment:checking '/home/jetson/f1tenth/install/obstacle_publisher/bin'
[26.948s] INFO:colcon.colcon_core.shell:Creating package script '/home/jetson/f1tenth/install/obstacle_publisher/share/obstacle_publisher/package.ps1'
[26.950s] INFO:colcon.colcon_core.shell:Creating package descriptor '/home/jetson/f1tenth/install/obstacle_publisher/share/obstacle_publisher/package.dsv'
[26.951s] INFO:colcon.colcon_core.shell:Creating package script '/home/jetson/f1tenth/install/obstacle_publisher/share/obstacle_publisher/package.sh'
[26.952s] INFO:colcon.colcon_core.shell:Creating package script '/home/jetson/f1tenth/install/obstacle_publisher/share/obstacle_publisher/package.bash'
[26.953s] INFO:colcon.colcon_core.shell:Creating package script '/home/jetson/f1tenth/install/obstacle_publisher/share/obstacle_publisher/package.zsh'
[26.954s] Level 1:colcon.colcon_core.environment:create_file_with_runtime_dependencies(/home/jetson/f1tenth/install/obstacle_publisher/share/colcon-core/packages/obstacle_publisher)
[26.955s] DEBUG:colcon.colcon_parallel_executor.executor.parallel:closing loop
[26.955s] DEBUG:colcon.colcon_parallel_executor.executor.parallel:loop closed
[26.955s] DEBUG:colcon.colcon_parallel_executor.executor.parallel:run_until_complete finished with '0'
[26.955s] DEBUG:colcon.colcon_core.event_reactor:joining thread
[26.973s] INFO:colcon.colcon_core.plugin_system:Skipping extension 'colcon_notification.desktop_notification.terminal_notifier': Not used on non-Darwin systems
[26.974s] INFO:colcon.colcon_core.plugin_system:Skipping extension 'colcon_notification.desktop_notification.win32': Not used on non-Windows systems
[26.974s] INFO:colcon.colcon_notification.desktop_notification:Sending desktop notification using 'notify2'
[27.008s] DEBUG:colcon.colcon_notification.desktop_notification.notify2:Failed to initialize notify2: org.freedesktop.DBus.Error.Spawn.ChildExited: Process org.freedesktop.Notifications exited with status 1
[27.008s] DEBUG:colcon.colcon_core.event_reactor:joined thread
[27.009s] INFO:colcon.colcon_core.shell:Creating prefix script '/home/jetson/f1tenth/install/local_setup.ps1'
[27.012s] INFO:colcon.colcon_core.shell:Creating prefix util module '/home/jetson/f1tenth/install/_local_setup_util_ps1.py'
[27.016s] INFO:colcon.colcon_core.shell:Creating prefix chain script '/home/jetson/f1tenth/install/setup.ps1'
[27.020s] INFO:colcon.colcon_core.shell:Creating prefix script '/home/jetson/f1tenth/install/local_setup.sh'
[27.021s] INFO:colcon.colcon_core.shell:Creating prefix util module '/home/jetson/f1tenth/install/_local_setup_util_sh.py'
[27.023s] INFO:colcon.colcon_core.shell:Creating prefix chain script '/home/jetson/f1tenth/install/setup.sh'
[27.027s] INFO:colcon.colcon_core.shell:Creating prefix script '/home/jetson/f1tenth/install/local_setup.bash'
[27.028s] INFO:colcon.colcon_core.shell:Creating prefix chain script '/home/jetson/f1tenth/install/setup.bash'
[27.032s] INFO:colcon.colcon_core.shell:Creating prefix script '/home/jetson/f1tenth/install/local_setup.zsh'
[27.033s] INFO:colcon.colcon_core.shell:Creating prefix chain script '/home/jetson/f1tenth/install/setup.zsh'
