[1.783s] Invoking command in '/home/jetson/f1tenth/src/pickup_description': PYTHONPATH=/home/jetson/f1tenth/build/pickup_description/prefix_override:/usr/lib/python3/dist-packages/colcon_core/task/python/colcon_distutils_commands:/home/jetson/f1tenth/install/pickup_description/lib/python3.10/site-packages:${PYTHONPATH} /usr/bin/python3 -W ignore:setup.py install is deprecated -W ignore:easy_install command is deprecated setup.py egg_info --egg-base ../../build/pickup_description build --build-base /home/jetson/f1tenth/build/pickup_description/build install --record /home/jetson/f1tenth/build/pickup_description/install.log --single-version-externally-managed install_data
[2.404s] running egg_info
[2.406s] writing ../../build/pickup_description/pickup_description.egg-info/PKG-INFO
[2.406s] writing dependency_links to ../../build/pickup_description/pickup_description.egg-info/dependency_links.txt
[2.407s] writing entry points to ../../build/pickup_description/pickup_description.egg-info/entry_points.txt
[2.407s] writing requirements to ../../build/pickup_description/pickup_description.egg-info/requires.txt
[2.407s] writing top-level names to ../../build/pickup_description/pickup_description.egg-info/top_level.txt
[2.412s] reading manifest file '../../build/pickup_description/pickup_description.egg-info/SOURCES.txt'
[2.414s] writing manifest file '../../build/pickup_description/pickup_description.egg-info/SOURCES.txt'
[2.416s] running build
[2.416s] running build_py
[2.416s] copying pickup_description/q_path_publisher.py -> /home/jetson/f1tenth/build/pickup_description/build/lib/pickup_description
[2.417s] running install
[2.417s] running install_lib
[2.420s] copying /home/jetson/f1tenth/build/pickup_description/build/lib/pickup_description/q_path_publisher.py -> /home/jetson/f1tenth/install/pickup_description/lib/python3.10/site-packages/pickup_description
[2.421s] byte-compiling /home/jetson/f1tenth/install/pickup_description/lib/python3.10/site-packages/pickup_description/q_path_publisher.py to q_path_publisher.cpython-310.pyc
[2.425s] running install_data
[2.426s] running install_egg_info
[2.431s] removing '/home/jetson/f1tenth/install/pickup_description/lib/python3.10/site-packages/pickup_description-0.0.0-py3.10.egg-info' (and everything under it)
[2.431s] Copying ../../build/pickup_description/pickup_description.egg-info to /home/jetson/f1tenth/install/pickup_description/lib/python3.10/site-packages/pickup_description-0.0.0-py3.10.egg-info
[2.433s] running install_scripts
[2.480s] Installing marker_publisher script to /home/jetson/f1tenth/install/pickup_description/lib/pickup_description
[2.481s] Installing mov_robot_model script to /home/jetson/f1tenth/install/pickup_description/lib/pickup_description
[2.481s] Installing q_path_publisher script to /home/jetson/f1tenth/install/pickup_description/lib/pickup_description
[2.481s] Installing rounded_rectangle_marker_publisher script to /home/jetson/f1tenth/install/pickup_description/lib/pickup_description
[2.482s] writing list of installed files to '/home/jetson/f1tenth/build/pickup_description/install.log'
[2.556s] Invoked command in '/home/jetson/f1tenth/src/pickup_description' returned '0': PYTHONPATH=/home/jetson/f1tenth/build/pickup_description/prefix_override:/usr/lib/python3/dist-packages/colcon_core/task/python/colcon_distutils_commands:/home/jetson/f1tenth/install/pickup_description/lib/python3.10/site-packages:${PYTHONPATH} /usr/bin/python3 -W ignore:setup.py install is deprecated -W ignore:easy_install command is deprecated setup.py egg_info --egg-base ../../build/pickup_description build --build-base /home/jetson/f1tenth/build/pickup_description/build install --record /home/jetson/f1tenth/build/pickup_description/install.log --single-version-externally-managed install_data
