running egg_info
writing build/pickup_description/pickup_description.egg-info/PKG-INFO
writing dependency_links to build/pickup_description/pickup_description.egg-info/dependency_links.txt
writing entry points to build/pickup_description/pickup_description.egg-info/entry_points.txt
writing requirements to build/pickup_description/pickup_description.egg-info/requires.txt
writing top-level names to build/pickup_description/pickup_description.egg-info/top_level.txt
reading manifest file 'build/pickup_description/pickup_description.egg-info/SOURCES.txt'
writing manifest file 'build/pickup_description/pickup_description.egg-info/SOURCES.txt'
running build
running build_py
copying pickup_description/marker_publisher.py -> /home/jetson/f1tenth/src/pickup_description/build/pickup_description/build/lib/pickup_description
copying pickup_description/ rounded_rectangle_marker_publisher.py -> /home/jetson/f1tenth/src/pickup_description/build/pickup_description/build/lib/pickup_description
running install
running install_lib
copying /home/jetson/f1tenth/src/pickup_description/build/pickup_description/build/lib/pickup_description/marker_publisher.py -> /home/jetson/f1tenth/src/pickup_description/install/pickup_description/lib/python3.10/site-packages/pickup_description
copying /home/jetson/f1tenth/src/pickup_description/build/pickup_description/build/lib/pickup_description/ rounded_rectangle_marker_publisher.py -> /home/jetson/f1tenth/src/pickup_description/install/pickup_description/lib/python3.10/site-packages/pickup_description
byte-compiling /home/jetson/f1tenth/src/pickup_description/install/pickup_description/lib/python3.10/site-packages/pickup_description/marker_publisher.py to marker_publisher.cpython-310.pyc
byte-compiling /home/jetson/f1tenth/src/pickup_description/install/pickup_description/lib/python3.10/site-packages/pickup_description/ rounded_rectangle_marker_publisher.py to  rounded_rectangle_marker_publisher.cpython-310.pyc
running install_data
copying launch/spline.launch.py -> /home/jetson/f1tenth/src/pickup_description/install/pickup_description/share/pickup_description/launch
copying launch/launch_rounded_rectangle.launch.py -> /home/jetson/f1tenth/src/pickup_description/install/pickup_description/share/pickup_description/launch
copying config/splines.yaml -> /home/jetson/f1tenth/src/pickup_description/install/pickup_description/share/pickup_description/config
running install_egg_info
removing '/home/jetson/f1tenth/src/pickup_description/install/pickup_description/lib/python3.10/site-packages/pickup_description-0.0.0-py3.10.egg-info' (and everything under it)
Copying build/pickup_description/pickup_description.egg-info to /home/jetson/f1tenth/src/pickup_description/install/pickup_description/lib/python3.10/site-packages/pickup_description-0.0.0-py3.10.egg-info
running install_scripts
Installing marker_publisher script to /home/jetson/f1tenth/src/pickup_description/install/pickup_description/lib/pickup_description
Installing mov_robot_model script to /home/jetson/f1tenth/src/pickup_description/install/pickup_description/lib/pickup_description
writing list of installed files to '/home/jetson/f1tenth/src/pickup_description/build/pickup_description/install.log'
