[1.747s] Invoking command in '/home/jetson/f1tenth/src/pickup_description': PYTHONPATH=/home/jetson/f1tenth/src/pickup_description/build/pickup_description/prefix_override:/usr/lib/python3/dist-packages/colcon_core/task/python/colcon_distutils_commands:/home/jetson/f1tenth/src/pickup_description/install/pickup_description/lib/python3.10/site-packages:${PYTHONPATH} /usr/bin/python3 -W ignore:setup.py install is deprecated -W ignore:easy_install command is deprecated setup.py egg_info --egg-base build/pickup_description build --build-base /home/jetson/f1tenth/src/pickup_description/build/pickup_description/build install --record /home/jetson/f1tenth/src/pickup_description/build/pickup_description/install.log --single-version-externally-managed install_data
[2.340s] running egg_info
[2.342s] writing build/pickup_description/pickup_description.egg-info/PKG-INFO
[2.342s] writing dependency_links to build/pickup_description/pickup_description.egg-info/dependency_links.txt
[2.343s] writing entry points to build/pickup_description/pickup_description.egg-info/entry_points.txt
[2.343s] writing requirements to build/pickup_description/pickup_description.egg-info/requires.txt
[2.343s] writing top-level names to build/pickup_description/pickup_description.egg-info/top_level.txt
[2.348s] reading manifest file 'build/pickup_description/pickup_description.egg-info/SOURCES.txt'
[2.351s] writing manifest file 'build/pickup_description/pickup_description.egg-info/SOURCES.txt'
[2.351s] running build
[2.351s] running build_py
[2.352s] copying pickup_description/marker_publisher.py -> /home/jetson/f1tenth/src/pickup_description/build/pickup_description/build/lib/pickup_description
[2.352s] copying pickup_description/ rounded_rectangle_marker_publisher.py -> /home/jetson/f1tenth/src/pickup_description/build/pickup_description/build/lib/pickup_description
[2.352s] running install
[2.353s] running install_lib
[2.355s] copying /home/jetson/f1tenth/src/pickup_description/build/pickup_description/build/lib/pickup_description/marker_publisher.py -> /home/jetson/f1tenth/src/pickup_description/install/pickup_description/lib/python3.10/site-packages/pickup_description
[2.355s] copying /home/jetson/f1tenth/src/pickup_description/build/pickup_description/build/lib/pickup_description/ rounded_rectangle_marker_publisher.py -> /home/jetson/f1tenth/src/pickup_description/install/pickup_description/lib/python3.10/site-packages/pickup_description
[2.357s] byte-compiling /home/jetson/f1tenth/src/pickup_description/install/pickup_description/lib/python3.10/site-packages/pickup_description/marker_publisher.py to marker_publisher.cpython-310.pyc
[2.360s] byte-compiling /home/jetson/f1tenth/src/pickup_description/install/pickup_description/lib/python3.10/site-packages/pickup_description/ rounded_rectangle_marker_publisher.py to  rounded_rectangle_marker_publisher.cpython-310.pyc
[2.361s] running install_data
[2.362s] copying launch/spline.launch.py -> /home/jetson/f1tenth/src/pickup_description/install/pickup_description/share/pickup_description/launch
[2.364s] copying launch/launch_rounded_rectangle.launch.py -> /home/jetson/f1tenth/src/pickup_description/install/pickup_description/share/pickup_description/launch
[2.364s] copying config/splines.yaml -> /home/jetson/f1tenth/src/pickup_description/install/pickup_description/share/pickup_description/config
[2.365s] running install_egg_info
[2.369s] removing '/home/jetson/f1tenth/src/pickup_description/install/pickup_description/lib/python3.10/site-packages/pickup_description-0.0.0-py3.10.egg-info' (and everything under it)
[2.370s] Copying build/pickup_description/pickup_description.egg-info to /home/jetson/f1tenth/src/pickup_description/install/pickup_description/lib/python3.10/site-packages/pickup_description-0.0.0-py3.10.egg-info
[2.372s] running install_scripts
[2.417s] Installing marker_publisher script to /home/jetson/f1tenth/src/pickup_description/install/pickup_description/lib/pickup_description
[2.417s] Installing mov_robot_model script to /home/jetson/f1tenth/src/pickup_description/install/pickup_description/lib/pickup_description
[2.418s] writing list of installed files to '/home/jetson/f1tenth/src/pickup_description/build/pickup_description/install.log'
[2.483s] Invoked command in '/home/jetson/f1tenth/src/pickup_description' returned '0': PYTHONPATH=/home/jetson/f1tenth/src/pickup_description/build/pickup_description/prefix_override:/usr/lib/python3/dist-packages/colcon_core/task/python/colcon_distutils_commands:/home/jetson/f1tenth/src/pickup_description/install/pickup_description/lib/python3.10/site-packages:${PYTHONPATH} /usr/bin/python3 -W ignore:setup.py install is deprecated -W ignore:easy_install command is deprecated setup.py egg_info --egg-base build/pickup_description build --build-base /home/jetson/f1tenth/src/pickup_description/build/pickup_description/build install --record /home/jetson/f1tenth/src/pickup_description/build/pickup_description/install.log --single-version-externally-managed install_data
