running develop
running egg_info
creating pickup_description.egg-info
writing pickup_description.egg-info/PKG-INFO
writing dependency_links to pickup_description.egg-info/dependency_links.txt
writing entry points to pickup_description.egg-info/entry_points.txt
writing requirements to pickup_description.egg-info/requires.txt
writing top-level names to pickup_description.egg-info/top_level.txt
writing manifest file 'pickup_description.egg-info/SOURCES.txt'
reading manifest file 'pickup_description.egg-info/SOURCES.txt'
writing manifest file 'pickup_description.egg-info/SOURCES.txt'
running build_ext
Creating /home/jetson/f1tenth/install/pickup_description/lib/python3.10/site-packages/pickup-description.egg-link (link to .)
Installing marker_publisher script to /home/jetson/f1tenth/install/pickup_description/lib/pickup_description
Installing mov_robot_model script to /home/jetson/f1tenth/install/pickup_description/lib/pickup_description
Installing q_path_publisher script to /home/jetson/f1tenth/install/pickup_description/lib/pickup_description
Installing rounded_rectangle_marker_publisher script to /home/jetson/f1tenth/install/pickup_description/lib/pickup_description

Installed /home/jetson/f1tenth/build/pickup_description
running symlink_data
creating /home/jetson/f1tenth/install/pickup_description/share/ament_index
creating /home/jetson/f1tenth/install/pickup_description/share/ament_index/resource_index
creating /home/jetson/f1tenth/install/pickup_description/share/ament_index/resource_index/packages
symbolically linking /home/jetson/f1tenth/build/pickup_description/resource/pickup_description -> /home/jetson/f1tenth/install/pickup_description/share/ament_index/resource_index/packages
symbolically linking /home/jetson/f1tenth/build/pickup_description/package.xml -> /home/jetson/f1tenth/install/pickup_description/share/pickup_description
creating /home/jetson/f1tenth/install/pickup_description/share/pickup_description/launch
symbolically linking /home/jetson/f1tenth/build/pickup_description/launch/map_only.launch.py -> /home/jetson/f1tenth/install/pickup_description/share/pickup_description/launch
symbolically linking /home/jetson/f1tenth/build/pickup_description/launch/q_path.launch.py -> /home/jetson/f1tenth/install/pickup_description/share/pickup_description/launch
symbolically linking /home/jetson/f1tenth/build/pickup_description/launch/all.launch.py -> /home/jetson/f1tenth/install/pickup_description/share/pickup_description/launch
symbolically linking /home/jetson/f1tenth/build/pickup_description/launch/spline.launch.py -> /home/jetson/f1tenth/install/pickup_description/share/pickup_description/launch
symbolically linking /home/jetson/f1tenth/build/pickup_description/launch/set_pose.launch.py -> /home/jetson/f1tenth/install/pickup_description/share/pickup_description/launch
symbolically linking /home/jetson/f1tenth/build/pickup_description/launch/launch_rounded_rectangle.launch.py -> /home/jetson/f1tenth/install/pickup_description/share/pickup_description/launch
symbolically linking /home/jetson/f1tenth/build/pickup_description/launch/robot.launch.py -> /home/jetson/f1tenth/install/pickup_description/share/pickup_description/launch
symbolically linking /home/jetson/f1tenth/build/pickup_description/launch/display.launch.py -> /home/jetson/f1tenth/install/pickup_description/share/pickup_description/launch
creating /home/jetson/f1tenth/install/pickup_description/share/pickup_description/urdf
symbolically linking /home/jetson/f1tenth/build/pickup_description/urdf/pickup.urdf -> /home/jetson/f1tenth/install/pickup_description/share/pickup_description/urdf
creating /home/jetson/f1tenth/install/pickup_description/share/pickup_description/maps
symbolically linking /home/jetson/f1tenth/build/pickup_description/maps/map.yaml -> /home/jetson/f1tenth/install/pickup_description/share/pickup_description/maps
symbolically linking /home/jetson/f1tenth/build/pickup_description/maps/map_scaled.pgm -> /home/jetson/f1tenth/install/pickup_description/share/pickup_description/maps
symbolically linking /home/jetson/f1tenth/build/pickup_description/maps/map_200.pgm -> /home/jetson/f1tenth/install/pickup_description/share/pickup_description/maps
symbolically linking /home/jetson/f1tenth/build/pickup_description/maps/map_half.pgm -> /home/jetson/f1tenth/install/pickup_description/share/pickup_description/maps
symbolically linking /home/jetson/f1tenth/build/pickup_description/maps/map.pgm -> /home/jetson/f1tenth/install/pickup_description/share/pickup_description/maps
creating /home/jetson/f1tenth/install/pickup_description/share/pickup_description/config
symbolically linking /home/jetson/f1tenth/build/pickup_description/config/splines.yaml -> /home/jetson/f1tenth/install/pickup_description/share/pickup_description/config
