[0.024s] Invoking command in '/home/jetson/f1tenth/build/dwa_follower': CMAKE_PREFIX_PATH=/home/jetson/install/pickup_description:/home/jetson/install/mpc_python:/opt/ros/humble /usr/bin/cmake --build /home/jetson/f1tenth/build/dwa_follower -- -j6 -l6
[0.155s] [ 66%] Built target dwa_follower_node
[0.155s] [ 66%] Built target dwa_global_follower
[0.157s] [100%] Built target dwa_spline_follower
[0.182s] Invoked command in '/home/jetson/f1tenth/build/dwa_follower' returned '0': CMAKE_PREFIX_PATH=/home/jetson/install/pickup_description:/home/jetson/install/mpc_python:/opt/ros/humble /usr/bin/cmake --build /home/jetson/f1tenth/build/dwa_follower -- -j6 -l6
[0.205s] Invoking command in '/home/jetson/f1tenth/build/dwa_follower': CMAKE_PREFIX_PATH=/home/jetson/install/pickup_description:/home/jetson/install/mpc_python:/opt/ros/humble /usr/bin/cmake --install /home/jetson/f1tenth/build/dwa_follower
[0.221s] -- Install configuration: ""
[0.222s] -- Execute custom install script
[0.223s] -- Up-to-date symlink: /home/jetson/f1tenth/install/dwa_follower/lib/dwa_follower/dwa_follower_node
[0.223s] -- Up-to-date symlink: /home/jetson/f1tenth/install/dwa_follower/lib/dwa_follower/dwa_spline_follower
[0.224s] -- Up-to-date symlink: /home/jetson/f1tenth/install/dwa_follower/lib/dwa_follower/dwa_global_follower
[0.224s] -- Up-to-date symlink: /home/jetson/f1tenth/install/dwa_follower/share/ament_index/resource_index/package_run_dependencies/dwa_follower
[0.225s] -- Up-to-date symlink: /home/jetson/f1tenth/install/dwa_follower/share/ament_index/resource_index/parent_prefix_path/dwa_follower
[0.225s] -- Up-to-date symlink: /home/jetson/f1tenth/install/dwa_follower/share/dwa_follower/environment/ament_prefix_path.sh
[0.226s] -- Up-to-date symlink: /home/jetson/f1tenth/install/dwa_follower/share/dwa_follower/environment/ament_prefix_path.dsv
[0.226s] -- Up-to-date symlink: /home/jetson/f1tenth/install/dwa_follower/share/dwa_follower/environment/path.sh
[0.227s] -- Up-to-date symlink: /home/jetson/f1tenth/install/dwa_follower/share/dwa_follower/environment/path.dsv
[0.227s] -- Up-to-date symlink: /home/jetson/f1tenth/install/dwa_follower/share/dwa_follower/local_setup.bash
[0.227s] -- Up-to-date symlink: /home/jetson/f1tenth/install/dwa_follower/share/dwa_follower/local_setup.sh
[0.228s] -- Up-to-date symlink: /home/jetson/f1tenth/install/dwa_follower/share/dwa_follower/local_setup.zsh
[0.228s] -- Up-to-date symlink: /home/jetson/f1tenth/install/dwa_follower/share/dwa_follower/local_setup.dsv
[0.228s] -- Symlinking: /home/jetson/f1tenth/install/dwa_follower/share/dwa_follower/package.dsv
[0.247s] -- Up-to-date symlink: /home/jetson/f1tenth/install/dwa_follower/share/ament_index/resource_index/packages/dwa_follower
[0.247s] -- Up-to-date symlink: /home/jetson/f1tenth/install/dwa_follower/share/dwa_follower/cmake/dwa_followerConfig.cmake
[0.248s] -- Up-to-date symlink: /home/jetson/f1tenth/install/dwa_follower/share/dwa_follower/cmake/dwa_followerConfig-version.cmake
[0.248s] -- Up-to-date symlink: /home/jetson/f1tenth/install/dwa_follower/share/dwa_follower/package.xml
[0.253s] Invoked command in '/home/jetson/f1tenth/build/dwa_follower' returned '0': CMAKE_PREFIX_PATH=/home/jetson/install/pickup_description:/home/jetson/install/mpc_python:/opt/ros/humble /usr/bin/cmake --install /home/jetson/f1tenth/build/dwa_follower
