[0.054s] Invoking command in '/home/jetson/f1tenth/build/asio_cmake_module': CMAKE_PREFIX_PATH=/opt/ros/humble /usr/bin/cmake /home/jetson/f1tenth/src/f1tenth_system/transport_drivers/asio_cmake_module -DAMENT_CMAKE_SYMLINK_INSTALL=1 -DCMAKE_INSTALL_PREFIX=/home/jetson/f1tenth/install/asio_cmake_module
[0.175s] -- The C compiler identification is GNU 11.4.0
[0.312s] -- The CXX compiler identification is GNU 11.4.0
[0.345s] -- Detecting C compiler ABI info
[0.521s] -- Detecting C compiler ABI info - done
[0.536s] -- Check for working C compiler: /usr/bin/cc - skipped
[0.537s] -- Detecting C compile features
[0.538s] -- Detecting C compile features - done
[0.545s] -- Detecting CXX compiler ABI info
[0.730s] -- Detecting CXX compiler ABI info - done
[0.750s] -- Check for working CXX compiler: /usr/bin/c++ - skipped
[0.751s] -- Detecting CXX compile features
[0.753s] -- Detecting CXX compile features - done
[0.761s] -- Found ament_cmake: 1.3.11 (/opt/ros/humble/share/ament_cmake/cmake)
[1.157s] -- Found Python3: /usr/bin/python3 (found version "3.10.12") found components: Interpreter 
[1.323s] -- Override CMake install command with custom implementation using symlinks instead of copying resources
[1.377s] -- Found ament_lint_auto: 0.12.12 (/opt/ros/humble/share/ament_lint_auto/cmake)
[1.574s] -- Added test 'copyright' to check source files copyright and LICENSE
[1.578s] -- Added test 'lint_cmake' to check CMake code style
[1.580s] -- Added test 'xmllint' to check XML markup files
[1.584s] -- Configuring done
[1.591s] -- Generating done
[1.595s] -- Build files have been written to: /home/jetson/f1tenth/build/asio_cmake_module
[1.614s] Invoked command in '/home/jetson/f1tenth/build/asio_cmake_module' returned '0': CMAKE_PREFIX_PATH=/opt/ros/humble /usr/bin/cmake /home/jetson/f1tenth/src/f1tenth_system/transport_drivers/asio_cmake_module -DAMENT_CMAKE_SYMLINK_INSTALL=1 -DCMAKE_INSTALL_PREFIX=/home/jetson/f1tenth/install/asio_cmake_module
[1.614s] Invoking command in '/home/jetson/f1tenth/build/asio_cmake_module': CMAKE_PREFIX_PATH=/opt/ros/humble /usr/bin/cmake --build /home/jetson/f1tenth/build/asio_cmake_module -- -j6 -l6
[1.703s] Invoked command in '/home/jetson/f1tenth/build/asio_cmake_module' returned '0': CMAKE_PREFIX_PATH=/opt/ros/humble /usr/bin/cmake --build /home/jetson/f1tenth/build/asio_cmake_module -- -j6 -l6
[1.726s] Invoking command in '/home/jetson/f1tenth/build/asio_cmake_module': CMAKE_PREFIX_PATH=/opt/ros/humble /usr/bin/cmake --install /home/jetson/f1tenth/build/asio_cmake_module
[3.657s] -- Install configuration: ""
[3.657s] -- Execute custom install script
[3.657s] -- Symlinking: /home/jetson/f1tenth/install/asio_cmake_module/share/ament_index/resource_index/package_run_dependencies/asio_cmake_module
[3.657s] -- Symlinking: /home/jetson/f1tenth/install/asio_cmake_module/share/ament_index/resource_index/parent_prefix_path/asio_cmake_module
[3.657s] -- Symlinking: /home/jetson/f1tenth/install/asio_cmake_module/share/asio_cmake_module/environment/ament_prefix_path.sh
[3.658s] -- Symlinking: /home/jetson/f1tenth/install/asio_cmake_module/share/asio_cmake_module/environment/ament_prefix_path.dsv
[3.658s] -- Symlinking: /home/jetson/f1tenth/install/asio_cmake_module/share/asio_cmake_module/environment/path.sh
[3.658s] -- Symlinking: /home/jetson/f1tenth/install/asio_cmake_module/share/asio_cmake_module/environment/path.dsv
[3.658s] -- Symlinking: /home/jetson/f1tenth/install/asio_cmake_module/share/asio_cmake_module/local_setup.bash
[3.658s] -- Symlinking: /home/jetson/f1tenth/install/asio_cmake_module/share/asio_cmake_module/local_setup.sh
[3.658s] -- Symlinking: /home/jetson/f1tenth/install/asio_cmake_module/share/asio_cmake_module/local_setup.zsh
[3.658s] -- Symlinking: /home/jetson/f1tenth/install/asio_cmake_module/share/asio_cmake_module/local_setup.dsv
[3.660s] -- Symlinking: /home/jetson/f1tenth/install/asio_cmake_module/share/asio_cmake_module/package.dsv
[3.660s] -- Symlinking: /home/jetson/f1tenth/install/asio_cmake_module/share/ament_index/resource_index/packages/asio_cmake_module
[3.660s] -- Symlinking: /home/jetson/f1tenth/install/asio_cmake_module/share/asio_cmake_module/cmake/asio_cmake_module-extras.cmake
[3.660s] -- Symlinking: /home/jetson/f1tenth/install/asio_cmake_module/share/asio_cmake_module/cmake/asio_cmake_moduleConfig.cmake
[3.660s] -- Symlinking: /home/jetson/f1tenth/install/asio_cmake_module/share/asio_cmake_module/cmake/asio_cmake_moduleConfig-version.cmake
[3.661s] -- Symlinking: /home/jetson/f1tenth/install/asio_cmake_module/share/asio_cmake_module/package.xml
[3.661s] -- Symlinking: /home/jetson/f1tenth/install/asio_cmake_module/share/asio_cmake_module/cmake/Modules/FindASIO.cmake
[3.672s] Invoked command in '/home/jetson/f1tenth/build/asio_cmake_module' returned '0': CMAKE_PREFIX_PATH=/opt/ros/humble /usr/bin/cmake --install /home/jetson/f1tenth/build/asio_cmake_module
