-- The C compiler identification is GNU 11.4.0
-- The CXX compiler identification is GNU 11.4.0
-- Detecting C compiler ABI info
-- Detecting C compiler ABI info - done
-- Check for working C compiler: /usr/bin/cc - skipped
-- Detecting C compile features
-- Detecting C compile features - done
-- Detecting CXX compiler ABI info
-- Detecting CXX compiler ABI info - done
-- Check for working CXX compiler: /usr/bin/c++ - skipped
-- Detecting CXX compile features
-- Detecting CXX compile features - done
-- Setting build type to 'Release' as none was specified.
-- Configuring done
-- Generating done
-- Build files have been written to: /home/jetson/f1tenth/build/osqp-eigen
[ 20%] [32mBuilding CXX object CMakeFiles/OsqpEigen.dir/src/Data.cpp.o[0m
[ 40%] [32mBuilding CXX object CMakeFiles/OsqpEigen.dir/src/Debug.cpp.o[0m
[ 60%] [32mBuilding CXX object CMakeFiles/OsqpEigen.dir/src/Solver.cpp.o[0m
[ 80%] [32mBuilding CXX object CMakeFiles/OsqpEigen.dir/src/Settings.cpp.o[0m
[100%] [32m[1mLinking CXX shared library libOsqpEigen.so[0m
[100%] Built target OsqpEigen
-- Install configuration: "Release"
-- Installing: /home/jetson/f1tenth/install/osqp-eigen/lib/libOsqpEigen.so.0.10.0
-- Set runtime path of "/home/jetson/f1tenth/install/osqp-eigen/lib/libOsqpEigen.so.0.10.0" to "$ORIGIN/:$ORIGIN/../lib:/home/jetson/f1tenth/install/osqp/lib"
-- Installing: /home/jetson/f1tenth/install/osqp-eigen/lib/libOsqpEigen.so
-- Installing: /home/jetson/f1tenth/install/osqp-eigen/include/OsqpEigen/OsqpEigen.h
-- Installing: /home/jetson/f1tenth/install/osqp-eigen/include/OsqpEigen/Constants.hpp
-- Installing: /home/jetson/f1tenth/install/osqp-eigen/include/OsqpEigen/SparseMatrixHelper.hpp
-- Installing: /home/jetson/f1tenth/install/osqp-eigen/include/OsqpEigen/SparseMatrixHelper.tpp
-- Installing: /home/jetson/f1tenth/install/osqp-eigen/include/OsqpEigen/Data.hpp
-- Installing: /home/jetson/f1tenth/install/osqp-eigen/include/OsqpEigen/Data.tpp
-- Installing: /home/jetson/f1tenth/install/osqp-eigen/include/OsqpEigen/Settings.hpp
-- Installing: /home/jetson/f1tenth/install/osqp-eigen/include/OsqpEigen/Solver.hpp
-- Installing: /home/jetson/f1tenth/install/osqp-eigen/include/OsqpEigen/Solver.tpp
-- Installing: /home/jetson/f1tenth/install/osqp-eigen/include/OsqpEigen/Compat.hpp
-- Installing: /home/jetson/f1tenth/install/osqp-eigen/include/OsqpEigen/Debug.hpp
-- Installing: /home/jetson/f1tenth/install/osqp-eigen/lib/cmake/OsqpEigen/OsqpEigenConfigVersion.cmake
-- Installing: /home/jetson/f1tenth/install/osqp-eigen/lib/cmake/OsqpEigen/OsqpEigenConfig.cmake
-- Installing: /home/jetson/f1tenth/install/osqp-eigen/lib/cmake/OsqpEigen/OsqpEigenTargets.cmake
-- Installing: /home/jetson/f1tenth/install/osqp-eigen/lib/cmake/OsqpEigen/OsqpEigenTargets-release.cmake
-- Installing: /home/jetson/f1tenth/install/osqp-eigen/share/cmake/osqp-eigen/package.xml
