[0.099s] Invoking command in '/home/jetson/f1tenth/build/osqp-eigen': CMAKE_PREFIX_PATH=/home/jetson/f1tenth/install/osqp:/opt/ros/humble LD_LIBRARY_PATH=/home/jetson/f1tenth/install/osqp/lib:/usr/local/cuda-12.6/lib64:/opt/ros/humble/opt/rviz_ogre_vendor/lib:/opt/ros/humble/lib/aarch64-linux-gnu:/opt/ros/humble/lib:/usr/local/cuda-12.6/lib64:/usr/local/cuda-12.6/lib64 /usr/bin/cmake /home/jetson/f1tenth/src/OsqpEigen -DCMAKE_INSTALL_PREFIX=/home/jetson/f1tenth/install/osqp-eigen
[11.916s] -- The C compiler identification is GNU 11.4.0
[11.917s] -- The CXX compiler identification is GNU 11.4.0
[11.917s] -- Detecting C compiler ABI info
[11.917s] -- Detecting C compiler ABI info - done
[11.918s] -- Check for working C compiler: /usr/bin/cc - skipped
[11.918s] -- Detecting C compile features
[11.918s] -- Detecting C compile features - done
[11.918s] -- Detecting CXX compiler ABI info
[11.918s] -- Detecting CXX compiler ABI info - done
[11.919s] -- Check for working CXX compiler: /usr/bin/c++ - skipped
[11.919s] -- Detecting CXX compile features
[11.919s] -- Detecting CXX compile features - done
[11.919s] -- Setting build type to 'Release' as none was specified.
[11.919s] -- Configuring done
[11.919s] -- Generating done
[11.919s] -- Build files have been written to: /home/jetson/f1tenth/build/osqp-eigen
[11.930s] Invoked command in '/home/jetson/f1tenth/build/osqp-eigen' returned '0': CMAKE_PREFIX_PATH=/home/jetson/f1tenth/install/osqp:/opt/ros/humble LD_LIBRARY_PATH=/home/jetson/f1tenth/install/osqp/lib:/usr/local/cuda-12.6/lib64:/opt/ros/humble/opt/rviz_ogre_vendor/lib:/opt/ros/humble/lib/aarch64-linux-gnu:/opt/ros/humble/lib:/usr/local/cuda-12.6/lib64:/usr/local/cuda-12.6/lib64 /usr/bin/cmake /home/jetson/f1tenth/src/OsqpEigen -DCMAKE_INSTALL_PREFIX=/home/jetson/f1tenth/install/osqp-eigen
[11.931s] Invoking command in '/home/jetson/f1tenth/build/osqp-eigen': CMAKE_PREFIX_PATH=/home/jetson/f1tenth/install/osqp:/opt/ros/humble LD_LIBRARY_PATH=/home/jetson/f1tenth/install/osqp/lib:/usr/local/cuda-12.6/lib64:/opt/ros/humble/opt/rviz_ogre_vendor/lib:/opt/ros/humble/lib/aarch64-linux-gnu:/opt/ros/humble/lib:/usr/local/cuda-12.6/lib64:/usr/local/cuda-12.6/lib64 /usr/bin/cmake --build /home/jetson/f1tenth/build/osqp-eigen -- -j6 -l6
[12.383s] [ 20%] [32mBuilding CXX object CMakeFiles/OsqpEigen.dir/src/Data.cpp.o[0m
[16.501s] [ 40%] [32mBuilding CXX object CMakeFiles/OsqpEigen.dir/src/Debug.cpp.o[0m
[17.205s] [ 60%] [32mBuilding CXX object CMakeFiles/OsqpEigen.dir/src/Solver.cpp.o[0m
[22.751s] [ 80%] [32mBuilding CXX object CMakeFiles/OsqpEigen.dir/src/Settings.cpp.o[0m
[23.480s] [100%] [32m[1mLinking CXX shared library libOsqpEigen.so[0m
[23.695s] [100%] Built target OsqpEigen
[23.725s] Invoked command in '/home/jetson/f1tenth/build/osqp-eigen' returned '0': CMAKE_PREFIX_PATH=/home/jetson/f1tenth/install/osqp:/opt/ros/humble LD_LIBRARY_PATH=/home/jetson/f1tenth/install/osqp/lib:/usr/local/cuda-12.6/lib64:/opt/ros/humble/opt/rviz_ogre_vendor/lib:/opt/ros/humble/lib/aarch64-linux-gnu:/opt/ros/humble/lib:/usr/local/cuda-12.6/lib64:/usr/local/cuda-12.6/lib64 /usr/bin/cmake --build /home/jetson/f1tenth/build/osqp-eigen -- -j6 -l6
[23.727s] Invoking command in '/home/jetson/f1tenth/build/osqp-eigen': CMAKE_PREFIX_PATH=/home/jetson/f1tenth/install/osqp:/opt/ros/humble LD_LIBRARY_PATH=/home/jetson/f1tenth/install/osqp/lib:/usr/local/cuda-12.6/lib64:/opt/ros/humble/opt/rviz_ogre_vendor/lib:/opt/ros/humble/lib/aarch64-linux-gnu:/opt/ros/humble/lib:/usr/local/cuda-12.6/lib64:/usr/local/cuda-12.6/lib64 /usr/bin/cmake --install /home/jetson/f1tenth/build/osqp-eigen
[23.741s] -- Install configuration: "Release"
[23.742s] -- Installing: /home/jetson/f1tenth/install/osqp-eigen/lib/libOsqpEigen.so.0.10.0
[23.742s] -- Set runtime path of "/home/jetson/f1tenth/install/osqp-eigen/lib/libOsqpEigen.so.0.10.0" to "$ORIGIN/:$ORIGIN/../lib:/home/jetson/f1tenth/install/osqp/lib"
[23.743s] -- Installing: /home/jetson/f1tenth/install/osqp-eigen/lib/libOsqpEigen.so
[23.743s] -- Installing: /home/jetson/f1tenth/install/osqp-eigen/include/OsqpEigen/OsqpEigen.h
[23.743s] -- Installing: /home/jetson/f1tenth/install/osqp-eigen/include/OsqpEigen/Constants.hpp
[23.743s] -- Installing: /home/jetson/f1tenth/install/osqp-eigen/include/OsqpEigen/SparseMatrixHelper.hpp
[23.744s] -- Installing: /home/jetson/f1tenth/install/osqp-eigen/include/OsqpEigen/SparseMatrixHelper.tpp
[23.744s] -- Installing: /home/jetson/f1tenth/install/osqp-eigen/include/OsqpEigen/Data.hpp
[23.744s] -- Installing: /home/jetson/f1tenth/install/osqp-eigen/include/OsqpEigen/Data.tpp
[23.744s] -- Installing: /home/jetson/f1tenth/install/osqp-eigen/include/OsqpEigen/Settings.hpp
[23.745s] -- Installing: /home/jetson/f1tenth/install/osqp-eigen/include/OsqpEigen/Solver.hpp
[23.745s] -- Installing: /home/jetson/f1tenth/install/osqp-eigen/include/OsqpEigen/Solver.tpp
[23.745s] -- Installing: /home/jetson/f1tenth/install/osqp-eigen/include/OsqpEigen/Compat.hpp
[23.746s] -- Installing: /home/jetson/f1tenth/install/osqp-eigen/include/OsqpEigen/Debug.hpp
[23.746s] -- Installing: /home/jetson/f1tenth/install/osqp-eigen/lib/cmake/OsqpEigen/OsqpEigenConfigVersion.cmake
[23.746s] -- Installing: /home/jetson/f1tenth/install/osqp-eigen/lib/cmake/OsqpEigen/OsqpEigenConfig.cmake
[23.747s] -- Installing: /home/jetson/f1tenth/install/osqp-eigen/lib/cmake/OsqpEigen/OsqpEigenTargets.cmake
[23.747s] -- Installing: /home/jetson/f1tenth/install/osqp-eigen/lib/cmake/OsqpEigen/OsqpEigenTargets-release.cmake
[23.747s] -- Installing: /home/jetson/f1tenth/install/osqp-eigen/share/cmake/osqp-eigen/package.xml
[23.753s] Invoked command in '/home/jetson/f1tenth/build/osqp-eigen' returned '0': CMAKE_PREFIX_PATH=/home/jetson/f1tenth/install/osqp:/opt/ros/humble LD_LIBRARY_PATH=/home/jetson/f1tenth/install/osqp/lib:/usr/local/cuda-12.6/lib64:/opt/ros/humble/opt/rviz_ogre_vendor/lib:/opt/ros/humble/lib/aarch64-linux-gnu:/opt/ros/humble/lib:/usr/local/cuda-12.6/lib64:/usr/local/cuda-12.6/lib64 /usr/bin/cmake --install /home/jetson/f1tenth/build/osqp-eigen
