/home/jetson/f1tenth/install/pickup_description/lib/python3.10/site-packages/pickup_description/marker_publisher.py
/home/jetson/f1tenth/install/pickup_description/lib/python3.10/site-packages/pickup_description/rounded_rectangle_marker_publisher.py
/home/jetson/f1tenth/install/pickup_description/lib/python3.10/site-packages/pickup_description/q_path_publisher.py
/home/jetson/f1tenth/install/pickup_description/lib/python3.10/site-packages/pickup_description/__init__.py
/home/jetson/f1tenth/install/pickup_description/lib/python3.10/site-packages/pickup_description/mov_robot_model.py
/home/jetson/f1tenth/install/pickup_description/lib/python3.10/site-packages/pickup_description/__pycache__/marker_publisher.cpython-310.pyc
/home/jetson/f1tenth/install/pickup_description/lib/python3.10/site-packages/pickup_description/__pycache__/rounded_rectangle_marker_publisher.cpython-310.pyc
/home/jetson/f1tenth/install/pickup_description/lib/python3.10/site-packages/pickup_description/__pycache__/q_path_publisher.cpython-310.pyc
/home/jetson/f1tenth/install/pickup_description/lib/python3.10/site-packages/pickup_description/__pycache__/__init__.cpython-310.pyc
/home/jetson/f1tenth/install/pickup_description/lib/python3.10/site-packages/pickup_description/__pycache__/mov_robot_model.cpython-310.pyc
/home/jetson/f1tenth/install/pickup_description/share/ament_index/resource_index/packages/pickup_description
/home/jetson/f1tenth/install/pickup_description/share/pickup_description/package.xml
/home/jetson/f1tenth/install/pickup_description/share/pickup_description/launch/map_only.launch.py
/home/jetson/f1tenth/install/pickup_description/share/pickup_description/launch/q_path.launch.py
/home/jetson/f1tenth/install/pickup_description/share/pickup_description/launch/all.launch.py
/home/jetson/f1tenth/install/pickup_description/share/pickup_description/launch/spline.launch.py
/home/jetson/f1tenth/install/pickup_description/share/pickup_description/launch/set_pose.launch.py
/home/jetson/f1tenth/install/pickup_description/share/pickup_description/launch/launch_rounded_rectangle.launch.py
/home/jetson/f1tenth/install/pickup_description/share/pickup_description/launch/robot.launch.py
/home/jetson/f1tenth/install/pickup_description/share/pickup_description/launch/display.launch.py
/home/jetson/f1tenth/install/pickup_description/share/pickup_description/urdf/pickup.urdf
/home/jetson/f1tenth/install/pickup_description/share/pickup_description/maps/map.yaml
/home/jetson/f1tenth/install/pickup_description/share/pickup_description/maps/map_scaled.pgm
/home/jetson/f1tenth/install/pickup_description/share/pickup_description/maps/map_200.pgm
/home/jetson/f1tenth/install/pickup_description/share/pickup_description/maps/map_half.pgm
/home/jetson/f1tenth/install/pickup_description/share/pickup_description/maps/map.pgm
/home/jetson/f1tenth/install/pickup_description/share/pickup_description/config/splines.yaml
/home/jetson/f1tenth/install/pickup_description/lib/python3.10/site-packages/pickup_description-0.0.0-py3.10.egg-info/zip-safe
/home/jetson/f1tenth/install/pickup_description/lib/python3.10/site-packages/pickup_description-0.0.0-py3.10.egg-info/top_level.txt
/home/jetson/f1tenth/install/pickup_description/lib/python3.10/site-packages/pickup_description-0.0.0-py3.10.egg-info/SOURCES.txt
/home/jetson/f1tenth/install/pickup_description/lib/python3.10/site-packages/pickup_description-0.0.0-py3.10.egg-info/dependency_links.txt
/home/jetson/f1tenth/install/pickup_description/lib/python3.10/site-packages/pickup_description-0.0.0-py3.10.egg-info/requires.txt
/home/jetson/f1tenth/install/pickup_description/lib/python3.10/site-packages/pickup_description-0.0.0-py3.10.egg-info/PKG-INFO
/home/jetson/f1tenth/install/pickup_description/lib/python3.10/site-packages/pickup_description-0.0.0-py3.10.egg-info/entry_points.txt
/home/jetson/f1tenth/install/pickup_description/lib/pickup_description/marker_publisher
/home/jetson/f1tenth/install/pickup_description/lib/pickup_description/mov_robot_model
/home/jetson/f1tenth/install/pickup_description/lib/pickup_description/q_path_publisher
/home/jetson/f1tenth/install/pickup_description/lib/pickup_description/rounded_rectangle_marker_publisher
